00:48:14.192 [main                     ] DEBUG Logger               - Configured Logger
00:48:14.210 [main                     ] DEBUG GameApplication      - Logging settings
Title: Tower Defense
Version: 0.0
Width: 800
Height: 600
Fullscreen: false
Intro: false
Profiling: false
Single step:false
App Mode: DEVELOPER
Menu Key: ESCAPE
Stage Style: DECORATED
Scene Factory: class com.theswagbois.towerdefense.ui.MySceneFactory

00:48:15.337 [JavaFX Application Thread] DEBUG FXGLApplication      - Initializing FXGL
00:48:15.342 [JavaFX Application Thread] INFO  Engine               - FXGL-11.17 (16.07.2021 15.46) on MAC (J:16.0.2 FX:17.0.1)
00:48:15.343 [JavaFX Application Thread] DEBUG Engine               - JRE Vendor Name: Amazon.com Inc.
00:48:15.343 [JavaFX Application Thread] DEBUG Engine               - Running on OS: Mac OS X version 11.5.2
00:48:15.344 [JavaFX Application Thread] DEBUG Engine               - Architecture: x86_64
00:48:15.344 [JavaFX Application Thread] INFO  Engine               - Source code and latest versions at: https://github.com/AlmasB/FXGL
00:48:15.345 [JavaFX Application Thread] INFO  Engine               -              Join the FXGL chat at: https://gitter.im/AlmasB/FXGL
00:48:15.600 [JavaFX Application Thread] DEBUG PrimaryStageWindow   - Creating a JavaFX scene
00:48:15.699 [JavaFX Application Thread] DEBUG PrimaryStageWindow   - Target settings size: 800.0 x 600.0
00:48:15.700 [JavaFX Application Thread] DEBUG PrimaryStageWindow   - Scaled scene size:    800.0 x 600.0
00:48:15.701 [JavaFX Application Thread] DEBUG PrimaryStageWindow   - Scaled ratio: (1.0, 1.0)
00:48:15.704 [JavaFX Application Thread] DEBUG PrimaryStageWindow   - Set initial scene to FXGLStartupScene
00:48:15.726 [JavaFX Application Thread] DEBUG PrimaryStageWindow   - Opening main window
00:48:15.880 [JavaFX Application Thread] DEBUG PrimaryStageWindow   - Window border size: (0.0, 28.0)
00:48:15.880 [JavaFX Application Thread] DEBUG PrimaryStageWindow   - Scaled size: 800.0 x 600.0
00:48:15.880 [JavaFX Application Thread] DEBUG PrimaryStageWindow   - Scaled ratio: (1.0, 1.0)
00:48:15.881 [JavaFX Application Thread] DEBUG PrimaryStageWindow   - Scene size: 800.0 x 600.0
00:48:15.881 [JavaFX Application Thread] DEBUG PrimaryStageWindow   - Stage size: 800.0 x 628.0
00:48:15.891 [FXGL Background Thread 1 ] DEBUG Engine               - Initializing environment variables
00:48:15.977 [FXGL Background Thread 1 ] DEBUG FXGLAssetLoaderServi - User app class for loading assets: class com.theswagbois.towerdefense.MainApplication
00:48:15.977 [FXGL Background Thread 1 ] DEBUG GameApplicationServi - Applying CSS: fxgl_dark.css
00:48:15.980 [FXGL Background Thread 1 ] DEBUG FXGLAssetLoaderServi - Loading from file system: jar:file:/Users/alik/.m2/repository/com/github/almasb/fxgl/11.17/fxgl-11.17.jar!/fxglassets/ui/css/fxgl_dark.css
00:48:16.080 [FXGL Background Thread 1 ] DEBUG GameApplicationServi - Initializing application scenes
00:48:16.559 [FXGL Background Thread 1 ] DEBUG GameWorld            - Game world initialized
00:48:16.612 [FXGL Background Thread 1 ] DEBUG PhysicsWorld         - Physics world initialized: appHeight=600, physics.ppm=50.0
00:48:16.612 [FXGL Background Thread 1 ] DEBUG PhysicsWorld         - Using strategy: BRUTE_FORCE
00:48:16.617 [FXGL Background Thread 1 ] DEBUG GameScene            - Game scene initialized: 800x600
00:48:16.641 [FXGL Background Thread 1 ] DEBUG FXGLAssetLoaderServi - Loading from file system: file:/Users/alik/Desktop/Tower_Defense/target/classes/assets/textures/titleScreen.png
00:48:16.683 [FXGL Background Thread 1 ] DEBUG FXGL.DefaultMenu     - createMenuBodyGameMenu()
00:48:16.701 [FXGL Background Thread 1 ] DEBUG FXGL.DefaultMenu     - createOptionsMenu()
00:48:16.714 [FXGL Background Thread 1 ] DEBUG FXGLAssetLoaderServi - Loading from file system: jar:file:/Users/alik/.m2/repository/com/github/almasb/fxgl/11.17/fxgl-11.17.jar!/fxglassets/textures/particles/smoke.png
00:48:16.854 [FXGL Background Thread 1 ] DEBUG FXGLAssetLoaderServi - Loading from file system: jar:file:/Users/alik/.m2/repository/com/github/almasb/fxgl/11.17/fxgl-11.17.jar!/fxglassets/textures/particles/trace_horizontal.png
00:48:16.887 [FXGL Background Thread 1 ] DEBUG GameApplicationServi - Application scenes initialized
00:48:16.898 [FXGL Background Thread 1 ] DEBUG SystemBundleService  - Loading FXGL system data
00:48:16.903 [FXGL Background Thread 1 ] DEBUG FileSystemAccess     - Reading from: /Users/alik/Desktop/Tower_Defense/system/fxgl.bundle
00:48:16.911 [FXGL Background Thread 1 ] DEBUG SystemBundleService  - Bundle FXGL: {}
00:48:16.911 [FXGL Background Thread 1 ] DEBUG UpdaterService       - Checking for updates
00:48:16.916 [FXGL Background Thread 4 ] DEBUG FXGLApplication      - Loading fonts
00:48:16.917 [FXGL Background Thread 1 ] DEBUG FXGLApplication      - Loading default localization
00:48:16.917 [FXGL Background Thread 4 ] DEBUG FXGLAssetLoaderServi - Loading from file system: jar:file:/Users/alik/.m2/repository/com/github/almasb/fxgl/11.17/fxgl-11.17.jar!/fxglassets/ui/fonts/VarelaRound-Regular.ttf
00:48:16.918 [FXGL Background Thread 1 ] DEBUG FXGLAssetLoaderServi - Loading from file system: jar:file:/Users/alik/.m2/repository/com/github/almasb/fxgl/11.17/fxgl-11.17.jar!/fxglassets/languages/english.lang
00:48:16.937 [FXGL Background Thread 1 ] INFO  FXGLApplication      - FXGL initialization took: 1.046 sec
00:48:16.940 [FXGL Background Thread 4 ] DEBUG FXGLAssetLoaderServi - Loading from file system: jar:file:/Users/alik/.m2/repository/com/github/almasb/fxgl/11.17/fxgl-11.17.jar!/fxglassets/ui/fonts/Abel-Regular.ttf
00:48:16.941 [JavaFX Application Thread] DEBUG Input                - Registered new binding: Place Tower - LMB
00:48:16.942 [JavaFX Application Thread] DEBUG FXGLAssetLoaderServi - Loading from file system: jar:file:/Users/alik/.m2/repository/com/github/almasb/fxgl/11.17/fxgl-11.17.jar!/fxglassets/textures/fxgl_icon.png
00:48:16.946 [FXGL Background Thread 4 ] DEBUG FXGLAssetLoaderServi - Loading from file system: jar:file:/Users/alik/.m2/repository/com/github/almasb/fxgl/11.17/fxgl-11.17.jar!/fxglassets/ui/fonts/lucida_console.ttf
00:48:16.954 [FXGL Background Thread 4 ] DEBUG FXGLAssetLoaderServi - Loading from file system: jar:file:/Users/alik/.m2/repository/com/github/almasb/fxgl/11.17/fxgl-11.17.jar!/fxglassets/ui/fonts/Courier-Prime.ttf
00:48:16.980 [JavaFX Application Thread] DEBUG FXGLAssetLoaderServi - Loading from file system: jar:file:/Users/alik/.m2/repository/com/github/almasb/fxgl/11.17/fxgl-11.17.jar!/fxglassets/textures/fxgl_default_cursor.png
00:48:16.993 [JavaFX Application Thread] DEBUG Input                - Registered new binding: Screenshot - CTRL+8
00:48:16.994 [JavaFX Application Thread] DEBUG Input                - Registered new binding: System info dump - CTRL+9
00:48:16.995 [JavaFX Application Thread] DEBUG Input                - Registered new binding: Restart - CTRL+R
00:48:16.996 [JavaFX Application Thread] DEBUG Input                - Registered new binding: Toggle Debug Camera - CTRL+C
00:48:16.999 [JavaFX Application Thread] DEBUG LoopRunner           - Starting loop
00:48:16.999 [JavaFX Application Thread] DEBUG LoopRunner           - Initializing JavaFX AnimationTimerLoop
00:48:17.003 [JavaFX Application Thread] DEBUG Input                - Clearing active input actions
00:48:17.014 [JavaFX Application Thread] DEBUG GameApplicationServi - Removing overlay from FXGLStartupScene and adding to FXGLMainMenuDummyScene
00:48:17.015 [JavaFX Application Thread] DEBUG PrimaryStageWindow   - FXGLStartupScene -> FXGLMainMenuDummyScene
00:48:17.015 [JavaFX Application Thread] DEBUG PrimaryStageWindow   - Push state: WelcomeMenu
00:48:17.016 [JavaFX Application Thread] DEBUG Input                - Clearing active input actions
00:48:17.021 [JavaFX Application Thread] DEBUG GameApplicationServi - Removing overlay from FXGLMainMenuDummyScene and adding to WelcomeMenu
00:48:17.022 [JavaFX Application Thread] DEBUG PrimaryStageWindow   - FXGLMainMenuDummyScene -> WelcomeMenu
00:48:17.083 [JavaFX Application Thread] DEBUG FXGLApplication      - Registering font factories with UI factory
00:48:19.407 [JavaFX Application Thread] DEBUG FXGLApplication      - Exiting FXGL
00:48:19.407 [JavaFX Application Thread] DEBUG LoopRunner           - Stopping loop
00:48:19.408 [JavaFX Application Thread] DEBUG SystemBundleService  - Saving FXGL system data
00:48:19.410 [JavaFX Application Thread] DEBUG FileSystemAccess     - Writing to: /Users/alik/Desktop/Tower_Defense/system/fxgl.bundle
00:48:19.413 [JavaFX Application Thread] DEBUG Async                - Shutting down background threads
00:48:19.413 [JavaFX Application Thread] DEBUG PrimaryStageWindow   - Closing main window
00:48:19.423 [JavaFX Application Thread] DEBUG Logger               - Closing Logger
