20:13:13.322 [main                     ] DEBUG Logger               - Configured Logger
20:13:13.328 [main                     ] DEBUG GameApplication      - Logging settings
Title: Tower Defense
Version: 0.0
Width: 800
Height: 600
Fullscreen: false
Intro: false
Profiling: false
Single step:false
App Mode: DEVELOPER
Menu Key: ESCAPE
Stage Style: DECORATED
Scene Factory: class com.theswagbois.towerdefense.MySceneFactory

20:13:13.930 [JavaFX Application Thread] DEBUG FXGLApplication      - Initializing FXGL
20:13:13.932 [JavaFX Application Thread] INFO  Engine               - FXGL-11.17 (16.07.2021 15.46) on MAC (J:16.0.2 FX:16)
20:13:13.933 [JavaFX Application Thread] DEBUG Engine               - JRE Vendor Name: Amazon.com Inc.
20:13:13.933 [JavaFX Application Thread] DEBUG Engine               - Running on OS: Mac OS X version 10.14.6
20:13:13.933 [JavaFX Application Thread] DEBUG Engine               - Architecture: x86_64
20:13:13.933 [JavaFX Application Thread] INFO  Engine               - Source code and latest versions at: https://github.com/AlmasB/FXGL
20:13:13.933 [JavaFX Application Thread] INFO  Engine               -              Join the FXGL chat at: https://gitter.im/AlmasB/FXGL
20:13:14.070 [JavaFX Application Thread] DEBUG PrimaryStageWindow   - Creating a JavaFX scene
20:13:14.156 [JavaFX Application Thread] DEBUG PrimaryStageWindow   - Target settings size: 800.0 x 600.0
20:13:14.156 [JavaFX Application Thread] DEBUG PrimaryStageWindow   - Scaled scene size:    800.0 x 600.0
20:13:14.157 [JavaFX Application Thread] DEBUG PrimaryStageWindow   - Scaled ratio: (1.0, 1.0)
20:13:14.158 [JavaFX Application Thread] DEBUG PrimaryStageWindow   - Set initial scene to FXGLStartupScene
20:13:14.169 [JavaFX Application Thread] DEBUG PrimaryStageWindow   - Opening main window
20:13:14.270 [JavaFX Application Thread] DEBUG PrimaryStageWindow   - Window border size: (0.0, 22.0)
20:13:14.271 [JavaFX Application Thread] DEBUG PrimaryStageWindow   - Scaled size: 800.0 x 600.0
20:13:14.271 [JavaFX Application Thread] DEBUG PrimaryStageWindow   - Scaled ratio: (1.0, 1.0)
20:13:14.271 [JavaFX Application Thread] DEBUG PrimaryStageWindow   - Scene size: 800.0 x 600.0
20:13:14.271 [JavaFX Application Thread] DEBUG PrimaryStageWindow   - Stage size: 800.0 x 622.0
20:13:14.279 [FXGL Background Thread 1 ] DEBUG Engine               - Initializing environment variables
20:13:14.351 [FXGL Background Thread 1 ] DEBUG FXGLAssetLoaderServi - User app class for loading assets: class com.theswagbois.towerdefense.MainApplication
20:13:14.351 [FXGL Background Thread 1 ] DEBUG GameApplicationServi - Applying CSS: fxgl_dark.css
20:13:14.352 [FXGL Background Thread 1 ] DEBUG FXGLAssetLoaderServi - Loading from file system: jar:file:/Users/nicholashulston/.m2/repository/com/github/almasb/fxgl/11.17/fxgl-11.17.jar!/fxglassets/ui/css/fxgl_dark.css
20:13:14.465 [FXGL Background Thread 1 ] DEBUG GameApplicationServi - Initializing application scenes
20:13:15.144 [FXGL Background Thread 1 ] DEBUG GameWorld            - Game world initialized
20:13:15.211 [FXGL Background Thread 1 ] DEBUG PhysicsWorld         - Physics world initialized: appHeight=600, physics.ppm=50.0
20:13:15.211 [FXGL Background Thread 1 ] DEBUG PhysicsWorld         - Using strategy: BRUTE_FORCE
20:13:15.214 [FXGL Background Thread 1 ] DEBUG GameScene            - Game scene initialized: 800x600
20:13:15.253 [FXGL Background Thread 1 ] DEBUG FXGL.DefaultMenu     - createMenuBodyGameMenu()
20:13:15.265 [FXGL Background Thread 1 ] DEBUG FXGL.DefaultMenu     - createOptionsMenu()
20:13:15.276 [FXGL Background Thread 1 ] DEBUG FXGLAssetLoaderServi - Loading from file system: jar:file:/Users/nicholashulston/.m2/repository/com/github/almasb/fxgl/11.17/fxgl-11.17.jar!/fxglassets/textures/particles/smoke.png
20:13:15.364 [FXGL Background Thread 1 ] DEBUG FXGLAssetLoaderServi - Loading from file system: jar:file:/Users/nicholashulston/.m2/repository/com/github/almasb/fxgl/11.17/fxgl-11.17.jar!/fxglassets/textures/particles/trace_horizontal.png
20:13:15.398 [FXGL Background Thread 1 ] DEBUG GameApplicationServi - Application scenes initialized
20:13:15.408 [FXGL Background Thread 1 ] DEBUG SystemBundleService  - Loading FXGL system data
20:13:15.411 [FXGL Background Thread 1 ] DEBUG FileSystemAccess     - Reading from: /Users/nicholashulston/IdeaProjects/Tower_Defense2/system/fxgl.bundle
20:13:15.416 [FXGL Background Thread 1 ] DEBUG SystemBundleService  - Bundle FXGL: {}
20:13:15.416 [FXGL Background Thread 1 ] DEBUG UpdaterService       - Checking for updates
20:13:15.421 [FXGL Background Thread 4 ] DEBUG FXGLApplication      - Loading fonts
20:13:15.422 [FXGL Background Thread 4 ] DEBUG FXGLAssetLoaderServi - Loading from file system: jar:file:/Users/nicholashulston/.m2/repository/com/github/almasb/fxgl/11.17/fxgl-11.17.jar!/fxglassets/ui/fonts/VarelaRound-Regular.ttf
20:13:15.424 [FXGL Background Thread 1 ] DEBUG FXGLApplication      - Loading default localization
20:13:15.425 [FXGL Background Thread 1 ] DEBUG FXGLAssetLoaderServi - Loading from file system: jar:file:/Users/nicholashulston/.m2/repository/com/github/almasb/fxgl/11.17/fxgl-11.17.jar!/fxglassets/languages/english.lang
20:13:15.437 [FXGL Background Thread 4 ] DEBUG FXGLAssetLoaderServi - Loading from file system: jar:file:/Users/nicholashulston/.m2/repository/com/github/almasb/fxgl/11.17/fxgl-11.17.jar!/fxglassets/ui/fonts/Abel-Regular.ttf
20:13:15.440 [FXGL Background Thread 4 ] DEBUG FXGLAssetLoaderServi - Loading from file system: jar:file:/Users/nicholashulston/.m2/repository/com/github/almasb/fxgl/11.17/fxgl-11.17.jar!/fxglassets/ui/fonts/lucida_console.ttf
20:13:15.444 [FXGL Background Thread 4 ] DEBUG FXGLAssetLoaderServi - Loading from file system: jar:file:/Users/nicholashulston/.m2/repository/com/github/almasb/fxgl/11.17/fxgl-11.17.jar!/fxglassets/ui/fonts/Courier-Prime.ttf
20:13:15.448 [FXGL Background Thread 1 ] INFO  FXGLApplication      - FXGL initialization took: 1.169 sec
20:13:15.449 [JavaFX Application Thread] DEBUG FXGLApplication      - Registering font factories with UI factory
20:13:15.461 [JavaFX Application Thread] DEBUG Input                - Registered new binding: action0 - F
20:13:15.462 [JavaFX Application Thread] DEBUG Input                - Registered new binding: Place Tower - LMB
20:13:15.463 [JavaFX Application Thread] DEBUG FXGLAssetLoaderServi - Loading from file system: jar:file:/Users/nicholashulston/.m2/repository/com/github/almasb/fxgl/11.17/fxgl-11.17.jar!/fxglassets/textures/fxgl_icon.png
20:13:15.499 [JavaFX Application Thread] DEBUG FXGLAssetLoaderServi - Loading from file system: jar:file:/Users/nicholashulston/.m2/repository/com/github/almasb/fxgl/11.17/fxgl-11.17.jar!/fxglassets/textures/fxgl_default_cursor.png
20:13:15.501 [JavaFX Application Thread] DEBUG Input                - Registered new binding: Screenshot - CTRL+8
20:13:15.502 [JavaFX Application Thread] DEBUG Input                - Registered new binding: System info dump - CTRL+9
20:13:15.502 [JavaFX Application Thread] DEBUG Input                - Registered new binding: Restart - CTRL+R
20:13:15.503 [JavaFX Application Thread] DEBUG Input                - Registered new binding: Toggle Debug Camera - CTRL+C
20:13:15.505 [JavaFX Application Thread] DEBUG LoopRunner           - Starting loop
20:13:15.505 [JavaFX Application Thread] DEBUG LoopRunner           - Initializing JavaFX AnimationTimerLoop
20:13:15.508 [JavaFX Application Thread] DEBUG Input                - Clearing active input actions
20:13:15.517 [JavaFX Application Thread] DEBUG GameApplicationServi - Removing overlay from FXGLStartupScene and adding to FXGLMainMenuDummyScene
20:13:15.517 [JavaFX Application Thread] DEBUG PrimaryStageWindow   - FXGLStartupScene -> FXGLMainMenuDummyScene
20:13:15.517 [JavaFX Application Thread] DEBUG PrimaryStageWindow   - Push state: WelcomeMenu
20:13:15.518 [JavaFX Application Thread] DEBUG Input                - Clearing active input actions
20:13:15.521 [JavaFX Application Thread] DEBUG GameApplicationServi - Removing overlay from FXGLMainMenuDummyScene and adding to WelcomeMenu
20:13:15.521 [JavaFX Application Thread] DEBUG PrimaryStageWindow   - FXGLMainMenuDummyScene -> WelcomeMenu
20:13:18.423 [FXGL Background Thread 3 ] DEBUG Engine               - Logging environment variables
20:13:18.424 [FXGL Background Thread 3 ] DEBUG Engine               - achievements: []
20:13:18.424 [FXGL Background Thread 3 ] DEBUG Engine               - actualHeight: 600.0
20:13:18.425 [FXGL Background Thread 3 ] DEBUG Engine               - actualHeightProperty: ReadOnlyDoubleProperty [value: 600.0]
20:13:18.425 [FXGL Background Thread 3 ] DEBUG Engine               - actualWidth: 800.0
20:13:18.425 [FXGL Background Thread 3 ] DEBUG Engine               - actualWidthProperty: ReadOnlyDoubleProperty [value: 800.0]
20:13:18.425 [FXGL Background Thread 3 ] DEBUG Engine               - appIcon: fxgl_icon.png
20:13:18.425 [FXGL Background Thread 3 ] DEBUG Engine               - applicationMode: DEVELOPER
20:13:18.426 [FXGL Background Thread 3 ] DEBUG Engine               - cSSList: [fxgl_dark.css]
20:13:18.426 [FXGL Background Thread 3 ] DEBUG Engine               - collisionDetectionStrategy: BRUTE_FORCE
20:13:18.426 [FXGL Background Thread 3 ] DEBUG Engine               - configClass: Optional.empty
20:13:18.426 [FXGL Background Thread 3 ] DEBUG Engine               - credits: []
20:13:18.427 [FXGL Background Thread 3 ] DEBUG Engine               - defaultCursor: CursorInfo(imageName=fxgl_default_cursor.png, hotspotX=7.0, hotspotY=6.0)
20:13:18.428 [FXGL Background Thread 3 ] DEBUG Engine               - devBBoxColorProperty: ObjectProperty [value: 0xff0000ff]
20:13:18.428 [FXGL Background Thread 3 ] DEBUG Engine               - devEnableDebugCameraProperty: BooleanProperty [value: false]
20:13:18.428 [FXGL Background Thread 3 ] DEBUG Engine               - devSensorColorProperty: ObjectProperty [value: 0xffff00ff]
20:13:18.429 [FXGL Background Thread 3 ] DEBUG Engine               - devShowBBoxProperty: BooleanProperty [value: false]
20:13:18.429 [FXGL Background Thread 3 ] DEBUG Engine               - devShowPositionProperty: BooleanProperty [value: false]
20:13:18.429 [FXGL Background Thread 3 ] DEBUG Engine               - enabledMenuItems: []
20:13:18.429 [FXGL Background Thread 3 ] DEBUG Engine               - engineServices: [class com.almasb.fxgl.app.services.FXGLAssetLoaderService, class com.almasb.fxgl.app.FXGLApplication$GameApplicationService, class com.almasb.fxgl.app.services.FXGLDialogService, class com.almasb.fxgl.app.services.IOTaskExecutorService, class com.almasb.fxgl.io.FileSystemService, class com.almasb.fxgl.localization.LocalizationService, class com.almasb.fxgl.app.services.SystemBundleService, class com.almasb.fxgl.profile.SaveLoadService, class com.almasb.fxgl.ui.FXGLUIFactoryServiceProvider, class com.almasb.fxgl.ui.FXGLDialogFactoryServiceProvider, class com.almasb.fxgl.audio.AudioPlayer, class com.almasb.fxgl.notification.impl.NotificationServiceProvider, class com.almasb.fxgl.achievement.AchievementService, class com.almasb.fxgl.cutscene.CutsceneService, class com.almasb.fxgl.minigames.MiniGameService, class com.almasb.fxgl.net.NetService, class com.almasb.fxgl.app.services.UpdaterService, class com.almasb.fxgl.dev.DevService]
20:13:18.429 [FXGL Background Thread 3 ] DEBUG Engine               - fontGame: Abel-Regular.ttf
20:13:18.430 [FXGL Background Thread 3 ] DEBUG Engine               - fontMono: lucida_console.ttf
20:13:18.430 [FXGL Background Thread 3 ] DEBUG Engine               - fontText: Courier-Prime.ttf
20:13:18.430 [FXGL Background Thread 3 ] DEBUG Engine               - fontUI: VarelaRound-Regular.ttf
20:13:18.430 [FXGL Background Thread 3 ] DEBUG Engine               - fullScreen: BooleanProperty [value: false]
20:13:18.430 [FXGL Background Thread 3 ] DEBUG Engine               - gameDifficulty: MEDIUM
20:13:18.430 [FXGL Background Thread 3 ] DEBUG Engine               - gameDifficultyProperty: ObjectProperty [value: MEDIUM]
20:13:18.431 [FXGL Background Thread 3 ] DEBUG Engine               - globalMusicVolume: 0.5
20:13:18.431 [FXGL Background Thread 3 ] DEBUG Engine               - globalMusicVolumeProperty: DoubleProperty [value: 0.5]
20:13:18.431 [FXGL Background Thread 3 ] DEBUG Engine               - globalSoundVolume: 0.5
20:13:18.431 [FXGL Background Thread 3 ] DEBUG Engine               - globalSoundVolumeProperty: DoubleProperty [value: 0.5]
20:13:18.431 [FXGL Background Thread 3 ] DEBUG Engine               - height: 600
20:13:18.432 [FXGL Background Thread 3 ] DEBUG Engine               - is3D: false
20:13:18.432 [FXGL Background Thread 3 ] DEBUG Engine               - isAndroid: false
20:13:18.432 [FXGL Background Thread 3 ] DEBUG Engine               - isBrowser: false
20:13:18.432 [FXGL Background Thread 3 ] DEBUG Engine               - isClickFeedbackEnabled: false
20:13:18.432 [FXGL Background Thread 3 ] DEBUG Engine               - isCloseConfirmation: false
20:13:18.432 [FXGL Background Thread 3 ] DEBUG Engine               - isDesktop: true
20:13:18.432 [FXGL Background Thread 3 ] DEBUG Engine               - isDeveloperMenuEnabled: false
20:13:18.433 [FXGL Background Thread 3 ] DEBUG Engine               - isEntityPreloadEnabled: true
20:13:18.433 [FXGL Background Thread 3 ] DEBUG Engine               - isExperimentalTiledLargeMap: false
20:13:18.433 [FXGL Background Thread 3 ] DEBUG Engine               - isFileSystemWriteAllowed: true
20:13:18.433 [FXGL Background Thread 3 ] DEBUG Engine               - isFullScreenAllowed: false
20:13:18.433 [FXGL Background Thread 3 ] DEBUG Engine               - isFullScreenFromStart: false
20:13:18.433 [FXGL Background Thread 3 ] DEBUG Engine               - isGameMenuEnabled: true
20:13:18.433 [FXGL Background Thread 3 ] DEBUG Engine               - isIOS: false
20:13:18.433 [FXGL Background Thread 3 ] DEBUG Engine               - isIntroEnabled: false
20:13:18.434 [FXGL Background Thread 3 ] DEBUG Engine               - isLinux: false
20:13:18.434 [FXGL Background Thread 3 ] DEBUG Engine               - isMac: true
20:13:18.434 [FXGL Background Thread 3 ] DEBUG Engine               - isMainMenuEnabled: true
20:13:18.434 [FXGL Background Thread 3 ] DEBUG Engine               - isManualResizeEnabled: false
20:13:18.434 [FXGL Background Thread 3 ] DEBUG Engine               - isMobile: false
20:13:18.434 [FXGL Background Thread 3 ] DEBUG Engine               - isNative: false
20:13:18.434 [FXGL Background Thread 3 ] DEBUG Engine               - isPauseMusicWhenMinimized: true
20:13:18.434 [FXGL Background Thread 3 ] DEBUG Engine               - isPreserveResizeRatio: false
20:13:18.434 [FXGL Background Thread 3 ] DEBUG Engine               - isProfilingEnabled: false
20:13:18.435 [FXGL Background Thread 3 ] DEBUG Engine               - isScaleAffectedOnResize: true
20:13:18.435 [FXGL Background Thread 3 ] DEBUG Engine               - isSingleStep: false
20:13:18.435 [FXGL Background Thread 3 ] DEBUG Engine               - isUserProfileEnabled: false
20:13:18.435 [FXGL Background Thread 3 ] DEBUG Engine               - isWindows: false
20:13:18.435 [FXGL Background Thread 3 ] DEBUG Engine               - language: ObjectProperty [value: ENGLISH]
20:13:18.435 [FXGL Background Thread 3 ] DEBUG Engine               - menuKey: ESCAPE
20:13:18.436 [FXGL Background Thread 3 ] DEBUG Engine               - mouseSensitivity: 0.2
20:13:18.436 [FXGL Background Thread 3 ] DEBUG Engine               - notificationViewClass: class com.almasb.fxgl.notification.view.XboxNotificationView
20:13:18.436 [FXGL Background Thread 3 ] DEBUG Engine               - pixelsPerMeter: 50.0
20:13:18.436 [FXGL Background Thread 3 ] DEBUG Engine               - platform: MAC
20:13:18.436 [FXGL Background Thread 3 ] DEBUG Engine               - prefHeightProperty: ReadOnlyDoubleProperty [value: 600.0]
20:13:18.436 [FXGL Background Thread 3 ] DEBUG Engine               - prefWidthProperty: ReadOnlyDoubleProperty [value: 800.0]
20:13:18.436 [FXGL Background Thread 3 ] DEBUG Engine               - profileDir: profiles/
20:13:18.436 [FXGL Background Thread 3 ] DEBUG Engine               - profileName: StringProperty [value: DEFAULT]
20:13:18.437 [FXGL Background Thread 3 ] DEBUG Engine               - randomSeed: -1
20:13:18.437 [FXGL Background Thread 3 ] DEBUG Engine               - runtimeInfo: RuntimeInfo(platform=MAC, version=11.17, build=16.07.2021 15.46)
20:13:18.437 [FXGL Background Thread 3 ] DEBUG Engine               - saveFileExt: sav
20:13:18.437 [FXGL Background Thread 3 ] DEBUG Engine               - scaledHeightProp$fxgl: DoubleProperty [bound, value: 600.0]
20:13:18.437 [FXGL Background Thread 3 ] DEBUG Engine               - scaledWidthProp$fxgl: DoubleProperty [bound, value: 800.0]
20:13:18.437 [FXGL Background Thread 3 ] DEBUG Engine               - sceneFactory: com.theswagbois.towerdefense.MySceneFactory@4ef89f4f
20:13:18.438 [FXGL Background Thread 3 ] DEBUG Engine               - secondsIn24h: 60
20:13:18.438 [FXGL Background Thread 3 ] DEBUG Engine               - soundMenuBack: menu/back.wav
20:13:18.438 [FXGL Background Thread 3 ] DEBUG Engine               - soundMenuPress: menu/press.wav
20:13:18.438 [FXGL Background Thread 3 ] DEBUG Engine               - soundMenuSelect: menu/select.wav
20:13:18.438 [FXGL Background Thread 3 ] DEBUG Engine               - soundNotification: core/notification.wav
20:13:18.438 [FXGL Background Thread 3 ] DEBUG Engine               - stageStyle: DECORATED
20:13:18.438 [FXGL Background Thread 3 ] DEBUG Engine               - supportedLanguages: [ENGLISH, FRENCH, GERMAN, HUNGARIAN, RUSSIAN]
20:13:18.438 [FXGL Background Thread 3 ] DEBUG Engine               - ticksPerSecond: -1
20:13:18.438 [FXGL Background Thread 3 ] DEBUG Engine               - title: Tower Defense
20:13:18.438 [FXGL Background Thread 3 ] DEBUG Engine               - urlGithub: https://github.com/AlmasB/FXGL
20:13:18.438 [FXGL Background Thread 3 ] DEBUG Engine               - urlLeaderboard: http://fxgl-top.herokuapp.com/
20:13:18.439 [FXGL Background Thread 3 ] DEBUG Engine               - urlPOM: https://raw.githubusercontent.com/AlmasB/FXGL/release/README.md
20:13:18.439 [FXGL Background Thread 3 ] DEBUG Engine               - userAppClass: class com.theswagbois.towerdefense.MainApplication
20:13:18.439 [FXGL Background Thread 3 ] DEBUG Engine               - version: 0.0
20:13:18.439 [FXGL Background Thread 3 ] DEBUG Engine               - versionCheckDays: 7
20:13:18.439 [FXGL Background Thread 3 ] DEBUG Engine               - width: 800
20:13:18.439 [FXGL Background Thread 3 ] DEBUG Engine               - Logging services
20:13:18.439 [FXGL Background Thread 3 ] DEBUG Engine               - class com.almasb.fxgl.app.services.FXGLAssetLoaderService
20:13:18.439 [FXGL Background Thread 3 ] DEBUG Engine               - class com.almasb.fxgl.app.FXGLApplication$GameApplicationService
20:13:18.439 [FXGL Background Thread 3 ] DEBUG Engine               - class com.almasb.fxgl.app.services.FXGLDialogService
20:13:18.440 [FXGL Background Thread 3 ] DEBUG Engine               - class com.almasb.fxgl.app.services.IOTaskExecutorService
20:13:18.440 [FXGL Background Thread 3 ] DEBUG Engine               - class com.almasb.fxgl.io.FileSystemService
20:13:18.440 [FXGL Background Thread 3 ] DEBUG Engine               - class com.almasb.fxgl.localization.LocalizationService
20:13:18.440 [FXGL Background Thread 3 ] DEBUG Engine               - class com.almasb.fxgl.app.services.SystemBundleService
20:13:18.440 [FXGL Background Thread 3 ] DEBUG Engine               - class com.almasb.fxgl.profile.SaveLoadService
20:13:18.440 [FXGL Background Thread 3 ] DEBUG Engine               - class com.almasb.fxgl.ui.FXGLUIFactoryServiceProvider
20:13:18.440 [FXGL Background Thread 3 ] DEBUG Engine               - class com.almasb.fxgl.ui.FXGLDialogFactoryServiceProvider
20:13:18.440 [FXGL Background Thread 3 ] DEBUG Engine               - class com.almasb.fxgl.audio.AudioPlayer
20:13:18.440 [FXGL Background Thread 3 ] DEBUG Engine               - class com.almasb.fxgl.notification.impl.NotificationServiceProvider
20:13:18.440 [FXGL Background Thread 3 ] DEBUG Engine               - class com.almasb.fxgl.achievement.AchievementService
20:13:18.440 [FXGL Background Thread 3 ] DEBUG Engine               - class com.almasb.fxgl.cutscene.CutsceneService
20:13:18.441 [FXGL Background Thread 3 ] DEBUG Engine               - class com.almasb.fxgl.minigames.MiniGameService
20:13:18.441 [FXGL Background Thread 3 ] DEBUG Engine               - class com.almasb.fxgl.net.NetService
20:13:18.441 [FXGL Background Thread 3 ] DEBUG Engine               - class com.almasb.fxgl.app.services.UpdaterService
20:13:18.441 [FXGL Background Thread 3 ] DEBUG Engine               - class com.almasb.fxgl.dev.DevService
20:13:20.879 [JavaFX Application Thread] DEBUG Menu                 - fireNewGame()
20:13:20.879 [JavaFX Application Thread] DEBUG GameApplicationServi - Starting new game
20:13:20.880 [JavaFX Application Thread] DEBUG PrimaryStageWindow   - Pop state: WelcomeMenu
20:13:20.880 [JavaFX Application Thread] DEBUG Input                - Clearing active input actions
20:13:20.881 [JavaFX Application Thread] DEBUG GameApplicationServi - Removing overlay from WelcomeMenu and adding to FXGLMainMenuDummyScene
20:13:20.881 [JavaFX Application Thread] DEBUG PrimaryStageWindow   - FXGLMainMenuDummyScene <- WelcomeMenu
20:13:20.881 [JavaFX Application Thread] DEBUG Input                - Clearing active input actions
20:13:20.890 [JavaFX Application Thread] DEBUG GameApplicationServi - Removing overlay from FXGLMainMenuDummyScene and adding to FXGLLoadingScene
20:13:20.891 [JavaFX Application Thread] DEBUG PrimaryStageWindow   - FXGLMainMenuDummyScene -> FXGLLoadingScene
20:13:20.891 [JavaFX Application Thread] DEBUG GameApplicationServi - Clearing previous game
20:13:20.891 [JavaFX Application Thread] DEBUG GameScene            - Clearing game scene
20:13:20.891 [JavaFX Application Thread] DEBUG GameWorld            - Clearing game world
20:13:20.891 [JavaFX Application Thread] DEBUG PhysicsWorld         - Clearing physics world
20:13:20.893 [FXGL Background Thread 2 ] DEBUG FXGLApplication      - Initializing game
20:13:20.895 [FXGL Background Thread 2 ] DEBUG FXGLAssetLoaderServi - Loading JSON from: file:/Users/nicholashulston/IdeaProjects/Tower_Defense2/target/classes/assets/tower1.json
20:13:21.086 [FXGL Background Thread 2 ] DEBUG FXGLAssetLoaderServi - Loading JSON from: file:/Users/nicholashulston/IdeaProjects/Tower_Defense2/target/classes/assets/tower2.json
20:13:21.087 [FXGL Background Thread 2 ] DEBUG FXGLAssetLoaderServi - Loading JSON from: file:/Users/nicholashulston/IdeaProjects/Tower_Defense2/target/classes/assets/tower3.json
20:13:21.105 [FXGL Background Thread 2 ] INFO  FXGLApplication      - Game initialization took: 0.212 sec
20:13:21.105 [JavaFX Application Thread] DEBUG Input                - Clearing active input actions
20:13:21.112 [JavaFX Application Thread] DEBUG GameApplicationServi - Removing overlay from FXGLLoadingScene and adding to GameScene
20:13:21.112 [JavaFX Application Thread] DEBUG PrimaryStageWindow   - FXGLLoadingScene -> GameScene
20:13:23.864 [JavaFX Application Thread] DEBUG FXGLApplication      - Exiting FXGL
20:13:23.865 [JavaFX Application Thread] DEBUG LoopRunner           - Stopping loop
20:13:23.865 [JavaFX Application Thread] DEBUG SystemBundleService  - Saving FXGL system data
20:13:23.867 [JavaFX Application Thread] DEBUG FileSystemAccess     - Writing to: /Users/nicholashulston/IdeaProjects/Tower_Defense2/system/fxgl.bundle
20:13:23.869 [JavaFX Application Thread] DEBUG Async                - Shutting down background threads
20:13:23.870 [JavaFX Application Thread] DEBUG PrimaryStageWindow   - Closing main window
20:13:23.876 [JavaFX Application Thread] DEBUG Logger               - Closing Logger
