18:52:39.701 [main                     ] DEBUG Logger               - Configured Logger
18:52:39.718 [main                     ] DEBUG GameApplication      - Logging settings
Title: Tower Defense
Version: 0.0
Width: 800
Height: 600
Fullscreen: false
Intro: false
Profiling: false
Single step:false
App Mode: DEVELOPER
Menu Key: ESCAPE
Stage Style: DECORATED
Scene Factory: class com.theswagbois.towerdefense.MainApplication$1

18:52:41.351 [JavaFX Application Thread] DEBUG FXGLApplication      - Initializing FXGL
18:52:41.356 [JavaFX Application Thread] INFO  Engine               - FXGL-11.17 (16.07.2021 15.46) on MAC (J:16.0.2 FX:16)
18:52:41.356 [JavaFX Application Thread] DEBUG Engine               - JRE Vendor Name: Amazon.com Inc.
18:52:41.357 [JavaFX Application Thread] DEBUG Engine               - Running on OS: Mac OS X version 10.14.6
18:52:41.357 [JavaFX Application Thread] DEBUG Engine               - Architecture: x86_64
18:52:41.358 [JavaFX Application Thread] INFO  Engine               - Source code and latest versions at: https://github.com/AlmasB/FXGL
18:52:41.358 [JavaFX Application Thread] INFO  Engine               -              Join the FXGL chat at: https://gitter.im/AlmasB/FXGL
18:52:41.778 [JavaFX Application Thread] DEBUG PrimaryStageWindow   - Creating a JavaFX scene
18:52:41.891 [JavaFX Application Thread] DEBUG PrimaryStageWindow   - Target settings size: 800.0 x 600.0
18:52:41.892 [JavaFX Application Thread] DEBUG PrimaryStageWindow   - Scaled scene size:    800.0 x 600.0
18:52:41.893 [JavaFX Application Thread] DEBUG PrimaryStageWindow   - Scaled ratio: (1.0, 1.0)
18:52:41.896 [JavaFX Application Thread] DEBUG PrimaryStageWindow   - Set initial scene to FXGLStartupScene
18:52:41.921 [JavaFX Application Thread] DEBUG PrimaryStageWindow   - Opening main window
18:52:42.286 [JavaFX Application Thread] DEBUG PrimaryStageWindow   - Window border size: (0.0, 22.0)
18:52:42.287 [JavaFX Application Thread] DEBUG PrimaryStageWindow   - Scaled size: 800.0 x 600.0
18:52:42.287 [JavaFX Application Thread] DEBUG PrimaryStageWindow   - Scaled ratio: (1.0, 1.0)
18:52:42.288 [JavaFX Application Thread] DEBUG PrimaryStageWindow   - Scene size: 800.0 x 600.0
18:52:42.289 [JavaFX Application Thread] DEBUG PrimaryStageWindow   - Stage size: 800.0 x 622.0
18:52:42.325 [FXGL Background Thread 1 ] DEBUG Engine               - Initializing environment variables
18:52:42.533 [FXGL Background Thread 1 ] DEBUG FXGLAssetLoaderServi - User app class for loading assets: class com.theswagbois.towerdefense.MainApplication
18:52:42.534 [FXGL Background Thread 1 ] DEBUG GameApplicationServi - Applying CSS: fxgl_dark.css
18:52:42.553 [FXGL Background Thread 1 ] DEBUG FXGLAssetLoaderServi - Loading from file system: jar:file:/Users/nicholashulston/.m2/repository/com/github/almasb/fxgl/11.17/fxgl-11.17.jar!/fxglassets/ui/css/fxgl_dark.css
18:52:42.943 [FXGL Background Thread 1 ] DEBUG GameApplicationServi - Initializing application scenes
18:52:43.985 [FXGL Background Thread 1 ] DEBUG GameWorld            - Game world initialized
18:52:44.087 [FXGL Background Thread 1 ] DEBUG PhysicsWorld         - Physics world initialized: appHeight=600, physics.ppm=50.0
18:52:44.088 [FXGL Background Thread 1 ] DEBUG PhysicsWorld         - Using strategy: BRUTE_FORCE
18:52:44.097 [FXGL Background Thread 1 ] DEBUG GameScene            - Game scene initialized: 800x600
18:52:44.137 [FXGL Background Thread 1 ] DEBUG FXGL.DefaultMenu     - createMenuBodyGameMenu()
18:52:44.170 [FXGL Background Thread 1 ] DEBUG FXGL.DefaultMenu     - createOptionsMenu()
18:52:44.203 [FXGL Background Thread 1 ] DEBUG FXGLAssetLoaderServi - Loading from file system: jar:file:/Users/nicholashulston/.m2/repository/com/github/almasb/fxgl/11.17/fxgl-11.17.jar!/fxglassets/textures/particles/smoke.png
18:52:44.537 [FXGL Background Thread 1 ] DEBUG FXGLAssetLoaderServi - Loading from file system: jar:file:/Users/nicholashulston/.m2/repository/com/github/almasb/fxgl/11.17/fxgl-11.17.jar!/fxglassets/textures/particles/trace_horizontal.png
18:52:44.695 [FXGL Background Thread 1 ] DEBUG GameApplicationServi - Application scenes initialized
18:52:44.733 [FXGL Background Thread 1 ] DEBUG SystemBundleService  - Loading FXGL system data
18:52:44.742 [FXGL Background Thread 1 ] DEBUG FileSystemAccess     - Reading from: /Users/nicholashulston/IdeaProjects/Tower_Defense2/system/fxgl.bundle
18:52:44.762 [FXGL Background Thread 1 ] DEBUG SystemBundleService  - Bundle FXGL: {}
18:52:44.763 [FXGL Background Thread 1 ] DEBUG UpdaterService       - Checking for updates
18:52:44.780 [FXGL Background Thread 4 ] DEBUG FXGLApplication      - Loading fonts
18:52:44.781 [FXGL Background Thread 1 ] DEBUG FXGLApplication      - Loading default localization
18:52:44.783 [FXGL Background Thread 4 ] DEBUG FXGLAssetLoaderServi - Loading from file system: jar:file:/Users/nicholashulston/.m2/repository/com/github/almasb/fxgl/11.17/fxgl-11.17.jar!/fxglassets/ui/fonts/VarelaRound-Regular.ttf
18:52:44.783 [FXGL Background Thread 1 ] DEBUG FXGLAssetLoaderServi - Loading from file system: jar:file:/Users/nicholashulston/.m2/repository/com/github/almasb/fxgl/11.17/fxgl-11.17.jar!/fxglassets/languages/english.lang
18:52:44.823 [FXGL Background Thread 4 ] DEBUG FXGLAssetLoaderServi - Loading from file system: jar:file:/Users/nicholashulston/.m2/repository/com/github/almasb/fxgl/11.17/fxgl-11.17.jar!/fxglassets/ui/fonts/Abel-Regular.ttf
18:52:44.832 [FXGL Background Thread 4 ] DEBUG FXGLAssetLoaderServi - Loading from file system: jar:file:/Users/nicholashulston/.m2/repository/com/github/almasb/fxgl/11.17/fxgl-11.17.jar!/fxglassets/ui/fonts/lucida_console.ttf
18:52:44.844 [FXGL Background Thread 4 ] DEBUG FXGLAssetLoaderServi - Loading from file system: jar:file:/Users/nicholashulston/.m2/repository/com/github/almasb/fxgl/11.17/fxgl-11.17.jar!/fxglassets/ui/fonts/Courier-Prime.ttf
18:52:44.856 [JavaFX Application Thread] DEBUG FXGLApplication      - Registering font factories with UI factory
18:52:44.863 [FXGL Background Thread 1 ] INFO  FXGLApplication      - FXGL initialization took: 2.538 sec
18:52:44.889 [JavaFX Application Thread] DEBUG Input                - Registered new binding: action0 - F
18:52:44.891 [JavaFX Application Thread] DEBUG FXGLAssetLoaderServi - Loading from file system: jar:file:/Users/nicholashulston/.m2/repository/com/github/almasb/fxgl/11.17/fxgl-11.17.jar!/fxglassets/textures/fxgl_icon.png
18:52:44.958 [JavaFX Application Thread] DEBUG FXGLAssetLoaderServi - Loading from file system: jar:file:/Users/nicholashulston/.m2/repository/com/github/almasb/fxgl/11.17/fxgl-11.17.jar!/fxglassets/textures/fxgl_default_cursor.png
18:52:44.964 [JavaFX Application Thread] DEBUG Input                - Registered new binding: Screenshot - CTRL+8
18:52:44.965 [JavaFX Application Thread] DEBUG Input                - Registered new binding: System info dump - CTRL+9
18:52:44.966 [JavaFX Application Thread] DEBUG Input                - Registered new binding: Restart - CTRL+R
18:52:44.968 [JavaFX Application Thread] DEBUG Input                - Registered new binding: Toggle Debug Camera - CTRL+C
18:52:44.972 [JavaFX Application Thread] DEBUG LoopRunner           - Starting loop
18:52:44.973 [JavaFX Application Thread] DEBUG LoopRunner           - Initializing JavaFX AnimationTimerLoop
18:52:44.984 [JavaFX Application Thread] DEBUG GameApplicationServi - Starting new game
18:52:44.985 [JavaFX Application Thread] DEBUG Input                - Clearing active input actions
18:52:45.018 [JavaFX Application Thread] DEBUG GameApplicationServi - Removing overlay from FXGLStartupScene and adding to FXGLLoadingScene
18:52:45.019 [JavaFX Application Thread] DEBUG PrimaryStageWindow   - FXGLStartupScene -> FXGLLoadingScene
18:52:45.020 [JavaFX Application Thread] DEBUG GameApplicationServi - Clearing previous game
18:52:45.020 [JavaFX Application Thread] DEBUG GameScene            - Clearing game scene
18:52:45.020 [JavaFX Application Thread] DEBUG GameWorld            - Clearing game world
18:52:45.021 [JavaFX Application Thread] DEBUG PhysicsWorld         - Clearing physics world
18:52:45.026 [FXGL Background Thread 1 ] DEBUG FXGLApplication      - Initializing game
18:52:45.045 [FXGL Background Thread 1 ] INFO  FXGLApplication      - Game initialization took: 0.017 sec
18:52:45.212 [JavaFX Application Thread] DEBUG Input                - Clearing active input actions
18:52:45.232 [JavaFX Application Thread] DEBUG GameApplicationServi - Removing overlay from FXGLLoadingScene and adding to GameScene
18:52:45.233 [JavaFX Application Thread] DEBUG PrimaryStageWindow   - FXGLLoadingScene -> GameScene
18:52:47.777 [FXGL Background Thread 3 ] DEBUG Engine               - Logging environment variables
18:52:47.779 [FXGL Background Thread 3 ] DEBUG Engine               - achievements: []
18:52:47.779 [FXGL Background Thread 3 ] DEBUG Engine               - actualHeight: 600.0
18:52:47.779 [FXGL Background Thread 3 ] DEBUG Engine               - actualHeightProperty: ReadOnlyDoubleProperty [value: 600.0]
18:52:47.780 [FXGL Background Thread 3 ] DEBUG Engine               - actualWidth: 800.0
18:52:47.780 [FXGL Background Thread 3 ] DEBUG Engine               - actualWidthProperty: ReadOnlyDoubleProperty [value: 800.0]
18:52:47.781 [FXGL Background Thread 3 ] DEBUG Engine               - appIcon: fxgl_icon.png
18:52:47.781 [FXGL Background Thread 3 ] DEBUG Engine               - applicationMode: DEVELOPER
18:52:47.782 [FXGL Background Thread 3 ] DEBUG Engine               - cSSList: [fxgl_dark.css]
18:52:47.782 [FXGL Background Thread 3 ] DEBUG Engine               - collisionDetectionStrategy: BRUTE_FORCE
18:52:47.782 [FXGL Background Thread 3 ] DEBUG Engine               - configClass: Optional.empty
18:52:47.782 [FXGL Background Thread 3 ] DEBUG Engine               - credits: []
18:52:47.783 [FXGL Background Thread 3 ] DEBUG Engine               - defaultCursor: CursorInfo(imageName=fxgl_default_cursor.png, hotspotX=7.0, hotspotY=6.0)
18:52:47.783 [FXGL Background Thread 3 ] DEBUG Engine               - devBBoxColorProperty: ObjectProperty [value: 0xff0000ff]
18:52:47.784 [FXGL Background Thread 3 ] DEBUG Engine               - devEnableDebugCameraProperty: BooleanProperty [value: false]
18:52:47.784 [FXGL Background Thread 3 ] DEBUG Engine               - devSensorColorProperty: ObjectProperty [value: 0xffff00ff]
18:52:47.784 [FXGL Background Thread 3 ] DEBUG Engine               - devShowBBoxProperty: BooleanProperty [value: false]
18:52:47.785 [FXGL Background Thread 3 ] DEBUG Engine               - devShowPositionProperty: BooleanProperty [value: false]
18:52:47.785 [FXGL Background Thread 3 ] DEBUG Engine               - enabledMenuItems: []
18:52:47.785 [FXGL Background Thread 3 ] DEBUG Engine               - engineServices: [class com.almasb.fxgl.app.com.theswagbois.towerdefense.services.FXGLAssetLoaderService, class com.almasb.fxgl.app.FXGLApplication$GameApplicationService, class com.almasb.fxgl.app.com.theswagbois.towerdefense.services.FXGLDialogService, class com.almasb.fxgl.app.com.theswagbois.towerdefense.services.IOTaskExecutorService, class com.almasb.fxgl.io.FileSystemService, class com.almasb.fxgl.localization.LocalizationService, class com.almasb.fxgl.app.com.theswagbois.towerdefense.services.SystemBundleService, class com.almasb.fxgl.profile.SaveLoadService, class com.almasb.fxgl.ui.FXGLUIFactoryServiceProvider, class com.almasb.fxgl.ui.FXGLDialogFactoryServiceProvider, class com.almasb.fxgl.audio.AudioPlayer, class com.almasb.fxgl.notification.impl.NotificationServiceProvider, class com.almasb.fxgl.achievement.AchievementService, class com.almasb.fxgl.cutscene.CutsceneService, class com.almasb.fxgl.minigames.MiniGameService, class com.almasb.fxgl.net.NetService, class com.almasb.fxgl.app.com.theswagbois.towerdefense.services.UpdaterService, class com.almasb.fxgl.dev.DevService]
18:52:47.785 [FXGL Background Thread 3 ] DEBUG Engine               - fontGame: Abel-Regular.ttf
18:52:47.786 [FXGL Background Thread 3 ] DEBUG Engine               - fontMono: lucida_console.ttf
18:52:47.786 [FXGL Background Thread 3 ] DEBUG Engine               - fontText: Courier-Prime.ttf
18:52:47.787 [FXGL Background Thread 3 ] DEBUG Engine               - fontUI: VarelaRound-Regular.ttf
18:52:47.787 [FXGL Background Thread 3 ] DEBUG Engine               - fullScreen: BooleanProperty [value: false]
18:52:47.788 [FXGL Background Thread 3 ] DEBUG Engine               - gameDifficulty: MEDIUM
18:52:47.789 [FXGL Background Thread 3 ] DEBUG Engine               - gameDifficultyProperty: ObjectProperty [value: MEDIUM]
18:52:47.789 [FXGL Background Thread 3 ] DEBUG Engine               - globalMusicVolume: 0.5
18:52:47.789 [FXGL Background Thread 3 ] DEBUG Engine               - globalMusicVolumeProperty: DoubleProperty [value: 0.5]
18:52:47.793 [FXGL Background Thread 3 ] DEBUG Engine               - globalSoundVolume: 0.5
18:52:47.794 [FXGL Background Thread 3 ] DEBUG Engine               - globalSoundVolumeProperty: DoubleProperty [value: 0.5]
18:52:47.794 [FXGL Background Thread 3 ] DEBUG Engine               - height: 600
18:52:47.795 [FXGL Background Thread 3 ] DEBUG Engine               - is3D: false
18:52:47.795 [FXGL Background Thread 3 ] DEBUG Engine               - isAndroid: false
18:52:47.796 [FXGL Background Thread 3 ] DEBUG Engine               - isBrowser: false
18:52:47.797 [FXGL Background Thread 3 ] DEBUG Engine               - isClickFeedbackEnabled: false
18:52:47.797 [FXGL Background Thread 3 ] DEBUG Engine               - isCloseConfirmation: false
18:52:47.797 [FXGL Background Thread 3 ] DEBUG Engine               - isDesktop: true
18:52:47.798 [FXGL Background Thread 3 ] DEBUG Engine               - isDeveloperMenuEnabled: false
18:52:47.798 [FXGL Background Thread 3 ] DEBUG Engine               - isEntityPreloadEnabled: true
18:52:47.798 [FXGL Background Thread 3 ] DEBUG Engine               - isExperimentalTiledLargeMap: false
18:52:47.799 [FXGL Background Thread 3 ] DEBUG Engine               - isFileSystemWriteAllowed: true
18:52:47.799 [FXGL Background Thread 3 ] DEBUG Engine               - isFullScreenAllowed: false
18:52:47.799 [FXGL Background Thread 3 ] DEBUG Engine               - isFullScreenFromStart: false
18:52:47.800 [FXGL Background Thread 3 ] DEBUG Engine               - isGameMenuEnabled: true
18:52:47.800 [FXGL Background Thread 3 ] DEBUG Engine               - isIOS: false
18:52:47.800 [FXGL Background Thread 3 ] DEBUG Engine               - isIntroEnabled: false
18:52:47.801 [FXGL Background Thread 3 ] DEBUG Engine               - isLinux: false
18:52:47.801 [FXGL Background Thread 3 ] DEBUG Engine               - isMac: true
18:52:47.801 [FXGL Background Thread 3 ] DEBUG Engine               - isMainMenuEnabled: false
18:52:47.802 [FXGL Background Thread 3 ] DEBUG Engine               - isManualResizeEnabled: false
18:52:47.802 [FXGL Background Thread 3 ] DEBUG Engine               - isMobile: false
18:52:47.802 [FXGL Background Thread 3 ] DEBUG Engine               - isNative: false
18:52:47.802 [FXGL Background Thread 3 ] DEBUG Engine               - isPauseMusicWhenMinimized: true
18:52:47.803 [FXGL Background Thread 3 ] DEBUG Engine               - isPreserveResizeRatio: false
18:52:47.803 [FXGL Background Thread 3 ] DEBUG Engine               - isProfilingEnabled: false
18:52:47.803 [FXGL Background Thread 3 ] DEBUG Engine               - isScaleAffectedOnResize: true
18:52:47.805 [FXGL Background Thread 3 ] DEBUG Engine               - isSingleStep: false
18:52:47.805 [FXGL Background Thread 3 ] DEBUG Engine               - isUserProfileEnabled: false
18:52:47.810 [FXGL Background Thread 3 ] DEBUG Engine               - isWindows: false
18:52:47.811 [FXGL Background Thread 3 ] DEBUG Engine               - language: ObjectProperty [value: ENGLISH]
18:52:47.811 [FXGL Background Thread 3 ] DEBUG Engine               - menuKey: ESCAPE
18:52:47.811 [FXGL Background Thread 3 ] DEBUG Engine               - mouseSensitivity: 0.2
18:52:47.812 [FXGL Background Thread 3 ] DEBUG Engine               - notificationViewClass: class com.almasb.fxgl.notification.view.XboxNotificationView
18:52:47.814 [FXGL Background Thread 3 ] DEBUG Engine               - pixelsPerMeter: 50.0
18:52:47.814 [FXGL Background Thread 3 ] DEBUG Engine               - platform: MAC
18:52:47.814 [FXGL Background Thread 3 ] DEBUG Engine               - prefHeightProperty: ReadOnlyDoubleProperty [value: 600.0]
18:52:47.815 [FXGL Background Thread 3 ] DEBUG Engine               - prefWidthProperty: ReadOnlyDoubleProperty [value: 800.0]
18:52:47.815 [FXGL Background Thread 3 ] DEBUG Engine               - profileDir: profiles/
18:52:47.815 [FXGL Background Thread 3 ] DEBUG Engine               - profileName: StringProperty [value: DEFAULT]
18:52:47.815 [FXGL Background Thread 3 ] DEBUG Engine               - randomSeed: -1
18:52:47.815 [FXGL Background Thread 3 ] DEBUG Engine               - runtimeInfo: RuntimeInfo(platform=MAC, version=11.17, build=16.07.2021 15.46)
18:52:47.815 [FXGL Background Thread 3 ] DEBUG Engine               - saveFileExt: sav
18:52:47.816 [FXGL Background Thread 3 ] DEBUG Engine               - scaledHeightProp$fxgl: DoubleProperty [bound, value: 600.0]
18:52:47.816 [FXGL Background Thread 3 ] DEBUG Engine               - scaledWidthProp$fxgl: DoubleProperty [bound, value: 800.0]
18:52:47.816 [FXGL Background Thread 3 ] DEBUG Engine               - sceneFactory: com.theswagbois.towerdefense.MainApplication$1@1a13ca7a
18:52:47.816 [FXGL Background Thread 3 ] DEBUG Engine               - secondsIn24h: 60
18:52:47.817 [FXGL Background Thread 3 ] DEBUG Engine               - soundMenuBack: menu/back.wav
18:52:47.817 [FXGL Background Thread 3 ] DEBUG Engine               - soundMenuPress: menu/press.wav
18:52:47.817 [FXGL Background Thread 3 ] DEBUG Engine               - soundMenuSelect: menu/select.wav
18:52:47.817 [FXGL Background Thread 3 ] DEBUG Engine               - soundNotification: core/notification.wav
18:52:47.817 [FXGL Background Thread 3 ] DEBUG Engine               - stageStyle: DECORATED
18:52:47.818 [FXGL Background Thread 3 ] DEBUG Engine               - supportedLanguages: [ENGLISH, FRENCH, GERMAN, HUNGARIAN, RUSSIAN]
18:52:47.818 [FXGL Background Thread 3 ] DEBUG Engine               - ticksPerSecond: -1
18:52:47.818 [FXGL Background Thread 3 ] DEBUG Engine               - title: Tower Defense
18:52:47.818 [FXGL Background Thread 3 ] DEBUG Engine               - urlGithub: https://github.com/AlmasB/FXGL
18:52:47.818 [FXGL Background Thread 3 ] DEBUG Engine               - urlLeaderboard: http://fxgl-top.herokuapp.com/
18:52:47.818 [FXGL Background Thread 3 ] DEBUG Engine               - urlPOM: https://raw.githubusercontent.com/AlmasB/FXGL/release/README.md
18:52:47.819 [FXGL Background Thread 3 ] DEBUG Engine               - userAppClass: class com.theswagbois.towerdefense.MainApplication
18:52:47.819 [FXGL Background Thread 3 ] DEBUG Engine               - version: 0.0
18:52:47.819 [FXGL Background Thread 3 ] DEBUG Engine               - versionCheckDays: 7
18:52:47.819 [FXGL Background Thread 3 ] DEBUG Engine               - width: 800
18:52:47.820 [FXGL Background Thread 3 ] DEBUG Engine               - Logging com.theswagbois.towerdefense.services
18:52:47.820 [FXGL Background Thread 3 ] DEBUG Engine               - class com.almasb.fxgl.app.com.theswagbois.towerdefense.services.FXGLAssetLoaderService
18:52:47.820 [FXGL Background Thread 3 ] DEBUG Engine               - class com.almasb.fxgl.app.FXGLApplication$GameApplicationService
18:52:47.821 [FXGL Background Thread 3 ] DEBUG Engine               - class com.almasb.fxgl.app.com.theswagbois.towerdefense.services.FXGLDialogService
18:52:47.821 [FXGL Background Thread 3 ] DEBUG Engine               - class com.almasb.fxgl.app.com.theswagbois.towerdefense.services.IOTaskExecutorService
18:52:47.821 [FXGL Background Thread 3 ] DEBUG Engine               - class com.almasb.fxgl.io.FileSystemService
18:52:47.821 [FXGL Background Thread 3 ] DEBUG Engine               - class com.almasb.fxgl.localization.LocalizationService
18:52:47.822 [FXGL Background Thread 3 ] DEBUG Engine               - class com.almasb.fxgl.app.com.theswagbois.towerdefense.services.SystemBundleService
18:52:47.822 [FXGL Background Thread 3 ] DEBUG Engine               - class com.almasb.fxgl.profile.SaveLoadService
18:52:47.822 [FXGL Background Thread 3 ] DEBUG Engine               - class com.almasb.fxgl.ui.FXGLUIFactoryServiceProvider
18:52:47.823 [FXGL Background Thread 3 ] DEBUG Engine               - class com.almasb.fxgl.ui.FXGLDialogFactoryServiceProvider
18:52:47.823 [FXGL Background Thread 3 ] DEBUG Engine               - class com.almasb.fxgl.audio.AudioPlayer
18:52:47.823 [FXGL Background Thread 3 ] DEBUG Engine               - class com.almasb.fxgl.notification.impl.NotificationServiceProvider
18:52:47.824 [FXGL Background Thread 3 ] DEBUG Engine               - class com.almasb.fxgl.achievement.AchievementService
18:52:47.824 [FXGL Background Thread 3 ] DEBUG Engine               - class com.almasb.fxgl.cutscene.CutsceneService
18:52:47.827 [FXGL Background Thread 3 ] DEBUG Engine               - class com.almasb.fxgl.minigames.MiniGameService
18:52:47.827 [FXGL Background Thread 3 ] DEBUG Engine               - class com.almasb.fxgl.net.NetService
18:52:47.827 [FXGL Background Thread 3 ] DEBUG Engine               - class com.almasb.fxgl.app.com.theswagbois.towerdefense.services.UpdaterService
18:52:47.830 [FXGL Background Thread 3 ] DEBUG Engine               - class com.almasb.fxgl.dev.DevService
18:53:04.881 [JavaFX Application Thread] DEBUG FXGLApplication      - Exiting FXGL
18:53:04.882 [JavaFX Application Thread] DEBUG LoopRunner           - Stopping loop
18:53:04.882 [JavaFX Application Thread] DEBUG SystemBundleService  - Saving FXGL system data
18:53:04.885 [JavaFX Application Thread] DEBUG FileSystemAccess     - Writing to: /Users/nicholashulston/IdeaProjects/Tower_Defense2/system/fxgl.bundle
18:53:04.888 [JavaFX Application Thread] DEBUG Async                - Shutting down background threads
18:53:04.889 [JavaFX Application Thread] DEBUG PrimaryStageWindow   - Closing main window
18:53:04.907 [JavaFX Application Thread] DEBUG Logger               - Closing Logger
