21:52:12.038 [main                     ] DEBUG Logger               - Configured Logger
21:52:12.042 [main                     ] DEBUG GameApplication      - Logging settings
Title: Tower Defense
Version: 0.0
Width: 800
Height: 600
Fullscreen: false
Intro: false
Profiling: false
Single step:false
App Mode: DEVELOPER
Menu Key: ESCAPE
Stage Style: DECORATED
Scene Factory: class com.theswagbois.towerdefense.ui.MySceneFactory

21:52:12.933 [JavaFX Application Thread] DEBUG FXGLApplication      - Initializing FXGL
21:52:12.935 [JavaFX Application Thread] INFO  Engine               - FXGL-11.17 (16.07.2021 15.46) on WINDOWS (J:16.0.2 FX:17.0.1)
21:52:12.935 [JavaFX Application Thread] DEBUG Engine               - JRE Vendor Name: Amazon.com Inc.
21:52:12.935 [JavaFX Application Thread] DEBUG Engine               - Running on OS: Windows 10 version 10.0
21:52:12.935 [JavaFX Application Thread] DEBUG Engine               - Architecture: amd64
21:52:12.936 [JavaFX Application Thread] INFO  Engine               - Source code and latest versions at: https://github.com/AlmasB/FXGL
21:52:12.936 [JavaFX Application Thread] INFO  Engine               -              Join the FXGL chat at: https://gitter.im/AlmasB/FXGL
21:52:13.023 [JavaFX Application Thread] DEBUG PrimaryStageWindow   - Creating a JavaFX scene
21:52:13.068 [JavaFX Application Thread] DEBUG PrimaryStageWindow   - Target settings size: 800.0 x 600.0
21:52:13.068 [JavaFX Application Thread] DEBUG PrimaryStageWindow   - Scaled scene size:    800.0 x 600.0
21:52:13.068 [JavaFX Application Thread] DEBUG PrimaryStageWindow   - Scaled ratio: (1.0, 1.0)
21:52:13.069 [JavaFX Application Thread] DEBUG PrimaryStageWindow   - Set initial scene to FXGLStartupScene
21:52:13.074 [JavaFX Application Thread] DEBUG PrimaryStageWindow   - Opening main window
21:52:13.216 [JavaFX Application Thread] DEBUG PrimaryStageWindow   - Window border size: (16.0, 39.0)
21:52:13.216 [JavaFX Application Thread] DEBUG PrimaryStageWindow   - Scaled size: 800.0 x 600.0
21:52:13.216 [JavaFX Application Thread] DEBUG PrimaryStageWindow   - Scaled ratio: (1.0, 1.0)
21:52:13.216 [JavaFX Application Thread] DEBUG PrimaryStageWindow   - Scene size: 800.0 x 600.0
21:52:13.216 [JavaFX Application Thread] DEBUG PrimaryStageWindow   - Stage size: 816.0 x 639.0
21:52:13.222 [FXGL Background Thread 1 ] DEBUG Engine               - Initializing environment variables
21:52:13.258 [FXGL Background Thread 1 ] DEBUG FXGLAssetLoaderServi - User app class for loading assets: class com.theswagbois.towerdefense.MainApplication
21:52:13.259 [FXGL Background Thread 1 ] DEBUG GameApplicationServi - Applying CSS: fxgl_dark.css
21:52:13.259 [FXGL Background Thread 1 ] DEBUG FXGLAssetLoaderServi - Loading from file system: jar:file:/C:/Users/Nick/.m2/repository/com/github/almasb/fxgl/11.17/fxgl-11.17.jar!/fxglassets/ui/css/fxgl_dark.css
21:52:13.290 [FXGL Background Thread 1 ] DEBUG GameApplicationServi - Initializing application scenes
21:52:13.327 [FXGL Background Thread 1 ] DEBUG GameWorld            - Game world initialized
21:52:13.370 [FXGL Background Thread 1 ] DEBUG PhysicsWorld         - Physics world initialized: appHeight=600, physics.ppm=50.0
21:52:13.371 [FXGL Background Thread 1 ] DEBUG PhysicsWorld         - Using strategy: BRUTE_FORCE
21:52:13.373 [FXGL Background Thread 1 ] DEBUG GameScene            - Game scene initialized: 800x600
21:52:13.395 [FXGL Background Thread 1 ] DEBUG FXGLAssetLoaderServi - Loading from file system: file:/C:/Users/Nick/IdeaProjects/Tower_Defense/target/classes/assets/textures/titleScreen.png
21:52:13.423 [FXGL Background Thread 1 ] DEBUG FXGL.DefaultMenu     - createMenuBodyGameMenu()
21:52:13.435 [FXGL Background Thread 1 ] DEBUG FXGL.DefaultMenu     - createOptionsMenu()
21:52:13.440 [FXGL Background Thread 1 ] DEBUG FXGLAssetLoaderServi - Loading from file system: jar:file:/C:/Users/Nick/.m2/repository/com/github/almasb/fxgl/11.17/fxgl-11.17.jar!/fxglassets/textures/particles/smoke.png
21:52:13.518 [FXGL Background Thread 1 ] DEBUG FXGLAssetLoaderServi - Loading from file system: jar:file:/C:/Users/Nick/.m2/repository/com/github/almasb/fxgl/11.17/fxgl-11.17.jar!/fxglassets/textures/particles/trace_horizontal.png
21:52:13.542 [FXGL Background Thread 1 ] DEBUG GameApplicationServi - Application scenes initialized
21:52:13.549 [FXGL Background Thread 1 ] DEBUG SystemBundleService  - Loading FXGL system data
21:52:13.556 [FXGL Background Thread 1 ] DEBUG FileSystemAccess     - Reading from: C:\Users\Nick\IdeaProjects\Tower_Defense\system\fxgl.bundle
21:52:13.563 [FXGL Background Thread 1 ] DEBUG SystemBundleService  - Bundle FXGL: {}
21:52:13.563 [FXGL Background Thread 1 ] DEBUG UpdaterService       - Checking for updates
21:52:13.567 [FXGL Background Thread 4 ] DEBUG FXGLApplication      - Loading fonts
21:52:13.567 [FXGL Background Thread 1 ] DEBUG FXGLApplication      - Loading default localization
21:52:13.568 [FXGL Background Thread 4 ] DEBUG FXGLAssetLoaderServi - Loading from file system: jar:file:/C:/Users/Nick/.m2/repository/com/github/almasb/fxgl/11.17/fxgl-11.17.jar!/fxglassets/ui/fonts/VarelaRound-Regular.ttf
21:52:13.568 [FXGL Background Thread 1 ] DEBUG FXGLAssetLoaderServi - Loading from file system: jar:file:/C:/Users/Nick/.m2/repository/com/github/almasb/fxgl/11.17/fxgl-11.17.jar!/fxglassets/languages/english.lang
21:52:13.581 [FXGL Background Thread 1 ] INFO  FXGLApplication      - FXGL initialization took: 0.358 sec
21:52:13.583 [JavaFX Application Thread] DEBUG Input                - Registered new binding: Place Tower - LMB
21:52:13.584 [JavaFX Application Thread] DEBUG FXGLAssetLoaderServi - Loading from file system: jar:file:/C:/Users/Nick/.m2/repository/com/github/almasb/fxgl/11.17/fxgl-11.17.jar!/fxglassets/textures/fxgl_icon.png
21:52:13.597 [JavaFX Application Thread] DEBUG FXGLAssetLoaderServi - Loading from file system: jar:file:/C:/Users/Nick/.m2/repository/com/github/almasb/fxgl/11.17/fxgl-11.17.jar!/fxglassets/textures/fxgl_default_cursor.png
21:52:13.607 [JavaFX Application Thread] DEBUG Input                - Registered new binding: Screenshot - CTRL+8
21:52:13.608 [JavaFX Application Thread] DEBUG Input                - Registered new binding: System info dump - CTRL+9
21:52:13.609 [JavaFX Application Thread] DEBUG Input                - Registered new binding: Restart - CTRL+R
21:52:13.611 [JavaFX Application Thread] DEBUG Input                - Registered new binding: Toggle Debug Camera - CTRL+C
21:52:13.615 [JavaFX Application Thread] DEBUG LoopRunner           - Starting loop
21:52:13.615 [JavaFX Application Thread] DEBUG LoopRunner           - Initializing JavaFX AnimationTimerLoop
21:52:13.618 [JavaFX Application Thread] DEBUG Input                - Clearing active input actions
21:52:13.623 [FXGL Background Thread 4 ] DEBUG FXGLAssetLoaderServi - Loading from file system: jar:file:/C:/Users/Nick/.m2/repository/com/github/almasb/fxgl/11.17/fxgl-11.17.jar!/fxglassets/ui/fonts/Abel-Regular.ttf
21:52:13.624 [JavaFX Application Thread] DEBUG GameApplicationServi - Removing overlay from FXGLStartupScene and adding to FXGLMainMenuDummyScene
21:52:13.624 [JavaFX Application Thread] DEBUG PrimaryStageWindow   - FXGLStartupScene -> FXGLMainMenuDummyScene
21:52:13.624 [JavaFX Application Thread] DEBUG PrimaryStageWindow   - Push state: WelcomeMenu
21:52:13.625 [JavaFX Application Thread] DEBUG Input                - Clearing active input actions
21:52:13.630 [JavaFX Application Thread] DEBUG GameApplicationServi - Removing overlay from FXGLMainMenuDummyScene and adding to WelcomeMenu
21:52:13.630 [JavaFX Application Thread] DEBUG PrimaryStageWindow   - FXGLMainMenuDummyScene -> WelcomeMenu
21:52:13.631 [FXGL Background Thread 4 ] DEBUG FXGLAssetLoaderServi - Loading from file system: jar:file:/C:/Users/Nick/.m2/repository/com/github/almasb/fxgl/11.17/fxgl-11.17.jar!/fxglassets/ui/fonts/lucida_console.ttf
21:52:13.641 [FXGL Background Thread 4 ] DEBUG FXGLAssetLoaderServi - Loading from file system: jar:file:/C:/Users/Nick/.m2/repository/com/github/almasb/fxgl/11.17/fxgl-11.17.jar!/fxglassets/ui/fonts/Courier-Prime.ttf
21:52:13.651 [JavaFX Application Thread] DEBUG FXGLApplication      - Registering font factories with UI factory
21:52:15.613 [JavaFX Application Thread] DEBUG FXGLAssetLoaderServi - Loading from file system: file:/C:/Users/Nick/IdeaProjects/Tower_Defense/target/classes/assets/textures/settingsScreen.png
21:52:16.566 [FXGL Background Thread 3 ] DEBUG Engine               - Logging environment variables
21:52:16.566 [FXGL Background Thread 3 ] DEBUG Engine               - achievements: []
21:52:16.566 [FXGL Background Thread 3 ] DEBUG Engine               - actualHeight: 600.0
21:52:16.566 [FXGL Background Thread 3 ] DEBUG Engine               - actualHeightProperty: ReadOnlyDoubleProperty [value: 600.0]
21:52:16.566 [FXGL Background Thread 3 ] DEBUG Engine               - actualWidth: 800.0
21:52:16.566 [FXGL Background Thread 3 ] DEBUG Engine               - actualWidthProperty: ReadOnlyDoubleProperty [value: 800.0]
21:52:16.566 [FXGL Background Thread 3 ] DEBUG Engine               - appIcon: fxgl_icon.png
21:52:16.566 [FXGL Background Thread 3 ] DEBUG Engine               - applicationMode: DEVELOPER
21:52:16.567 [FXGL Background Thread 3 ] DEBUG Engine               - cSSList: [fxgl_dark.css]
21:52:16.567 [FXGL Background Thread 3 ] DEBUG Engine               - collisionDetectionStrategy: BRUTE_FORCE
21:52:16.567 [FXGL Background Thread 3 ] DEBUG Engine               - configClass: Optional.empty
21:52:16.567 [FXGL Background Thread 3 ] DEBUG Engine               - credits: []
21:52:16.567 [FXGL Background Thread 3 ] DEBUG Engine               - defaultCursor: CursorInfo(imageName=fxgl_default_cursor.png, hotspotX=7.0, hotspotY=6.0)
21:52:16.567 [FXGL Background Thread 3 ] DEBUG Engine               - devBBoxColorProperty: ObjectProperty [value: 0xff0000ff]
21:52:16.567 [FXGL Background Thread 3 ] DEBUG Engine               - devEnableDebugCameraProperty: BooleanProperty [value: false]
21:52:16.568 [FXGL Background Thread 3 ] DEBUG Engine               - devSensorColorProperty: ObjectProperty [value: 0xffff00ff]
21:52:16.568 [FXGL Background Thread 3 ] DEBUG Engine               - devShowBBoxProperty: BooleanProperty [value: false]
21:52:16.568 [FXGL Background Thread 3 ] DEBUG Engine               - devShowPositionProperty: BooleanProperty [value: false]
21:52:16.568 [FXGL Background Thread 3 ] DEBUG Engine               - enabledMenuItems: []
21:52:16.568 [FXGL Background Thread 3 ] DEBUG Engine               - engineServices: [class com.almasb.fxgl.app.services.FXGLAssetLoaderService, class com.almasb.fxgl.app.FXGLApplication$GameApplicationService, class com.almasb.fxgl.app.services.FXGLDialogService, class com.almasb.fxgl.app.services.IOTaskExecutorService, class com.almasb.fxgl.io.FileSystemService, class com.almasb.fxgl.localization.LocalizationService, class com.almasb.fxgl.app.services.SystemBundleService, class com.almasb.fxgl.profile.SaveLoadService, class com.almasb.fxgl.ui.FXGLUIFactoryServiceProvider, class com.almasb.fxgl.ui.FXGLDialogFactoryServiceProvider, class com.almasb.fxgl.audio.AudioPlayer, class com.almasb.fxgl.notification.impl.NotificationServiceProvider, class com.almasb.fxgl.achievement.AchievementService, class com.almasb.fxgl.cutscene.CutsceneService, class com.almasb.fxgl.minigames.MiniGameService, class com.almasb.fxgl.net.NetService, class com.almasb.fxgl.app.services.UpdaterService, class com.almasb.fxgl.dev.DevService]
21:52:16.568 [FXGL Background Thread 3 ] DEBUG Engine               - fontGame: Abel-Regular.ttf
21:52:16.568 [FXGL Background Thread 3 ] DEBUG Engine               - fontMono: lucida_console.ttf
21:52:16.568 [FXGL Background Thread 3 ] DEBUG Engine               - fontText: Courier-Prime.ttf
21:52:16.568 [FXGL Background Thread 3 ] DEBUG Engine               - fontUI: VarelaRound-Regular.ttf
21:52:16.568 [FXGL Background Thread 3 ] DEBUG Engine               - fullScreen: BooleanProperty [value: false]
21:52:16.569 [FXGL Background Thread 3 ] DEBUG Engine               - gameDifficulty: MEDIUM
21:52:16.569 [FXGL Background Thread 3 ] DEBUG Engine               - gameDifficultyProperty: ObjectProperty [value: MEDIUM]
21:52:16.569 [FXGL Background Thread 3 ] DEBUG Engine               - globalMusicVolume: 0.5
21:52:16.569 [FXGL Background Thread 3 ] DEBUG Engine               - globalMusicVolumeProperty: DoubleProperty [value: 0.5]
21:52:16.569 [FXGL Background Thread 3 ] DEBUG Engine               - globalSoundVolume: 0.5
21:52:16.569 [FXGL Background Thread 3 ] DEBUG Engine               - globalSoundVolumeProperty: DoubleProperty [value: 0.5]
21:52:16.569 [FXGL Background Thread 3 ] DEBUG Engine               - height: 600
21:52:16.569 [FXGL Background Thread 3 ] DEBUG Engine               - is3D: false
21:52:16.569 [FXGL Background Thread 3 ] DEBUG Engine               - isAndroid: false
21:52:16.569 [FXGL Background Thread 3 ] DEBUG Engine               - isBrowser: false
21:52:16.569 [FXGL Background Thread 3 ] DEBUG Engine               - isClickFeedbackEnabled: false
21:52:16.569 [FXGL Background Thread 3 ] DEBUG Engine               - isCloseConfirmation: false
21:52:16.570 [FXGL Background Thread 3 ] DEBUG Engine               - isDesktop: true
21:52:16.570 [FXGL Background Thread 3 ] DEBUG Engine               - isDeveloperMenuEnabled: false
21:52:16.570 [FXGL Background Thread 3 ] DEBUG Engine               - isEntityPreloadEnabled: true
21:52:16.570 [FXGL Background Thread 3 ] DEBUG Engine               - isExperimentalTiledLargeMap: false
21:52:16.570 [FXGL Background Thread 3 ] DEBUG Engine               - isFileSystemWriteAllowed: true
21:52:16.570 [FXGL Background Thread 3 ] DEBUG Engine               - isFullScreenAllowed: false
21:52:16.570 [FXGL Background Thread 3 ] DEBUG Engine               - isFullScreenFromStart: false
21:52:16.570 [FXGL Background Thread 3 ] DEBUG Engine               - isGameMenuEnabled: true
21:52:16.570 [FXGL Background Thread 3 ] DEBUG Engine               - isIOS: false
21:52:16.570 [FXGL Background Thread 3 ] DEBUG Engine               - isIntroEnabled: false
21:52:16.570 [FXGL Background Thread 3 ] DEBUG Engine               - isLinux: false
21:52:16.570 [FXGL Background Thread 3 ] DEBUG Engine               - isMac: false
21:52:16.570 [FXGL Background Thread 3 ] DEBUG Engine               - isMainMenuEnabled: true
21:52:16.571 [FXGL Background Thread 3 ] DEBUG Engine               - isManualResizeEnabled: false
21:52:16.571 [FXGL Background Thread 3 ] DEBUG Engine               - isMobile: false
21:52:16.571 [FXGL Background Thread 3 ] DEBUG Engine               - isNative: false
21:52:16.571 [FXGL Background Thread 3 ] DEBUG Engine               - isPauseMusicWhenMinimized: true
21:52:16.571 [FXGL Background Thread 3 ] DEBUG Engine               - isPreserveResizeRatio: false
21:52:16.571 [FXGL Background Thread 3 ] DEBUG Engine               - isProfilingEnabled: false
21:52:16.571 [FXGL Background Thread 3 ] DEBUG Engine               - isScaleAffectedOnResize: true
21:52:16.571 [FXGL Background Thread 3 ] DEBUG Engine               - isSingleStep: false
21:52:16.571 [FXGL Background Thread 3 ] DEBUG Engine               - isUserProfileEnabled: false
21:52:16.571 [FXGL Background Thread 3 ] DEBUG Engine               - isWindows: true
21:52:16.571 [FXGL Background Thread 3 ] DEBUG Engine               - language: ObjectProperty [value: ENGLISH]
21:52:16.571 [FXGL Background Thread 3 ] DEBUG Engine               - menuKey: ESCAPE
21:52:16.571 [FXGL Background Thread 3 ] DEBUG Engine               - mouseSensitivity: 0.2
21:52:16.572 [FXGL Background Thread 3 ] DEBUG Engine               - notificationViewClass: class com.almasb.fxgl.notification.view.XboxNotificationView
21:52:16.572 [FXGL Background Thread 3 ] DEBUG Engine               - pixelsPerMeter: 50.0
21:52:16.572 [FXGL Background Thread 3 ] DEBUG Engine               - platform: WINDOWS
21:52:16.572 [FXGL Background Thread 3 ] DEBUG Engine               - prefHeightProperty: ReadOnlyDoubleProperty [value: 600.0]
21:52:16.572 [FXGL Background Thread 3 ] DEBUG Engine               - prefWidthProperty: ReadOnlyDoubleProperty [value: 800.0]
21:52:16.572 [FXGL Background Thread 3 ] DEBUG Engine               - profileDir: profiles/
21:52:16.572 [FXGL Background Thread 3 ] DEBUG Engine               - profileName: StringProperty [value: DEFAULT]
21:52:16.572 [FXGL Background Thread 3 ] DEBUG Engine               - randomSeed: -1
21:52:16.572 [FXGL Background Thread 3 ] DEBUG Engine               - runtimeInfo: RuntimeInfo(platform=WINDOWS, version=11.17, build=16.07.2021 15.46)
21:52:16.572 [FXGL Background Thread 3 ] DEBUG Engine               - saveFileExt: sav
21:52:16.572 [FXGL Background Thread 3 ] DEBUG Engine               - scaledHeightProp$fxgl: DoubleProperty [bound, value: 600.0]
21:52:16.572 [FXGL Background Thread 3 ] DEBUG Engine               - scaledWidthProp$fxgl: DoubleProperty [bound, value: 800.0]
21:52:16.572 [FXGL Background Thread 3 ] DEBUG Engine               - sceneFactory: com.theswagbois.towerdefense.ui.MySceneFactory@5e35a0a2
21:52:16.572 [FXGL Background Thread 3 ] DEBUG Engine               - secondsIn24h: 60
21:52:16.573 [FXGL Background Thread 3 ] DEBUG Engine               - soundMenuBack: menu/back.wav
21:52:16.573 [FXGL Background Thread 3 ] DEBUG Engine               - soundMenuPress: menu/press.wav
21:52:16.573 [FXGL Background Thread 3 ] DEBUG Engine               - soundMenuSelect: menu/select.wav
21:52:16.573 [FXGL Background Thread 3 ] DEBUG Engine               - soundNotification: core/notification.wav
21:52:16.573 [FXGL Background Thread 3 ] DEBUG Engine               - stageStyle: DECORATED
21:52:16.573 [FXGL Background Thread 3 ] DEBUG Engine               - supportedLanguages: [ENGLISH, FRENCH, GERMAN, HUNGARIAN, RUSSIAN]
21:52:16.573 [FXGL Background Thread 3 ] DEBUG Engine               - ticksPerSecond: -1
21:52:16.573 [FXGL Background Thread 3 ] DEBUG Engine               - title: Tower Defense
21:52:16.573 [FXGL Background Thread 3 ] DEBUG Engine               - urlGithub: https://github.com/AlmasB/FXGL
21:52:16.573 [FXGL Background Thread 3 ] DEBUG Engine               - urlLeaderboard: http://fxgl-top.herokuapp.com/
21:52:16.573 [FXGL Background Thread 3 ] DEBUG Engine               - urlPOM: https://raw.githubusercontent.com/AlmasB/FXGL/release/README.md
21:52:16.573 [FXGL Background Thread 3 ] DEBUG Engine               - userAppClass: class com.theswagbois.towerdefense.MainApplication
21:52:16.573 [FXGL Background Thread 3 ] DEBUG Engine               - version: 0.0
21:52:16.573 [FXGL Background Thread 3 ] DEBUG Engine               - versionCheckDays: 7
21:52:16.573 [FXGL Background Thread 3 ] DEBUG Engine               - width: 800
21:52:16.574 [FXGL Background Thread 3 ] DEBUG Engine               - Logging services
21:52:16.574 [FXGL Background Thread 3 ] DEBUG Engine               - class com.almasb.fxgl.app.services.FXGLAssetLoaderService
21:52:16.574 [FXGL Background Thread 3 ] DEBUG Engine               - class com.almasb.fxgl.app.FXGLApplication$GameApplicationService
21:52:16.574 [FXGL Background Thread 3 ] DEBUG Engine               - class com.almasb.fxgl.app.services.FXGLDialogService
21:52:16.574 [FXGL Background Thread 3 ] DEBUG Engine               - class com.almasb.fxgl.app.services.IOTaskExecutorService
21:52:16.574 [FXGL Background Thread 3 ] DEBUG Engine               - class com.almasb.fxgl.io.FileSystemService
21:52:16.574 [FXGL Background Thread 3 ] DEBUG Engine               - class com.almasb.fxgl.localization.LocalizationService
21:52:16.574 [FXGL Background Thread 3 ] DEBUG Engine               - class com.almasb.fxgl.app.services.SystemBundleService
21:52:16.574 [FXGL Background Thread 3 ] DEBUG Engine               - class com.almasb.fxgl.profile.SaveLoadService
21:52:16.574 [FXGL Background Thread 3 ] DEBUG Engine               - class com.almasb.fxgl.ui.FXGLUIFactoryServiceProvider
21:52:16.574 [FXGL Background Thread 3 ] DEBUG Engine               - class com.almasb.fxgl.ui.FXGLDialogFactoryServiceProvider
21:52:16.574 [FXGL Background Thread 3 ] DEBUG Engine               - class com.almasb.fxgl.audio.AudioPlayer
21:52:16.574 [FXGL Background Thread 3 ] DEBUG Engine               - class com.almasb.fxgl.notification.impl.NotificationServiceProvider
21:52:16.574 [FXGL Background Thread 3 ] DEBUG Engine               - class com.almasb.fxgl.achievement.AchievementService
21:52:16.574 [FXGL Background Thread 3 ] DEBUG Engine               - class com.almasb.fxgl.cutscene.CutsceneService
21:52:16.575 [FXGL Background Thread 3 ] DEBUG Engine               - class com.almasb.fxgl.minigames.MiniGameService
21:52:16.575 [FXGL Background Thread 3 ] DEBUG Engine               - class com.almasb.fxgl.net.NetService
21:52:16.575 [FXGL Background Thread 3 ] DEBUG Engine               - class com.almasb.fxgl.app.services.UpdaterService
21:52:16.575 [FXGL Background Thread 3 ] DEBUG Engine               - class com.almasb.fxgl.dev.DevService
21:52:20.671 [JavaFX Application Thread] DEBUG Menu                 - fireNewGame()
21:52:20.671 [JavaFX Application Thread] DEBUG GameApplicationServi - Starting new game
21:52:20.672 [JavaFX Application Thread] DEBUG PrimaryStageWindow   - Pop state: WelcomeMenu
21:52:20.672 [JavaFX Application Thread] DEBUG Input                - Clearing active input actions
21:52:20.672 [JavaFX Application Thread] DEBUG GameApplicationServi - Removing overlay from WelcomeMenu and adding to FXGLMainMenuDummyScene
21:52:20.672 [JavaFX Application Thread] DEBUG PrimaryStageWindow   - FXGLMainMenuDummyScene <- WelcomeMenu
21:52:20.673 [JavaFX Application Thread] DEBUG Input                - Clearing active input actions
21:52:20.677 [JavaFX Application Thread] DEBUG GameApplicationServi - Removing overlay from FXGLMainMenuDummyScene and adding to FXGLLoadingScene
21:52:20.677 [JavaFX Application Thread] DEBUG PrimaryStageWindow   - FXGLMainMenuDummyScene -> FXGLLoadingScene
21:52:20.678 [JavaFX Application Thread] DEBUG GameApplicationServi - Clearing previous game
21:52:20.678 [JavaFX Application Thread] DEBUG GameScene            - Clearing game scene
21:52:20.678 [JavaFX Application Thread] DEBUG GameWorld            - Clearing game world
21:52:20.678 [JavaFX Application Thread] DEBUG PhysicsWorld         - Clearing physics world
21:52:20.679 [FXGL Background Thread 2 ] DEBUG FXGLApplication      - Initializing game
21:52:20.681 [FXGL Background Thread 2 ] DEBUG FXGLAssetLoaderServi - Loading JSON from: file:/C:/Users/Nick/IdeaProjects/Tower_Defense/target/classes/assets/towers/tower1.json
21:52:20.837 [FXGL Background Thread 2 ] DEBUG FXGLAssetLoaderServi - Loading JSON from: file:/C:/Users/Nick/IdeaProjects/Tower_Defense/target/classes/assets/towers/tower2.json
21:52:20.838 [FXGL Background Thread 2 ] DEBUG FXGLAssetLoaderServi - Loading JSON from: file:/C:/Users/Nick/IdeaProjects/Tower_Defense/target/classes/assets/towers/tower3.json
21:52:20.840 [FXGL Background Thread 2 ] DEBUG FXGLAssetLoaderServi - Loading JSON from: file:/C:/Users/Nick/IdeaProjects/Tower_Defense/target/classes/assets/levels/level1.json
21:52:20.846 [FXGL Background Thread 2 ] DEBUG FXGLAssetLoaderServi - Loading JSON from: file:/C:/Users/Nick/IdeaProjects/Tower_Defense/target/classes/assets/levels/level2.json
21:52:20.847 [FXGL Background Thread 2 ] DEBUG FXGLAssetLoaderServi - Loading JSON from: file:/C:/Users/Nick/IdeaProjects/Tower_Defense/target/classes/assets/levels/level3.json
21:52:20.852 [FXGL Background Thread 2 ] DEBUG FXGLAssetLoaderServi - Loading JSON from: file:/C:/Users/Nick/IdeaProjects/Tower_Defense/target/classes/assets/enemies/enemy1.json
21:52:20.857 [FXGL Background Thread 2 ] DEBUG FXGLAssetLoaderServi - Loading JSON from: file:/C:/Users/Nick/IdeaProjects/Tower_Defense/target/classes/assets/enemies/enemy2.json
21:52:20.859 [FXGL Background Thread 2 ] DEBUG FXGLAssetLoaderServi - Loading JSON from: file:/C:/Users/Nick/IdeaProjects/Tower_Defense/target/classes/assets/enemies/enemy3.json
21:52:20.919 [FXGL Background Thread 2 ] INFO  FXGLApplication      - Game initialization took: 0.240 sec
21:52:20.920 [JavaFX Application Thread] DEBUG Input                - Clearing active input actions
21:52:20.927 [JavaFX Application Thread] DEBUG GameApplicationServi - Removing overlay from FXGLLoadingScene and adding to GameScene
21:52:20.927 [JavaFX Application Thread] DEBUG PrimaryStageWindow   - FXGLLoadingScene -> GameScene
21:52:32.442 [JavaFX Application Thread] DEBUG EventBus             - Firing event: com.theswagbois.towerdefense.event.IllegalTowerLocationEvent[source=javafx.event.Event$$Lambda$128/0x0000000800d48638@369de9c6]
21:52:32.444 [JavaFX Application Thread] DEBUG PrimaryStageWindow   - Push state: DialogSubScene
21:52:32.444 [JavaFX Application Thread] DEBUG Input                - Clearing active input actions
21:52:32.444 [JavaFX Application Thread] DEBUG GameApplicationServi - Removing overlay from GameScene and adding to DialogSubScene
21:52:32.444 [JavaFX Application Thread] DEBUG PrimaryStageWindow   - GameScene -> DialogSubScene
21:52:33.058 [JavaFX Application Thread] DEBUG PrimaryStageWindow   - Pop state: DialogSubScene
21:52:33.058 [JavaFX Application Thread] DEBUG Input                - Clearing active input actions
21:52:33.059 [JavaFX Application Thread] DEBUG GameApplicationServi - Removing overlay from DialogSubScene and adding to GameScene
21:52:33.059 [JavaFX Application Thread] DEBUG PrimaryStageWindow   - GameScene <- DialogSubScene
21:52:36.394 [JavaFX Application Thread] DEBUG EventBus             - Firing event: com.theswagbois.towerdefense.event.EnemyDamagedEvent[source=javafx.event.Event$$Lambda$128/0x0000000800d48638@369de9c6]
21:52:36.484 [JavaFX Application Thread] DEBUG EventBus             - Firing event: com.theswagbois.towerdefense.event.EnemyDamagedEvent[source=javafx.event.Event$$Lambda$128/0x0000000800d48638@369de9c6]
21:52:36.570 [JavaFX Application Thread] DEBUG EventBus             - Firing event: com.theswagbois.towerdefense.event.EnemyDamagedEvent[source=javafx.event.Event$$Lambda$128/0x0000000800d48638@369de9c6]
21:52:36.658 [JavaFX Application Thread] DEBUG EventBus             - Firing event: com.theswagbois.towerdefense.event.EnemyDamagedEvent[source=javafx.event.Event$$Lambda$128/0x0000000800d48638@369de9c6]
21:52:36.704 [JavaFX Application Thread] DEBUG EventBus             - Firing event: com.theswagbois.towerdefense.event.EnemyDamagedEvent[source=javafx.event.Event$$Lambda$128/0x0000000800d48638@369de9c6]
21:52:36.746 [JavaFX Application Thread] DEBUG EventBus             - Firing event: com.theswagbois.towerdefense.event.EnemyDamagedEvent[source=javafx.event.Event$$Lambda$128/0x0000000800d48638@369de9c6]
21:52:36.792 [JavaFX Application Thread] DEBUG EventBus             - Firing event: com.theswagbois.towerdefense.event.EnemyDamagedEvent[source=javafx.event.Event$$Lambda$128/0x0000000800d48638@369de9c6]
21:52:36.841 [JavaFX Application Thread] DEBUG EventBus             - Firing event: com.theswagbois.towerdefense.event.EnemyKilledEvent[source=javafx.event.Event$$Lambda$128/0x0000000800d48638@369de9c6]
21:52:36.842 [JavaFX Application Thread] DEBUG EventBus             - Firing event: com.theswagbois.towerdefense.event.EnemyDamagedEvent[source=javafx.event.Event$$Lambda$128/0x0000000800d48638@369de9c6]
21:52:36.906 [JavaFX Application Thread] DEBUG EventBus             - Firing event: com.theswagbois.towerdefense.event.EnemyDamagedEvent[source=javafx.event.Event$$Lambda$128/0x0000000800d48638@369de9c6]
21:52:36.949 [JavaFX Application Thread] DEBUG EventBus             - Firing event: com.theswagbois.towerdefense.event.EnemyDamagedEvent[source=javafx.event.Event$$Lambda$128/0x0000000800d48638@369de9c6]
21:52:36.982 [JavaFX Application Thread] DEBUG EventBus             - Firing event: com.theswagbois.towerdefense.event.EnemyDamagedEvent[source=javafx.event.Event$$Lambda$128/0x0000000800d48638@369de9c6]
21:52:37.035 [JavaFX Application Thread] DEBUG EventBus             - Firing event: com.theswagbois.towerdefense.event.EnemyKilledEvent[source=javafx.event.Event$$Lambda$128/0x0000000800d48638@369de9c6]
21:52:37.035 [JavaFX Application Thread] DEBUG EventBus             - Firing event: com.theswagbois.towerdefense.event.EnemyDamagedEvent[source=javafx.event.Event$$Lambda$128/0x0000000800d48638@369de9c6]
21:52:37.224 [JavaFX Application Thread] DEBUG EventBus             - Firing event: com.theswagbois.towerdefense.event.EnemyDamagedEvent[source=javafx.event.Event$$Lambda$128/0x0000000800d48638@369de9c6]
21:52:37.299 [JavaFX Application Thread] DEBUG EventBus             - Firing event: com.theswagbois.towerdefense.event.EnemyDamagedEvent[source=javafx.event.Event$$Lambda$128/0x0000000800d48638@369de9c6]
21:52:37.382 [JavaFX Application Thread] DEBUG EventBus             - Firing event: com.theswagbois.towerdefense.event.EnemyDamagedEvent[source=javafx.event.Event$$Lambda$128/0x0000000800d48638@369de9c6]
21:52:37.415 [JavaFX Application Thread] DEBUG EventBus             - Firing event: com.theswagbois.towerdefense.event.EnemyKilledEvent[source=javafx.event.Event$$Lambda$128/0x0000000800d48638@369de9c6]
21:52:37.416 [JavaFX Application Thread] DEBUG EventBus             - Firing event: com.theswagbois.towerdefense.event.EnemyDamagedEvent[source=javafx.event.Event$$Lambda$128/0x0000000800d48638@369de9c6]
21:52:37.602 [JavaFX Application Thread] DEBUG EventBus             - Firing event: com.theswagbois.towerdefense.event.EnemyDamagedEvent[source=javafx.event.Event$$Lambda$128/0x0000000800d48638@369de9c6]
21:52:37.652 [JavaFX Application Thread] DEBUG EventBus             - Firing event: com.theswagbois.towerdefense.event.EnemyDamagedEvent[source=javafx.event.Event$$Lambda$128/0x0000000800d48638@369de9c6]
21:52:37.738 [JavaFX Application Thread] DEBUG EventBus             - Firing event: com.theswagbois.towerdefense.event.EnemyDamagedEvent[source=javafx.event.Event$$Lambda$128/0x0000000800d48638@369de9c6]
21:52:37.828 [JavaFX Application Thread] DEBUG EventBus             - Firing event: com.theswagbois.towerdefense.event.EnemyDamagedEvent[source=javafx.event.Event$$Lambda$128/0x0000000800d48638@369de9c6]
21:52:37.828 [JavaFX Application Thread] DEBUG EventBus             - Firing event: com.theswagbois.towerdefense.event.EnemyDamagedEvent[source=javafx.event.Event$$Lambda$128/0x0000000800d48638@369de9c6]
21:52:37.890 [JavaFX Application Thread] DEBUG EventBus             - Firing event: com.theswagbois.towerdefense.event.EnemyDamagedEvent[source=javafx.event.Event$$Lambda$128/0x0000000800d48638@369de9c6]
21:52:37.914 [JavaFX Application Thread] DEBUG EventBus             - Firing event: com.theswagbois.towerdefense.event.EnemyDamagedEvent[source=javafx.event.Event$$Lambda$128/0x0000000800d48638@369de9c6]
21:52:37.960 [JavaFX Application Thread] DEBUG EventBus             - Firing event: com.theswagbois.towerdefense.event.EnemyKilledEvent[source=javafx.event.Event$$Lambda$128/0x0000000800d48638@369de9c6]
21:52:37.961 [JavaFX Application Thread] DEBUG EventBus             - Firing event: com.theswagbois.towerdefense.event.EnemyDamagedEvent[source=javafx.event.Event$$Lambda$128/0x0000000800d48638@369de9c6]
21:52:38.122 [JavaFX Application Thread] DEBUG EventBus             - Firing event: com.theswagbois.towerdefense.event.EnemyDamagedEvent[source=javafx.event.Event$$Lambda$128/0x0000000800d48638@369de9c6]
21:52:38.277 [JavaFX Application Thread] DEBUG EventBus             - Firing event: com.theswagbois.towerdefense.event.EnemyDamagedEvent[source=javafx.event.Event$$Lambda$128/0x0000000800d48638@369de9c6]
21:52:38.443 [JavaFX Application Thread] DEBUG EventBus             - Firing event: com.theswagbois.towerdefense.event.EnemyDamagedEvent[source=javafx.event.Event$$Lambda$128/0x0000000800d48638@369de9c6]
21:52:39.633 [JavaFX Application Thread] DEBUG EventBus             - Firing event: com.theswagbois.towerdefense.event.EnemyDamagedEvent[source=javafx.event.Event$$Lambda$128/0x0000000800d48638@369de9c6]
21:52:40.549 [JavaFX Application Thread] DEBUG EventBus             - Firing event: com.theswagbois.towerdefense.event.EnemyReachedMonumentEvent[source=javafx.event.Event$$Lambda$128/0x0000000800d48638@369de9c6]
21:52:40.753 [JavaFX Application Thread] DEBUG EventBus             - Firing event: com.theswagbois.towerdefense.event.EnemyReachedMonumentEvent[source=javafx.event.Event$$Lambda$128/0x0000000800d48638@369de9c6]
21:52:41.962 [JavaFX Application Thread] DEBUG EventBus             - Firing event: com.theswagbois.towerdefense.event.EnemyReachedMonumentEvent[source=javafx.event.Event$$Lambda$128/0x0000000800d48638@369de9c6]
21:52:42.334 [JavaFX Application Thread] DEBUG EventBus             - Firing event: com.theswagbois.towerdefense.event.EnemyDamagedEvent[source=javafx.event.Event$$Lambda$128/0x0000000800d48638@369de9c6]
21:52:42.592 [JavaFX Application Thread] DEBUG EventBus             - Firing event: com.theswagbois.towerdefense.event.EnemyDamagedEvent[source=javafx.event.Event$$Lambda$128/0x0000000800d48638@369de9c6]
21:52:42.937 [JavaFX Application Thread] DEBUG EventBus             - Firing event: com.theswagbois.towerdefense.event.EnemyDamagedEvent[source=javafx.event.Event$$Lambda$128/0x0000000800d48638@369de9c6]
21:52:43.183 [JavaFX Application Thread] DEBUG EventBus             - Firing event: com.theswagbois.towerdefense.event.EnemyDamagedEvent[source=javafx.event.Event$$Lambda$128/0x0000000800d48638@369de9c6]
21:52:43.419 [JavaFX Application Thread] DEBUG EventBus             - Firing event: com.theswagbois.towerdefense.event.EnemyDamagedEvent[source=javafx.event.Event$$Lambda$128/0x0000000800d48638@369de9c6]
21:52:44.026 [JavaFX Application Thread] DEBUG EventBus             - Firing event: com.theswagbois.towerdefense.event.EnemyDamagedEvent[source=javafx.event.Event$$Lambda$128/0x0000000800d48638@369de9c6]
21:52:44.319 [JavaFX Application Thread] DEBUG EventBus             - Firing event: com.theswagbois.towerdefense.event.EnemyDamagedEvent[source=javafx.event.Event$$Lambda$128/0x0000000800d48638@369de9c6]
21:52:44.379 [JavaFX Application Thread] DEBUG EventBus             - Firing event: com.theswagbois.towerdefense.event.EnemyDamagedEvent[source=javafx.event.Event$$Lambda$128/0x0000000800d48638@369de9c6]
21:52:44.452 [JavaFX Application Thread] DEBUG EventBus             - Firing event: com.theswagbois.towerdefense.event.EnemyDamagedEvent[source=javafx.event.Event$$Lambda$128/0x0000000800d48638@369de9c6]
21:52:44.664 [JavaFX Application Thread] DEBUG EventBus             - Firing event: com.theswagbois.towerdefense.event.EnemyDamagedEvent[source=javafx.event.Event$$Lambda$128/0x0000000800d48638@369de9c6]
21:52:44.856 [JavaFX Application Thread] DEBUG EventBus             - Firing event: com.theswagbois.towerdefense.event.EnemyDamagedEvent[source=javafx.event.Event$$Lambda$128/0x0000000800d48638@369de9c6]
21:52:45.110 [JavaFX Application Thread] DEBUG EventBus             - Firing event: com.theswagbois.towerdefense.event.EnemyDamagedEvent[source=javafx.event.Event$$Lambda$128/0x0000000800d48638@369de9c6]
21:52:45.139 [JavaFX Application Thread] DEBUG EventBus             - Firing event: com.theswagbois.towerdefense.event.EnemyDamagedEvent[source=javafx.event.Event$$Lambda$128/0x0000000800d48638@369de9c6]
21:52:45.466 [JavaFX Application Thread] DEBUG EventBus             - Firing event: com.theswagbois.towerdefense.event.EnemyDamagedEvent[source=javafx.event.Event$$Lambda$128/0x0000000800d48638@369de9c6]
21:52:45.697 [JavaFX Application Thread] DEBUG EventBus             - Firing event: com.theswagbois.towerdefense.event.EnemyDamagedEvent[source=javafx.event.Event$$Lambda$128/0x0000000800d48638@369de9c6]
21:52:45.742 [JavaFX Application Thread] DEBUG EventBus             - Firing event: com.theswagbois.towerdefense.event.EnemyDamagedEvent[source=javafx.event.Event$$Lambda$128/0x0000000800d48638@369de9c6]
21:52:45.834 [JavaFX Application Thread] DEBUG EventBus             - Firing event: com.theswagbois.towerdefense.event.EnemyKilledEvent[source=javafx.event.Event$$Lambda$128/0x0000000800d48638@369de9c6]
21:52:45.834 [JavaFX Application Thread] DEBUG EventBus             - Firing event: com.theswagbois.towerdefense.event.EnemyDamagedEvent[source=javafx.event.Event$$Lambda$128/0x0000000800d48638@369de9c6]
21:52:46.017 [JavaFX Application Thread] DEBUG EventBus             - Firing event: com.theswagbois.towerdefense.event.EnemyDamagedEvent[source=javafx.event.Event$$Lambda$128/0x0000000800d48638@369de9c6]
21:52:46.296 [JavaFX Application Thread] DEBUG EventBus             - Firing event: com.theswagbois.towerdefense.event.EnemyDamagedEvent[source=javafx.event.Event$$Lambda$128/0x0000000800d48638@369de9c6]
21:52:46.467 [JavaFX Application Thread] DEBUG EventBus             - Firing event: com.theswagbois.towerdefense.event.EnemyDamagedEvent[source=javafx.event.Event$$Lambda$128/0x0000000800d48638@369de9c6]
21:52:46.546 [JavaFX Application Thread] DEBUG EventBus             - Firing event: com.theswagbois.towerdefense.event.EnemyDamagedEvent[source=javafx.event.Event$$Lambda$128/0x0000000800d48638@369de9c6]
21:52:46.904 [JavaFX Application Thread] DEBUG EventBus             - Firing event: com.theswagbois.towerdefense.event.EnemyDamagedEvent[source=javafx.event.Event$$Lambda$128/0x0000000800d48638@369de9c6]
21:52:47.091 [JavaFX Application Thread] DEBUG EventBus             - Firing event: com.theswagbois.towerdefense.event.EnemyKilledEvent[source=javafx.event.Event$$Lambda$128/0x0000000800d48638@369de9c6]
21:52:47.091 [JavaFX Application Thread] DEBUG EventBus             - Firing event: com.theswagbois.towerdefense.event.EnemyDamagedEvent[source=javafx.event.Event$$Lambda$128/0x0000000800d48638@369de9c6]
21:52:47.091 [JavaFX Application Thread] DEBUG EventBus             - Firing event: com.theswagbois.towerdefense.event.EnemyDamagedEvent[source=javafx.event.Event$$Lambda$128/0x0000000800d48638@369de9c6]
21:52:47.174 [JavaFX Application Thread] DEBUG EventBus             - Firing event: com.theswagbois.towerdefense.event.EnemyDamagedEvent[source=javafx.event.Event$$Lambda$128/0x0000000800d48638@369de9c6]
21:52:47.428 [JavaFX Application Thread] DEBUG EventBus             - Firing event: com.theswagbois.towerdefense.event.EnemyDamagedEvent[source=javafx.event.Event$$Lambda$128/0x0000000800d48638@369de9c6]
21:52:47.620 [JavaFX Application Thread] DEBUG EventBus             - Firing event: com.theswagbois.towerdefense.event.EnemyReachedMonumentEvent[source=javafx.event.Event$$Lambda$128/0x0000000800d48638@369de9c6]
21:52:47.722 [JavaFX Application Thread] DEBUG EventBus             - Firing event: com.theswagbois.towerdefense.event.EnemyDamagedEvent[source=javafx.event.Event$$Lambda$128/0x0000000800d48638@369de9c6]
21:52:47.973 [JavaFX Application Thread] DEBUG EventBus             - Firing event: com.theswagbois.towerdefense.event.EnemyDamagedEvent[source=javafx.event.Event$$Lambda$128/0x0000000800d48638@369de9c6]
21:52:48.452 [JavaFX Application Thread] DEBUG EventBus             - Firing event: com.theswagbois.towerdefense.event.EnemyDamagedEvent[source=javafx.event.Event$$Lambda$128/0x0000000800d48638@369de9c6]
21:52:48.486 [JavaFX Application Thread] DEBUG EventBus             - Firing event: com.theswagbois.towerdefense.event.EnemyDamagedEvent[source=javafx.event.Event$$Lambda$128/0x0000000800d48638@369de9c6]
21:52:49.475 [JavaFX Application Thread] DEBUG EventBus             - Firing event: com.theswagbois.towerdefense.event.EnemyReachedMonumentEvent[source=javafx.event.Event$$Lambda$128/0x0000000800d48638@369de9c6]
21:52:50.033 [JavaFX Application Thread] DEBUG EventBus             - Firing event: com.theswagbois.towerdefense.event.EnemyDamagedEvent[source=javafx.event.Event$$Lambda$128/0x0000000800d48638@369de9c6]
21:52:50.258 [JavaFX Application Thread] DEBUG EventBus             - Firing event: com.theswagbois.towerdefense.event.EnemyDamagedEvent[source=javafx.event.Event$$Lambda$128/0x0000000800d48638@369de9c6]
21:52:50.320 [JavaFX Application Thread] DEBUG EventBus             - Firing event: com.theswagbois.towerdefense.event.EnemyDamagedEvent[source=javafx.event.Event$$Lambda$128/0x0000000800d48638@369de9c6]
21:52:50.391 [JavaFX Application Thread] DEBUG EventBus             - Firing event: com.theswagbois.towerdefense.event.EnemyDamagedEvent[source=javafx.event.Event$$Lambda$128/0x0000000800d48638@369de9c6]
21:52:50.602 [JavaFX Application Thread] DEBUG EventBus             - Firing event: com.theswagbois.towerdefense.event.EnemyDamagedEvent[source=javafx.event.Event$$Lambda$128/0x0000000800d48638@369de9c6]
21:52:50.615 [JavaFX Application Thread] DEBUG EventBus             - Firing event: com.theswagbois.towerdefense.event.EnemyDamagedEvent[source=javafx.event.Event$$Lambda$128/0x0000000800d48638@369de9c6]
21:52:50.842 [JavaFX Application Thread] DEBUG EventBus             - Firing event: com.theswagbois.towerdefense.event.EnemyDamagedEvent[source=javafx.event.Event$$Lambda$128/0x0000000800d48638@369de9c6]
21:52:51.107 [JavaFX Application Thread] DEBUG EventBus             - Firing event: com.theswagbois.towerdefense.event.EnemyKilledEvent[source=javafx.event.Event$$Lambda$128/0x0000000800d48638@369de9c6]
21:52:51.108 [JavaFX Application Thread] DEBUG EventBus             - Firing event: com.theswagbois.towerdefense.event.EnemyDamagedEvent[source=javafx.event.Event$$Lambda$128/0x0000000800d48638@369de9c6]
21:52:52.126 [JavaFX Application Thread] DEBUG EventBus             - Firing event: com.theswagbois.towerdefense.event.EnemyReachedMonumentEvent[source=javafx.event.Event$$Lambda$128/0x0000000800d48638@369de9c6]
21:52:53.865 [JavaFX Application Thread] DEBUG EventBus             - Firing event: com.theswagbois.towerdefense.event.EnemyReachedMonumentEvent[source=javafx.event.Event$$Lambda$128/0x0000000800d48638@369de9c6]
21:52:55.368 [JavaFX Application Thread] DEBUG EventBus             - Firing event: com.theswagbois.towerdefense.event.EnemyReachedMonumentEvent[source=javafx.event.Event$$Lambda$128/0x0000000800d48638@369de9c6]
21:52:56.870 [JavaFX Application Thread] DEBUG EventBus             - Firing event: com.theswagbois.towerdefense.event.EnemyReachedMonumentEvent[source=javafx.event.Event$$Lambda$128/0x0000000800d48638@369de9c6]
21:52:57.598 [JavaFX Application Thread] DEBUG EventBus             - Firing event: com.theswagbois.towerdefense.event.EnemyDamagedEvent[source=javafx.event.Event$$Lambda$128/0x0000000800d48638@369de9c6]
21:52:58.372 [JavaFX Application Thread] DEBUG EventBus             - Firing event: com.theswagbois.towerdefense.event.EnemyReachedMonumentEvent[source=javafx.event.Event$$Lambda$128/0x0000000800d48638@369de9c6]
21:52:59.114 [JavaFX Application Thread] DEBUG EventBus             - Firing event: com.theswagbois.towerdefense.event.EnemyDamagedEvent[source=javafx.event.Event$$Lambda$128/0x0000000800d48638@369de9c6]
21:52:59.446 [JavaFX Application Thread] DEBUG EventBus             - Firing event: com.theswagbois.towerdefense.event.EnemyDamagedEvent[source=javafx.event.Event$$Lambda$128/0x0000000800d48638@369de9c6]
21:52:59.680 [JavaFX Application Thread] DEBUG EventBus             - Firing event: com.theswagbois.towerdefense.event.EnemyDamagedEvent[source=javafx.event.Event$$Lambda$128/0x0000000800d48638@369de9c6]
21:52:59.876 [JavaFX Application Thread] DEBUG EventBus             - Firing event: com.theswagbois.towerdefense.event.EnemyReachedMonumentEvent[source=javafx.event.Event$$Lambda$128/0x0000000800d48638@369de9c6]
21:52:59.915 [JavaFX Application Thread] DEBUG EventBus             - Firing event: com.theswagbois.towerdefense.event.EnemyDamagedEvent[source=javafx.event.Event$$Lambda$128/0x0000000800d48638@369de9c6]
21:53:00.179 [JavaFX Application Thread] DEBUG EventBus             - Firing event: com.theswagbois.towerdefense.event.EnemyDamagedEvent[source=javafx.event.Event$$Lambda$128/0x0000000800d48638@369de9c6]
21:53:00.545 [JavaFX Application Thread] DEBUG EventBus             - Firing event: com.theswagbois.towerdefense.event.EnemyDamagedEvent[source=javafx.event.Event$$Lambda$128/0x0000000800d48638@369de9c6]
21:53:00.741 [JavaFX Application Thread] DEBUG EventBus             - Firing event: com.theswagbois.towerdefense.event.EnemyDamagedEvent[source=javafx.event.Event$$Lambda$128/0x0000000800d48638@369de9c6]
21:53:00.815 [JavaFX Application Thread] DEBUG EventBus             - Firing event: com.theswagbois.towerdefense.event.EnemyDamagedEvent[source=javafx.event.Event$$Lambda$128/0x0000000800d48638@369de9c6]
21:53:00.970 [JavaFX Application Thread] DEBUG EventBus             - Firing event: com.theswagbois.towerdefense.event.EnemyKilledEvent[source=javafx.event.Event$$Lambda$128/0x0000000800d48638@369de9c6]
21:53:00.970 [JavaFX Application Thread] DEBUG EventBus             - Firing event: com.theswagbois.towerdefense.event.EnemyDamagedEvent[source=javafx.event.Event$$Lambda$128/0x0000000800d48638@369de9c6]
21:53:01.111 [JavaFX Application Thread] DEBUG EventBus             - Firing event: com.theswagbois.towerdefense.event.EnemyDamagedEvent[source=javafx.event.Event$$Lambda$128/0x0000000800d48638@369de9c6]
21:53:01.335 [JavaFX Application Thread] DEBUG EventBus             - Firing event: com.theswagbois.towerdefense.event.EnemyDamagedEvent[source=javafx.event.Event$$Lambda$128/0x0000000800d48638@369de9c6]
21:53:01.562 [JavaFX Application Thread] DEBUG EventBus             - Firing event: com.theswagbois.towerdefense.event.EnemyDamagedEvent[source=javafx.event.Event$$Lambda$128/0x0000000800d48638@369de9c6]
21:53:01.590 [JavaFX Application Thread] DEBUG EventBus             - Firing event: com.theswagbois.towerdefense.event.EnemyDamagedEvent[source=javafx.event.Event$$Lambda$128/0x0000000800d48638@369de9c6]
21:53:02.002 [JavaFX Application Thread] DEBUG EventBus             - Firing event: com.theswagbois.towerdefense.event.EnemyDamagedEvent[source=javafx.event.Event$$Lambda$128/0x0000000800d48638@369de9c6]
21:53:02.091 [JavaFX Application Thread] DEBUG EventBus             - Firing event: com.theswagbois.towerdefense.event.EnemyKilledEvent[source=javafx.event.Event$$Lambda$128/0x0000000800d48638@369de9c6]
21:53:02.091 [JavaFX Application Thread] DEBUG EventBus             - Firing event: com.theswagbois.towerdefense.event.EnemyDamagedEvent[source=javafx.event.Event$$Lambda$128/0x0000000800d48638@369de9c6]
21:53:03.429 [JavaFX Application Thread] DEBUG EventBus             - Firing event: com.theswagbois.towerdefense.event.EnemyDamagedEvent[source=javafx.event.Event$$Lambda$128/0x0000000800d48638@369de9c6]
21:53:03.578 [JavaFX Application Thread] DEBUG EventBus             - Firing event: com.theswagbois.towerdefense.event.EnemyDamagedEvent[source=javafx.event.Event$$Lambda$128/0x0000000800d48638@369de9c6]
21:53:03.666 [JavaFX Application Thread] DEBUG EventBus             - Firing event: com.theswagbois.towerdefense.event.EnemyDamagedEvent[source=javafx.event.Event$$Lambda$128/0x0000000800d48638@369de9c6]
21:53:03.878 [JavaFX Application Thread] DEBUG EventBus             - Firing event: com.theswagbois.towerdefense.event.EnemyDamagedEvent[source=javafx.event.Event$$Lambda$128/0x0000000800d48638@369de9c6]
21:53:03.920 [JavaFX Application Thread] DEBUG EventBus             - Firing event: com.theswagbois.towerdefense.event.EnemyKilledEvent[source=javafx.event.Event$$Lambda$128/0x0000000800d48638@369de9c6]
21:53:03.921 [JavaFX Application Thread] DEBUG PrimaryStageWindow   - Push state: DialogSubScene
21:53:03.921 [JavaFX Application Thread] DEBUG Input                - Clearing active input actions
21:53:03.921 [JavaFX Application Thread] DEBUG GameApplicationServi - Removing overlay from GameScene and adding to DialogSubScene
21:53:03.921 [JavaFX Application Thread] DEBUG PrimaryStageWindow   - GameScene -> DialogSubScene
21:53:03.921 [JavaFX Application Thread] DEBUG EventBus             - Firing event: com.theswagbois.towerdefense.event.EnemyDamagedEvent[source=javafx.event.Event$$Lambda$128/0x0000000800d48638@369de9c6]
21:53:04.953 [JavaFX Application Thread] DEBUG PrimaryStageWindow   - Pop state: DialogSubScene
21:53:04.954 [JavaFX Application Thread] DEBUG Input                - Clearing active input actions
21:53:04.954 [JavaFX Application Thread] DEBUG GameApplicationServi - Removing overlay from DialogSubScene and adding to GameScene
21:53:04.954 [JavaFX Application Thread] DEBUG PrimaryStageWindow   - GameScene <- DialogSubScene
21:53:14.619 [JavaFX Application Thread] DEBUG EventBus             - Firing event: com.theswagbois.towerdefense.event.IllegalTowerLocationEvent[source=javafx.event.Event$$Lambda$128/0x0000000800d48638@369de9c6]
21:53:14.619 [JavaFX Application Thread] DEBUG PrimaryStageWindow   - Push state: DialogSubScene
21:53:14.619 [JavaFX Application Thread] DEBUG Input                - Clearing active input actions
21:53:14.620 [JavaFX Application Thread] DEBUG GameApplicationServi - Removing overlay from GameScene and adding to DialogSubScene
21:53:14.620 [JavaFX Application Thread] DEBUG PrimaryStageWindow   - GameScene -> DialogSubScene
21:53:15.258 [JavaFX Application Thread] DEBUG PrimaryStageWindow   - Pop state: DialogSubScene
21:53:15.258 [JavaFX Application Thread] DEBUG Input                - Clearing active input actions
21:53:15.258 [JavaFX Application Thread] DEBUG GameApplicationServi - Removing overlay from DialogSubScene and adding to GameScene
21:53:15.259 [JavaFX Application Thread] DEBUG PrimaryStageWindow   - GameScene <- DialogSubScene
21:53:17.216 [JavaFX Application Thread] DEBUG EventBus             - Firing event: com.theswagbois.towerdefense.event.EnemyDamagedEvent[source=javafx.event.Event$$Lambda$128/0x0000000800d48638@369de9c6]
21:53:17.304 [JavaFX Application Thread] DEBUG EventBus             - Firing event: com.theswagbois.towerdefense.event.EnemyKilledEvent[source=javafx.event.Event$$Lambda$128/0x0000000800d48638@369de9c6]
21:53:17.304 [JavaFX Application Thread] DEBUG EventBus             - Firing event: com.theswagbois.towerdefense.event.EnemyDamagedEvent[source=javafx.event.Event$$Lambda$128/0x0000000800d48638@369de9c6]
21:53:17.591 [JavaFX Application Thread] DEBUG EventBus             - Firing event: com.theswagbois.towerdefense.event.EnemyDamagedEvent[source=javafx.event.Event$$Lambda$128/0x0000000800d48638@369de9c6]
21:53:17.636 [JavaFX Application Thread] DEBUG EventBus             - Firing event: com.theswagbois.towerdefense.event.EnemyDamagedEvent[source=javafx.event.Event$$Lambda$128/0x0000000800d48638@369de9c6]
21:53:17.640 [JavaFX Application Thread] DEBUG EventBus             - Firing event: com.theswagbois.towerdefense.event.EnemyDamagedEvent[source=javafx.event.Event$$Lambda$128/0x0000000800d48638@369de9c6]
21:53:17.682 [JavaFX Application Thread] DEBUG EventBus             - Firing event: com.theswagbois.towerdefense.event.EnemyDamagedEvent[source=javafx.event.Event$$Lambda$128/0x0000000800d48638@369de9c6]
21:53:17.719 [JavaFX Application Thread] DEBUG EventBus             - Firing event: com.theswagbois.towerdefense.event.EnemyDamagedEvent[source=javafx.event.Event$$Lambda$128/0x0000000800d48638@369de9c6]
21:53:17.753 [JavaFX Application Thread] DEBUG EventBus             - Firing event: com.theswagbois.towerdefense.event.EnemyKilledEvent[source=javafx.event.Event$$Lambda$128/0x0000000800d48638@369de9c6]
21:53:17.753 [JavaFX Application Thread] DEBUG EventBus             - Firing event: com.theswagbois.towerdefense.event.EnemyDamagedEvent[source=javafx.event.Event$$Lambda$128/0x0000000800d48638@369de9c6]
21:53:17.753 [JavaFX Application Thread] DEBUG EventBus             - Firing event: com.theswagbois.towerdefense.event.EnemyDamagedEvent[source=javafx.event.Event$$Lambda$128/0x0000000800d48638@369de9c6]
21:53:18.006 [JavaFX Application Thread] DEBUG EventBus             - Firing event: com.theswagbois.towerdefense.event.EnemyKilledEvent[source=javafx.event.Event$$Lambda$128/0x0000000800d48638@369de9c6]
21:53:18.007 [JavaFX Application Thread] DEBUG EventBus             - Firing event: com.theswagbois.towerdefense.event.EnemyDamagedEvent[source=javafx.event.Event$$Lambda$128/0x0000000800d48638@369de9c6]
21:53:18.210 [JavaFX Application Thread] DEBUG EventBus             - Firing event: com.theswagbois.towerdefense.event.EnemyDamagedEvent[source=javafx.event.Event$$Lambda$128/0x0000000800d48638@369de9c6]
21:53:18.648 [JavaFX Application Thread] DEBUG EventBus             - Firing event: com.theswagbois.towerdefense.event.EnemyDamagedEvent[source=javafx.event.Event$$Lambda$128/0x0000000800d48638@369de9c6]
21:53:18.763 [JavaFX Application Thread] DEBUG EventBus             - Firing event: com.theswagbois.towerdefense.event.EnemyDamagedEvent[source=javafx.event.Event$$Lambda$128/0x0000000800d48638@369de9c6]
21:53:18.889 [JavaFX Application Thread] DEBUG EventBus             - Firing event: com.theswagbois.towerdefense.event.EnemyDamagedEvent[source=javafx.event.Event$$Lambda$128/0x0000000800d48638@369de9c6]
21:53:18.935 [JavaFX Application Thread] DEBUG EventBus             - Firing event: com.theswagbois.towerdefense.event.EnemyDamagedEvent[source=javafx.event.Event$$Lambda$128/0x0000000800d48638@369de9c6]
21:53:18.952 [JavaFX Application Thread] DEBUG EventBus             - Firing event: com.theswagbois.towerdefense.event.EnemyDamagedEvent[source=javafx.event.Event$$Lambda$128/0x0000000800d48638@369de9c6]
21:53:18.997 [JavaFX Application Thread] DEBUG EventBus             - Firing event: com.theswagbois.towerdefense.event.EnemyDamagedEvent[source=javafx.event.Event$$Lambda$128/0x0000000800d48638@369de9c6]
21:53:19.439 [JavaFX Application Thread] DEBUG EventBus             - Firing event: com.theswagbois.towerdefense.event.EnemyKilledEvent[source=javafx.event.Event$$Lambda$128/0x0000000800d48638@369de9c6]
21:53:19.439 [JavaFX Application Thread] DEBUG EventBus             - Firing event: com.theswagbois.towerdefense.event.EnemyDamagedEvent[source=javafx.event.Event$$Lambda$128/0x0000000800d48638@369de9c6]
21:53:19.542 [JavaFX Application Thread] DEBUG EventBus             - Firing event: com.theswagbois.towerdefense.event.EnemyDamagedEvent[source=javafx.event.Event$$Lambda$128/0x0000000800d48638@369de9c6]
21:53:19.838 [JavaFX Application Thread] DEBUG EventBus             - Firing event: com.theswagbois.towerdefense.event.EnemyDamagedEvent[source=javafx.event.Event$$Lambda$128/0x0000000800d48638@369de9c6]
21:53:19.904 [JavaFX Application Thread] DEBUG EventBus             - Firing event: com.theswagbois.towerdefense.event.EnemyDamagedEvent[source=javafx.event.Event$$Lambda$128/0x0000000800d48638@369de9c6]
21:53:20.499 [JavaFX Application Thread] DEBUG EventBus             - Firing event: com.theswagbois.towerdefense.event.EnemyReachedMonumentEvent[source=javafx.event.Event$$Lambda$128/0x0000000800d48638@369de9c6]
21:53:21.785 [JavaFX Application Thread] DEBUG EventBus             - Firing event: com.theswagbois.towerdefense.event.EnemyReachedMonumentEvent[source=javafx.event.Event$$Lambda$128/0x0000000800d48638@369de9c6]
21:53:22.438 [JavaFX Application Thread] DEBUG EventBus             - Firing event: com.theswagbois.towerdefense.event.EnemyReachedMonumentEvent[source=javafx.event.Event$$Lambda$128/0x0000000800d48638@369de9c6]
21:53:22.472 [JavaFX Application Thread] DEBUG EventBus             - Firing event: com.theswagbois.towerdefense.event.EnemyDamagedEvent[source=javafx.event.Event$$Lambda$128/0x0000000800d48638@369de9c6]
21:53:22.794 [JavaFX Application Thread] DEBUG EventBus             - Firing event: com.theswagbois.towerdefense.event.EnemyDamagedEvent[source=javafx.event.Event$$Lambda$128/0x0000000800d48638@369de9c6]
21:53:23.816 [JavaFX Application Thread] DEBUG EventBus             - Firing event: com.theswagbois.towerdefense.event.EnemyReachedMonumentEvent[source=javafx.event.Event$$Lambda$128/0x0000000800d48638@369de9c6]
21:53:24.049 [JavaFX Application Thread] DEBUG EventBus             - Firing event: com.theswagbois.towerdefense.event.EnemyDamagedEvent[source=javafx.event.Event$$Lambda$128/0x0000000800d48638@369de9c6]
21:53:24.074 [JavaFX Application Thread] DEBUG EventBus             - Firing event: com.theswagbois.towerdefense.event.EnemyDamagedEvent[source=javafx.event.Event$$Lambda$128/0x0000000800d48638@369de9c6]
21:53:24.116 [JavaFX Application Thread] DEBUG EventBus             - Firing event: com.theswagbois.towerdefense.event.EnemyKilledEvent[source=javafx.event.Event$$Lambda$128/0x0000000800d48638@369de9c6]
21:53:24.116 [JavaFX Application Thread] DEBUG EventBus             - Firing event: com.theswagbois.towerdefense.event.EnemyDamagedEvent[source=javafx.event.Event$$Lambda$128/0x0000000800d48638@369de9c6]
21:53:24.820 [JavaFX Application Thread] DEBUG EventBus             - Firing event: com.theswagbois.towerdefense.event.EnemyReachedMonumentEvent[source=javafx.event.Event$$Lambda$128/0x0000000800d48638@369de9c6]
21:53:25.818 [JavaFX Application Thread] DEBUG EventBus             - Firing event: com.theswagbois.towerdefense.event.EnemyReachedMonumentEvent[source=javafx.event.Event$$Lambda$128/0x0000000800d48638@369de9c6]
21:53:26.101 [JavaFX Application Thread] DEBUG EventBus             - Firing event: com.theswagbois.towerdefense.event.EnemyReachedMonumentEvent[source=javafx.event.Event$$Lambda$128/0x0000000800d48638@369de9c6]
21:53:27.103 [JavaFX Application Thread] DEBUG EventBus             - Firing event: com.theswagbois.towerdefense.event.EnemyReachedMonumentEvent[source=javafx.event.Event$$Lambda$128/0x0000000800d48638@369de9c6]
21:53:27.241 [JavaFX Application Thread] DEBUG EventBus             - Firing event: com.theswagbois.towerdefense.event.EnemyReachedMonumentEvent[source=javafx.event.Event$$Lambda$128/0x0000000800d48638@369de9c6]
21:53:28.302 [JavaFX Application Thread] DEBUG EventBus             - Firing event: com.theswagbois.towerdefense.event.EnemyDamagedEvent[source=javafx.event.Event$$Lambda$128/0x0000000800d48638@369de9c6]
21:53:28.481 [JavaFX Application Thread] DEBUG EventBus             - Firing event: com.theswagbois.towerdefense.event.EnemyDamagedEvent[source=javafx.event.Event$$Lambda$128/0x0000000800d48638@369de9c6]
21:53:28.777 [JavaFX Application Thread] DEBUG EventBus             - Firing event: com.theswagbois.towerdefense.event.EnemyDamagedEvent[source=javafx.event.Event$$Lambda$128/0x0000000800d48638@369de9c6]
21:53:28.810 [JavaFX Application Thread] DEBUG EventBus             - Firing event: com.theswagbois.towerdefense.event.EnemyDamagedEvent[source=javafx.event.Event$$Lambda$128/0x0000000800d48638@369de9c6]
21:53:28.851 [JavaFX Application Thread] DEBUG EventBus             - Firing event: com.theswagbois.towerdefense.event.EnemyDamagedEvent[source=javafx.event.Event$$Lambda$128/0x0000000800d48638@369de9c6]
21:53:29.978 [JavaFX Application Thread] DEBUG EventBus             - Firing event: com.theswagbois.towerdefense.event.EnemyDamagedEvent[source=javafx.event.Event$$Lambda$128/0x0000000800d48638@369de9c6]
21:53:30.112 [JavaFX Application Thread] DEBUG EventBus             - Firing event: com.theswagbois.towerdefense.event.EnemyReachedMonumentEvent[source=javafx.event.Event$$Lambda$128/0x0000000800d48638@369de9c6]
21:53:30.836 [JavaFX Application Thread] DEBUG EventBus             - Firing event: com.theswagbois.towerdefense.event.EnemyReachedMonumentEvent[source=javafx.event.Event$$Lambda$128/0x0000000800d48638@369de9c6]
21:53:31.114 [JavaFX Application Thread] DEBUG EventBus             - Firing event: com.theswagbois.towerdefense.event.EnemyReachedMonumentEvent[source=javafx.event.Event$$Lambda$128/0x0000000800d48638@369de9c6]
21:53:31.114 [JavaFX Application Thread] DEBUG PrimaryStageWindow   - Push state: DialogSubScene
21:53:31.114 [JavaFX Application Thread] DEBUG Input                - Clearing active input actions
21:53:31.115 [JavaFX Application Thread] DEBUG GameApplicationServi - Removing overlay from GameScene and adding to DialogSubScene
21:53:31.115 [JavaFX Application Thread] DEBUG PrimaryStageWindow   - GameScene -> DialogSubScene
21:53:31.828 [JavaFX Application Thread] DEBUG PrimaryStageWindow   - Pop state: DialogSubScene
21:53:31.828 [JavaFX Application Thread] DEBUG Input                - Clearing active input actions
21:53:31.828 [JavaFX Application Thread] DEBUG GameApplicationServi - Removing overlay from DialogSubScene and adding to GameScene
21:53:31.829 [JavaFX Application Thread] DEBUG PrimaryStageWindow   - GameScene <- DialogSubScene
21:53:31.829 [JavaFX Application Thread] DEBUG Input                - Clearing active input actions
21:53:31.832 [JavaFX Application Thread] DEBUG GameApplicationServi - Removing overlay from GameScene and adding to FXGLMainMenuDummyScene
21:53:31.832 [JavaFX Application Thread] DEBUG PrimaryStageWindow   - GameScene -> FXGLMainMenuDummyScene
21:53:31.832 [JavaFX Application Thread] DEBUG PrimaryStageWindow   - Push state: WelcomeMenu
21:53:31.832 [JavaFX Application Thread] DEBUG Input                - Clearing active input actions
21:53:31.832 [JavaFX Application Thread] DEBUG GameApplicationServi - Removing overlay from FXGLMainMenuDummyScene and adding to WelcomeMenu
21:53:31.832 [JavaFX Application Thread] DEBUG PrimaryStageWindow   - FXGLMainMenuDummyScene -> WelcomeMenu
21:53:33.865 [JavaFX Application Thread] DEBUG FXGLApplication      - Exiting FXGL
21:53:33.865 [JavaFX Application Thread] DEBUG LoopRunner           - Stopping loop
21:53:33.865 [JavaFX Application Thread] DEBUG SystemBundleService  - Saving FXGL system data
21:53:33.872 [JavaFX Application Thread] DEBUG FileSystemAccess     - Writing to: C:\Users\Nick\IdeaProjects\Tower_Defense\system\fxgl.bundle
21:53:33.873 [JavaFX Application Thread] DEBUG Async                - Shutting down background threads
21:53:33.873 [JavaFX Application Thread] DEBUG PrimaryStageWindow   - Closing main window
21:53:33.880 [JavaFX Application Thread] DEBUG Logger               - Closing Logger
