21:13:46.299 [main                     ] DEBUG Logger               - Configured Logger
21:13:46.310 [main                     ] DEBUG GameApplication      - Logging settings
Title: Tower Defense
Version: 0.0
Width: 800
Height: 600
Fullscreen: false
Intro: false
Profiling: false
Single step:false
App Mode: DEVELOPER
Menu Key: ESCAPE
Stage Style: DECORATED
Scene Factory: class com.theswagbois.towerdefense.MySceneFactory

21:13:47.326 [JavaFX Application Thread] DEBUG FXGLApplication      - Initializing FXGL
21:13:47.330 [JavaFX Application Thread] INFO  Engine               - FXGL-11.17 (16.07.2021 15.46) on MAC (J:16.0.2 FX:16)
21:13:47.331 [JavaFX Application Thread] DEBUG Engine               - JRE Vendor Name: Amazon.com Inc.
21:13:47.332 [JavaFX Application Thread] DEBUG Engine               - Running on OS: Mac OS X version 10.15.7
21:13:47.332 [JavaFX Application Thread] DEBUG Engine               - Architecture: x86_64
21:13:47.333 [JavaFX Application Thread] INFO  Engine               - Source code and latest versions at: https://github.com/AlmasB/FXGL
21:13:47.333 [JavaFX Application Thread] INFO  Engine               -              Join the FXGL chat at: https://gitter.im/AlmasB/FXGL
21:13:47.614 [JavaFX Application Thread] DEBUG PrimaryStageWindow   - Creating a JavaFX scene
21:13:47.701 [JavaFX Application Thread] DEBUG PrimaryStageWindow   - Target settings size: 800.0 x 600.0
21:13:47.701 [JavaFX Application Thread] DEBUG PrimaryStageWindow   - Scaled scene size:    800.0 x 600.0
21:13:47.702 [JavaFX Application Thread] DEBUG PrimaryStageWindow   - Scaled ratio: (1.0, 1.0)
21:13:47.704 [JavaFX Application Thread] DEBUG PrimaryStageWindow   - Set initial scene to FXGLStartupScene
21:13:47.717 [JavaFX Application Thread] DEBUG PrimaryStageWindow   - Opening main window
21:13:47.867 [JavaFX Application Thread] DEBUG PrimaryStageWindow   - Window border size: (0.0, 22.0)
21:13:47.867 [JavaFX Application Thread] DEBUG PrimaryStageWindow   - Scaled size: 800.0 x 600.0
21:13:47.868 [JavaFX Application Thread] DEBUG PrimaryStageWindow   - Scaled ratio: (1.0, 1.0)
21:13:47.868 [JavaFX Application Thread] DEBUG PrimaryStageWindow   - Scene size: 800.0 x 600.0
21:13:47.868 [JavaFX Application Thread] DEBUG PrimaryStageWindow   - Stage size: 800.0 x 622.0
21:13:47.882 [FXGL Background Thread 1 ] DEBUG Engine               - Initializing environment variables
21:13:47.989 [FXGL Background Thread 1 ] DEBUG FXGLAssetLoaderServi - User app class for loading assets: class com.theswagbois.towerdefense.MainApplication
21:13:47.989 [FXGL Background Thread 1 ] DEBUG GameApplicationServi - Applying CSS: fxgl_dark.css
21:13:47.993 [FXGL Background Thread 1 ] DEBUG FXGLAssetLoaderServi - Loading from file system: jar:file:/Users/josephvitko/.m2/repository/com/github/almasb/fxgl/11.17/fxgl-11.17.jar!/fxglassets/ui/css/fxgl_dark.css
21:13:48.120 [FXGL Background Thread 1 ] DEBUG GameApplicationServi - Initializing application scenes
21:13:48.774 [FXGL Background Thread 1 ] DEBUG GameWorld            - Game world initialized
21:13:48.854 [FXGL Background Thread 1 ] DEBUG PhysicsWorld         - Physics world initialized: appHeight=600, physics.ppm=50.0
21:13:48.854 [FXGL Background Thread 1 ] DEBUG PhysicsWorld         - Using strategy: BRUTE_FORCE
21:13:48.859 [FXGL Background Thread 1 ] DEBUG GameScene            - Game scene initialized: 800x600
21:13:48.924 [FXGL Background Thread 1 ] DEBUG FXGL.DefaultMenu     - createMenuBodyGameMenu()
21:13:48.951 [FXGL Background Thread 1 ] DEBUG FXGL.DefaultMenu     - createOptionsMenu()
21:13:48.967 [FXGL Background Thread 1 ] DEBUG FXGLAssetLoaderServi - Loading from file system: jar:file:/Users/josephvitko/.m2/repository/com/github/almasb/fxgl/11.17/fxgl-11.17.jar!/fxglassets/textures/particles/smoke.png
21:13:49.114 [FXGL Background Thread 1 ] DEBUG FXGLAssetLoaderServi - Loading from file system: jar:file:/Users/josephvitko/.m2/repository/com/github/almasb/fxgl/11.17/fxgl-11.17.jar!/fxglassets/textures/particles/trace_horizontal.png
21:13:49.154 [FXGL Background Thread 1 ] DEBUG GameApplicationServi - Application scenes initialized
21:13:49.169 [FXGL Background Thread 1 ] DEBUG SystemBundleService  - Loading FXGL system data
21:13:49.176 [FXGL Background Thread 1 ] DEBUG FileSystemAccess     - Reading from: /Users/josephvitko/IdeaProjects/Tower_Defense2/system/fxgl.bundle
21:13:49.184 [FXGL Background Thread 1 ] DEBUG SystemBundleService  - Bundle FXGL: {}
21:13:49.184 [FXGL Background Thread 1 ] DEBUG UpdaterService       - Checking for updates
21:13:49.191 [FXGL Background Thread 4 ] DEBUG FXGLApplication      - Loading fonts
21:13:49.192 [FXGL Background Thread 4 ] DEBUG FXGLAssetLoaderServi - Loading from file system: jar:file:/Users/josephvitko/.m2/repository/com/github/almasb/fxgl/11.17/fxgl-11.17.jar!/fxglassets/ui/fonts/VarelaRound-Regular.ttf
21:13:49.192 [FXGL Background Thread 1 ] DEBUG FXGLApplication      - Loading default localization
21:13:49.194 [FXGL Background Thread 1 ] DEBUG FXGLAssetLoaderServi - Loading from file system: jar:file:/Users/josephvitko/.m2/repository/com/github/almasb/fxgl/11.17/fxgl-11.17.jar!/fxglassets/languages/english.lang
21:13:49.213 [FXGL Background Thread 4 ] DEBUG FXGLAssetLoaderServi - Loading from file system: jar:file:/Users/josephvitko/.m2/repository/com/github/almasb/fxgl/11.17/fxgl-11.17.jar!/fxglassets/ui/fonts/Abel-Regular.ttf
21:13:49.216 [FXGL Background Thread 1 ] INFO  FXGLApplication      - FXGL initialization took: 1.334 sec
21:13:49.217 [FXGL Background Thread 4 ] DEBUG FXGLAssetLoaderServi - Loading from file system: jar:file:/Users/josephvitko/.m2/repository/com/github/almasb/fxgl/11.17/fxgl-11.17.jar!/fxglassets/ui/fonts/lucida_console.ttf
21:13:49.226 [FXGL Background Thread 4 ] DEBUG FXGLAssetLoaderServi - Loading from file system: jar:file:/Users/josephvitko/.m2/repository/com/github/almasb/fxgl/11.17/fxgl-11.17.jar!/fxglassets/ui/fonts/Courier-Prime.ttf
21:13:49.235 [JavaFX Application Thread] DEBUG Input                - Registered new binding: action0 - F
21:13:49.237 [JavaFX Application Thread] DEBUG Input                - Registered new binding: Place Tower - LMB
21:13:49.239 [JavaFX Application Thread] DEBUG FXGLAssetLoaderServi - Loading from file system: jar:file:/Users/josephvitko/.m2/repository/com/github/almasb/fxgl/11.17/fxgl-11.17.jar!/fxglassets/textures/fxgl_icon.png
21:13:49.288 [JavaFX Application Thread] DEBUG FXGLAssetLoaderServi - Loading from file system: jar:file:/Users/josephvitko/.m2/repository/com/github/almasb/fxgl/11.17/fxgl-11.17.jar!/fxglassets/textures/fxgl_default_cursor.png
21:13:49.292 [JavaFX Application Thread] DEBUG Input                - Registered new binding: Screenshot - CTRL+8
21:13:49.293 [JavaFX Application Thread] DEBUG Input                - Registered new binding: System info dump - CTRL+9
21:13:49.294 [JavaFX Application Thread] DEBUG Input                - Registered new binding: Restart - CTRL+R
21:13:49.296 [JavaFX Application Thread] DEBUG Input                - Registered new binding: Toggle Debug Camera - CTRL+C
21:13:49.300 [JavaFX Application Thread] DEBUG LoopRunner           - Starting loop
21:13:49.300 [JavaFX Application Thread] DEBUG LoopRunner           - Initializing JavaFX AnimationTimerLoop
21:13:49.305 [JavaFX Application Thread] DEBUG Input                - Clearing active input actions
21:13:49.316 [JavaFX Application Thread] DEBUG GameApplicationServi - Removing overlay from FXGLStartupScene and adding to FXGLMainMenuDummyScene
21:13:49.317 [JavaFX Application Thread] DEBUG PrimaryStageWindow   - FXGLStartupScene -> FXGLMainMenuDummyScene
21:13:49.317 [JavaFX Application Thread] DEBUG PrimaryStageWindow   - Push state: WelcomeMenu
21:13:49.318 [JavaFX Application Thread] DEBUG Input                - Clearing active input actions
21:13:49.323 [JavaFX Application Thread] DEBUG GameApplicationServi - Removing overlay from FXGLMainMenuDummyScene and adding to WelcomeMenu
21:13:49.324 [JavaFX Application Thread] DEBUG PrimaryStageWindow   - FXGLMainMenuDummyScene -> WelcomeMenu
21:13:49.343 [JavaFX Application Thread] DEBUG FXGLApplication      - Registering font factories with UI factory
21:13:52.191 [FXGL Background Thread 3 ] DEBUG Engine               - Logging environment variables
21:13:52.192 [FXGL Background Thread 3 ] DEBUG Engine               - achievements: []
21:13:52.192 [FXGL Background Thread 3 ] DEBUG Engine               - actualHeight: 600.0
21:13:52.192 [FXGL Background Thread 3 ] DEBUG Engine               - actualHeightProperty: ReadOnlyDoubleProperty [value: 600.0]
21:13:52.193 [FXGL Background Thread 3 ] DEBUG Engine               - actualWidth: 800.0
21:13:52.193 [FXGL Background Thread 3 ] DEBUG Engine               - actualWidthProperty: ReadOnlyDoubleProperty [value: 800.0]
21:13:52.193 [FXGL Background Thread 3 ] DEBUG Engine               - appIcon: fxgl_icon.png
21:13:52.193 [FXGL Background Thread 3 ] DEBUG Engine               - applicationMode: DEVELOPER
21:13:52.194 [FXGL Background Thread 3 ] DEBUG Engine               - cSSList: [fxgl_dark.css]
21:13:52.194 [FXGL Background Thread 3 ] DEBUG Engine               - collisionDetectionStrategy: BRUTE_FORCE
21:13:52.194 [FXGL Background Thread 3 ] DEBUG Engine               - configClass: Optional.empty
21:13:52.194 [FXGL Background Thread 3 ] DEBUG Engine               - credits: []
21:13:52.195 [FXGL Background Thread 3 ] DEBUG Engine               - defaultCursor: CursorInfo(imageName=fxgl_default_cursor.png, hotspotX=7.0, hotspotY=6.0)
21:13:52.195 [FXGL Background Thread 3 ] DEBUG Engine               - devBBoxColorProperty: ObjectProperty [value: 0xff0000ff]
21:13:52.196 [FXGL Background Thread 3 ] DEBUG Engine               - devEnableDebugCameraProperty: BooleanProperty [value: false]
21:13:52.196 [FXGL Background Thread 3 ] DEBUG Engine               - devSensorColorProperty: ObjectProperty [value: 0xffff00ff]
21:13:52.196 [FXGL Background Thread 3 ] DEBUG Engine               - devShowBBoxProperty: BooleanProperty [value: false]
21:13:52.196 [FXGL Background Thread 3 ] DEBUG Engine               - devShowPositionProperty: BooleanProperty [value: false]
21:13:52.197 [FXGL Background Thread 3 ] DEBUG Engine               - enabledMenuItems: []
21:13:52.197 [FXGL Background Thread 3 ] DEBUG Engine               - engineServices: [class com.almasb.fxgl.app.services.FXGLAssetLoaderService, class com.almasb.fxgl.app.FXGLApplication$GameApplicationService, class com.almasb.fxgl.app.services.FXGLDialogService, class com.almasb.fxgl.app.services.IOTaskExecutorService, class com.almasb.fxgl.io.FileSystemService, class com.almasb.fxgl.localization.LocalizationService, class com.almasb.fxgl.app.services.SystemBundleService, class com.almasb.fxgl.profile.SaveLoadService, class com.almasb.fxgl.ui.FXGLUIFactoryServiceProvider, class com.almasb.fxgl.ui.FXGLDialogFactoryServiceProvider, class com.almasb.fxgl.audio.AudioPlayer, class com.almasb.fxgl.notification.impl.NotificationServiceProvider, class com.almasb.fxgl.achievement.AchievementService, class com.almasb.fxgl.cutscene.CutsceneService, class com.almasb.fxgl.minigames.MiniGameService, class com.almasb.fxgl.net.NetService, class com.almasb.fxgl.app.services.UpdaterService, class com.almasb.fxgl.dev.DevService]
21:13:52.197 [FXGL Background Thread 3 ] DEBUG Engine               - fontGame: Abel-Regular.ttf
21:13:52.197 [FXGL Background Thread 3 ] DEBUG Engine               - fontMono: lucida_console.ttf
21:13:52.198 [FXGL Background Thread 3 ] DEBUG Engine               - fontText: Courier-Prime.ttf
21:13:52.198 [FXGL Background Thread 3 ] DEBUG Engine               - fontUI: VarelaRound-Regular.ttf
21:13:52.198 [FXGL Background Thread 3 ] DEBUG Engine               - fullScreen: BooleanProperty [value: false]
21:13:52.198 [FXGL Background Thread 3 ] DEBUG Engine               - gameDifficulty: MEDIUM
21:13:52.198 [FXGL Background Thread 3 ] DEBUG Engine               - gameDifficultyProperty: ObjectProperty [value: MEDIUM]
21:13:52.198 [FXGL Background Thread 3 ] DEBUG Engine               - globalMusicVolume: 0.5
21:13:52.199 [FXGL Background Thread 3 ] DEBUG Engine               - globalMusicVolumeProperty: DoubleProperty [value: 0.5]
21:13:52.199 [FXGL Background Thread 3 ] DEBUG Engine               - globalSoundVolume: 0.5
21:13:52.199 [FXGL Background Thread 3 ] DEBUG Engine               - globalSoundVolumeProperty: DoubleProperty [value: 0.5]
21:13:52.199 [FXGL Background Thread 3 ] DEBUG Engine               - height: 600
21:13:52.200 [FXGL Background Thread 3 ] DEBUG Engine               - is3D: false
21:13:52.200 [FXGL Background Thread 3 ] DEBUG Engine               - isAndroid: false
21:13:52.200 [FXGL Background Thread 3 ] DEBUG Engine               - isBrowser: false
21:13:52.200 [FXGL Background Thread 3 ] DEBUG Engine               - isClickFeedbackEnabled: false
21:13:52.200 [FXGL Background Thread 3 ] DEBUG Engine               - isCloseConfirmation: false
21:13:52.200 [FXGL Background Thread 3 ] DEBUG Engine               - isDesktop: true
21:13:52.201 [FXGL Background Thread 3 ] DEBUG Engine               - isDeveloperMenuEnabled: false
21:13:52.201 [FXGL Background Thread 3 ] DEBUG Engine               - isEntityPreloadEnabled: true
21:13:52.201 [FXGL Background Thread 3 ] DEBUG Engine               - isExperimentalTiledLargeMap: false
21:13:52.201 [FXGL Background Thread 3 ] DEBUG Engine               - isFileSystemWriteAllowed: true
21:13:52.201 [FXGL Background Thread 3 ] DEBUG Engine               - isFullScreenAllowed: false
21:13:52.202 [FXGL Background Thread 3 ] DEBUG Engine               - isFullScreenFromStart: false
21:13:52.202 [FXGL Background Thread 3 ] DEBUG Engine               - isGameMenuEnabled: true
21:13:52.202 [FXGL Background Thread 3 ] DEBUG Engine               - isIOS: false
21:13:52.202 [FXGL Background Thread 3 ] DEBUG Engine               - isIntroEnabled: false
21:13:52.202 [FXGL Background Thread 3 ] DEBUG Engine               - isLinux: false
21:13:52.202 [FXGL Background Thread 3 ] DEBUG Engine               - isMac: true
21:13:52.203 [FXGL Background Thread 3 ] DEBUG Engine               - isMainMenuEnabled: true
21:13:52.203 [FXGL Background Thread 3 ] DEBUG Engine               - isManualResizeEnabled: false
21:13:52.203 [FXGL Background Thread 3 ] DEBUG Engine               - isMobile: false
21:13:52.203 [FXGL Background Thread 3 ] DEBUG Engine               - isNative: false
21:13:52.203 [FXGL Background Thread 3 ] DEBUG Engine               - isPauseMusicWhenMinimized: true
21:13:52.203 [FXGL Background Thread 3 ] DEBUG Engine               - isPreserveResizeRatio: false
21:13:52.204 [FXGL Background Thread 3 ] DEBUG Engine               - isProfilingEnabled: false
21:13:52.204 [FXGL Background Thread 3 ] DEBUG Engine               - isScaleAffectedOnResize: true
21:13:52.204 [FXGL Background Thread 3 ] DEBUG Engine               - isSingleStep: false
21:13:52.204 [FXGL Background Thread 3 ] DEBUG Engine               - isUserProfileEnabled: false
21:13:52.204 [FXGL Background Thread 3 ] DEBUG Engine               - isWindows: false
21:13:52.205 [FXGL Background Thread 3 ] DEBUG Engine               - language: ObjectProperty [value: ENGLISH]
21:13:52.205 [FXGL Background Thread 3 ] DEBUG Engine               - menuKey: ESCAPE
21:13:52.205 [FXGL Background Thread 3 ] DEBUG Engine               - mouseSensitivity: 0.2
21:13:52.205 [FXGL Background Thread 3 ] DEBUG Engine               - notificationViewClass: class com.almasb.fxgl.notification.view.XboxNotificationView
21:13:52.206 [FXGL Background Thread 3 ] DEBUG Engine               - pixelsPerMeter: 50.0
21:13:52.206 [FXGL Background Thread 3 ] DEBUG Engine               - platform: MAC
21:13:52.206 [FXGL Background Thread 3 ] DEBUG Engine               - prefHeightProperty: ReadOnlyDoubleProperty [value: 600.0]
21:13:52.206 [FXGL Background Thread 3 ] DEBUG Engine               - prefWidthProperty: ReadOnlyDoubleProperty [value: 800.0]
21:13:52.206 [FXGL Background Thread 3 ] DEBUG Engine               - profileDir: profiles/
21:13:52.206 [FXGL Background Thread 3 ] DEBUG Engine               - profileName: StringProperty [value: DEFAULT]
21:13:52.207 [FXGL Background Thread 3 ] DEBUG Engine               - randomSeed: -1
21:13:52.207 [FXGL Background Thread 3 ] DEBUG Engine               - runtimeInfo: RuntimeInfo(platform=MAC, version=11.17, build=16.07.2021 15.46)
21:13:52.207 [FXGL Background Thread 3 ] DEBUG Engine               - saveFileExt: sav
21:13:52.207 [FXGL Background Thread 3 ] DEBUG Engine               - scaledHeightProp$fxgl: DoubleProperty [bound, value: 600.0]
21:13:52.207 [FXGL Background Thread 3 ] DEBUG Engine               - scaledWidthProp$fxgl: DoubleProperty [bound, value: 800.0]
21:13:52.208 [FXGL Background Thread 3 ] DEBUG Engine               - sceneFactory: com.theswagbois.towerdefense.MySceneFactory@4dcad0d2
21:13:52.208 [FXGL Background Thread 3 ] DEBUG Engine               - secondsIn24h: 60
21:13:52.208 [FXGL Background Thread 3 ] DEBUG Engine               - soundMenuBack: menu/back.wav
21:13:52.208 [FXGL Background Thread 3 ] DEBUG Engine               - soundMenuPress: menu/press.wav
21:13:52.208 [FXGL Background Thread 3 ] DEBUG Engine               - soundMenuSelect: menu/select.wav
21:13:52.208 [FXGL Background Thread 3 ] DEBUG Engine               - soundNotification: core/notification.wav
21:13:52.208 [FXGL Background Thread 3 ] DEBUG Engine               - stageStyle: DECORATED
21:13:52.209 [FXGL Background Thread 3 ] DEBUG Engine               - supportedLanguages: [ENGLISH, FRENCH, GERMAN, HUNGARIAN, RUSSIAN]
21:13:52.209 [FXGL Background Thread 3 ] DEBUG Engine               - ticksPerSecond: -1
21:13:52.209 [FXGL Background Thread 3 ] DEBUG Engine               - title: Tower Defense
21:13:52.209 [FXGL Background Thread 3 ] DEBUG Engine               - urlGithub: https://github.com/AlmasB/FXGL
21:13:52.209 [FXGL Background Thread 3 ] DEBUG Engine               - urlLeaderboard: http://fxgl-top.herokuapp.com/
21:13:52.209 [FXGL Background Thread 3 ] DEBUG Engine               - urlPOM: https://raw.githubusercontent.com/AlmasB/FXGL/release/README.md
21:13:52.209 [FXGL Background Thread 3 ] DEBUG Engine               - userAppClass: class com.theswagbois.towerdefense.MainApplication
21:13:52.209 [FXGL Background Thread 3 ] DEBUG Engine               - version: 0.0
21:13:52.210 [FXGL Background Thread 3 ] DEBUG Engine               - versionCheckDays: 7
21:13:52.210 [FXGL Background Thread 3 ] DEBUG Engine               - width: 800
21:13:52.210 [FXGL Background Thread 3 ] DEBUG Engine               - Logging services
21:13:52.210 [FXGL Background Thread 3 ] DEBUG Engine               - class com.almasb.fxgl.app.services.FXGLAssetLoaderService
21:13:52.210 [FXGL Background Thread 3 ] DEBUG Engine               - class com.almasb.fxgl.app.FXGLApplication$GameApplicationService
21:13:52.210 [FXGL Background Thread 3 ] DEBUG Engine               - class com.almasb.fxgl.app.services.FXGLDialogService
21:13:52.211 [FXGL Background Thread 3 ] DEBUG Engine               - class com.almasb.fxgl.app.services.IOTaskExecutorService
21:13:52.211 [FXGL Background Thread 3 ] DEBUG Engine               - class com.almasb.fxgl.io.FileSystemService
21:13:52.211 [FXGL Background Thread 3 ] DEBUG Engine               - class com.almasb.fxgl.localization.LocalizationService
21:13:52.211 [FXGL Background Thread 3 ] DEBUG Engine               - class com.almasb.fxgl.app.services.SystemBundleService
21:13:52.211 [FXGL Background Thread 3 ] DEBUG Engine               - class com.almasb.fxgl.profile.SaveLoadService
21:13:52.211 [FXGL Background Thread 3 ] DEBUG Engine               - class com.almasb.fxgl.ui.FXGLUIFactoryServiceProvider
21:13:52.212 [FXGL Background Thread 3 ] DEBUG Engine               - class com.almasb.fxgl.ui.FXGLDialogFactoryServiceProvider
21:13:52.212 [FXGL Background Thread 3 ] DEBUG Engine               - class com.almasb.fxgl.audio.AudioPlayer
21:13:52.212 [FXGL Background Thread 3 ] DEBUG Engine               - class com.almasb.fxgl.notification.impl.NotificationServiceProvider
21:13:52.212 [FXGL Background Thread 3 ] DEBUG Engine               - class com.almasb.fxgl.achievement.AchievementService
21:13:52.212 [FXGL Background Thread 3 ] DEBUG Engine               - class com.almasb.fxgl.cutscene.CutsceneService
21:13:52.213 [FXGL Background Thread 3 ] DEBUG Engine               - class com.almasb.fxgl.minigames.MiniGameService
21:13:52.213 [FXGL Background Thread 3 ] DEBUG Engine               - class com.almasb.fxgl.net.NetService
21:13:52.213 [FXGL Background Thread 3 ] DEBUG Engine               - class com.almasb.fxgl.app.services.UpdaterService
21:13:52.213 [FXGL Background Thread 3 ] DEBUG Engine               - class com.almasb.fxgl.dev.DevService
21:13:54.205 [JavaFX Application Thread] DEBUG Menu                 - fireNewGame()
21:13:54.206 [JavaFX Application Thread] DEBUG GameApplicationServi - Starting new game
21:13:54.206 [JavaFX Application Thread] DEBUG PrimaryStageWindow   - Pop state: WelcomeMenu
21:13:54.207 [JavaFX Application Thread] DEBUG Input                - Clearing active input actions
21:13:54.208 [JavaFX Application Thread] DEBUG GameApplicationServi - Removing overlay from WelcomeMenu and adding to FXGLMainMenuDummyScene
21:13:54.209 [JavaFX Application Thread] DEBUG PrimaryStageWindow   - FXGLMainMenuDummyScene <- WelcomeMenu
21:13:54.209 [JavaFX Application Thread] DEBUG Input                - Clearing active input actions
21:13:54.226 [JavaFX Application Thread] DEBUG GameApplicationServi - Removing overlay from FXGLMainMenuDummyScene and adding to FXGLLoadingScene
21:13:54.226 [JavaFX Application Thread] DEBUG PrimaryStageWindow   - FXGLMainMenuDummyScene -> FXGLLoadingScene
21:13:54.227 [JavaFX Application Thread] DEBUG GameApplicationServi - Clearing previous game
21:13:54.227 [JavaFX Application Thread] DEBUG GameScene            - Clearing game scene
21:13:54.227 [JavaFX Application Thread] DEBUG GameWorld            - Clearing game world
21:13:54.227 [JavaFX Application Thread] DEBUG PhysicsWorld         - Clearing physics world
21:13:54.229 [FXGL Background Thread 2 ] DEBUG FXGLApplication      - Initializing game
21:13:54.234 [FXGL Background Thread 2 ] DEBUG FXGLAssetLoaderServi - Loading JSON from: file:/Users/josephvitko/IdeaProjects/Tower_Defense2/target/classes/assets/towers/tower1.json
21:13:54.517 [FXGL Background Thread 2 ] DEBUG FXGLAssetLoaderServi - Loading JSON from: file:/Users/josephvitko/IdeaProjects/Tower_Defense2/target/classes/assets/towers/tower2.json
21:13:54.519 [FXGL Background Thread 2 ] DEBUG FXGLAssetLoaderServi - Loading JSON from: file:/Users/josephvitko/IdeaProjects/Tower_Defense2/target/classes/assets/towers/tower3.json
21:13:54.523 [FXGL Background Thread 2 ] DEBUG FXGLAssetLoaderServi - Loading JSON from: file:/Users/josephvitko/IdeaProjects/Tower_Defense2/target/classes/assets/levels/level1.json
21:13:54.583 [FXGL Background Thread 2 ] INFO  FXGLApplication      - Game initialization took: 0.354 sec
21:13:54.584 [JavaFX Application Thread] DEBUG Input                - Clearing active input actions
21:13:54.593 [JavaFX Application Thread] DEBUG GameApplicationServi - Removing overlay from FXGLLoadingScene and adding to GameScene
21:13:54.594 [JavaFX Application Thread] DEBUG PrimaryStageWindow   - FXGLLoadingScene -> GameScene
21:13:56.305 [JavaFX Application Thread] DEBUG EventBus             - Firing event: com.theswagbois.towerdefense.event.IllegalTowerLocationEvent[source=javafx.event.Event$$Lambda$133/0x0000000800d4d408@55bf7e52]
21:13:56.307 [JavaFX Application Thread] DEBUG PrimaryStageWindow   - Push state: DialogSubScene
21:13:56.307 [JavaFX Application Thread] DEBUG Input                - Clearing active input actions
21:13:56.309 [JavaFX Application Thread] DEBUG GameApplicationServi - Removing overlay from GameScene and adding to DialogSubScene
21:13:56.309 [JavaFX Application Thread] DEBUG PrimaryStageWindow   - GameScene -> DialogSubScene
21:13:57.610 [JavaFX Application Thread] DEBUG PrimaryStageWindow   - Pop state: DialogSubScene
21:13:57.610 [JavaFX Application Thread] DEBUG Input                - Clearing active input actions
21:13:57.612 [JavaFX Application Thread] DEBUG GameApplicationServi - Removing overlay from DialogSubScene and adding to GameScene
21:13:57.612 [JavaFX Application Thread] DEBUG PrimaryStageWindow   - GameScene <- DialogSubScene
21:13:58.508 [JavaFX Application Thread] DEBUG EventBus             - Firing event: com.theswagbois.towerdefense.event.IllegalTowerLocationEvent[source=javafx.event.Event$$Lambda$133/0x0000000800d4d408@55bf7e52]
21:13:58.510 [JavaFX Application Thread] DEBUG PrimaryStageWindow   - Push state: DialogSubScene
21:13:58.510 [JavaFX Application Thread] DEBUG Input                - Clearing active input actions
21:13:58.512 [JavaFX Application Thread] DEBUG GameApplicationServi - Removing overlay from GameScene and adding to DialogSubScene
21:13:58.512 [JavaFX Application Thread] DEBUG PrimaryStageWindow   - GameScene -> DialogSubScene
21:13:59.180 [JavaFX Application Thread] DEBUG PrimaryStageWindow   - Pop state: DialogSubScene
21:13:59.180 [JavaFX Application Thread] DEBUG Input                - Clearing active input actions
21:13:59.181 [JavaFX Application Thread] DEBUG GameApplicationServi - Removing overlay from DialogSubScene and adding to GameScene
21:13:59.181 [JavaFX Application Thread] DEBUG PrimaryStageWindow   - GameScene <- DialogSubScene
21:13:59.659 [JavaFX Application Thread] DEBUG EventBus             - Firing event: com.theswagbois.towerdefense.event.IllegalTowerLocationEvent[source=javafx.event.Event$$Lambda$133/0x0000000800d4d408@55bf7e52]
21:13:59.660 [JavaFX Application Thread] DEBUG PrimaryStageWindow   - Push state: DialogSubScene
21:13:59.661 [JavaFX Application Thread] DEBUG Input                - Clearing active input actions
21:13:59.662 [JavaFX Application Thread] DEBUG GameApplicationServi - Removing overlay from GameScene and adding to DialogSubScene
21:13:59.662 [JavaFX Application Thread] DEBUG PrimaryStageWindow   - GameScene -> DialogSubScene
21:14:00.328 [JavaFX Application Thread] DEBUG PrimaryStageWindow   - Pop state: DialogSubScene
21:14:00.328 [JavaFX Application Thread] DEBUG Input                - Clearing active input actions
21:14:00.329 [JavaFX Application Thread] DEBUG GameApplicationServi - Removing overlay from DialogSubScene and adding to GameScene
21:14:00.329 [JavaFX Application Thread] DEBUG PrimaryStageWindow   - GameScene <- DialogSubScene
21:14:00.909 [JavaFX Application Thread] DEBUG EventBus             - Firing event: com.theswagbois.towerdefense.event.IllegalTowerLocationEvent[source=javafx.event.Event$$Lambda$133/0x0000000800d4d408@55bf7e52]
21:14:00.910 [JavaFX Application Thread] DEBUG PrimaryStageWindow   - Push state: DialogSubScene
21:14:00.910 [JavaFX Application Thread] DEBUG Input                - Clearing active input actions
21:14:00.911 [JavaFX Application Thread] DEBUG GameApplicationServi - Removing overlay from GameScene and adding to DialogSubScene
21:14:00.912 [JavaFX Application Thread] DEBUG PrimaryStageWindow   - GameScene -> DialogSubScene
21:14:01.595 [JavaFX Application Thread] DEBUG PrimaryStageWindow   - Pop state: DialogSubScene
21:14:01.595 [JavaFX Application Thread] DEBUG Input                - Clearing active input actions
21:14:01.596 [JavaFX Application Thread] DEBUG GameApplicationServi - Removing overlay from DialogSubScene and adding to GameScene
21:14:01.596 [JavaFX Application Thread] DEBUG PrimaryStageWindow   - GameScene <- DialogSubScene
21:14:03.547 [JavaFX Application Thread] DEBUG EventBus             - Firing event: com.theswagbois.towerdefense.event.IllegalTowerLocationEvent[source=javafx.event.Event$$Lambda$133/0x0000000800d4d408@55bf7e52]
21:14:03.548 [JavaFX Application Thread] DEBUG PrimaryStageWindow   - Push state: DialogSubScene
21:14:03.548 [JavaFX Application Thread] DEBUG Input                - Clearing active input actions
21:14:03.549 [JavaFX Application Thread] DEBUG GameApplicationServi - Removing overlay from GameScene and adding to DialogSubScene
21:14:03.550 [JavaFX Application Thread] DEBUG PrimaryStageWindow   - GameScene -> DialogSubScene
21:14:04.905 [JavaFX Application Thread] DEBUG PrimaryStageWindow   - Pop state: DialogSubScene
21:14:04.905 [JavaFX Application Thread] DEBUG Input                - Clearing active input actions
21:14:04.907 [JavaFX Application Thread] DEBUG GameApplicationServi - Removing overlay from DialogSubScene and adding to GameScene
21:14:04.907 [JavaFX Application Thread] DEBUG PrimaryStageWindow   - GameScene <- DialogSubScene
21:14:06.080 [JavaFX Application Thread] DEBUG EventBus             - Firing event: com.theswagbois.towerdefense.event.EnemyDamagedEvent[source=javafx.event.Event$$Lambda$133/0x0000000800d4d408@55bf7e52]
21:14:07.719 [JavaFX Application Thread] DEBUG EventBus             - Firing event: com.theswagbois.towerdefense.event.EnemyDamagedEvent[source=javafx.event.Event$$Lambda$133/0x0000000800d4d408@55bf7e52]
21:14:09.019 [JavaFX Application Thread] DEBUG EventBus             - Firing event: com.theswagbois.towerdefense.event.EnemyKilledEvent[source=javafx.event.Event$$Lambda$133/0x0000000800d4d408@55bf7e52]
21:14:09.020 [JavaFX Application Thread] DEBUG EventBus             - Firing event: com.theswagbois.towerdefense.event.EnemyDamagedEvent[source=javafx.event.Event$$Lambda$133/0x0000000800d4d408@55bf7e52]
21:14:10.518 [JavaFX Application Thread] DEBUG EventBus             - Firing event: com.theswagbois.towerdefense.event.EnemyDamagedEvent[source=javafx.event.Event$$Lambda$133/0x0000000800d4d408@55bf7e52]
21:14:14.835 [JavaFX Application Thread] DEBUG EventBus             - Firing event: com.theswagbois.towerdefense.event.EnemyDamagedEvent[source=javafx.event.Event$$Lambda$133/0x0000000800d4d408@55bf7e52]
21:14:14.984 [JavaFX Application Thread] DEBUG EventBus             - Firing event: com.theswagbois.towerdefense.event.EnemyKilledEvent[source=javafx.event.Event$$Lambda$133/0x0000000800d4d408@55bf7e52]
21:14:14.985 [JavaFX Application Thread] DEBUG EventBus             - Firing event: com.theswagbois.towerdefense.event.EnemyDamagedEvent[source=javafx.event.Event$$Lambda$133/0x0000000800d4d408@55bf7e52]
21:14:16.568 [JavaFX Application Thread] DEBUG EventBus             - Firing event: com.theswagbois.towerdefense.event.EnemyDamagedEvent[source=javafx.event.Event$$Lambda$133/0x0000000800d4d408@55bf7e52]
21:14:20.601 [JavaFX Application Thread] DEBUG EventBus             - Firing event: com.theswagbois.towerdefense.event.EnemyKilledEvent[source=javafx.event.Event$$Lambda$133/0x0000000800d4d408@55bf7e52]
21:14:20.603 [JavaFX Application Thread] DEBUG EventBus             - Firing event: com.theswagbois.towerdefense.event.EnemyDamagedEvent[source=javafx.event.Event$$Lambda$133/0x0000000800d4d408@55bf7e52]
21:14:25.417 [JavaFX Application Thread] DEBUG EventBus             - Firing event: com.theswagbois.towerdefense.event.EnemyDamagedEvent[source=javafx.event.Event$$Lambda$133/0x0000000800d4d408@55bf7e52]
21:14:26.667 [JavaFX Application Thread] DEBUG EventBus             - Firing event: com.theswagbois.towerdefense.event.EnemyDamagedEvent[source=javafx.event.Event$$Lambda$133/0x0000000800d4d408@55bf7e52]
21:14:31.983 [JavaFX Application Thread] DEBUG EventBus             - Firing event: com.theswagbois.towerdefense.event.EnemyDamagedEvent[source=javafx.event.Event$$Lambda$133/0x0000000800d4d408@55bf7e52]
21:14:37.766 [JavaFX Application Thread] DEBUG EventBus             - Firing event: com.theswagbois.towerdefense.event.EnemyReachedGoalEvent[source=javafx.event.Event$$Lambda$133/0x0000000800d4d408@55bf7e52]
21:14:38.183 [JavaFX Application Thread] DEBUG EventBus             - Firing event: com.theswagbois.towerdefense.event.EnemyDamagedEvent[source=javafx.event.Event$$Lambda$133/0x0000000800d4d408@55bf7e52]
21:14:39.133 [JavaFX Application Thread] DEBUG EventBus             - Firing event: com.theswagbois.towerdefense.event.EnemyDamagedEvent[source=javafx.event.Event$$Lambda$133/0x0000000800d4d408@55bf7e52]
21:14:40.251 [JavaFX Application Thread] DEBUG EventBus             - Firing event: com.theswagbois.towerdefense.event.EnemyDamagedEvent[source=javafx.event.Event$$Lambda$133/0x0000000800d4d408@55bf7e52]
21:14:41.201 [JavaFX Application Thread] DEBUG EventBus             - Firing event: com.theswagbois.towerdefense.event.EnemyKilledEvent[source=javafx.event.Event$$Lambda$133/0x0000000800d4d408@55bf7e52]
21:14:41.202 [JavaFX Application Thread] DEBUG EventBus             - Firing event: com.theswagbois.towerdefense.event.EnemyDamagedEvent[source=javafx.event.Event$$Lambda$133/0x0000000800d4d408@55bf7e52]
21:14:43.382 [JavaFX Application Thread] DEBUG EventBus             - Firing event: com.theswagbois.towerdefense.event.EnemyDamagedEvent[source=javafx.event.Event$$Lambda$133/0x0000000800d4d408@55bf7e52]
21:14:45.416 [JavaFX Application Thread] DEBUG EventBus             - Firing event: com.theswagbois.towerdefense.event.EnemyReachedGoalEvent[source=javafx.event.Event$$Lambda$133/0x0000000800d4d408@55bf7e52]
21:14:45.483 [JavaFX Application Thread] DEBUG EventBus             - Firing event: com.theswagbois.towerdefense.event.EnemyKilledEvent[source=javafx.event.Event$$Lambda$133/0x0000000800d4d408@55bf7e52]
21:14:45.484 [JavaFX Application Thread] DEBUG EventBus             - Firing event: com.theswagbois.towerdefense.event.EnemyDamagedEvent[source=javafx.event.Event$$Lambda$133/0x0000000800d4d408@55bf7e52]
21:14:45.950 [JavaFX Application Thread] DEBUG EventBus             - Firing event: com.theswagbois.towerdefense.event.EnemyDamagedEvent[source=javafx.event.Event$$Lambda$133/0x0000000800d4d408@55bf7e52]
21:14:46.866 [JavaFX Application Thread] DEBUG EventBus             - Firing event: com.theswagbois.towerdefense.event.EnemyReachedGoalEvent[source=javafx.event.Event$$Lambda$133/0x0000000800d4d408@55bf7e52]
21:14:50.166 [JavaFX Application Thread] DEBUG EventBus             - Firing event: com.theswagbois.towerdefense.event.EnemyDamagedEvent[source=javafx.event.Event$$Lambda$133/0x0000000800d4d408@55bf7e52]
21:14:51.149 [JavaFX Application Thread] DEBUG EventBus             - Firing event: com.theswagbois.towerdefense.event.EnemyReachedGoalEvent[source=javafx.event.Event$$Lambda$133/0x0000000800d4d408@55bf7e52]
21:14:51.815 [JavaFX Application Thread] DEBUG EventBus             - Firing event: com.theswagbois.towerdefense.event.EnemyReachedGoalEvent[source=javafx.event.Event$$Lambda$133/0x0000000800d4d408@55bf7e52]
21:14:54.200 [JavaFX Application Thread] DEBUG EventBus             - Firing event: com.theswagbois.towerdefense.event.EnemyDamagedEvent[source=javafx.event.Event$$Lambda$133/0x0000000800d4d408@55bf7e52]
21:14:54.415 [JavaFX Application Thread] DEBUG EventBus             - Firing event: com.theswagbois.towerdefense.event.EnemyReachedGoalEvent[source=javafx.event.Event$$Lambda$133/0x0000000800d4d408@55bf7e52]
21:14:56.265 [JavaFX Application Thread] DEBUG EventBus             - Firing event: com.theswagbois.towerdefense.event.EnemyReachedGoalEvent[source=javafx.event.Event$$Lambda$133/0x0000000800d4d408@55bf7e52]
21:15:00.482 [JavaFX Application Thread] DEBUG EventBus             - Firing event: com.theswagbois.towerdefense.event.EnemyReachedGoalEvent[source=javafx.event.Event$$Lambda$133/0x0000000800d4d408@55bf7e52]
21:15:00.907 [JavaFX Application Thread] DEBUG FXGLApplication      - Exiting FXGL
21:15:00.907 [JavaFX Application Thread] DEBUG LoopRunner           - Stopping loop
21:15:00.907 [JavaFX Application Thread] DEBUG SystemBundleService  - Saving FXGL system data
21:15:00.910 [JavaFX Application Thread] DEBUG FileSystemAccess     - Writing to: /Users/josephvitko/IdeaProjects/Tower_Defense2/system/fxgl.bundle
21:15:00.912 [JavaFX Application Thread] DEBUG Async                - Shutting down background threads
21:15:00.912 [JavaFX Application Thread] DEBUG PrimaryStageWindow   - Closing main window
21:15:00.921 [JavaFX Application Thread] DEBUG Logger               - Closing Logger
