20:12:22.210 [main                     ] DEBUG Logger               - Configured Logger
20:12:22.221 [main                     ] DEBUG GameApplication      - Logging settings
Title: Tower Defense
Version: 0.0
Width: 800
Height: 600
Fullscreen: false
Intro: false
Profiling: false
Single step:false
App Mode: DEVELOPER
Menu Key: ESCAPE
Stage Style: DECORATED
Scene Factory: class com.theswagbois.towerdefense.MySceneFactory

20:12:22.933 [JavaFX Application Thread] DEBUG FXGLApplication      - Initializing FXGL
20:12:22.936 [JavaFX Application Thread] INFO  Engine               - FXGL-11.17 (16.07.2021 15.46) on MAC (J:16.0.2 FX:16)
20:12:22.937 [JavaFX Application Thread] DEBUG Engine               - JRE Vendor Name: Amazon.com Inc.
20:12:22.937 [JavaFX Application Thread] DEBUG Engine               - Running on OS: Mac OS X version 10.14.6
20:12:22.938 [JavaFX Application Thread] DEBUG Engine               - Architecture: x86_64
20:12:22.938 [JavaFX Application Thread] INFO  Engine               - Source code and latest versions at: https://github.com/AlmasB/FXGL
20:12:22.939 [JavaFX Application Thread] INFO  Engine               -              Join the FXGL chat at: https://gitter.im/AlmasB/FXGL
20:12:23.099 [JavaFX Application Thread] DEBUG PrimaryStageWindow   - Creating a JavaFX scene
20:12:23.152 [JavaFX Application Thread] DEBUG PrimaryStageWindow   - Target settings size: 800.0 x 600.0
20:12:23.152 [JavaFX Application Thread] DEBUG PrimaryStageWindow   - Scaled scene size:    800.0 x 600.0
20:12:23.152 [JavaFX Application Thread] DEBUG PrimaryStageWindow   - Scaled ratio: (1.0, 1.0)
20:12:23.153 [JavaFX Application Thread] DEBUG PrimaryStageWindow   - Set initial scene to FXGLStartupScene
20:12:23.167 [JavaFX Application Thread] DEBUG PrimaryStageWindow   - Opening main window
20:12:23.319 [JavaFX Application Thread] DEBUG PrimaryStageWindow   - Window border size: (0.0, 22.0)
20:12:23.319 [JavaFX Application Thread] DEBUG PrimaryStageWindow   - Scaled size: 800.0 x 600.0
20:12:23.319 [JavaFX Application Thread] DEBUG PrimaryStageWindow   - Scaled ratio: (1.0, 1.0)
20:12:23.319 [JavaFX Application Thread] DEBUG PrimaryStageWindow   - Scene size: 800.0 x 600.0
20:12:23.320 [JavaFX Application Thread] DEBUG PrimaryStageWindow   - Stage size: 800.0 x 622.0
20:12:23.327 [FXGL Background Thread 1 ] DEBUG Engine               - Initializing environment variables
20:12:23.382 [FXGL Background Thread 1 ] DEBUG FXGLAssetLoaderServi - User app class for loading assets: class com.theswagbois.towerdefense.MainApplication
20:12:23.382 [FXGL Background Thread 1 ] DEBUG GameApplicationServi - Applying CSS: fxgl_dark.css
20:12:23.384 [FXGL Background Thread 1 ] DEBUG FXGLAssetLoaderServi - Loading from file system: jar:file:/Users/nicholashulston/.m2/repository/com/github/almasb/fxgl/11.17/fxgl-11.17.jar!/fxglassets/ui/css/fxgl_dark.css
20:12:23.536 [FXGL Background Thread 1 ] DEBUG GameApplicationServi - Initializing application scenes
20:12:24.245 [FXGL Background Thread 1 ] DEBUG GameWorld            - Game world initialized
20:12:24.317 [FXGL Background Thread 1 ] DEBUG PhysicsWorld         - Physics world initialized: appHeight=600, physics.ppm=50.0
20:12:24.317 [FXGL Background Thread 1 ] DEBUG PhysicsWorld         - Using strategy: BRUTE_FORCE
20:12:24.320 [FXGL Background Thread 1 ] DEBUG GameScene            - Game scene initialized: 800x600
20:12:24.404 [FXGL Background Thread 1 ] DEBUG FXGL.DefaultMenu     - createMenuBodyGameMenu()
20:12:24.422 [FXGL Background Thread 1 ] DEBUG FXGL.DefaultMenu     - createOptionsMenu()
20:12:24.433 [FXGL Background Thread 1 ] DEBUG FXGLAssetLoaderServi - Loading from file system: jar:file:/Users/nicholashulston/.m2/repository/com/github/almasb/fxgl/11.17/fxgl-11.17.jar!/fxglassets/textures/particles/smoke.png
20:12:24.518 [FXGL Background Thread 1 ] DEBUG FXGLAssetLoaderServi - Loading from file system: jar:file:/Users/nicholashulston/.m2/repository/com/github/almasb/fxgl/11.17/fxgl-11.17.jar!/fxglassets/textures/particles/trace_horizontal.png
20:12:24.543 [FXGL Background Thread 1 ] DEBUG GameApplicationServi - Application scenes initialized
20:12:24.555 [FXGL Background Thread 1 ] DEBUG SystemBundleService  - Loading FXGL system data
20:12:24.558 [FXGL Background Thread 1 ] DEBUG FileSystemAccess     - Reading from: /Users/nicholashulston/IdeaProjects/Tower_Defense2/system/fxgl.bundle
20:12:24.563 [FXGL Background Thread 1 ] DEBUG SystemBundleService  - Bundle FXGL: {}
20:12:24.564 [FXGL Background Thread 1 ] DEBUG UpdaterService       - Checking for updates
20:12:24.567 [FXGL Background Thread 4 ] DEBUG FXGLApplication      - Loading fonts
20:12:24.568 [FXGL Background Thread 1 ] DEBUG FXGLApplication      - Loading default localization
20:12:24.568 [FXGL Background Thread 4 ] DEBUG FXGLAssetLoaderServi - Loading from file system: jar:file:/Users/nicholashulston/.m2/repository/com/github/almasb/fxgl/11.17/fxgl-11.17.jar!/fxglassets/ui/fonts/VarelaRound-Regular.ttf
20:12:24.570 [FXGL Background Thread 1 ] DEBUG FXGLAssetLoaderServi - Loading from file system: jar:file:/Users/nicholashulston/.m2/repository/com/github/almasb/fxgl/11.17/fxgl-11.17.jar!/fxglassets/languages/english.lang
20:12:24.592 [FXGL Background Thread 1 ] INFO  FXGLApplication      - FXGL initialization took: 1.265 sec
20:12:24.598 [FXGL Background Thread 4 ] DEBUG FXGLAssetLoaderServi - Loading from file system: jar:file:/Users/nicholashulston/.m2/repository/com/github/almasb/fxgl/11.17/fxgl-11.17.jar!/fxglassets/ui/fonts/Abel-Regular.ttf
20:12:24.601 [FXGL Background Thread 4 ] DEBUG FXGLAssetLoaderServi - Loading from file system: jar:file:/Users/nicholashulston/.m2/repository/com/github/almasb/fxgl/11.17/fxgl-11.17.jar!/fxglassets/ui/fonts/lucida_console.ttf
20:12:24.603 [JavaFX Application Thread] DEBUG Input                - Registered new binding: action0 - F
20:12:24.604 [JavaFX Application Thread] DEBUG Input                - Registered new binding: Place Tower - LMB
20:12:24.605 [JavaFX Application Thread] DEBUG FXGLAssetLoaderServi - Loading from file system: jar:file:/Users/nicholashulston/.m2/repository/com/github/almasb/fxgl/11.17/fxgl-11.17.jar!/fxglassets/textures/fxgl_icon.png
20:12:24.605 [FXGL Background Thread 4 ] DEBUG FXGLAssetLoaderServi - Loading from file system: jar:file:/Users/nicholashulston/.m2/repository/com/github/almasb/fxgl/11.17/fxgl-11.17.jar!/fxglassets/ui/fonts/Courier-Prime.ttf
20:12:24.636 [JavaFX Application Thread] DEBUG FXGLAssetLoaderServi - Loading from file system: jar:file:/Users/nicholashulston/.m2/repository/com/github/almasb/fxgl/11.17/fxgl-11.17.jar!/fxglassets/textures/fxgl_default_cursor.png
20:12:24.638 [JavaFX Application Thread] DEBUG Input                - Registered new binding: Screenshot - CTRL+8
20:12:24.639 [JavaFX Application Thread] DEBUG Input                - Registered new binding: System info dump - CTRL+9
20:12:24.639 [JavaFX Application Thread] DEBUG Input                - Registered new binding: Restart - CTRL+R
20:12:24.640 [JavaFX Application Thread] DEBUG Input                - Registered new binding: Toggle Debug Camera - CTRL+C
20:12:24.642 [JavaFX Application Thread] DEBUG LoopRunner           - Starting loop
20:12:24.642 [JavaFX Application Thread] DEBUG LoopRunner           - Initializing JavaFX AnimationTimerLoop
20:12:24.645 [JavaFX Application Thread] DEBUG Input                - Clearing active input actions
20:12:24.655 [JavaFX Application Thread] DEBUG GameApplicationServi - Removing overlay from FXGLStartupScene and adding to FXGLMainMenuDummyScene
20:12:24.656 [JavaFX Application Thread] DEBUG PrimaryStageWindow   - FXGLStartupScene -> FXGLMainMenuDummyScene
20:12:24.656 [JavaFX Application Thread] DEBUG PrimaryStageWindow   - Push state: WelcomeMenu
20:12:24.656 [JavaFX Application Thread] DEBUG Input                - Clearing active input actions
20:12:24.659 [JavaFX Application Thread] DEBUG GameApplicationServi - Removing overlay from FXGLMainMenuDummyScene and adding to WelcomeMenu
20:12:24.660 [JavaFX Application Thread] DEBUG PrimaryStageWindow   - FXGLMainMenuDummyScene -> WelcomeMenu
20:12:24.664 [JavaFX Application Thread] DEBUG FXGLApplication      - Registering font factories with UI factory
20:12:27.571 [FXGL Background Thread 3 ] DEBUG Engine               - Logging environment variables
20:12:27.572 [FXGL Background Thread 3 ] DEBUG Engine               - achievements: []
20:12:27.573 [FXGL Background Thread 3 ] DEBUG Engine               - actualHeight: 600.0
20:12:27.573 [FXGL Background Thread 3 ] DEBUG Engine               - actualHeightProperty: ReadOnlyDoubleProperty [value: 600.0]
20:12:27.573 [FXGL Background Thread 3 ] DEBUG Engine               - actualWidth: 800.0
20:12:27.573 [FXGL Background Thread 3 ] DEBUG Engine               - actualWidthProperty: ReadOnlyDoubleProperty [value: 800.0]
20:12:27.573 [FXGL Background Thread 3 ] DEBUG Engine               - appIcon: fxgl_icon.png
20:12:27.574 [FXGL Background Thread 3 ] DEBUG Engine               - applicationMode: DEVELOPER
20:12:27.574 [FXGL Background Thread 3 ] DEBUG Engine               - cSSList: [fxgl_dark.css]
20:12:27.574 [FXGL Background Thread 3 ] DEBUG Engine               - collisionDetectionStrategy: BRUTE_FORCE
20:12:27.574 [FXGL Background Thread 3 ] DEBUG Engine               - configClass: Optional.empty
20:12:27.575 [FXGL Background Thread 3 ] DEBUG Engine               - credits: []
20:12:27.575 [FXGL Background Thread 3 ] DEBUG Engine               - defaultCursor: CursorInfo(imageName=fxgl_default_cursor.png, hotspotX=7.0, hotspotY=6.0)
20:12:27.575 [FXGL Background Thread 3 ] DEBUG Engine               - devBBoxColorProperty: ObjectProperty [value: 0xff0000ff]
20:12:27.576 [FXGL Background Thread 3 ] DEBUG Engine               - devEnableDebugCameraProperty: BooleanProperty [value: false]
20:12:27.576 [FXGL Background Thread 3 ] DEBUG Engine               - devSensorColorProperty: ObjectProperty [value: 0xffff00ff]
20:12:27.576 [FXGL Background Thread 3 ] DEBUG Engine               - devShowBBoxProperty: BooleanProperty [value: false]
20:12:27.576 [FXGL Background Thread 3 ] DEBUG Engine               - devShowPositionProperty: BooleanProperty [value: false]
20:12:27.576 [FXGL Background Thread 3 ] DEBUG Engine               - enabledMenuItems: []
20:12:27.576 [FXGL Background Thread 3 ] DEBUG Engine               - engineServices: [class com.almasb.fxgl.app.services.FXGLAssetLoaderService, class com.almasb.fxgl.app.FXGLApplication$GameApplicationService, class com.almasb.fxgl.app.services.FXGLDialogService, class com.almasb.fxgl.app.services.IOTaskExecutorService, class com.almasb.fxgl.io.FileSystemService, class com.almasb.fxgl.localization.LocalizationService, class com.almasb.fxgl.app.services.SystemBundleService, class com.almasb.fxgl.profile.SaveLoadService, class com.almasb.fxgl.ui.FXGLUIFactoryServiceProvider, class com.almasb.fxgl.ui.FXGLDialogFactoryServiceProvider, class com.almasb.fxgl.audio.AudioPlayer, class com.almasb.fxgl.notification.impl.NotificationServiceProvider, class com.almasb.fxgl.achievement.AchievementService, class com.almasb.fxgl.cutscene.CutsceneService, class com.almasb.fxgl.minigames.MiniGameService, class com.almasb.fxgl.net.NetService, class com.almasb.fxgl.app.services.UpdaterService, class com.almasb.fxgl.dev.DevService]
20:12:27.577 [FXGL Background Thread 3 ] DEBUG Engine               - fontGame: Abel-Regular.ttf
20:12:27.577 [FXGL Background Thread 3 ] DEBUG Engine               - fontMono: lucida_console.ttf
20:12:27.577 [FXGL Background Thread 3 ] DEBUG Engine               - fontText: Courier-Prime.ttf
20:12:27.577 [FXGL Background Thread 3 ] DEBUG Engine               - fontUI: VarelaRound-Regular.ttf
20:12:27.577 [FXGL Background Thread 3 ] DEBUG Engine               - fullScreen: BooleanProperty [value: false]
20:12:27.577 [FXGL Background Thread 3 ] DEBUG Engine               - gameDifficulty: MEDIUM
20:12:27.577 [FXGL Background Thread 3 ] DEBUG Engine               - gameDifficultyProperty: ObjectProperty [value: MEDIUM]
20:12:27.578 [FXGL Background Thread 3 ] DEBUG Engine               - globalMusicVolume: 0.5
20:12:27.578 [FXGL Background Thread 3 ] DEBUG Engine               - globalMusicVolumeProperty: DoubleProperty [value: 0.5]
20:12:27.578 [FXGL Background Thread 3 ] DEBUG Engine               - globalSoundVolume: 0.5
20:12:27.578 [FXGL Background Thread 3 ] DEBUG Engine               - globalSoundVolumeProperty: DoubleProperty [value: 0.5]
20:12:27.578 [FXGL Background Thread 3 ] DEBUG Engine               - height: 600
20:12:27.578 [FXGL Background Thread 3 ] DEBUG Engine               - is3D: false
20:12:27.579 [FXGL Background Thread 3 ] DEBUG Engine               - isAndroid: false
20:12:27.579 [FXGL Background Thread 3 ] DEBUG Engine               - isBrowser: false
20:12:27.579 [FXGL Background Thread 3 ] DEBUG Engine               - isClickFeedbackEnabled: false
20:12:27.580 [FXGL Background Thread 3 ] DEBUG Engine               - isCloseConfirmation: false
20:12:27.580 [FXGL Background Thread 3 ] DEBUG Engine               - isDesktop: true
20:12:27.580 [FXGL Background Thread 3 ] DEBUG Engine               - isDeveloperMenuEnabled: false
20:12:27.580 [FXGL Background Thread 3 ] DEBUG Engine               - isEntityPreloadEnabled: true
20:12:27.580 [FXGL Background Thread 3 ] DEBUG Engine               - isExperimentalTiledLargeMap: false
20:12:27.581 [FXGL Background Thread 3 ] DEBUG Engine               - isFileSystemWriteAllowed: true
20:12:27.581 [FXGL Background Thread 3 ] DEBUG Engine               - isFullScreenAllowed: false
20:12:27.581 [FXGL Background Thread 3 ] DEBUG Engine               - isFullScreenFromStart: false
20:12:27.581 [FXGL Background Thread 3 ] DEBUG Engine               - isGameMenuEnabled: true
20:12:27.581 [FXGL Background Thread 3 ] DEBUG Engine               - isIOS: false
20:12:27.582 [FXGL Background Thread 3 ] DEBUG Engine               - isIntroEnabled: false
20:12:27.582 [FXGL Background Thread 3 ] DEBUG Engine               - isLinux: false
20:12:27.582 [FXGL Background Thread 3 ] DEBUG Engine               - isMac: true
20:12:27.582 [FXGL Background Thread 3 ] DEBUG Engine               - isMainMenuEnabled: true
20:12:27.582 [FXGL Background Thread 3 ] DEBUG Engine               - isManualResizeEnabled: false
20:12:27.582 [FXGL Background Thread 3 ] DEBUG Engine               - isMobile: false
20:12:27.582 [FXGL Background Thread 3 ] DEBUG Engine               - isNative: false
20:12:27.583 [FXGL Background Thread 3 ] DEBUG Engine               - isPauseMusicWhenMinimized: true
20:12:27.583 [FXGL Background Thread 3 ] DEBUG Engine               - isPreserveResizeRatio: false
20:12:27.583 [FXGL Background Thread 3 ] DEBUG Engine               - isProfilingEnabled: false
20:12:27.583 [FXGL Background Thread 3 ] DEBUG Engine               - isScaleAffectedOnResize: true
20:12:27.583 [FXGL Background Thread 3 ] DEBUG Engine               - isSingleStep: false
20:12:27.583 [FXGL Background Thread 3 ] DEBUG Engine               - isUserProfileEnabled: false
20:12:27.583 [FXGL Background Thread 3 ] DEBUG Engine               - isWindows: false
20:12:27.583 [FXGL Background Thread 3 ] DEBUG Engine               - language: ObjectProperty [value: ENGLISH]
20:12:27.583 [FXGL Background Thread 3 ] DEBUG Engine               - menuKey: ESCAPE
20:12:27.584 [FXGL Background Thread 3 ] DEBUG Engine               - mouseSensitivity: 0.2
20:12:27.584 [FXGL Background Thread 3 ] DEBUG Engine               - notificationViewClass: class com.almasb.fxgl.notification.view.XboxNotificationView
20:12:27.584 [FXGL Background Thread 3 ] DEBUG Engine               - pixelsPerMeter: 50.0
20:12:27.584 [FXGL Background Thread 3 ] DEBUG Engine               - platform: MAC
20:12:27.584 [FXGL Background Thread 3 ] DEBUG Engine               - prefHeightProperty: ReadOnlyDoubleProperty [value: 600.0]
20:12:27.584 [FXGL Background Thread 3 ] DEBUG Engine               - prefWidthProperty: ReadOnlyDoubleProperty [value: 800.0]
20:12:27.584 [FXGL Background Thread 3 ] DEBUG Engine               - profileDir: profiles/
20:12:27.584 [FXGL Background Thread 3 ] DEBUG Engine               - profileName: StringProperty [value: DEFAULT]
20:12:27.585 [FXGL Background Thread 3 ] DEBUG Engine               - randomSeed: -1
20:12:27.585 [FXGL Background Thread 3 ] DEBUG Engine               - runtimeInfo: RuntimeInfo(platform=MAC, version=11.17, build=16.07.2021 15.46)
20:12:27.585 [FXGL Background Thread 3 ] DEBUG Engine               - saveFileExt: sav
20:12:27.585 [FXGL Background Thread 3 ] DEBUG Engine               - scaledHeightProp$fxgl: DoubleProperty [bound, value: 600.0]
20:12:27.585 [FXGL Background Thread 3 ] DEBUG Engine               - scaledWidthProp$fxgl: DoubleProperty [bound, value: 800.0]
20:12:27.585 [FXGL Background Thread 3 ] DEBUG Engine               - sceneFactory: com.theswagbois.towerdefense.MySceneFactory@50c145ec
20:12:27.586 [FXGL Background Thread 3 ] DEBUG Engine               - secondsIn24h: 60
20:12:27.586 [FXGL Background Thread 3 ] DEBUG Engine               - soundMenuBack: menu/back.wav
20:12:27.586 [FXGL Background Thread 3 ] DEBUG Engine               - soundMenuPress: menu/press.wav
20:12:27.586 [FXGL Background Thread 3 ] DEBUG Engine               - soundMenuSelect: menu/select.wav
20:12:27.586 [FXGL Background Thread 3 ] DEBUG Engine               - soundNotification: core/notification.wav
20:12:27.586 [FXGL Background Thread 3 ] DEBUG Engine               - stageStyle: DECORATED
20:12:27.586 [FXGL Background Thread 3 ] DEBUG Engine               - supportedLanguages: [ENGLISH, FRENCH, GERMAN, HUNGARIAN, RUSSIAN]
20:12:27.586 [FXGL Background Thread 3 ] DEBUG Engine               - ticksPerSecond: -1
20:12:27.587 [FXGL Background Thread 3 ] DEBUG Engine               - title: Tower Defense
20:12:27.587 [FXGL Background Thread 3 ] DEBUG Engine               - urlGithub: https://github.com/AlmasB/FXGL
20:12:27.587 [FXGL Background Thread 3 ] DEBUG Engine               - urlLeaderboard: http://fxgl-top.herokuapp.com/
20:12:27.587 [FXGL Background Thread 3 ] DEBUG Engine               - urlPOM: https://raw.githubusercontent.com/AlmasB/FXGL/release/README.md
20:12:27.587 [FXGL Background Thread 3 ] DEBUG Engine               - userAppClass: class com.theswagbois.towerdefense.MainApplication
20:12:27.588 [FXGL Background Thread 3 ] DEBUG Engine               - version: 0.0
20:12:27.588 [FXGL Background Thread 3 ] DEBUG Engine               - versionCheckDays: 7
20:12:27.588 [FXGL Background Thread 3 ] DEBUG Engine               - width: 800
20:12:27.588 [FXGL Background Thread 3 ] DEBUG Engine               - Logging services
20:12:27.588 [FXGL Background Thread 3 ] DEBUG Engine               - class com.almasb.fxgl.app.services.FXGLAssetLoaderService
20:12:27.588 [FXGL Background Thread 3 ] DEBUG Engine               - class com.almasb.fxgl.app.FXGLApplication$GameApplicationService
20:12:27.588 [FXGL Background Thread 3 ] DEBUG Engine               - class com.almasb.fxgl.app.services.FXGLDialogService
20:12:27.588 [FXGL Background Thread 3 ] DEBUG Engine               - class com.almasb.fxgl.app.services.IOTaskExecutorService
20:12:27.588 [FXGL Background Thread 3 ] DEBUG Engine               - class com.almasb.fxgl.io.FileSystemService
20:12:27.588 [FXGL Background Thread 3 ] DEBUG Engine               - class com.almasb.fxgl.localization.LocalizationService
20:12:27.589 [FXGL Background Thread 3 ] DEBUG Engine               - class com.almasb.fxgl.app.services.SystemBundleService
20:12:27.589 [FXGL Background Thread 3 ] DEBUG Engine               - class com.almasb.fxgl.profile.SaveLoadService
20:12:27.589 [FXGL Background Thread 3 ] DEBUG Engine               - class com.almasb.fxgl.ui.FXGLUIFactoryServiceProvider
20:12:27.589 [FXGL Background Thread 3 ] DEBUG Engine               - class com.almasb.fxgl.ui.FXGLDialogFactoryServiceProvider
20:12:27.589 [FXGL Background Thread 3 ] DEBUG Engine               - class com.almasb.fxgl.audio.AudioPlayer
20:12:27.589 [FXGL Background Thread 3 ] DEBUG Engine               - class com.almasb.fxgl.notification.impl.NotificationServiceProvider
20:12:27.589 [FXGL Background Thread 3 ] DEBUG Engine               - class com.almasb.fxgl.achievement.AchievementService
20:12:27.589 [FXGL Background Thread 3 ] DEBUG Engine               - class com.almasb.fxgl.cutscene.CutsceneService
20:12:27.589 [FXGL Background Thread 3 ] DEBUG Engine               - class com.almasb.fxgl.minigames.MiniGameService
20:12:27.589 [FXGL Background Thread 3 ] DEBUG Engine               - class com.almasb.fxgl.net.NetService
20:12:27.589 [FXGL Background Thread 3 ] DEBUG Engine               - class com.almasb.fxgl.app.services.UpdaterService
20:12:27.589 [FXGL Background Thread 3 ] DEBUG Engine               - class com.almasb.fxgl.dev.DevService
20:12:28.060 [JavaFX Application Thread] DEBUG Menu                 - fireNewGame()
20:12:28.060 [JavaFX Application Thread] DEBUG GameApplicationServi - Starting new game
20:12:28.061 [JavaFX Application Thread] DEBUG PrimaryStageWindow   - Pop state: WelcomeMenu
20:12:28.061 [JavaFX Application Thread] DEBUG Input                - Clearing active input actions
20:12:28.062 [JavaFX Application Thread] DEBUG GameApplicationServi - Removing overlay from WelcomeMenu and adding to FXGLMainMenuDummyScene
20:12:28.062 [JavaFX Application Thread] DEBUG PrimaryStageWindow   - FXGLMainMenuDummyScene <- WelcomeMenu
20:12:28.062 [JavaFX Application Thread] DEBUG Input                - Clearing active input actions
20:12:28.071 [JavaFX Application Thread] DEBUG GameApplicationServi - Removing overlay from FXGLMainMenuDummyScene and adding to FXGLLoadingScene
20:12:28.072 [JavaFX Application Thread] DEBUG PrimaryStageWindow   - FXGLMainMenuDummyScene -> FXGLLoadingScene
20:12:28.072 [JavaFX Application Thread] DEBUG GameApplicationServi - Clearing previous game
20:12:28.072 [JavaFX Application Thread] DEBUG GameScene            - Clearing game scene
20:12:28.072 [JavaFX Application Thread] DEBUG GameWorld            - Clearing game world
20:12:28.072 [JavaFX Application Thread] DEBUG PhysicsWorld         - Clearing physics world
20:12:28.074 [FXGL Background Thread 2 ] DEBUG FXGLApplication      - Initializing game
20:12:28.090 [FXGL Background Thread 2 ] DEBUG FXGLAssetLoaderServi - Loading JSON from: file:/Users/nicholashulston/IdeaProjects/Tower_Defense2/target/classes/assets/tower1.json
20:12:28.355 [FXGL Background Thread 2 ] DEBUG FXGLAssetLoaderServi - Loading JSON from: file:/Users/nicholashulston/IdeaProjects/Tower_Defense2/target/classes/assets/tower2.json
20:12:28.357 [FXGL Background Thread 2 ] DEBUG FXGLAssetLoaderServi - Loading JSON from: file:/Users/nicholashulston/IdeaProjects/Tower_Defense2/target/classes/assets/tower3.json
20:12:28.382 [FXGL Background Thread 2 ] INFO  FXGLApplication      - Game initialization took: 0.308 sec
20:12:28.382 [JavaFX Application Thread] DEBUG Input                - Clearing active input actions
20:12:28.390 [JavaFX Application Thread] DEBUG GameApplicationServi - Removing overlay from FXGLLoadingScene and adding to GameScene
20:12:28.390 [JavaFX Application Thread] DEBUG PrimaryStageWindow   - FXGLLoadingScene -> GameScene
20:12:29.465 [JavaFX Application Thread] DEBUG FXGLApplication      - Exiting FXGL
20:12:29.465 [JavaFX Application Thread] DEBUG LoopRunner           - Stopping loop
20:12:29.465 [JavaFX Application Thread] DEBUG SystemBundleService  - Saving FXGL system data
20:12:29.469 [JavaFX Application Thread] DEBUG FileSystemAccess     - Writing to: /Users/nicholashulston/IdeaProjects/Tower_Defense2/system/fxgl.bundle
20:12:29.471 [JavaFX Application Thread] DEBUG Async                - Shutting down background threads
20:12:29.471 [JavaFX Application Thread] DEBUG PrimaryStageWindow   - Closing main window
20:12:29.478 [JavaFX Application Thread] DEBUG Logger               - Closing Logger
