21:32:31.134 [main                     ] DEBUG Logger               - Configured Logger
21:32:31.144 [main                     ] DEBUG GameApplication      - Logging settings
Title: Tower Defense
Version: 0.0
Width: 800
Height: 600
Fullscreen: false
Intro: false
Profiling: false
Single step:false
App Mode: DEVELOPER
Menu Key: ESCAPE
Stage Style: DECORATED
Scene Factory: class com.theswagbois.towerdefense.MySceneFactory

21:32:32.533 [JavaFX Application Thread] DEBUG FXGLApplication      - Initializing FXGL
21:32:32.538 [JavaFX Application Thread] INFO  Engine               - FXGL-11.17 (16.07.2021 15.46) on MAC (J:16.0.2 FX:16)
21:32:32.538 [JavaFX Application Thread] DEBUG Engine               - JRE Vendor Name: Amazon.com Inc.
21:32:32.539 [JavaFX Application Thread] DEBUG Engine               - Running on OS: Mac OS X version 10.15.7
21:32:32.539 [JavaFX Application Thread] DEBUG Engine               - Architecture: x86_64
21:32:32.539 [JavaFX Application Thread] INFO  Engine               - Source code and latest versions at: https://github.com/AlmasB/FXGL
21:32:32.540 [JavaFX Application Thread] INFO  Engine               -              Join the FXGL chat at: https://gitter.im/AlmasB/FXGL
21:32:32.777 [JavaFX Application Thread] DEBUG PrimaryStageWindow   - Creating a JavaFX scene
21:32:32.854 [JavaFX Application Thread] DEBUG PrimaryStageWindow   - Target settings size: 800.0 x 600.0
21:32:32.854 [JavaFX Application Thread] DEBUG PrimaryStageWindow   - Scaled scene size:    800.0 x 600.0
21:32:32.855 [JavaFX Application Thread] DEBUG PrimaryStageWindow   - Scaled ratio: (1.0, 1.0)
21:32:32.857 [JavaFX Application Thread] DEBUG PrimaryStageWindow   - Set initial scene to FXGLStartupScene
21:32:32.874 [JavaFX Application Thread] DEBUG PrimaryStageWindow   - Opening main window
21:32:33.044 [JavaFX Application Thread] DEBUG PrimaryStageWindow   - Window border size: (0.0, 22.0)
21:32:33.045 [JavaFX Application Thread] DEBUG PrimaryStageWindow   - Scaled size: 800.0 x 600.0
21:32:33.045 [JavaFX Application Thread] DEBUG PrimaryStageWindow   - Scaled ratio: (1.0, 1.0)
21:32:33.046 [JavaFX Application Thread] DEBUG PrimaryStageWindow   - Scene size: 800.0 x 600.0
21:32:33.046 [JavaFX Application Thread] DEBUG PrimaryStageWindow   - Stage size: 800.0 x 622.0
21:32:33.059 [FXGL Background Thread 1 ] DEBUG Engine               - Initializing environment variables
21:32:33.148 [FXGL Background Thread 1 ] DEBUG FXGLAssetLoaderServi - User app class for loading assets: class com.theswagbois.towerdefense.MainApplication
21:32:33.148 [FXGL Background Thread 1 ] DEBUG GameApplicationServi - Applying CSS: fxgl_dark.css
21:32:33.151 [FXGL Background Thread 1 ] DEBUG FXGLAssetLoaderServi - Loading from file system: jar:file:/Users/josephvitko/.m2/repository/com/github/almasb/fxgl/11.17/fxgl-11.17.jar!/fxglassets/ui/css/fxgl_dark.css
21:32:33.248 [FXGL Background Thread 1 ] DEBUG GameApplicationServi - Initializing application scenes
21:32:33.846 [FXGL Background Thread 1 ] DEBUG GameWorld            - Game world initialized
21:32:33.916 [FXGL Background Thread 1 ] DEBUG PhysicsWorld         - Physics world initialized: appHeight=600, physics.ppm=50.0
21:32:33.916 [FXGL Background Thread 1 ] DEBUG PhysicsWorld         - Using strategy: BRUTE_FORCE
21:32:33.920 [FXGL Background Thread 1 ] DEBUG GameScene            - Game scene initialized: 800x600
21:32:33.988 [FXGL Background Thread 1 ] DEBUG FXGL.DefaultMenu     - createMenuBodyGameMenu()
21:32:34.024 [FXGL Background Thread 1 ] DEBUG FXGL.DefaultMenu     - createOptionsMenu()
21:32:34.046 [FXGL Background Thread 1 ] DEBUG FXGLAssetLoaderServi - Loading from file system: jar:file:/Users/josephvitko/.m2/repository/com/github/almasb/fxgl/11.17/fxgl-11.17.jar!/fxglassets/textures/particles/smoke.png
21:32:34.183 [FXGL Background Thread 1 ] DEBUG FXGLAssetLoaderServi - Loading from file system: jar:file:/Users/josephvitko/.m2/repository/com/github/almasb/fxgl/11.17/fxgl-11.17.jar!/fxglassets/textures/particles/trace_horizontal.png
21:32:34.241 [FXGL Background Thread 1 ] DEBUG GameApplicationServi - Application scenes initialized
21:32:34.276 [FXGL Background Thread 1 ] DEBUG SystemBundleService  - Loading FXGL system data
21:32:34.284 [FXGL Background Thread 1 ] DEBUG FileSystemAccess     - Reading from: /Users/josephvitko/IdeaProjects/Tower_Defense2/system/fxgl.bundle
21:32:34.294 [FXGL Background Thread 1 ] DEBUG SystemBundleService  - Bundle FXGL: {}
21:32:34.295 [FXGL Background Thread 1 ] DEBUG UpdaterService       - Checking for updates
21:32:34.349 [FXGL Background Thread 4 ] DEBUG FXGLApplication      - Loading fonts
21:32:34.350 [FXGL Background Thread 1 ] DEBUG FXGLApplication      - Loading default localization
21:32:34.350 [FXGL Background Thread 4 ] DEBUG FXGLAssetLoaderServi - Loading from file system: jar:file:/Users/josephvitko/.m2/repository/com/github/almasb/fxgl/11.17/fxgl-11.17.jar!/fxglassets/ui/fonts/VarelaRound-Regular.ttf
21:32:34.353 [FXGL Background Thread 1 ] DEBUG FXGLAssetLoaderServi - Loading from file system: jar:file:/Users/josephvitko/.m2/repository/com/github/almasb/fxgl/11.17/fxgl-11.17.jar!/fxglassets/languages/english.lang
21:32:34.376 [FXGL Background Thread 1 ] INFO  FXGLApplication      - FXGL initialization took: 1.316 sec
21:32:34.381 [FXGL Background Thread 4 ] DEBUG FXGLAssetLoaderServi - Loading from file system: jar:file:/Users/josephvitko/.m2/repository/com/github/almasb/fxgl/11.17/fxgl-11.17.jar!/fxglassets/ui/fonts/Abel-Regular.ttf
21:32:34.387 [FXGL Background Thread 4 ] DEBUG FXGLAssetLoaderServi - Loading from file system: jar:file:/Users/josephvitko/.m2/repository/com/github/almasb/fxgl/11.17/fxgl-11.17.jar!/fxglassets/ui/fonts/lucida_console.ttf
21:32:34.392 [JavaFX Application Thread] DEBUG Input                - Registered new binding: action0 - F
21:32:34.394 [FXGL Background Thread 4 ] DEBUG FXGLAssetLoaderServi - Loading from file system: jar:file:/Users/josephvitko/.m2/repository/com/github/almasb/fxgl/11.17/fxgl-11.17.jar!/fxglassets/ui/fonts/Courier-Prime.ttf
21:32:34.394 [JavaFX Application Thread] DEBUG Input                - Registered new binding: Place Tower - LMB
21:32:34.396 [JavaFX Application Thread] DEBUG FXGLAssetLoaderServi - Loading from file system: jar:file:/Users/josephvitko/.m2/repository/com/github/almasb/fxgl/11.17/fxgl-11.17.jar!/fxglassets/textures/fxgl_icon.png
21:32:34.435 [JavaFX Application Thread] DEBUG FXGLAssetLoaderServi - Loading from file system: jar:file:/Users/josephvitko/.m2/repository/com/github/almasb/fxgl/11.17/fxgl-11.17.jar!/fxglassets/textures/fxgl_default_cursor.png
21:32:34.438 [JavaFX Application Thread] DEBUG Input                - Registered new binding: Screenshot - CTRL+8
21:32:34.439 [JavaFX Application Thread] DEBUG Input                - Registered new binding: System info dump - CTRL+9
21:32:34.440 [JavaFX Application Thread] DEBUG Input                - Registered new binding: Restart - CTRL+R
21:32:34.441 [JavaFX Application Thread] DEBUG Input                - Registered new binding: Toggle Debug Camera - CTRL+C
21:32:34.445 [JavaFX Application Thread] DEBUG LoopRunner           - Starting loop
21:32:34.445 [JavaFX Application Thread] DEBUG LoopRunner           - Initializing JavaFX AnimationTimerLoop
21:32:34.451 [JavaFX Application Thread] DEBUG Input                - Clearing active input actions
21:32:34.464 [JavaFX Application Thread] DEBUG GameApplicationServi - Removing overlay from FXGLStartupScene and adding to FXGLMainMenuDummyScene
21:32:34.465 [JavaFX Application Thread] DEBUG PrimaryStageWindow   - FXGLStartupScene -> FXGLMainMenuDummyScene
21:32:34.466 [JavaFX Application Thread] DEBUG PrimaryStageWindow   - Push state: WelcomeMenu
21:32:34.466 [JavaFX Application Thread] DEBUG Input                - Clearing active input actions
21:32:34.471 [JavaFX Application Thread] DEBUG GameApplicationServi - Removing overlay from FXGLMainMenuDummyScene and adding to WelcomeMenu
21:32:34.472 [JavaFX Application Thread] DEBUG PrimaryStageWindow   - FXGLMainMenuDummyScene -> WelcomeMenu
21:32:34.489 [JavaFX Application Thread] DEBUG FXGLApplication      - Registering font factories with UI factory
21:32:37.301 [FXGL Background Thread 3 ] DEBUG Engine               - Logging environment variables
21:32:37.302 [FXGL Background Thread 3 ] DEBUG Engine               - achievements: []
21:32:37.302 [FXGL Background Thread 3 ] DEBUG Engine               - actualHeight: 600.0
21:32:37.302 [FXGL Background Thread 3 ] DEBUG Engine               - actualHeightProperty: ReadOnlyDoubleProperty [value: 600.0]
21:32:37.303 [FXGL Background Thread 3 ] DEBUG Engine               - actualWidth: 800.0
21:32:37.303 [FXGL Background Thread 3 ] DEBUG Engine               - actualWidthProperty: ReadOnlyDoubleProperty [value: 800.0]
21:32:37.304 [FXGL Background Thread 3 ] DEBUG Engine               - appIcon: fxgl_icon.png
21:32:37.304 [FXGL Background Thread 3 ] DEBUG Engine               - applicationMode: DEVELOPER
21:32:37.304 [FXGL Background Thread 3 ] DEBUG Engine               - cSSList: [fxgl_dark.css]
21:32:37.305 [FXGL Background Thread 3 ] DEBUG Engine               - collisionDetectionStrategy: BRUTE_FORCE
21:32:37.306 [FXGL Background Thread 3 ] DEBUG Engine               - configClass: Optional.empty
21:32:37.306 [FXGL Background Thread 3 ] DEBUG Engine               - credits: []
21:32:37.306 [FXGL Background Thread 3 ] DEBUG Engine               - defaultCursor: CursorInfo(imageName=fxgl_default_cursor.png, hotspotX=7.0, hotspotY=6.0)
21:32:37.307 [FXGL Background Thread 3 ] DEBUG Engine               - devBBoxColorProperty: ObjectProperty [value: 0xff0000ff]
21:32:37.307 [FXGL Background Thread 3 ] DEBUG Engine               - devEnableDebugCameraProperty: BooleanProperty [value: false]
21:32:37.307 [FXGL Background Thread 3 ] DEBUG Engine               - devSensorColorProperty: ObjectProperty [value: 0xffff00ff]
21:32:37.308 [FXGL Background Thread 3 ] DEBUG Engine               - devShowBBoxProperty: BooleanProperty [value: false]
21:32:37.308 [FXGL Background Thread 3 ] DEBUG Engine               - devShowPositionProperty: BooleanProperty [value: false]
21:32:37.308 [FXGL Background Thread 3 ] DEBUG Engine               - enabledMenuItems: []
21:32:37.308 [FXGL Background Thread 3 ] DEBUG Engine               - engineServices: [class com.almasb.fxgl.app.services.FXGLAssetLoaderService, class com.almasb.fxgl.app.FXGLApplication$GameApplicationService, class com.almasb.fxgl.app.services.FXGLDialogService, class com.almasb.fxgl.app.services.IOTaskExecutorService, class com.almasb.fxgl.io.FileSystemService, class com.almasb.fxgl.localization.LocalizationService, class com.almasb.fxgl.app.services.SystemBundleService, class com.almasb.fxgl.profile.SaveLoadService, class com.almasb.fxgl.ui.FXGLUIFactoryServiceProvider, class com.almasb.fxgl.ui.FXGLDialogFactoryServiceProvider, class com.almasb.fxgl.audio.AudioPlayer, class com.almasb.fxgl.notification.impl.NotificationServiceProvider, class com.almasb.fxgl.achievement.AchievementService, class com.almasb.fxgl.cutscene.CutsceneService, class com.almasb.fxgl.minigames.MiniGameService, class com.almasb.fxgl.net.NetService, class com.almasb.fxgl.app.services.UpdaterService, class com.almasb.fxgl.dev.DevService]
21:32:37.308 [FXGL Background Thread 3 ] DEBUG Engine               - fontGame: Abel-Regular.ttf
21:32:37.309 [FXGL Background Thread 3 ] DEBUG Engine               - fontMono: lucida_console.ttf
21:32:37.309 [FXGL Background Thread 3 ] DEBUG Engine               - fontText: Courier-Prime.ttf
21:32:37.309 [FXGL Background Thread 3 ] DEBUG Engine               - fontUI: VarelaRound-Regular.ttf
21:32:37.309 [FXGL Background Thread 3 ] DEBUG Engine               - fullScreen: BooleanProperty [value: false]
21:32:37.310 [FXGL Background Thread 3 ] DEBUG Engine               - gameDifficulty: MEDIUM
21:32:37.310 [FXGL Background Thread 3 ] DEBUG Engine               - gameDifficultyProperty: ObjectProperty [value: MEDIUM]
21:32:37.310 [FXGL Background Thread 3 ] DEBUG Engine               - globalMusicVolume: 0.5
21:32:37.310 [FXGL Background Thread 3 ] DEBUG Engine               - globalMusicVolumeProperty: DoubleProperty [value: 0.5]
21:32:37.310 [FXGL Background Thread 3 ] DEBUG Engine               - globalSoundVolume: 0.5
21:32:37.310 [FXGL Background Thread 3 ] DEBUG Engine               - globalSoundVolumeProperty: DoubleProperty [value: 0.5]
21:32:37.311 [FXGL Background Thread 3 ] DEBUG Engine               - height: 600
21:32:37.311 [FXGL Background Thread 3 ] DEBUG Engine               - is3D: false
21:32:37.311 [FXGL Background Thread 3 ] DEBUG Engine               - isAndroid: false
21:32:37.311 [FXGL Background Thread 3 ] DEBUG Engine               - isBrowser: false
21:32:37.312 [FXGL Background Thread 3 ] DEBUG Engine               - isClickFeedbackEnabled: false
21:32:37.312 [FXGL Background Thread 3 ] DEBUG Engine               - isCloseConfirmation: false
21:32:37.312 [FXGL Background Thread 3 ] DEBUG Engine               - isDesktop: true
21:32:37.312 [FXGL Background Thread 3 ] DEBUG Engine               - isDeveloperMenuEnabled: false
21:32:37.312 [FXGL Background Thread 3 ] DEBUG Engine               - isEntityPreloadEnabled: true
21:32:37.313 [FXGL Background Thread 3 ] DEBUG Engine               - isExperimentalTiledLargeMap: false
21:32:37.313 [FXGL Background Thread 3 ] DEBUG Engine               - isFileSystemWriteAllowed: true
21:32:37.313 [FXGL Background Thread 3 ] DEBUG Engine               - isFullScreenAllowed: false
21:32:37.313 [FXGL Background Thread 3 ] DEBUG Engine               - isFullScreenFromStart: false
21:32:37.313 [FXGL Background Thread 3 ] DEBUG Engine               - isGameMenuEnabled: true
21:32:37.314 [FXGL Background Thread 3 ] DEBUG Engine               - isIOS: false
21:32:37.314 [FXGL Background Thread 3 ] DEBUG Engine               - isIntroEnabled: false
21:32:37.314 [FXGL Background Thread 3 ] DEBUG Engine               - isLinux: false
21:32:37.314 [FXGL Background Thread 3 ] DEBUG Engine               - isMac: true
21:32:37.314 [FXGL Background Thread 3 ] DEBUG Engine               - isMainMenuEnabled: true
21:32:37.314 [FXGL Background Thread 3 ] DEBUG Engine               - isManualResizeEnabled: false
21:32:37.315 [FXGL Background Thread 3 ] DEBUG Engine               - isMobile: false
21:32:37.315 [FXGL Background Thread 3 ] DEBUG Engine               - isNative: false
21:32:37.315 [FXGL Background Thread 3 ] DEBUG Engine               - isPauseMusicWhenMinimized: true
21:32:37.315 [FXGL Background Thread 3 ] DEBUG Engine               - isPreserveResizeRatio: false
21:32:37.315 [FXGL Background Thread 3 ] DEBUG Engine               - isProfilingEnabled: false
21:32:37.316 [FXGL Background Thread 3 ] DEBUG Engine               - isScaleAffectedOnResize: true
21:32:37.316 [FXGL Background Thread 3 ] DEBUG Engine               - isSingleStep: false
21:32:37.316 [FXGL Background Thread 3 ] DEBUG Engine               - isUserProfileEnabled: false
21:32:37.316 [FXGL Background Thread 3 ] DEBUG Engine               - isWindows: false
21:32:37.316 [FXGL Background Thread 3 ] DEBUG Engine               - language: ObjectProperty [value: ENGLISH]
21:32:37.316 [FXGL Background Thread 3 ] DEBUG Engine               - menuKey: ESCAPE
21:32:37.317 [FXGL Background Thread 3 ] DEBUG Engine               - mouseSensitivity: 0.2
21:32:37.317 [FXGL Background Thread 3 ] DEBUG Engine               - notificationViewClass: class com.almasb.fxgl.notification.view.XboxNotificationView
21:32:37.317 [FXGL Background Thread 3 ] DEBUG Engine               - pixelsPerMeter: 50.0
21:32:37.317 [FXGL Background Thread 3 ] DEBUG Engine               - platform: MAC
21:32:37.317 [FXGL Background Thread 3 ] DEBUG Engine               - prefHeightProperty: ReadOnlyDoubleProperty [value: 600.0]
21:32:37.318 [FXGL Background Thread 3 ] DEBUG Engine               - prefWidthProperty: ReadOnlyDoubleProperty [value: 800.0]
21:32:37.318 [FXGL Background Thread 3 ] DEBUG Engine               - profileDir: profiles/
21:32:37.318 [FXGL Background Thread 3 ] DEBUG Engine               - profileName: StringProperty [value: DEFAULT]
21:32:37.318 [FXGL Background Thread 3 ] DEBUG Engine               - randomSeed: -1
21:32:37.318 [FXGL Background Thread 3 ] DEBUG Engine               - runtimeInfo: RuntimeInfo(platform=MAC, version=11.17, build=16.07.2021 15.46)
21:32:37.318 [FXGL Background Thread 3 ] DEBUG Engine               - saveFileExt: sav
21:32:37.319 [FXGL Background Thread 3 ] DEBUG Engine               - scaledHeightProp$fxgl: DoubleProperty [bound, value: 600.0]
21:32:37.319 [FXGL Background Thread 3 ] DEBUG Engine               - scaledWidthProp$fxgl: DoubleProperty [bound, value: 800.0]
21:32:37.319 [FXGL Background Thread 3 ] DEBUG Engine               - sceneFactory: com.theswagbois.towerdefense.MySceneFactory@655d8f5a
21:32:37.319 [FXGL Background Thread 3 ] DEBUG Engine               - secondsIn24h: 60
21:32:37.320 [FXGL Background Thread 3 ] DEBUG Engine               - soundMenuBack: menu/back.wav
21:32:37.320 [FXGL Background Thread 3 ] DEBUG Engine               - soundMenuPress: menu/press.wav
21:32:37.320 [FXGL Background Thread 3 ] DEBUG Engine               - soundMenuSelect: menu/select.wav
21:32:37.320 [FXGL Background Thread 3 ] DEBUG Engine               - soundNotification: core/notification.wav
21:32:37.320 [FXGL Background Thread 3 ] DEBUG Engine               - stageStyle: DECORATED
21:32:37.321 [FXGL Background Thread 3 ] DEBUG Engine               - supportedLanguages: [ENGLISH, FRENCH, GERMAN, HUNGARIAN, RUSSIAN]
21:32:37.321 [FXGL Background Thread 3 ] DEBUG Engine               - ticksPerSecond: -1
21:32:37.321 [FXGL Background Thread 3 ] DEBUG Engine               - title: Tower Defense
21:32:37.321 [FXGL Background Thread 3 ] DEBUG Engine               - urlGithub: https://github.com/AlmasB/FXGL
21:32:37.321 [FXGL Background Thread 3 ] DEBUG Engine               - urlLeaderboard: http://fxgl-top.herokuapp.com/
21:32:37.321 [FXGL Background Thread 3 ] DEBUG Engine               - urlPOM: https://raw.githubusercontent.com/AlmasB/FXGL/release/README.md
21:32:37.322 [FXGL Background Thread 3 ] DEBUG Engine               - userAppClass: class com.theswagbois.towerdefense.MainApplication
21:32:37.322 [FXGL Background Thread 3 ] DEBUG Engine               - version: 0.0
21:32:37.322 [FXGL Background Thread 3 ] DEBUG Engine               - versionCheckDays: 7
21:32:37.322 [FXGL Background Thread 3 ] DEBUG Engine               - width: 800
21:32:37.322 [FXGL Background Thread 3 ] DEBUG Engine               - Logging services
21:32:37.322 [FXGL Background Thread 3 ] DEBUG Engine               - class com.almasb.fxgl.app.services.FXGLAssetLoaderService
21:32:37.323 [FXGL Background Thread 3 ] DEBUG Engine               - class com.almasb.fxgl.app.FXGLApplication$GameApplicationService
21:32:37.323 [FXGL Background Thread 3 ] DEBUG Engine               - class com.almasb.fxgl.app.services.FXGLDialogService
21:32:37.323 [FXGL Background Thread 3 ] DEBUG Engine               - class com.almasb.fxgl.app.services.IOTaskExecutorService
21:32:37.323 [FXGL Background Thread 3 ] DEBUG Engine               - class com.almasb.fxgl.io.FileSystemService
21:32:37.323 [FXGL Background Thread 3 ] DEBUG Engine               - class com.almasb.fxgl.localization.LocalizationService
21:32:37.323 [FXGL Background Thread 3 ] DEBUG Engine               - class com.almasb.fxgl.app.services.SystemBundleService
21:32:37.323 [FXGL Background Thread 3 ] DEBUG Engine               - class com.almasb.fxgl.profile.SaveLoadService
21:32:37.323 [FXGL Background Thread 3 ] DEBUG Engine               - class com.almasb.fxgl.ui.FXGLUIFactoryServiceProvider
21:32:37.324 [FXGL Background Thread 3 ] DEBUG Engine               - class com.almasb.fxgl.ui.FXGLDialogFactoryServiceProvider
21:32:37.324 [FXGL Background Thread 3 ] DEBUG Engine               - class com.almasb.fxgl.audio.AudioPlayer
21:32:37.324 [FXGL Background Thread 3 ] DEBUG Engine               - class com.almasb.fxgl.notification.impl.NotificationServiceProvider
21:32:37.324 [FXGL Background Thread 3 ] DEBUG Engine               - class com.almasb.fxgl.achievement.AchievementService
21:32:37.324 [FXGL Background Thread 3 ] DEBUG Engine               - class com.almasb.fxgl.cutscene.CutsceneService
21:32:37.325 [FXGL Background Thread 3 ] DEBUG Engine               - class com.almasb.fxgl.minigames.MiniGameService
21:32:37.325 [FXGL Background Thread 3 ] DEBUG Engine               - class com.almasb.fxgl.net.NetService
21:32:37.325 [FXGL Background Thread 3 ] DEBUG Engine               - class com.almasb.fxgl.app.services.UpdaterService
21:32:37.325 [FXGL Background Thread 3 ] DEBUG Engine               - class com.almasb.fxgl.dev.DevService
21:32:38.246 [JavaFX Application Thread] DEBUG Menu                 - fireNewGame()
21:32:38.247 [JavaFX Application Thread] DEBUG GameApplicationServi - Starting new game
21:32:38.247 [JavaFX Application Thread] DEBUG PrimaryStageWindow   - Pop state: WelcomeMenu
21:32:38.248 [JavaFX Application Thread] DEBUG Input                - Clearing active input actions
21:32:38.249 [JavaFX Application Thread] DEBUG GameApplicationServi - Removing overlay from WelcomeMenu and adding to FXGLMainMenuDummyScene
21:32:38.250 [JavaFX Application Thread] DEBUG PrimaryStageWindow   - FXGLMainMenuDummyScene <- WelcomeMenu
21:32:38.251 [JavaFX Application Thread] DEBUG Input                - Clearing active input actions
21:32:38.261 [JavaFX Application Thread] DEBUG GameApplicationServi - Removing overlay from FXGLMainMenuDummyScene and adding to FXGLLoadingScene
21:32:38.262 [JavaFX Application Thread] DEBUG PrimaryStageWindow   - FXGLMainMenuDummyScene -> FXGLLoadingScene
21:32:38.262 [JavaFX Application Thread] DEBUG GameApplicationServi - Clearing previous game
21:32:38.262 [JavaFX Application Thread] DEBUG GameScene            - Clearing game scene
21:32:38.262 [JavaFX Application Thread] DEBUG GameWorld            - Clearing game world
21:32:38.262 [JavaFX Application Thread] DEBUG PhysicsWorld         - Clearing physics world
21:32:38.264 [FXGL Background Thread 2 ] DEBUG FXGLApplication      - Initializing game
21:32:38.268 [FXGL Background Thread 2 ] DEBUG FXGLAssetLoaderServi - Loading JSON from: file:/Users/josephvitko/IdeaProjects/Tower_Defense2/target/classes/assets/towers/tower1.json
21:32:38.555 [FXGL Background Thread 2 ] DEBUG FXGLAssetLoaderServi - Loading JSON from: file:/Users/josephvitko/IdeaProjects/Tower_Defense2/target/classes/assets/towers/tower2.json
21:32:38.557 [FXGL Background Thread 2 ] DEBUG FXGLAssetLoaderServi - Loading JSON from: file:/Users/josephvitko/IdeaProjects/Tower_Defense2/target/classes/assets/towers/tower3.json
21:32:38.561 [FXGL Background Thread 2 ] DEBUG FXGLAssetLoaderServi - Loading JSON from: file:/Users/josephvitko/IdeaProjects/Tower_Defense2/target/classes/assets/levels/level1.json
21:32:38.625 [FXGL Background Thread 2 ] INFO  FXGLApplication      - Game initialization took: 0.360 sec
21:32:38.625 [JavaFX Application Thread] DEBUG Input                - Clearing active input actions
21:32:38.634 [JavaFX Application Thread] DEBUG GameApplicationServi - Removing overlay from FXGLLoadingScene and adding to GameScene
21:32:38.635 [JavaFX Application Thread] DEBUG PrimaryStageWindow   - FXGLLoadingScene -> GameScene
21:33:10.452 [JavaFX Application Thread] DEBUG EventBus             - Firing event: com.theswagbois.towerdefense.event.EnemyDamagedEvent[source=javafx.event.Event$$Lambda$133/0x0000000800d4da70@537f0445]
21:33:10.534 [JavaFX Application Thread] DEBUG EventBus             - Firing event: com.theswagbois.towerdefense.event.EnemyReachedGoalEvent[source=javafx.event.Event$$Lambda$133/0x0000000800d4da70@537f0445]
21:33:12.000 [JavaFX Application Thread] DEBUG EventBus             - Firing event: com.theswagbois.towerdefense.event.EnemyReachedGoalEvent[source=javafx.event.Event$$Lambda$133/0x0000000800d4da70@537f0445]
21:33:13.933 [JavaFX Application Thread] DEBUG EventBus             - Firing event: com.theswagbois.towerdefense.event.EnemyDamagedEvent[source=javafx.event.Event$$Lambda$133/0x0000000800d4da70@537f0445]
21:33:14.367 [JavaFX Application Thread] DEBUG EventBus             - Firing event: com.theswagbois.towerdefense.event.EnemyDamagedEvent[source=javafx.event.Event$$Lambda$133/0x0000000800d4da70@537f0445]
21:33:14.899 [JavaFX Application Thread] DEBUG EventBus             - Firing event: com.theswagbois.towerdefense.event.EnemyReachedGoalEvent[source=javafx.event.Event$$Lambda$133/0x0000000800d4da70@537f0445]
21:33:16.233 [JavaFX Application Thread] DEBUG EventBus             - Firing event: com.theswagbois.towerdefense.event.EnemyDamagedEvent[source=javafx.event.Event$$Lambda$133/0x0000000800d4da70@537f0445]
21:33:17.384 [JavaFX Application Thread] DEBUG EventBus             - Firing event: com.theswagbois.towerdefense.event.EnemyDamagedEvent[source=javafx.event.Event$$Lambda$133/0x0000000800d4da70@537f0445]
21:33:17.417 [JavaFX Application Thread] DEBUG EventBus             - Firing event: com.theswagbois.towerdefense.event.EnemyDamagedEvent[source=javafx.event.Event$$Lambda$133/0x0000000800d4da70@537f0445]
21:33:17.951 [JavaFX Application Thread] DEBUG EventBus             - Firing event: com.theswagbois.towerdefense.event.EnemyDamagedEvent[source=javafx.event.Event$$Lambda$133/0x0000000800d4da70@537f0445]
21:33:18.917 [JavaFX Application Thread] DEBUG EventBus             - Firing event: com.theswagbois.towerdefense.event.EnemyReachedGoalEvent[source=javafx.event.Event$$Lambda$133/0x0000000800d4da70@537f0445]
21:33:19.716 [JavaFX Application Thread] DEBUG EventBus             - Firing event: com.theswagbois.towerdefense.event.EnemyKilledEvent[source=javafx.event.Event$$Lambda$133/0x0000000800d4da70@537f0445]
21:33:19.717 [JavaFX Application Thread] DEBUG EventBus             - Firing event: com.theswagbois.towerdefense.event.EnemyDamagedEvent[source=javafx.event.Event$$Lambda$133/0x0000000800d4da70@537f0445]
21:33:21.017 [JavaFX Application Thread] DEBUG EventBus             - Firing event: com.theswagbois.towerdefense.event.EnemyDamagedEvent[source=javafx.event.Event$$Lambda$133/0x0000000800d4da70@537f0445]
21:33:21.767 [JavaFX Application Thread] DEBUG EventBus             - Firing event: com.theswagbois.towerdefense.event.EnemyDamagedEvent[source=javafx.event.Event$$Lambda$133/0x0000000800d4da70@537f0445]
21:33:23.299 [JavaFX Application Thread] DEBUG EventBus             - Firing event: com.theswagbois.towerdefense.event.EnemyKilledEvent[source=javafx.event.Event$$Lambda$133/0x0000000800d4da70@537f0445]
21:33:23.300 [JavaFX Application Thread] DEBUG EventBus             - Firing event: com.theswagbois.towerdefense.event.EnemyDamagedEvent[source=javafx.event.Event$$Lambda$133/0x0000000800d4da70@537f0445]
21:33:23.516 [JavaFX Application Thread] DEBUG EventBus             - Firing event: com.theswagbois.towerdefense.event.EnemyDamagedEvent[source=javafx.event.Event$$Lambda$133/0x0000000800d4da70@537f0445]
21:33:24.882 [JavaFX Application Thread] DEBUG EventBus             - Firing event: com.theswagbois.towerdefense.event.EnemyReachedGoalEvent[source=javafx.event.Event$$Lambda$133/0x0000000800d4da70@537f0445]
21:33:25.616 [JavaFX Application Thread] DEBUG EventBus             - Firing event: com.theswagbois.towerdefense.event.EnemyReachedGoalEvent[source=javafx.event.Event$$Lambda$133/0x0000000800d4da70@537f0445]
21:33:26.116 [JavaFX Application Thread] DEBUG EventBus             - Firing event: com.theswagbois.towerdefense.event.EnemyDamagedEvent[source=javafx.event.Event$$Lambda$133/0x0000000800d4da70@537f0445]
21:33:26.149 [JavaFX Application Thread] DEBUG EventBus             - Firing event: com.theswagbois.towerdefense.event.EnemyDamagedEvent[source=javafx.event.Event$$Lambda$133/0x0000000800d4da70@537f0445]
21:33:27.032 [JavaFX Application Thread] DEBUG EventBus             - Firing event: com.theswagbois.towerdefense.event.EnemyReachedGoalEvent[source=javafx.event.Event$$Lambda$133/0x0000000800d4da70@537f0445]
21:33:27.732 [JavaFX Application Thread] DEBUG EventBus             - Firing event: com.theswagbois.towerdefense.event.EnemyDamagedEvent[source=javafx.event.Event$$Lambda$133/0x0000000800d4da70@537f0445]
21:33:29.632 [JavaFX Application Thread] DEBUG EventBus             - Firing event: com.theswagbois.towerdefense.event.EnemyDamagedEvent[source=javafx.event.Event$$Lambda$133/0x0000000800d4da70@537f0445]
21:33:30.317 [JavaFX Application Thread] DEBUG EventBus             - Firing event: com.theswagbois.towerdefense.event.EnemyDamagedEvent[source=javafx.event.Event$$Lambda$133/0x0000000800d4da70@537f0445]
21:33:30.417 [JavaFX Application Thread] DEBUG EventBus             - Firing event: com.theswagbois.towerdefense.event.EnemyKilledEvent[source=javafx.event.Event$$Lambda$133/0x0000000800d4da70@537f0445]
21:33:30.418 [JavaFX Application Thread] DEBUG EventBus             - Firing event: com.theswagbois.towerdefense.event.EnemyDamagedEvent[source=javafx.event.Event$$Lambda$133/0x0000000800d4da70@537f0445]
21:33:31.932 [JavaFX Application Thread] DEBUG EventBus             - Firing event: com.theswagbois.towerdefense.event.EnemyDamagedEvent[source=javafx.event.Event$$Lambda$133/0x0000000800d4da70@537f0445]
21:33:32.199 [JavaFX Application Thread] DEBUG EventBus             - Firing event: com.theswagbois.towerdefense.event.EnemyDamagedEvent[source=javafx.event.Event$$Lambda$133/0x0000000800d4da70@537f0445]
21:33:32.416 [JavaFX Application Thread] DEBUG EventBus             - Firing event: com.theswagbois.towerdefense.event.EnemyReachedGoalEvent[source=javafx.event.Event$$Lambda$133/0x0000000800d4da70@537f0445]
21:33:33.666 [JavaFX Application Thread] DEBUG EventBus             - Firing event: com.theswagbois.towerdefense.event.EnemyDamagedEvent[source=javafx.event.Event$$Lambda$133/0x0000000800d4da70@537f0445]
21:33:34.166 [JavaFX Application Thread] DEBUG EventBus             - Firing event: com.theswagbois.towerdefense.event.EnemyDamagedEvent[source=javafx.event.Event$$Lambda$133/0x0000000800d4da70@537f0445]
21:33:34.999 [JavaFX Application Thread] DEBUG EventBus             - Firing event: com.theswagbois.towerdefense.event.EnemyDamagedEvent[source=javafx.event.Event$$Lambda$133/0x0000000800d4da70@537f0445]
21:33:35.166 [JavaFX Application Thread] DEBUG EventBus             - Firing event: com.theswagbois.towerdefense.event.EnemyDamagedEvent[source=javafx.event.Event$$Lambda$133/0x0000000800d4da70@537f0445]
21:33:37.882 [JavaFX Application Thread] DEBUG EventBus             - Firing event: com.theswagbois.towerdefense.event.EnemyReachedGoalEvent[source=javafx.event.Event$$Lambda$133/0x0000000800d4da70@537f0445]
21:33:38.167 [JavaFX Application Thread] DEBUG EventBus             - Firing event: com.theswagbois.towerdefense.event.EnemyReachedGoalEvent[source=javafx.event.Event$$Lambda$133/0x0000000800d4da70@537f0445]
21:33:38.198 [JavaFX Application Thread] DEBUG EventBus             - Firing event: com.theswagbois.towerdefense.event.EnemyReachedGoalEvent[source=javafx.event.Event$$Lambda$133/0x0000000800d4da70@537f0445]
21:33:38.202 [JavaFX Application Thread] DEBUG PrimaryStageWindow   - Push state: DialogSubScene
21:33:38.202 [JavaFX Application Thread] DEBUG Input                - Clearing active input actions
21:33:38.203 [JavaFX Application Thread] DEBUG GameApplicationServi - Removing overlay from GameScene and adding to DialogSubScene
21:33:38.203 [JavaFX Application Thread] DEBUG PrimaryStageWindow   - GameScene -> DialogSubScene
21:33:41.735 [JavaFX Application Thread] DEBUG PrimaryStageWindow   - Pop state: DialogSubScene
21:33:41.735 [JavaFX Application Thread] DEBUG Input                - Clearing active input actions
21:33:41.736 [JavaFX Application Thread] DEBUG GameApplicationServi - Removing overlay from DialogSubScene and adding to GameScene
21:33:41.736 [JavaFX Application Thread] DEBUG PrimaryStageWindow   - GameScene <- DialogSubScene
21:33:41.736 [JavaFX Application Thread] DEBUG FXGLApplication      - Exiting FXGL
21:33:41.736 [JavaFX Application Thread] DEBUG LoopRunner           - Stopping loop
21:33:41.736 [JavaFX Application Thread] DEBUG SystemBundleService  - Saving FXGL system data
21:33:41.740 [JavaFX Application Thread] DEBUG FileSystemAccess     - Writing to: /Users/josephvitko/IdeaProjects/Tower_Defense2/system/fxgl.bundle
21:33:41.742 [JavaFX Application Thread] DEBUG Async                - Shutting down background threads
21:33:41.742 [JavaFX Application Thread] DEBUG PrimaryStageWindow   - Closing main window
21:33:41.750 [JavaFX Application Thread] DEBUG Logger               - Closing Logger
