19:57:37.288 [main                     ] DEBUG Logger               - Configured Logger
19:57:37.300 [main                     ] DEBUG GameApplication      - Logging settings
Title: Tower Defense
Version: 0.0
Width: 800
Height: 600
Fullscreen: false
Intro: false
Profiling: false
Single step:false
App Mode: DEVELOPER
Menu Key: ESCAPE
Stage Style: DECORATED
Scene Factory: class com.theswagbois.towerdefense.MySceneFactory

19:57:38.933 [JavaFX Application Thread] DEBUG FXGLApplication      - Initializing FXGL
19:57:38.938 [JavaFX Application Thread] INFO  Engine               - FXGL-11.17 (16.07.2021 15.46) on MAC (J:16.0.2 FX:16)
19:57:38.938 [JavaFX Application Thread] DEBUG Engine               - JRE Vendor Name: Amazon.com Inc.
19:57:38.939 [JavaFX Application Thread] DEBUG Engine               - Running on OS: Mac OS X version 10.15.7
19:57:38.939 [JavaFX Application Thread] DEBUG Engine               - Architecture: x86_64
19:57:38.939 [JavaFX Application Thread] INFO  Engine               - Source code and latest versions at: https://github.com/AlmasB/FXGL
19:57:38.940 [JavaFX Application Thread] INFO  Engine               -              Join the FXGL chat at: https://gitter.im/AlmasB/FXGL
19:57:39.231 [JavaFX Application Thread] DEBUG PrimaryStageWindow   - Creating a JavaFX scene
19:57:39.329 [JavaFX Application Thread] DEBUG PrimaryStageWindow   - Target settings size: 800.0 x 600.0
19:57:39.330 [JavaFX Application Thread] DEBUG PrimaryStageWindow   - Scaled scene size:    800.0 x 600.0
19:57:39.330 [JavaFX Application Thread] DEBUG PrimaryStageWindow   - Scaled ratio: (1.0, 1.0)
19:57:39.334 [JavaFX Application Thread] DEBUG PrimaryStageWindow   - Set initial scene to FXGLStartupScene
19:57:39.352 [JavaFX Application Thread] DEBUG PrimaryStageWindow   - Opening main window
19:57:39.527 [JavaFX Application Thread] DEBUG PrimaryStageWindow   - Window border size: (0.0, 22.0)
19:57:39.527 [JavaFX Application Thread] DEBUG PrimaryStageWindow   - Scaled size: 800.0 x 600.0
19:57:39.528 [JavaFX Application Thread] DEBUG PrimaryStageWindow   - Scaled ratio: (1.0, 1.0)
19:57:39.528 [JavaFX Application Thread] DEBUG PrimaryStageWindow   - Scene size: 800.0 x 600.0
19:57:39.528 [JavaFX Application Thread] DEBUG PrimaryStageWindow   - Stage size: 800.0 x 622.0
19:57:39.540 [FXGL Background Thread 1 ] DEBUG Engine               - Initializing environment variables
19:57:39.655 [FXGL Background Thread 1 ] DEBUG FXGLAssetLoaderServi - User app class for loading assets: class com.theswagbois.towerdefense.MainApplication
19:57:39.655 [FXGL Background Thread 1 ] DEBUG GameApplicationServi - Applying CSS: fxgl_dark.css
19:57:39.657 [FXGL Background Thread 1 ] DEBUG FXGLAssetLoaderServi - Loading from file system: jar:file:/Users/josephvitko/.m2/repository/com/github/almasb/fxgl/11.17/fxgl-11.17.jar!/fxglassets/ui/css/fxgl_dark.css
19:57:39.806 [FXGL Background Thread 1 ] DEBUG GameApplicationServi - Initializing application scenes
19:57:40.418 [FXGL Background Thread 1 ] DEBUG GameWorld            - Game world initialized
19:57:40.513 [FXGL Background Thread 1 ] DEBUG PhysicsWorld         - Physics world initialized: appHeight=600, physics.ppm=50.0
19:57:40.514 [FXGL Background Thread 1 ] DEBUG PhysicsWorld         - Using strategy: BRUTE_FORCE
19:57:40.519 [FXGL Background Thread 1 ] DEBUG GameScene            - Game scene initialized: 800x600
19:57:40.536 [FXGL Background Thread 1 ] DEBUG GameApplicationServi - Application scenes initialized
19:57:40.562 [FXGL Background Thread 1 ] DEBUG SystemBundleService  - Loading FXGL system data
19:57:40.569 [FXGL Background Thread 1 ] DEBUG FileSystemAccess     - Reading from: /Users/josephvitko/IdeaProjects/Tower_Defense2/system/fxgl.bundle
19:57:40.580 [FXGL Background Thread 1 ] DEBUG SystemBundleService  - Bundle FXGL: {}
19:57:40.581 [FXGL Background Thread 1 ] DEBUG UpdaterService       - Checking for updates
19:57:40.589 [FXGL Background Thread 4 ] DEBUG FXGLApplication      - Loading fonts
19:57:40.590 [FXGL Background Thread 4 ] DEBUG FXGLAssetLoaderServi - Loading from file system: jar:file:/Users/josephvitko/.m2/repository/com/github/almasb/fxgl/11.17/fxgl-11.17.jar!/fxglassets/ui/fonts/VarelaRound-Regular.ttf
19:57:40.591 [FXGL Background Thread 1 ] DEBUG FXGLApplication      - Loading default localization
19:57:40.592 [FXGL Background Thread 1 ] DEBUG FXGLAssetLoaderServi - Loading from file system: jar:file:/Users/josephvitko/.m2/repository/com/github/almasb/fxgl/11.17/fxgl-11.17.jar!/fxglassets/languages/english.lang
19:57:40.628 [FXGL Background Thread 1 ] INFO  FXGLApplication      - FXGL initialization took: 1.087 sec
19:57:40.632 [FXGL Background Thread 4 ] DEBUG FXGLAssetLoaderServi - Loading from file system: jar:file:/Users/josephvitko/.m2/repository/com/github/almasb/fxgl/11.17/fxgl-11.17.jar!/fxglassets/ui/fonts/Abel-Regular.ttf
19:57:40.637 [FXGL Background Thread 4 ] DEBUG FXGLAssetLoaderServi - Loading from file system: jar:file:/Users/josephvitko/.m2/repository/com/github/almasb/fxgl/11.17/fxgl-11.17.jar!/fxglassets/ui/fonts/lucida_console.ttf
19:57:40.648 [FXGL Background Thread 4 ] DEBUG FXGLAssetLoaderServi - Loading from file system: jar:file:/Users/josephvitko/.m2/repository/com/github/almasb/fxgl/11.17/fxgl-11.17.jar!/fxglassets/ui/fonts/Courier-Prime.ttf
19:57:40.651 [JavaFX Application Thread] DEBUG Input                - Registered new binding: action0 - F
19:57:40.654 [JavaFX Application Thread] DEBUG Input                - Registered new binding: Place Tower - LMB
19:57:40.655 [JavaFX Application Thread] DEBUG FXGLAssetLoaderServi - Loading from file system: jar:file:/Users/josephvitko/.m2/repository/com/github/almasb/fxgl/11.17/fxgl-11.17.jar!/fxglassets/textures/fxgl_icon.png
19:57:40.755 [JavaFX Application Thread] DEBUG FXGLAssetLoaderServi - Loading from file system: jar:file:/Users/josephvitko/.m2/repository/com/github/almasb/fxgl/11.17/fxgl-11.17.jar!/fxglassets/textures/fxgl_default_cursor.png
19:57:40.760 [JavaFX Application Thread] DEBUG Input                - Registered new binding: Screenshot - CTRL+8
19:57:40.761 [JavaFX Application Thread] DEBUG Input                - Registered new binding: System info dump - CTRL+9
19:57:40.762 [JavaFX Application Thread] DEBUG Input                - Registered new binding: Restart - CTRL+R
19:57:40.764 [JavaFX Application Thread] DEBUG Input                - Registered new binding: Toggle Debug Camera - CTRL+C
19:57:40.768 [JavaFX Application Thread] DEBUG LoopRunner           - Starting loop
19:57:40.768 [JavaFX Application Thread] DEBUG LoopRunner           - Initializing JavaFX AnimationTimerLoop
19:57:40.773 [JavaFX Application Thread] DEBUG Input                - Clearing active input actions
19:57:40.791 [JavaFX Application Thread] DEBUG GameApplicationServi - Removing overlay from FXGLStartupScene and adding to FXGLMainMenuDummyScene
19:57:40.792 [JavaFX Application Thread] DEBUG PrimaryStageWindow   - FXGLStartupScene -> FXGLMainMenuDummyScene
19:57:40.792 [JavaFX Application Thread] DEBUG PrimaryStageWindow   - Push state: WelcomeMenu
19:57:40.792 [JavaFX Application Thread] DEBUG Input                - Clearing active input actions
19:57:40.798 [JavaFX Application Thread] DEBUG GameApplicationServi - Removing overlay from FXGLMainMenuDummyScene and adding to WelcomeMenu
19:57:40.799 [JavaFX Application Thread] DEBUG PrimaryStageWindow   - FXGLMainMenuDummyScene -> WelcomeMenu
19:57:40.817 [JavaFX Application Thread] DEBUG FXGLApplication      - Registering font factories with UI factory
19:57:41.932 [JavaFX Application Thread] DEBUG Menu                 - fireNewGame()
19:57:41.932 [JavaFX Application Thread] DEBUG GameApplicationServi - Starting new game
19:57:41.932 [JavaFX Application Thread] DEBUG PrimaryStageWindow   - Pop state: WelcomeMenu
19:57:41.932 [JavaFX Application Thread] DEBUG Input                - Clearing active input actions
19:57:41.933 [JavaFX Application Thread] DEBUG GameApplicationServi - Removing overlay from WelcomeMenu and adding to FXGLMainMenuDummyScene
19:57:41.934 [JavaFX Application Thread] DEBUG PrimaryStageWindow   - FXGLMainMenuDummyScene <- WelcomeMenu
19:57:41.934 [JavaFX Application Thread] DEBUG Input                - Clearing active input actions
19:57:41.947 [JavaFX Application Thread] DEBUG GameApplicationServi - Removing overlay from FXGLMainMenuDummyScene and adding to FXGLLoadingScene
19:57:41.947 [JavaFX Application Thread] DEBUG PrimaryStageWindow   - FXGLMainMenuDummyScene -> FXGLLoadingScene
19:57:41.948 [JavaFX Application Thread] DEBUG GameApplicationServi - Clearing previous game
19:57:41.948 [JavaFX Application Thread] DEBUG GameScene            - Clearing game scene
19:57:41.948 [JavaFX Application Thread] DEBUG GameWorld            - Clearing game world
19:57:41.948 [JavaFX Application Thread] DEBUG PhysicsWorld         - Clearing physics world
19:57:41.951 [FXGL Background Thread 2 ] DEBUG FXGLApplication      - Initializing game
19:57:41.956 [FXGL Background Thread 2 ] DEBUG FXGLAssetLoaderServi - Loading JSON from: file:/Users/josephvitko/IdeaProjects/Tower_Defense2/target/classes/assets/tower1.json
19:57:42.439 [FXGL Background Thread 2 ] DEBUG FXGLAssetLoaderServi - Loading JSON from: file:/Users/josephvitko/IdeaProjects/Tower_Defense2/target/classes/assets/tower2.json
19:57:42.442 [FXGL Background Thread 2 ] DEBUG FXGLAssetLoaderServi - Loading JSON from: file:/Users/josephvitko/IdeaProjects/Tower_Defense2/target/classes/assets/tower3.json
19:57:42.513 [FXGL Background Thread 2 ] INFO  FXGLApplication      - Game initialization took: 0.562 sec
19:57:42.515 [JavaFX Application Thread] DEBUG Input                - Clearing active input actions
19:57:42.533 [JavaFX Application Thread] DEBUG GameApplicationServi - Removing overlay from FXGLLoadingScene and adding to GameScene
19:57:42.534 [JavaFX Application Thread] DEBUG PrimaryStageWindow   - FXGLLoadingScene -> GameScene
19:57:43.591 [FXGL Background Thread 3 ] DEBUG Engine               - Logging environment variables
19:57:43.591 [FXGL Background Thread 3 ] DEBUG Engine               - achievements: []
19:57:43.592 [FXGL Background Thread 3 ] DEBUG Engine               - actualHeight: 600.0
19:57:43.592 [FXGL Background Thread 3 ] DEBUG Engine               - actualHeightProperty: ReadOnlyDoubleProperty [value: 600.0]
19:57:43.592 [FXGL Background Thread 3 ] DEBUG Engine               - actualWidth: 800.0
19:57:43.593 [FXGL Background Thread 3 ] DEBUG Engine               - actualWidthProperty: ReadOnlyDoubleProperty [value: 800.0]
19:57:43.593 [FXGL Background Thread 3 ] DEBUG Engine               - appIcon: fxgl_icon.png
19:57:43.593 [FXGL Background Thread 3 ] DEBUG Engine               - applicationMode: DEVELOPER
19:57:43.594 [FXGL Background Thread 3 ] DEBUG Engine               - cSSList: [fxgl_dark.css]
19:57:43.594 [FXGL Background Thread 3 ] DEBUG Engine               - collisionDetectionStrategy: BRUTE_FORCE
19:57:43.594 [FXGL Background Thread 3 ] DEBUG Engine               - configClass: Optional.empty
19:57:43.594 [FXGL Background Thread 3 ] DEBUG Engine               - credits: []
19:57:43.595 [FXGL Background Thread 3 ] DEBUG Engine               - defaultCursor: CursorInfo(imageName=fxgl_default_cursor.png, hotspotX=7.0, hotspotY=6.0)
19:57:43.596 [FXGL Background Thread 3 ] DEBUG Engine               - devBBoxColorProperty: ObjectProperty [value: 0xff0000ff]
19:57:43.596 [FXGL Background Thread 3 ] DEBUG Engine               - devEnableDebugCameraProperty: BooleanProperty [value: false]
19:57:43.597 [FXGL Background Thread 3 ] DEBUG Engine               - devSensorColorProperty: ObjectProperty [value: 0xffff00ff]
19:57:43.597 [FXGL Background Thread 3 ] DEBUG Engine               - devShowBBoxProperty: BooleanProperty [value: false]
19:57:43.598 [FXGL Background Thread 3 ] DEBUG Engine               - devShowPositionProperty: BooleanProperty [value: false]
19:57:43.598 [FXGL Background Thread 3 ] DEBUG Engine               - enabledMenuItems: []
19:57:43.598 [FXGL Background Thread 3 ] DEBUG Engine               - engineServices: [class com.almasb.fxgl.app.services.FXGLAssetLoaderService, class com.almasb.fxgl.app.FXGLApplication$GameApplicationService, class com.almasb.fxgl.app.services.FXGLDialogService, class com.almasb.fxgl.app.services.IOTaskExecutorService, class com.almasb.fxgl.io.FileSystemService, class com.almasb.fxgl.localization.LocalizationService, class com.almasb.fxgl.app.services.SystemBundleService, class com.almasb.fxgl.profile.SaveLoadService, class com.almasb.fxgl.ui.FXGLUIFactoryServiceProvider, class com.almasb.fxgl.ui.FXGLDialogFactoryServiceProvider, class com.almasb.fxgl.audio.AudioPlayer, class com.almasb.fxgl.notification.impl.NotificationServiceProvider, class com.almasb.fxgl.achievement.AchievementService, class com.almasb.fxgl.cutscene.CutsceneService, class com.almasb.fxgl.minigames.MiniGameService, class com.almasb.fxgl.net.NetService, class com.almasb.fxgl.app.services.UpdaterService, class com.almasb.fxgl.dev.DevService]
19:57:43.598 [FXGL Background Thread 3 ] DEBUG Engine               - fontGame: Abel-Regular.ttf
19:57:43.599 [FXGL Background Thread 3 ] DEBUG Engine               - fontMono: lucida_console.ttf
19:57:43.599 [FXGL Background Thread 3 ] DEBUG Engine               - fontText: Courier-Prime.ttf
19:57:43.600 [FXGL Background Thread 3 ] DEBUG Engine               - fontUI: VarelaRound-Regular.ttf
19:57:43.600 [FXGL Background Thread 3 ] DEBUG Engine               - fullScreen: BooleanProperty [value: false]
19:57:43.600 [FXGL Background Thread 3 ] DEBUG Engine               - gameDifficulty: MEDIUM
19:57:43.601 [FXGL Background Thread 3 ] DEBUG Engine               - gameDifficultyProperty: ObjectProperty [value: MEDIUM]
19:57:43.601 [FXGL Background Thread 3 ] DEBUG Engine               - globalMusicVolume: 0.5
19:57:43.601 [FXGL Background Thread 3 ] DEBUG Engine               - globalMusicVolumeProperty: DoubleProperty [value: 0.5]
19:57:43.602 [FXGL Background Thread 3 ] DEBUG Engine               - globalSoundVolume: 0.5
19:57:43.602 [FXGL Background Thread 3 ] DEBUG Engine               - globalSoundVolumeProperty: DoubleProperty [value: 0.5]
19:57:43.602 [FXGL Background Thread 3 ] DEBUG Engine               - height: 600
19:57:43.603 [FXGL Background Thread 3 ] DEBUG Engine               - is3D: false
19:57:43.603 [FXGL Background Thread 3 ] DEBUG Engine               - isAndroid: false
19:57:43.603 [FXGL Background Thread 3 ] DEBUG Engine               - isBrowser: false
19:57:43.603 [FXGL Background Thread 3 ] DEBUG Engine               - isClickFeedbackEnabled: false
19:57:43.604 [FXGL Background Thread 3 ] DEBUG Engine               - isCloseConfirmation: false
19:57:43.604 [FXGL Background Thread 3 ] DEBUG Engine               - isDesktop: true
19:57:43.604 [FXGL Background Thread 3 ] DEBUG Engine               - isDeveloperMenuEnabled: false
19:57:43.604 [FXGL Background Thread 3 ] DEBUG Engine               - isEntityPreloadEnabled: true
19:57:43.605 [FXGL Background Thread 3 ] DEBUG Engine               - isExperimentalTiledLargeMap: false
19:57:43.605 [FXGL Background Thread 3 ] DEBUG Engine               - isFileSystemWriteAllowed: true
19:57:43.605 [FXGL Background Thread 3 ] DEBUG Engine               - isFullScreenAllowed: false
19:57:43.605 [FXGL Background Thread 3 ] DEBUG Engine               - isFullScreenFromStart: false
19:57:43.606 [FXGL Background Thread 3 ] DEBUG Engine               - isGameMenuEnabled: true
19:57:43.606 [FXGL Background Thread 3 ] DEBUG Engine               - isIOS: false
19:57:43.606 [FXGL Background Thread 3 ] DEBUG Engine               - isIntroEnabled: false
19:57:43.607 [FXGL Background Thread 3 ] DEBUG Engine               - isLinux: false
19:57:43.607 [FXGL Background Thread 3 ] DEBUG Engine               - isMac: true
19:57:43.607 [FXGL Background Thread 3 ] DEBUG Engine               - isMainMenuEnabled: true
19:57:43.608 [FXGL Background Thread 3 ] DEBUG Engine               - isManualResizeEnabled: false
19:57:43.608 [FXGL Background Thread 3 ] DEBUG Engine               - isMobile: false
19:57:43.608 [FXGL Background Thread 3 ] DEBUG Engine               - isNative: false
19:57:43.608 [FXGL Background Thread 3 ] DEBUG Engine               - isPauseMusicWhenMinimized: true
19:57:43.609 [FXGL Background Thread 3 ] DEBUG Engine               - isPreserveResizeRatio: false
19:57:43.609 [FXGL Background Thread 3 ] DEBUG Engine               - isProfilingEnabled: false
19:57:43.609 [FXGL Background Thread 3 ] DEBUG Engine               - isScaleAffectedOnResize: true
19:57:43.609 [FXGL Background Thread 3 ] DEBUG Engine               - isSingleStep: false
19:57:43.609 [FXGL Background Thread 3 ] DEBUG Engine               - isUserProfileEnabled: false
19:57:43.610 [FXGL Background Thread 3 ] DEBUG Engine               - isWindows: false
19:57:43.610 [FXGL Background Thread 3 ] DEBUG Engine               - language: ObjectProperty [value: ENGLISH]
19:57:43.610 [FXGL Background Thread 3 ] DEBUG Engine               - menuKey: ESCAPE
19:57:43.611 [FXGL Background Thread 3 ] DEBUG Engine               - mouseSensitivity: 0.2
19:57:43.611 [FXGL Background Thread 3 ] DEBUG Engine               - notificationViewClass: class com.almasb.fxgl.notification.view.XboxNotificationView
19:57:43.611 [FXGL Background Thread 3 ] DEBUG Engine               - pixelsPerMeter: 50.0
19:57:43.611 [FXGL Background Thread 3 ] DEBUG Engine               - platform: MAC
19:57:43.611 [FXGL Background Thread 3 ] DEBUG Engine               - prefHeightProperty: ReadOnlyDoubleProperty [value: 600.0]
19:57:43.612 [FXGL Background Thread 3 ] DEBUG Engine               - prefWidthProperty: ReadOnlyDoubleProperty [value: 800.0]
19:57:43.612 [FXGL Background Thread 3 ] DEBUG Engine               - profileDir: profiles/
19:57:43.612 [FXGL Background Thread 3 ] DEBUG Engine               - profileName: StringProperty [value: DEFAULT]
19:57:43.612 [FXGL Background Thread 3 ] DEBUG Engine               - randomSeed: -1
19:57:43.612 [FXGL Background Thread 3 ] DEBUG Engine               - runtimeInfo: RuntimeInfo(platform=MAC, version=11.17, build=16.07.2021 15.46)
19:57:43.613 [FXGL Background Thread 3 ] DEBUG Engine               - saveFileExt: sav
19:57:43.613 [FXGL Background Thread 3 ] DEBUG Engine               - scaledHeightProp$fxgl: DoubleProperty [bound, value: 600.0]
19:57:43.613 [FXGL Background Thread 3 ] DEBUG Engine               - scaledWidthProp$fxgl: DoubleProperty [bound, value: 800.0]
19:57:43.613 [FXGL Background Thread 3 ] DEBUG Engine               - sceneFactory: com.theswagbois.towerdefense.MySceneFactory@16d6d64b
19:57:43.614 [FXGL Background Thread 3 ] DEBUG Engine               - secondsIn24h: 60
19:57:43.614 [FXGL Background Thread 3 ] DEBUG Engine               - soundMenuBack: menu/back.wav
19:57:43.615 [FXGL Background Thread 3 ] DEBUG Engine               - soundMenuPress: menu/press.wav
19:57:43.615 [FXGL Background Thread 3 ] DEBUG Engine               - soundMenuSelect: menu/select.wav
19:57:43.615 [FXGL Background Thread 3 ] DEBUG Engine               - soundNotification: core/notification.wav
19:57:43.615 [FXGL Background Thread 3 ] DEBUG Engine               - stageStyle: DECORATED
19:57:43.616 [FXGL Background Thread 3 ] DEBUG Engine               - supportedLanguages: [ENGLISH, FRENCH, GERMAN, HUNGARIAN, RUSSIAN]
19:57:43.616 [FXGL Background Thread 3 ] DEBUG Engine               - ticksPerSecond: -1
19:57:43.616 [FXGL Background Thread 3 ] DEBUG Engine               - title: Tower Defense
19:57:43.616 [FXGL Background Thread 3 ] DEBUG Engine               - urlGithub: https://github.com/AlmasB/FXGL
19:57:43.617 [FXGL Background Thread 3 ] DEBUG Engine               - urlLeaderboard: http://fxgl-top.herokuapp.com/
19:57:43.617 [FXGL Background Thread 3 ] DEBUG Engine               - urlPOM: https://raw.githubusercontent.com/AlmasB/FXGL/release/README.md
19:57:43.617 [FXGL Background Thread 3 ] DEBUG Engine               - userAppClass: class com.theswagbois.towerdefense.MainApplication
19:57:43.618 [FXGL Background Thread 3 ] DEBUG Engine               - version: 0.0
19:57:43.618 [FXGL Background Thread 3 ] DEBUG Engine               - versionCheckDays: 7
19:57:43.618 [FXGL Background Thread 3 ] DEBUG Engine               - width: 800
19:57:43.619 [FXGL Background Thread 3 ] DEBUG Engine               - Logging services
19:57:43.619 [FXGL Background Thread 3 ] DEBUG Engine               - class com.almasb.fxgl.app.services.FXGLAssetLoaderService
19:57:43.619 [FXGL Background Thread 3 ] DEBUG Engine               - class com.almasb.fxgl.app.FXGLApplication$GameApplicationService
19:57:43.619 [FXGL Background Thread 3 ] DEBUG Engine               - class com.almasb.fxgl.app.services.FXGLDialogService
19:57:43.620 [FXGL Background Thread 3 ] DEBUG Engine               - class com.almasb.fxgl.app.services.IOTaskExecutorService
19:57:43.620 [FXGL Background Thread 3 ] DEBUG Engine               - class com.almasb.fxgl.io.FileSystemService
19:57:43.620 [FXGL Background Thread 3 ] DEBUG Engine               - class com.almasb.fxgl.localization.LocalizationService
19:57:43.621 [FXGL Background Thread 3 ] DEBUG Engine               - class com.almasb.fxgl.app.services.SystemBundleService
19:57:43.621 [FXGL Background Thread 3 ] DEBUG Engine               - class com.almasb.fxgl.profile.SaveLoadService
19:57:43.621 [FXGL Background Thread 3 ] DEBUG Engine               - class com.almasb.fxgl.ui.FXGLUIFactoryServiceProvider
19:57:43.621 [FXGL Background Thread 3 ] DEBUG Engine               - class com.almasb.fxgl.ui.FXGLDialogFactoryServiceProvider
19:57:43.621 [FXGL Background Thread 3 ] DEBUG Engine               - class com.almasb.fxgl.audio.AudioPlayer
19:57:43.621 [FXGL Background Thread 3 ] DEBUG Engine               - class com.almasb.fxgl.notification.impl.NotificationServiceProvider
19:57:43.621 [FXGL Background Thread 3 ] DEBUG Engine               - class com.almasb.fxgl.achievement.AchievementService
19:57:43.621 [FXGL Background Thread 3 ] DEBUG Engine               - class com.almasb.fxgl.cutscene.CutsceneService
19:57:43.621 [FXGL Background Thread 3 ] DEBUG Engine               - class com.almasb.fxgl.minigames.MiniGameService
19:57:43.622 [FXGL Background Thread 3 ] DEBUG Engine               - class com.almasb.fxgl.net.NetService
19:57:43.622 [FXGL Background Thread 3 ] DEBUG Engine               - class com.almasb.fxgl.app.services.UpdaterService
19:57:43.622 [FXGL Background Thread 3 ] DEBUG Engine               - class com.almasb.fxgl.dev.DevService
19:58:12.189 [JavaFX Application Thread] DEBUG EventBus             - Firing event: com.theswagbois.towerdefense.event.EnemyDamagedEvent[source=javafx.event.Event$$Lambda$133/0x0000000800d4d408@16e0fab9]
19:58:15.422 [JavaFX Application Thread] DEBUG EventBus             - Firing event: com.theswagbois.towerdefense.event.EnemyDamagedEvent[source=javafx.event.Event$$Lambda$133/0x0000000800d4d408@16e0fab9]
19:58:17.271 [JavaFX Application Thread] DEBUG EventBus             - Firing event: com.theswagbois.towerdefense.event.EnemyReachedGoalEvent[source=javafx.event.Event$$Lambda$133/0x0000000800d4d408@16e0fab9]
19:58:17.888 [JavaFX Application Thread] DEBUG EventBus             - Firing event: com.theswagbois.towerdefense.event.EnemyReachedGoalEvent[source=javafx.event.Event$$Lambda$133/0x0000000800d4d408@16e0fab9]
19:58:18.589 [JavaFX Application Thread] DEBUG EventBus             - Firing event: com.theswagbois.towerdefense.event.EnemyDamagedEvent[source=javafx.event.Event$$Lambda$133/0x0000000800d4d408@16e0fab9]
19:58:19.121 [JavaFX Application Thread] DEBUG EventBus             - Firing event: com.theswagbois.towerdefense.event.EnemyDamagedEvent[source=javafx.event.Event$$Lambda$133/0x0000000800d4d408@16e0fab9]
19:58:19.154 [JavaFX Application Thread] DEBUG FXGLApplication      - Exiting FXGL
19:58:19.154 [JavaFX Application Thread] DEBUG LoopRunner           - Stopping loop
19:58:19.154 [JavaFX Application Thread] DEBUG SystemBundleService  - Saving FXGL system data
19:58:19.158 [JavaFX Application Thread] DEBUG FileSystemAccess     - Writing to: /Users/josephvitko/IdeaProjects/Tower_Defense2/system/fxgl.bundle
19:58:19.161 [JavaFX Application Thread] DEBUG Async                - Shutting down background threads
19:58:19.161 [JavaFX Application Thread] DEBUG PrimaryStageWindow   - Closing main window
19:58:19.172 [JavaFX Application Thread] DEBUG Logger               - Closing Logger
