18:30:09.938 [main                     ] DEBUG Logger               - Configured Logger
18:30:09.951 [main                     ] DEBUG GameApplication      - Logging settings
Title: Tower Defense
Version: 0.0
Width: 800
Height: 600
Fullscreen: false
Intro: false
Profiling: false
Single step:false
App Mode: DEVELOPER
Menu Key: ESCAPE
Stage Style: DECORATED
Scene Factory: class com.almasb.fxgl.app.scene.SceneFactory

18:30:11.186 [JavaFX Application Thread] DEBUG FXGLApplication      - Initializing FXGL
18:30:11.191 [JavaFX Application Thread] INFO  Engine               - FXGL-11.17 (16.07.2021 15.46) on MAC (J:16.0.2 FX:16)
18:30:11.193 [JavaFX Application Thread] DEBUG Engine               - JRE Vendor Name: Amazon.com Inc.
18:30:11.194 [JavaFX Application Thread] DEBUG Engine               - Running on OS: Mac OS X version 10.14.6
18:30:11.194 [JavaFX Application Thread] DEBUG Engine               - Architecture: x86_64
18:30:11.195 [JavaFX Application Thread] INFO  Engine               - Source code and latest versions at: https://github.com/AlmasB/FXGL
18:30:11.195 [JavaFX Application Thread] INFO  Engine               -              Join the FXGL chat at: https://gitter.im/AlmasB/FXGL
18:30:11.770 [JavaFX Application Thread] DEBUG PrimaryStageWindow   - Creating a JavaFX scene
18:30:11.878 [JavaFX Application Thread] DEBUG PrimaryStageWindow   - Target settings size: 800.0 x 600.0
18:30:11.878 [JavaFX Application Thread] DEBUG PrimaryStageWindow   - Scaled scene size:    800.0 x 600.0
18:30:11.879 [JavaFX Application Thread] DEBUG PrimaryStageWindow   - Scaled ratio: (1.0, 1.0)
18:30:11.881 [JavaFX Application Thread] DEBUG PrimaryStageWindow   - Set initial scene to FXGLStartupScene
18:30:11.915 [JavaFX Application Thread] DEBUG PrimaryStageWindow   - Opening main window
18:30:12.246 [JavaFX Application Thread] DEBUG PrimaryStageWindow   - Window border size: (0.0, 22.0)
18:30:12.246 [JavaFX Application Thread] DEBUG PrimaryStageWindow   - Scaled size: 800.0 x 600.0
18:30:12.247 [JavaFX Application Thread] DEBUG PrimaryStageWindow   - Scaled ratio: (1.0, 1.0)
18:30:12.247 [JavaFX Application Thread] DEBUG PrimaryStageWindow   - Scene size: 800.0 x 600.0
18:30:12.248 [JavaFX Application Thread] DEBUG PrimaryStageWindow   - Stage size: 800.0 x 622.0
18:30:12.264 [FXGL Background Thread 1 ] DEBUG Engine               - Initializing environment variables
18:30:12.402 [FXGL Background Thread 1 ] DEBUG FXGLAssetLoaderServi - User app class for loading assets: class MainApplication
18:30:12.403 [FXGL Background Thread 1 ] DEBUG GameApplicationServi - Applying CSS: fxgl_dark.css
18:30:12.405 [FXGL Background Thread 1 ] DEBUG FXGLAssetLoaderServi - Loading from file system: jar:file:/Users/nicholashulston/.m2/repository/com/github/almasb/fxgl/11.17/fxgl-11.17.jar!/fxglassets/ui/css/fxgl_dark.css
18:30:12.751 [FXGL Background Thread 1 ] DEBUG GameApplicationServi - Initializing application scenes
18:30:13.917 [FXGL Background Thread 1 ] DEBUG GameWorld            - Game world initialized
18:30:14.160 [FXGL Background Thread 1 ] DEBUG PhysicsWorld         - Physics world initialized: appHeight=600, physics.ppm=50.0
18:30:14.162 [FXGL Background Thread 1 ] DEBUG PhysicsWorld         - Using strategy: BRUTE_FORCE
18:30:14.172 [FXGL Background Thread 1 ] DEBUG GameScene            - Game scene initialized: 800x600
18:30:14.205 [FXGL Background Thread 1 ] DEBUG FXGL.DefaultMenu     - createMenuBodyGameMenu()
18:30:14.245 [FXGL Background Thread 1 ] DEBUG FXGL.DefaultMenu     - createOptionsMenu()
18:30:14.278 [FXGL Background Thread 1 ] DEBUG FXGLAssetLoaderServi - Loading from file system: jar:file:/Users/nicholashulston/.m2/repository/com/github/almasb/fxgl/11.17/fxgl-11.17.jar!/fxglassets/textures/particles/smoke.png
18:30:14.534 [FXGL Background Thread 1 ] DEBUG FXGLAssetLoaderServi - Loading from file system: jar:file:/Users/nicholashulston/.m2/repository/com/github/almasb/fxgl/11.17/fxgl-11.17.jar!/fxglassets/textures/particles/trace_horizontal.png
18:30:14.593 [FXGL Background Thread 1 ] DEBUG GameApplicationServi - Application scenes initialized
18:30:14.617 [FXGL Background Thread 1 ] DEBUG SystemBundleService  - Loading FXGL system data
18:30:14.626 [FXGL Background Thread 1 ] DEBUG FileSystemAccess     - Reading from: /Users/nicholashulston/IdeaProjects/Tower_Defense2/system/fxgl.bundle
18:30:14.646 [FXGL Background Thread 1 ] DEBUG SystemBundleService  - Bundle FXGL: {}
18:30:14.647 [FXGL Background Thread 1 ] DEBUG UpdaterService       - Checking for updates
18:30:14.664 [FXGL Background Thread 4 ] DEBUG FXGLApplication      - Loading fonts
18:30:14.665 [FXGL Background Thread 1 ] DEBUG FXGLApplication      - Loading default localization
18:30:14.666 [FXGL Background Thread 4 ] DEBUG FXGLAssetLoaderServi - Loading from file system: jar:file:/Users/nicholashulston/.m2/repository/com/github/almasb/fxgl/11.17/fxgl-11.17.jar!/fxglassets/ui/fonts/VarelaRound-Regular.ttf
18:30:14.684 [FXGL Background Thread 1 ] DEBUG FXGLAssetLoaderServi - Loading from file system: jar:file:/Users/nicholashulston/.m2/repository/com/github/almasb/fxgl/11.17/fxgl-11.17.jar!/fxglassets/languages/english.lang
18:30:14.706 [FXGL Background Thread 4 ] DEBUG FXGLAssetLoaderServi - Loading from file system: jar:file:/Users/nicholashulston/.m2/repository/com/github/almasb/fxgl/11.17/fxgl-11.17.jar!/fxglassets/ui/fonts/Abel-Regular.ttf
18:30:14.721 [FXGL Background Thread 4 ] DEBUG FXGLAssetLoaderServi - Loading from file system: jar:file:/Users/nicholashulston/.m2/repository/com/github/almasb/fxgl/11.17/fxgl-11.17.jar!/fxglassets/ui/fonts/lucida_console.ttf
18:30:14.736 [FXGL Background Thread 4 ] DEBUG FXGLAssetLoaderServi - Loading from file system: jar:file:/Users/nicholashulston/.m2/repository/com/github/almasb/fxgl/11.17/fxgl-11.17.jar!/fxglassets/ui/fonts/Courier-Prime.ttf
18:30:14.748 [JavaFX Application Thread] DEBUG FXGLApplication      - Registering font factories with UI factory
18:30:14.766 [FXGL Background Thread 1 ] INFO  FXGLApplication      - FXGL initialization took: 2.502 sec
18:30:14.793 [JavaFX Application Thread] DEBUG Input                - Registered new binding: action0 - F
18:30:14.797 [JavaFX Application Thread] DEBUG FXGLAssetLoaderServi - Loading from file system: jar:file:/Users/nicholashulston/.m2/repository/com/github/almasb/fxgl/11.17/fxgl-11.17.jar!/fxglassets/textures/fxgl_icon.png
18:30:14.899 [JavaFX Application Thread] DEBUG FXGLAssetLoaderServi - Loading from file system: jar:file:/Users/nicholashulston/.m2/repository/com/github/almasb/fxgl/11.17/fxgl-11.17.jar!/fxglassets/textures/fxgl_default_cursor.png
18:30:14.903 [JavaFX Application Thread] DEBUG Input                - Registered new binding: Screenshot - CTRL+8
18:30:14.904 [JavaFX Application Thread] DEBUG Input                - Registered new binding: System info dump - CTRL+9
18:30:14.905 [JavaFX Application Thread] DEBUG Input                - Registered new binding: Restart - CTRL+R
18:30:14.907 [JavaFX Application Thread] DEBUG Input                - Registered new binding: Toggle Debug Camera - CTRL+C
18:30:14.914 [JavaFX Application Thread] DEBUG LoopRunner           - Starting loop
18:30:14.914 [JavaFX Application Thread] DEBUG LoopRunner           - Initializing JavaFX AnimationTimerLoop
18:30:14.918 [JavaFX Application Thread] DEBUG GameApplicationServi - Starting new game
18:30:14.919 [JavaFX Application Thread] DEBUG Input                - Clearing active input actions
18:30:14.952 [JavaFX Application Thread] DEBUG GameApplicationServi - Removing overlay from FXGLStartupScene and adding to FXGLLoadingScene
18:30:14.953 [JavaFX Application Thread] DEBUG PrimaryStageWindow   - FXGLStartupScene -> FXGLLoadingScene
18:30:14.953 [JavaFX Application Thread] DEBUG GameApplicationServi - Clearing previous game
18:30:14.953 [JavaFX Application Thread] DEBUG GameScene            - Clearing game scene
18:30:14.954 [JavaFX Application Thread] DEBUG GameWorld            - Clearing game world
18:30:14.958 [JavaFX Application Thread] DEBUG PhysicsWorld         - Clearing physics world
18:30:14.963 [FXGL Background Thread 1 ] DEBUG FXGLApplication      - Initializing game
18:30:15.002 [FXGL Background Thread 1 ] INFO  FXGLApplication      - Game initialization took: 0.039 sec
18:30:15.066 [JavaFX Application Thread] DEBUG Input                - Clearing active input actions
18:30:15.089 [JavaFX Application Thread] DEBUG GameApplicationServi - Removing overlay from FXGLLoadingScene and adding to GameScene
18:30:15.090 [JavaFX Application Thread] DEBUG PrimaryStageWindow   - FXGLLoadingScene -> GameScene
18:30:16.350 [JavaFX Application Thread] WARN  FXGLAssetLoaderServi - Asset "/assets/textures/brick.png" was not found!
18:30:16.351 [JavaFX Application Thread] WARN  FXGLAssetLoaderServi - Failed to load IMAGE
18:30:16.468 [JavaFX Application Thread] WARN  FXGLAssetLoaderServi - Asset "/assets/textures/brick.png" was not found!
18:30:16.468 [JavaFX Application Thread] WARN  FXGLAssetLoaderServi - Failed to load IMAGE
18:30:17.363 [JavaFX Application Thread] WARN  FXGLAssetLoaderServi - Asset "/assets/textures/brick.png" was not found!
18:30:17.364 [JavaFX Application Thread] WARN  FXGLAssetLoaderServi - Failed to load IMAGE
18:30:17.373 [JavaFX Application Thread] WARN  FXGLAssetLoaderServi - Asset "/assets/textures/brick.png" was not found!
18:30:17.374 [JavaFX Application Thread] WARN  FXGLAssetLoaderServi - Failed to load IMAGE
18:30:17.654 [FXGL Background Thread 3 ] DEBUG Engine               - Logging environment variables
18:30:17.655 [FXGL Background Thread 3 ] DEBUG Engine               - achievements: []
18:30:17.656 [FXGL Background Thread 3 ] DEBUG Engine               - actualHeight: 600.0
18:30:17.657 [FXGL Background Thread 3 ] DEBUG Engine               - actualHeightProperty: ReadOnlyDoubleProperty [value: 600.0]
18:30:17.657 [FXGL Background Thread 3 ] DEBUG Engine               - actualWidth: 800.0
18:30:17.658 [FXGL Background Thread 3 ] DEBUG Engine               - actualWidthProperty: ReadOnlyDoubleProperty [value: 800.0]
18:30:17.658 [FXGL Background Thread 3 ] DEBUG Engine               - appIcon: fxgl_icon.png
18:30:17.658 [FXGL Background Thread 3 ] DEBUG Engine               - applicationMode: DEVELOPER
18:30:17.659 [FXGL Background Thread 3 ] DEBUG Engine               - cSSList: [fxgl_dark.css]
18:30:17.659 [FXGL Background Thread 3 ] DEBUG Engine               - collisionDetectionStrategy: BRUTE_FORCE
18:30:17.659 [FXGL Background Thread 3 ] DEBUG Engine               - configClass: Optional.empty
18:30:17.660 [FXGL Background Thread 3 ] DEBUG Engine               - credits: []
18:30:17.661 [FXGL Background Thread 3 ] DEBUG Engine               - defaultCursor: CursorInfo(imageName=fxgl_default_cursor.png, hotspotX=7.0, hotspotY=6.0)
18:30:17.662 [FXGL Background Thread 3 ] DEBUG Engine               - devBBoxColorProperty: ObjectProperty [value: 0xff0000ff]
18:30:17.662 [FXGL Background Thread 3 ] DEBUG Engine               - devEnableDebugCameraProperty: BooleanProperty [value: false]
18:30:17.663 [FXGL Background Thread 3 ] DEBUG Engine               - devSensorColorProperty: ObjectProperty [value: 0xffff00ff]
18:30:17.663 [FXGL Background Thread 3 ] DEBUG Engine               - devShowBBoxProperty: BooleanProperty [value: false]
18:30:17.663 [FXGL Background Thread 3 ] DEBUG Engine               - devShowPositionProperty: BooleanProperty [value: false]
18:30:17.664 [FXGL Background Thread 3 ] DEBUG Engine               - enabledMenuItems: []
18:30:17.664 [FXGL Background Thread 3 ] DEBUG Engine               - engineServices: [class com.almasb.fxgl.app.services.FXGLAssetLoaderService, class com.almasb.fxgl.app.FXGLApplication$GameApplicationService, class com.almasb.fxgl.app.services.FXGLDialogService, class com.almasb.fxgl.app.services.IOTaskExecutorService, class com.almasb.fxgl.io.FileSystemService, class com.almasb.fxgl.localization.LocalizationService, class com.almasb.fxgl.app.services.SystemBundleService, class com.almasb.fxgl.profile.SaveLoadService, class com.almasb.fxgl.ui.FXGLUIFactoryServiceProvider, class com.almasb.fxgl.ui.FXGLDialogFactoryServiceProvider, class com.almasb.fxgl.audio.AudioPlayer, class com.almasb.fxgl.notification.impl.NotificationServiceProvider, class com.almasb.fxgl.achievement.AchievementService, class com.almasb.fxgl.cutscene.CutsceneService, class com.almasb.fxgl.minigames.MiniGameService, class com.almasb.fxgl.net.NetService, class com.almasb.fxgl.app.services.UpdaterService, class com.almasb.fxgl.dev.DevService]
18:30:17.665 [FXGL Background Thread 3 ] DEBUG Engine               - fontGame: Abel-Regular.ttf
18:30:17.666 [FXGL Background Thread 3 ] DEBUG Engine               - fontMono: lucida_console.ttf
18:30:17.666 [FXGL Background Thread 3 ] DEBUG Engine               - fontText: Courier-Prime.ttf
18:30:17.667 [FXGL Background Thread 3 ] DEBUG Engine               - fontUI: VarelaRound-Regular.ttf
18:30:17.667 [FXGL Background Thread 3 ] DEBUG Engine               - fullScreen: BooleanProperty [value: false]
18:30:17.668 [FXGL Background Thread 3 ] DEBUG Engine               - gameDifficulty: MEDIUM
18:30:17.668 [FXGL Background Thread 3 ] DEBUG Engine               - gameDifficultyProperty: ObjectProperty [value: MEDIUM]
18:30:17.668 [FXGL Background Thread 3 ] DEBUG Engine               - globalMusicVolume: 0.5
18:30:17.669 [FXGL Background Thread 3 ] DEBUG Engine               - globalMusicVolumeProperty: DoubleProperty [value: 0.5]
18:30:17.669 [FXGL Background Thread 3 ] DEBUG Engine               - globalSoundVolume: 0.5
18:30:17.670 [FXGL Background Thread 3 ] DEBUG Engine               - globalSoundVolumeProperty: DoubleProperty [value: 0.5]
18:30:17.670 [FXGL Background Thread 3 ] DEBUG Engine               - height: 600
18:30:17.670 [FXGL Background Thread 3 ] DEBUG Engine               - is3D: false
18:30:17.670 [FXGL Background Thread 3 ] DEBUG Engine               - isAndroid: false
18:30:17.671 [FXGL Background Thread 3 ] DEBUG Engine               - isBrowser: false
18:30:17.671 [FXGL Background Thread 3 ] DEBUG Engine               - isClickFeedbackEnabled: false
18:30:17.671 [FXGL Background Thread 3 ] DEBUG Engine               - isCloseConfirmation: false
18:30:17.672 [FXGL Background Thread 3 ] DEBUG Engine               - isDesktop: true
18:30:17.672 [FXGL Background Thread 3 ] DEBUG Engine               - isDeveloperMenuEnabled: false
18:30:17.672 [FXGL Background Thread 3 ] DEBUG Engine               - isEntityPreloadEnabled: true
18:30:17.673 [FXGL Background Thread 3 ] DEBUG Engine               - isExperimentalTiledLargeMap: false
18:30:17.673 [FXGL Background Thread 3 ] DEBUG Engine               - isFileSystemWriteAllowed: true
18:30:17.673 [FXGL Background Thread 3 ] DEBUG Engine               - isFullScreenAllowed: false
18:30:17.674 [FXGL Background Thread 3 ] DEBUG Engine               - isFullScreenFromStart: false
18:30:17.674 [FXGL Background Thread 3 ] DEBUG Engine               - isGameMenuEnabled: true
18:30:17.674 [FXGL Background Thread 3 ] DEBUG Engine               - isIOS: false
18:30:17.675 [FXGL Background Thread 3 ] DEBUG Engine               - isIntroEnabled: false
18:30:17.675 [FXGL Background Thread 3 ] DEBUG Engine               - isLinux: false
18:30:17.675 [FXGL Background Thread 3 ] DEBUG Engine               - isMac: true
18:30:17.676 [FXGL Background Thread 3 ] DEBUG Engine               - isMainMenuEnabled: false
18:30:17.676 [FXGL Background Thread 3 ] DEBUG Engine               - isManualResizeEnabled: false
18:30:17.677 [FXGL Background Thread 3 ] DEBUG Engine               - isMobile: false
18:30:17.677 [FXGL Background Thread 3 ] DEBUG Engine               - isNative: false
18:30:17.677 [FXGL Background Thread 3 ] DEBUG Engine               - isPauseMusicWhenMinimized: true
18:30:17.677 [FXGL Background Thread 3 ] DEBUG Engine               - isPreserveResizeRatio: false
18:30:17.678 [FXGL Background Thread 3 ] DEBUG Engine               - isProfilingEnabled: false
18:30:17.679 [FXGL Background Thread 3 ] DEBUG Engine               - isScaleAffectedOnResize: true
18:30:17.680 [FXGL Background Thread 3 ] DEBUG Engine               - isSingleStep: false
18:30:17.680 [FXGL Background Thread 3 ] DEBUG Engine               - isUserProfileEnabled: false
18:30:17.681 [FXGL Background Thread 3 ] DEBUG Engine               - isWindows: false
18:30:17.681 [FXGL Background Thread 3 ] DEBUG Engine               - language: ObjectProperty [value: ENGLISH]
18:30:17.681 [FXGL Background Thread 3 ] DEBUG Engine               - menuKey: ESCAPE
18:30:17.682 [FXGL Background Thread 3 ] DEBUG Engine               - mouseSensitivity: 0.2
18:30:17.682 [FXGL Background Thread 3 ] DEBUG Engine               - notificationViewClass: class com.almasb.fxgl.notification.view.XboxNotificationView
18:30:17.683 [FXGL Background Thread 3 ] DEBUG Engine               - pixelsPerMeter: 50.0
18:30:17.683 [FXGL Background Thread 3 ] DEBUG Engine               - platform: MAC
18:30:17.683 [FXGL Background Thread 3 ] DEBUG Engine               - prefHeightProperty: ReadOnlyDoubleProperty [value: 600.0]
18:30:17.684 [FXGL Background Thread 3 ] DEBUG Engine               - prefWidthProperty: ReadOnlyDoubleProperty [value: 800.0]
18:30:17.684 [FXGL Background Thread 3 ] DEBUG Engine               - profileDir: profiles/
18:30:17.684 [FXGL Background Thread 3 ] DEBUG Engine               - profileName: StringProperty [value: DEFAULT]
18:30:17.685 [FXGL Background Thread 3 ] DEBUG Engine               - randomSeed: -1
18:30:17.685 [FXGL Background Thread 3 ] DEBUG Engine               - runtimeInfo: RuntimeInfo(platform=MAC, version=11.17, build=16.07.2021 15.46)
18:30:17.686 [FXGL Background Thread 3 ] DEBUG Engine               - saveFileExt: sav
18:30:17.686 [FXGL Background Thread 3 ] DEBUG Engine               - scaledHeightProp$fxgl: DoubleProperty [bound, value: 600.0]
18:30:17.687 [FXGL Background Thread 3 ] DEBUG Engine               - scaledWidthProp$fxgl: DoubleProperty [bound, value: 800.0]
18:30:17.687 [FXGL Background Thread 3 ] DEBUG Engine               - sceneFactory: com.almasb.fxgl.app.scene.SceneFactory@7d595fab
18:30:17.687 [FXGL Background Thread 3 ] DEBUG Engine               - secondsIn24h: 60
18:30:17.688 [FXGL Background Thread 3 ] DEBUG Engine               - soundMenuBack: menu/back.wav
18:30:17.688 [FXGL Background Thread 3 ] DEBUG Engine               - soundMenuPress: menu/press.wav
18:30:17.688 [FXGL Background Thread 3 ] DEBUG Engine               - soundMenuSelect: menu/select.wav
18:30:17.689 [FXGL Background Thread 3 ] DEBUG Engine               - soundNotification: core/notification.wav
18:30:17.689 [FXGL Background Thread 3 ] DEBUG Engine               - stageStyle: DECORATED
18:30:17.689 [FXGL Background Thread 3 ] DEBUG Engine               - supportedLanguages: [ENGLISH, FRENCH, GERMAN, HUNGARIAN, RUSSIAN]
18:30:17.690 [FXGL Background Thread 3 ] DEBUG Engine               - ticksPerSecond: -1
18:30:17.690 [FXGL Background Thread 3 ] DEBUG Engine               - title: Tower Defense
18:30:17.690 [FXGL Background Thread 3 ] DEBUG Engine               - urlGithub: https://github.com/AlmasB/FXGL
18:30:17.691 [FXGL Background Thread 3 ] DEBUG Engine               - urlLeaderboard: http://fxgl-top.herokuapp.com/
18:30:17.691 [FXGL Background Thread 3 ] DEBUG Engine               - urlPOM: https://raw.githubusercontent.com/AlmasB/FXGL/release/README.md
18:30:17.692 [FXGL Background Thread 3 ] DEBUG Engine               - userAppClass: class MainApplication
18:30:17.692 [FXGL Background Thread 3 ] DEBUG Engine               - version: 0.0
18:30:17.692 [FXGL Background Thread 3 ] DEBUG Engine               - versionCheckDays: 7
18:30:17.693 [FXGL Background Thread 3 ] DEBUG Engine               - width: 800
18:30:17.693 [FXGL Background Thread 3 ] DEBUG Engine               - Logging services
18:30:17.693 [FXGL Background Thread 3 ] DEBUG Engine               - class com.almasb.fxgl.app.services.FXGLAssetLoaderService
18:30:17.694 [FXGL Background Thread 3 ] DEBUG Engine               - class com.almasb.fxgl.app.FXGLApplication$GameApplicationService
18:30:17.694 [FXGL Background Thread 3 ] DEBUG Engine               - class com.almasb.fxgl.app.services.FXGLDialogService
18:30:17.694 [FXGL Background Thread 3 ] DEBUG Engine               - class com.almasb.fxgl.app.services.IOTaskExecutorService
18:30:17.695 [FXGL Background Thread 3 ] DEBUG Engine               - class com.almasb.fxgl.io.FileSystemService
18:30:17.695 [FXGL Background Thread 3 ] DEBUG Engine               - class com.almasb.fxgl.localization.LocalizationService
18:30:17.695 [FXGL Background Thread 3 ] DEBUG Engine               - class com.almasb.fxgl.app.services.SystemBundleService
18:30:17.695 [FXGL Background Thread 3 ] DEBUG Engine               - class com.almasb.fxgl.profile.SaveLoadService
18:30:17.696 [FXGL Background Thread 3 ] DEBUG Engine               - class com.almasb.fxgl.ui.FXGLUIFactoryServiceProvider
18:30:17.696 [FXGL Background Thread 3 ] DEBUG Engine               - class com.almasb.fxgl.ui.FXGLDialogFactoryServiceProvider
18:30:17.697 [FXGL Background Thread 3 ] DEBUG Engine               - class com.almasb.fxgl.audio.AudioPlayer
18:30:17.697 [FXGL Background Thread 3 ] DEBUG Engine               - class com.almasb.fxgl.notification.impl.NotificationServiceProvider
18:30:17.697 [FXGL Background Thread 3 ] DEBUG Engine               - class com.almasb.fxgl.achievement.AchievementService
18:30:17.698 [FXGL Background Thread 3 ] DEBUG Engine               - class com.almasb.fxgl.cutscene.CutsceneService
18:30:17.698 [FXGL Background Thread 3 ] DEBUG Engine               - class com.almasb.fxgl.minigames.MiniGameService
18:30:17.698 [FXGL Background Thread 3 ] DEBUG Engine               - class com.almasb.fxgl.net.NetService
18:30:17.698 [FXGL Background Thread 3 ] DEBUG Engine               - class com.almasb.fxgl.app.services.UpdaterService
18:30:17.699 [FXGL Background Thread 3 ] DEBUG Engine               - class com.almasb.fxgl.dev.DevService
18:30:18.131 [JavaFX Application Thread] WARN  FXGLAssetLoaderServi - Asset "/assets/textures/brick.png" was not found!
18:30:18.132 [JavaFX Application Thread] WARN  FXGLAssetLoaderServi - Failed to load IMAGE
18:30:18.139 [JavaFX Application Thread] WARN  FXGLAssetLoaderServi - Asset "/assets/textures/brick.png" was not found!
18:30:18.140 [JavaFX Application Thread] WARN  FXGLAssetLoaderServi - Failed to load IMAGE
18:30:18.897 [JavaFX Application Thread] WARN  FXGLAssetLoaderServi - Asset "/assets/textures/brick.png" was not found!
18:30:18.897 [JavaFX Application Thread] WARN  FXGLAssetLoaderServi - Failed to load IMAGE
18:30:18.905 [JavaFX Application Thread] WARN  FXGLAssetLoaderServi - Asset "/assets/textures/brick.png" was not found!
18:30:18.905 [JavaFX Application Thread] WARN  FXGLAssetLoaderServi - Failed to load IMAGE
18:30:19.881 [JavaFX Application Thread] WARN  FXGLAssetLoaderServi - Asset "/assets/textures/brick.png" was not found!
18:30:19.881 [JavaFX Application Thread] WARN  FXGLAssetLoaderServi - Failed to load IMAGE
18:30:19.886 [JavaFX Application Thread] WARN  FXGLAssetLoaderServi - Asset "/assets/textures/brick.png" was not found!
18:30:19.886 [JavaFX Application Thread] WARN  FXGLAssetLoaderServi - Failed to load IMAGE
18:30:20.899 [JavaFX Application Thread] WARN  FXGLAssetLoaderServi - Asset "/assets/textures/brick.png" was not found!
18:30:20.900 [JavaFX Application Thread] WARN  FXGLAssetLoaderServi - Failed to load IMAGE
18:30:20.906 [JavaFX Application Thread] WARN  FXGLAssetLoaderServi - Asset "/assets/textures/brick.png" was not found!
18:30:20.907 [JavaFX Application Thread] WARN  FXGLAssetLoaderServi - Failed to load IMAGE
18:30:21.916 [JavaFX Application Thread] WARN  FXGLAssetLoaderServi - Asset "/assets/textures/brick.png" was not found!
18:30:21.916 [JavaFX Application Thread] WARN  FXGLAssetLoaderServi - Failed to load IMAGE
18:30:21.925 [JavaFX Application Thread] WARN  FXGLAssetLoaderServi - Asset "/assets/textures/brick.png" was not found!
18:30:21.926 [JavaFX Application Thread] WARN  FXGLAssetLoaderServi - Failed to load IMAGE
18:30:22.915 [JavaFX Application Thread] WARN  FXGLAssetLoaderServi - Asset "/assets/textures/brick.png" was not found!
18:30:22.916 [JavaFX Application Thread] WARN  FXGLAssetLoaderServi - Failed to load IMAGE
18:30:22.920 [JavaFX Application Thread] WARN  FXGLAssetLoaderServi - Asset "/assets/textures/brick.png" was not found!
18:30:22.920 [JavaFX Application Thread] WARN  FXGLAssetLoaderServi - Failed to load IMAGE
18:30:23.915 [JavaFX Application Thread] WARN  FXGLAssetLoaderServi - Asset "/assets/textures/brick.png" was not found!
18:30:23.916 [JavaFX Application Thread] WARN  FXGLAssetLoaderServi - Failed to load IMAGE
18:30:23.921 [JavaFX Application Thread] WARN  FXGLAssetLoaderServi - Asset "/assets/textures/brick.png" was not found!
18:30:23.921 [JavaFX Application Thread] WARN  FXGLAssetLoaderServi - Failed to load IMAGE
18:30:24.916 [JavaFX Application Thread] WARN  FXGLAssetLoaderServi - Asset "/assets/textures/brick.png" was not found!
18:30:24.916 [JavaFX Application Thread] WARN  FXGLAssetLoaderServi - Failed to load IMAGE
18:30:24.920 [JavaFX Application Thread] WARN  FXGLAssetLoaderServi - Asset "/assets/textures/brick.png" was not found!
18:30:24.920 [JavaFX Application Thread] WARN  FXGLAssetLoaderServi - Failed to load IMAGE
18:30:25.914 [JavaFX Application Thread] WARN  FXGLAssetLoaderServi - Asset "/assets/textures/brick.png" was not found!
18:30:25.914 [JavaFX Application Thread] WARN  FXGLAssetLoaderServi - Failed to load IMAGE
18:30:25.920 [JavaFX Application Thread] WARN  FXGLAssetLoaderServi - Asset "/assets/textures/brick.png" was not found!
18:30:25.921 [JavaFX Application Thread] WARN  FXGLAssetLoaderServi - Failed to load IMAGE
18:30:26.915 [JavaFX Application Thread] WARN  FXGLAssetLoaderServi - Asset "/assets/textures/brick.png" was not found!
18:30:26.915 [JavaFX Application Thread] WARN  FXGLAssetLoaderServi - Failed to load IMAGE
18:30:26.919 [JavaFX Application Thread] WARN  FXGLAssetLoaderServi - Asset "/assets/textures/brick.png" was not found!
18:30:26.919 [JavaFX Application Thread] WARN  FXGLAssetLoaderServi - Failed to load IMAGE
18:30:27.916 [JavaFX Application Thread] WARN  FXGLAssetLoaderServi - Asset "/assets/textures/brick.png" was not found!
18:30:27.917 [JavaFX Application Thread] WARN  FXGLAssetLoaderServi - Failed to load IMAGE
18:30:27.922 [JavaFX Application Thread] WARN  FXGLAssetLoaderServi - Asset "/assets/textures/brick.png" was not found!
18:30:27.922 [JavaFX Application Thread] WARN  FXGLAssetLoaderServi - Failed to load IMAGE
18:30:28.914 [JavaFX Application Thread] WARN  FXGLAssetLoaderServi - Asset "/assets/textures/brick.png" was not found!
18:30:28.914 [JavaFX Application Thread] WARN  FXGLAssetLoaderServi - Failed to load IMAGE
18:30:28.919 [JavaFX Application Thread] WARN  FXGLAssetLoaderServi - Asset "/assets/textures/brick.png" was not found!
18:30:28.919 [JavaFX Application Thread] WARN  FXGLAssetLoaderServi - Failed to load IMAGE
18:30:29.914 [JavaFX Application Thread] WARN  FXGLAssetLoaderServi - Asset "/assets/textures/brick.png" was not found!
18:30:29.914 [JavaFX Application Thread] WARN  FXGLAssetLoaderServi - Failed to load IMAGE
18:30:29.919 [JavaFX Application Thread] WARN  FXGLAssetLoaderServi - Asset "/assets/textures/brick.png" was not found!
18:30:29.919 [JavaFX Application Thread] WARN  FXGLAssetLoaderServi - Failed to load IMAGE
18:30:30.914 [JavaFX Application Thread] WARN  FXGLAssetLoaderServi - Asset "/assets/textures/brick.png" was not found!
18:30:30.915 [JavaFX Application Thread] WARN  FXGLAssetLoaderServi - Failed to load IMAGE
18:30:30.920 [JavaFX Application Thread] WARN  FXGLAssetLoaderServi - Asset "/assets/textures/brick.png" was not found!
18:30:30.920 [JavaFX Application Thread] WARN  FXGLAssetLoaderServi - Failed to load IMAGE
18:30:31.932 [JavaFX Application Thread] WARN  FXGLAssetLoaderServi - Asset "/assets/textures/brick.png" was not found!
18:30:31.933 [JavaFX Application Thread] WARN  FXGLAssetLoaderServi - Failed to load IMAGE
18:30:31.940 [JavaFX Application Thread] WARN  FXGLAssetLoaderServi - Asset "/assets/textures/brick.png" was not found!
18:30:31.941 [JavaFX Application Thread] WARN  FXGLAssetLoaderServi - Failed to load IMAGE
18:30:33.048 [JavaFX Application Thread] WARN  FXGLAssetLoaderServi - Asset "/assets/textures/brick.png" was not found!
18:30:33.048 [JavaFX Application Thread] WARN  FXGLAssetLoaderServi - Failed to load IMAGE
18:30:33.097 [JavaFX Application Thread] WARN  FXGLAssetLoaderServi - Asset "/assets/textures/brick.png" was not found!
18:30:33.098 [JavaFX Application Thread] WARN  FXGLAssetLoaderServi - Failed to load IMAGE
18:30:34.065 [JavaFX Application Thread] WARN  FXGLAssetLoaderServi - Asset "/assets/textures/brick.png" was not found!
18:30:34.065 [JavaFX Application Thread] WARN  FXGLAssetLoaderServi - Failed to load IMAGE
18:30:34.068 [JavaFX Application Thread] WARN  FXGLAssetLoaderServi - Asset "/assets/textures/brick.png" was not found!
18:30:34.068 [JavaFX Application Thread] WARN  FXGLAssetLoaderServi - Failed to load IMAGE
18:30:35.014 [JavaFX Application Thread] WARN  FXGLAssetLoaderServi - Asset "/assets/textures/brick.png" was not found!
18:30:35.014 [JavaFX Application Thread] WARN  FXGLAssetLoaderServi - Failed to load IMAGE
18:30:35.016 [JavaFX Application Thread] WARN  FXGLAssetLoaderServi - Asset "/assets/textures/brick.png" was not found!
18:30:35.016 [JavaFX Application Thread] WARN  FXGLAssetLoaderServi - Failed to load IMAGE
18:30:36.016 [JavaFX Application Thread] WARN  FXGLAssetLoaderServi - Asset "/assets/textures/brick.png" was not found!
18:30:36.016 [JavaFX Application Thread] WARN  FXGLAssetLoaderServi - Failed to load IMAGE
18:30:36.019 [JavaFX Application Thread] WARN  FXGLAssetLoaderServi - Asset "/assets/textures/brick.png" was not found!
18:30:36.019 [JavaFX Application Thread] WARN  FXGLAssetLoaderServi - Failed to load IMAGE
18:30:37.034 [JavaFX Application Thread] WARN  FXGLAssetLoaderServi - Asset "/assets/textures/brick.png" was not found!
18:30:37.034 [JavaFX Application Thread] WARN  FXGLAssetLoaderServi - Failed to load IMAGE
18:30:37.037 [JavaFX Application Thread] WARN  FXGLAssetLoaderServi - Asset "/assets/textures/brick.png" was not found!
18:30:37.037 [JavaFX Application Thread] WARN  FXGLAssetLoaderServi - Failed to load IMAGE
18:30:38.217 [JavaFX Application Thread] WARN  FXGLAssetLoaderServi - Asset "/assets/textures/brick.png" was not found!
18:30:38.217 [JavaFX Application Thread] WARN  FXGLAssetLoaderServi - Failed to load IMAGE
18:30:38.220 [JavaFX Application Thread] WARN  FXGLAssetLoaderServi - Asset "/assets/textures/brick.png" was not found!
18:30:38.220 [JavaFX Application Thread] WARN  FXGLAssetLoaderServi - Failed to load IMAGE
18:30:39.217 [JavaFX Application Thread] WARN  FXGLAssetLoaderServi - Asset "/assets/textures/brick.png" was not found!
18:30:39.218 [JavaFX Application Thread] WARN  FXGLAssetLoaderServi - Failed to load IMAGE
18:30:39.220 [JavaFX Application Thread] WARN  FXGLAssetLoaderServi - Asset "/assets/textures/brick.png" was not found!
18:30:39.220 [JavaFX Application Thread] WARN  FXGLAssetLoaderServi - Failed to load IMAGE
18:30:40.134 [JavaFX Application Thread] WARN  FXGLAssetLoaderServi - Asset "/assets/textures/brick.png" was not found!
18:30:40.134 [JavaFX Application Thread] WARN  FXGLAssetLoaderServi - Failed to load IMAGE
18:30:40.137 [JavaFX Application Thread] WARN  FXGLAssetLoaderServi - Asset "/assets/textures/brick.png" was not found!
18:30:40.137 [JavaFX Application Thread] WARN  FXGLAssetLoaderServi - Failed to load IMAGE
18:30:41.053 [JavaFX Application Thread] WARN  FXGLAssetLoaderServi - Asset "/assets/textures/brick.png" was not found!
18:30:41.053 [JavaFX Application Thread] WARN  FXGLAssetLoaderServi - Failed to load IMAGE
18:30:41.055 [JavaFX Application Thread] WARN  FXGLAssetLoaderServi - Asset "/assets/textures/brick.png" was not found!
18:30:41.056 [JavaFX Application Thread] WARN  FXGLAssetLoaderServi - Failed to load IMAGE
18:30:42.052 [JavaFX Application Thread] WARN  FXGLAssetLoaderServi - Asset "/assets/textures/brick.png" was not found!
18:30:42.053 [JavaFX Application Thread] WARN  FXGLAssetLoaderServi - Failed to load IMAGE
18:30:42.058 [JavaFX Application Thread] WARN  FXGLAssetLoaderServi - Asset "/assets/textures/brick.png" was not found!
18:30:42.058 [JavaFX Application Thread] WARN  FXGLAssetLoaderServi - Failed to load IMAGE
18:30:43.068 [JavaFX Application Thread] WARN  FXGLAssetLoaderServi - Asset "/assets/textures/brick.png" was not found!
18:30:43.069 [JavaFX Application Thread] WARN  FXGLAssetLoaderServi - Failed to load IMAGE
18:30:43.072 [JavaFX Application Thread] WARN  FXGLAssetLoaderServi - Asset "/assets/textures/brick.png" was not found!
18:30:43.072 [JavaFX Application Thread] WARN  FXGLAssetLoaderServi - Failed to load IMAGE
18:30:44.086 [JavaFX Application Thread] WARN  FXGLAssetLoaderServi - Asset "/assets/textures/brick.png" was not found!
18:30:44.087 [JavaFX Application Thread] WARN  FXGLAssetLoaderServi - Failed to load IMAGE
18:30:44.089 [JavaFX Application Thread] WARN  FXGLAssetLoaderServi - Asset "/assets/textures/brick.png" was not found!
18:30:44.089 [JavaFX Application Thread] WARN  FXGLAssetLoaderServi - Failed to load IMAGE
18:30:45.102 [JavaFX Application Thread] WARN  FXGLAssetLoaderServi - Asset "/assets/textures/brick.png" was not found!
18:30:45.102 [JavaFX Application Thread] WARN  FXGLAssetLoaderServi - Failed to load IMAGE
18:30:45.105 [JavaFX Application Thread] WARN  FXGLAssetLoaderServi - Asset "/assets/textures/brick.png" was not found!
18:30:45.105 [JavaFX Application Thread] WARN  FXGLAssetLoaderServi - Failed to load IMAGE
18:30:46.205 [JavaFX Application Thread] WARN  FXGLAssetLoaderServi - Asset "/assets/textures/brick.png" was not found!
18:30:46.205 [JavaFX Application Thread] WARN  FXGLAssetLoaderServi - Failed to load IMAGE
18:30:46.208 [JavaFX Application Thread] WARN  FXGLAssetLoaderServi - Asset "/assets/textures/brick.png" was not found!
18:30:46.208 [JavaFX Application Thread] WARN  FXGLAssetLoaderServi - Failed to load IMAGE
18:30:47.205 [JavaFX Application Thread] WARN  FXGLAssetLoaderServi - Asset "/assets/textures/brick.png" was not found!
18:30:47.205 [JavaFX Application Thread] WARN  FXGLAssetLoaderServi - Failed to load IMAGE
18:30:47.208 [JavaFX Application Thread] WARN  FXGLAssetLoaderServi - Asset "/assets/textures/brick.png" was not found!
18:30:47.208 [JavaFX Application Thread] WARN  FXGLAssetLoaderServi - Failed to load IMAGE
18:30:48.155 [JavaFX Application Thread] WARN  FXGLAssetLoaderServi - Asset "/assets/textures/brick.png" was not found!
18:30:48.155 [JavaFX Application Thread] WARN  FXGLAssetLoaderServi - Failed to load IMAGE
18:30:48.163 [JavaFX Application Thread] WARN  FXGLAssetLoaderServi - Asset "/assets/textures/brick.png" was not found!
18:30:48.163 [JavaFX Application Thread] WARN  FXGLAssetLoaderServi - Failed to load IMAGE
18:30:49.105 [JavaFX Application Thread] WARN  FXGLAssetLoaderServi - Asset "/assets/textures/brick.png" was not found!
18:30:49.105 [JavaFX Application Thread] WARN  FXGLAssetLoaderServi - Failed to load IMAGE
18:30:49.109 [JavaFX Application Thread] WARN  FXGLAssetLoaderServi - Asset "/assets/textures/brick.png" was not found!
18:30:49.110 [JavaFX Application Thread] WARN  FXGLAssetLoaderServi - Failed to load IMAGE
18:30:50.104 [JavaFX Application Thread] WARN  FXGLAssetLoaderServi - Asset "/assets/textures/brick.png" was not found!
18:30:50.104 [JavaFX Application Thread] WARN  FXGLAssetLoaderServi - Failed to load IMAGE
18:30:50.109 [JavaFX Application Thread] WARN  FXGLAssetLoaderServi - Asset "/assets/textures/brick.png" was not found!
18:30:50.109 [JavaFX Application Thread] WARN  FXGLAssetLoaderServi - Failed to load IMAGE
18:30:51.126 [JavaFX Application Thread] WARN  FXGLAssetLoaderServi - Asset "/assets/textures/brick.png" was not found!
18:30:51.126 [JavaFX Application Thread] WARN  FXGLAssetLoaderServi - Failed to load IMAGE
18:30:51.129 [JavaFX Application Thread] WARN  FXGLAssetLoaderServi - Asset "/assets/textures/brick.png" was not found!
18:30:51.130 [JavaFX Application Thread] WARN  FXGLAssetLoaderServi - Failed to load IMAGE
18:30:52.159 [JavaFX Application Thread] WARN  FXGLAssetLoaderServi - Asset "/assets/textures/brick.png" was not found!
18:30:52.159 [JavaFX Application Thread] WARN  FXGLAssetLoaderServi - Failed to load IMAGE
18:30:52.162 [JavaFX Application Thread] WARN  FXGLAssetLoaderServi - Asset "/assets/textures/brick.png" was not found!
18:30:52.163 [JavaFX Application Thread] WARN  FXGLAssetLoaderServi - Failed to load IMAGE
18:30:53.243 [JavaFX Application Thread] WARN  FXGLAssetLoaderServi - Asset "/assets/textures/brick.png" was not found!
18:30:53.243 [JavaFX Application Thread] WARN  FXGLAssetLoaderServi - Failed to load IMAGE
18:30:53.247 [JavaFX Application Thread] WARN  FXGLAssetLoaderServi - Asset "/assets/textures/brick.png" was not found!
18:30:53.247 [JavaFX Application Thread] WARN  FXGLAssetLoaderServi - Failed to load IMAGE
18:30:54.192 [JavaFX Application Thread] WARN  FXGLAssetLoaderServi - Asset "/assets/textures/brick.png" was not found!
18:30:54.193 [JavaFX Application Thread] WARN  FXGLAssetLoaderServi - Failed to load IMAGE
18:30:54.197 [JavaFX Application Thread] WARN  FXGLAssetLoaderServi - Asset "/assets/textures/brick.png" was not found!
18:30:54.197 [JavaFX Application Thread] WARN  FXGLAssetLoaderServi - Failed to load IMAGE
18:30:55.143 [JavaFX Application Thread] WARN  FXGLAssetLoaderServi - Asset "/assets/textures/brick.png" was not found!
18:30:55.143 [JavaFX Application Thread] WARN  FXGLAssetLoaderServi - Failed to load IMAGE
18:30:55.146 [JavaFX Application Thread] WARN  FXGLAssetLoaderServi - Asset "/assets/textures/brick.png" was not found!
18:30:55.146 [JavaFX Application Thread] WARN  FXGLAssetLoaderServi - Failed to load IMAGE
18:30:56.139 [JavaFX Application Thread] WARN  FXGLAssetLoaderServi - Asset "/assets/textures/brick.png" was not found!
18:30:56.139 [JavaFX Application Thread] WARN  FXGLAssetLoaderServi - Failed to load IMAGE
18:30:56.141 [JavaFX Application Thread] WARN  FXGLAssetLoaderServi - Asset "/assets/textures/brick.png" was not found!
18:30:56.141 [JavaFX Application Thread] WARN  FXGLAssetLoaderServi - Failed to load IMAGE
18:30:57.242 [JavaFX Application Thread] WARN  FXGLAssetLoaderServi - Asset "/assets/textures/brick.png" was not found!
18:30:57.242 [JavaFX Application Thread] WARN  FXGLAssetLoaderServi - Failed to load IMAGE
18:30:57.246 [JavaFX Application Thread] WARN  FXGLAssetLoaderServi - Asset "/assets/textures/brick.png" was not found!
18:30:57.246 [JavaFX Application Thread] WARN  FXGLAssetLoaderServi - Failed to load IMAGE
18:30:58.255 [JavaFX Application Thread] WARN  FXGLAssetLoaderServi - Asset "/assets/textures/brick.png" was not found!
18:30:58.256 [JavaFX Application Thread] WARN  FXGLAssetLoaderServi - Failed to load IMAGE
18:30:58.269 [JavaFX Application Thread] WARN  FXGLAssetLoaderServi - Asset "/assets/textures/brick.png" was not found!
18:30:58.269 [JavaFX Application Thread] WARN  FXGLAssetLoaderServi - Failed to load IMAGE
18:30:59.256 [JavaFX Application Thread] WARN  FXGLAssetLoaderServi - Asset "/assets/textures/brick.png" was not found!
18:30:59.256 [JavaFX Application Thread] WARN  FXGLAssetLoaderServi - Failed to load IMAGE
18:30:59.260 [JavaFX Application Thread] WARN  FXGLAssetLoaderServi - Asset "/assets/textures/brick.png" was not found!
18:30:59.260 [JavaFX Application Thread] WARN  FXGLAssetLoaderServi - Failed to load IMAGE
18:31:00.238 [JavaFX Application Thread] WARN  FXGLAssetLoaderServi - Asset "/assets/textures/brick.png" was not found!
18:31:00.239 [JavaFX Application Thread] WARN  FXGLAssetLoaderServi - Failed to load IMAGE
18:31:00.242 [JavaFX Application Thread] WARN  FXGLAssetLoaderServi - Asset "/assets/textures/brick.png" was not found!
18:31:00.242 [JavaFX Application Thread] WARN  FXGLAssetLoaderServi - Failed to load IMAGE
18:31:01.216 [JavaFX Application Thread] WARN  FXGLAssetLoaderServi - Asset "/assets/textures/brick.png" was not found!
18:31:01.216 [JavaFX Application Thread] WARN  FXGLAssetLoaderServi - Failed to load IMAGE
18:31:01.221 [JavaFX Application Thread] WARN  FXGLAssetLoaderServi - Asset "/assets/textures/brick.png" was not found!
18:31:01.221 [JavaFX Application Thread] WARN  FXGLAssetLoaderServi - Failed to load IMAGE
18:31:02.215 [JavaFX Application Thread] WARN  FXGLAssetLoaderServi - Asset "/assets/textures/brick.png" was not found!
18:31:02.215 [JavaFX Application Thread] WARN  FXGLAssetLoaderServi - Failed to load IMAGE
18:31:02.218 [JavaFX Application Thread] WARN  FXGLAssetLoaderServi - Asset "/assets/textures/brick.png" was not found!
18:31:02.218 [JavaFX Application Thread] WARN  FXGLAssetLoaderServi - Failed to load IMAGE
18:31:03.233 [JavaFX Application Thread] WARN  FXGLAssetLoaderServi - Asset "/assets/textures/brick.png" was not found!
18:31:03.233 [JavaFX Application Thread] WARN  FXGLAssetLoaderServi - Failed to load IMAGE
18:31:03.239 [JavaFX Application Thread] WARN  FXGLAssetLoaderServi - Asset "/assets/textures/brick.png" was not found!
18:31:03.239 [JavaFX Application Thread] WARN  FXGLAssetLoaderServi - Failed to load IMAGE
18:31:04.248 [JavaFX Application Thread] WARN  FXGLAssetLoaderServi - Asset "/assets/textures/brick.png" was not found!
18:31:04.249 [JavaFX Application Thread] WARN  FXGLAssetLoaderServi - Failed to load IMAGE
18:31:04.251 [JavaFX Application Thread] WARN  FXGLAssetLoaderServi - Asset "/assets/textures/brick.png" was not found!
18:31:04.252 [JavaFX Application Thread] WARN  FXGLAssetLoaderServi - Failed to load IMAGE
18:31:05.348 [JavaFX Application Thread] WARN  FXGLAssetLoaderServi - Asset "/assets/textures/brick.png" was not found!
18:31:05.349 [JavaFX Application Thread] WARN  FXGLAssetLoaderServi - Failed to load IMAGE
18:31:05.353 [JavaFX Application Thread] WARN  FXGLAssetLoaderServi - Asset "/assets/textures/brick.png" was not found!
18:31:05.353 [JavaFX Application Thread] WARN  FXGLAssetLoaderServi - Failed to load IMAGE
18:31:06.306 [JavaFX Application Thread] WARN  FXGLAssetLoaderServi - Asset "/assets/textures/brick.png" was not found!
18:31:06.307 [JavaFX Application Thread] WARN  FXGLAssetLoaderServi - Failed to load IMAGE
18:31:06.309 [JavaFX Application Thread] WARN  FXGLAssetLoaderServi - Asset "/assets/textures/brick.png" was not found!
18:31:06.309 [JavaFX Application Thread] WARN  FXGLAssetLoaderServi - Failed to load IMAGE
18:31:07.257 [JavaFX Application Thread] WARN  FXGLAssetLoaderServi - Asset "/assets/textures/brick.png" was not found!
18:31:07.257 [JavaFX Application Thread] WARN  FXGLAssetLoaderServi - Failed to load IMAGE
18:31:07.260 [JavaFX Application Thread] WARN  FXGLAssetLoaderServi - Asset "/assets/textures/brick.png" was not found!
18:31:07.260 [JavaFX Application Thread] WARN  FXGLAssetLoaderServi - Failed to load IMAGE
18:31:08.257 [JavaFX Application Thread] WARN  FXGLAssetLoaderServi - Asset "/assets/textures/brick.png" was not found!
18:31:08.258 [JavaFX Application Thread] WARN  FXGLAssetLoaderServi - Failed to load IMAGE
18:31:08.263 [JavaFX Application Thread] WARN  FXGLAssetLoaderServi - Asset "/assets/textures/brick.png" was not found!
18:31:08.264 [JavaFX Application Thread] WARN  FXGLAssetLoaderServi - Failed to load IMAGE
18:31:09.323 [JavaFX Application Thread] WARN  FXGLAssetLoaderServi - Asset "/assets/textures/brick.png" was not found!
18:31:09.324 [JavaFX Application Thread] WARN  FXGLAssetLoaderServi - Failed to load IMAGE
18:31:09.327 [JavaFX Application Thread] WARN  FXGLAssetLoaderServi - Asset "/assets/textures/brick.png" was not found!
18:31:09.328 [JavaFX Application Thread] WARN  FXGLAssetLoaderServi - Failed to load IMAGE
18:31:10.307 [JavaFX Application Thread] WARN  FXGLAssetLoaderServi - Asset "/assets/textures/brick.png" was not found!
18:31:10.307 [JavaFX Application Thread] WARN  FXGLAssetLoaderServi - Failed to load IMAGE
18:31:10.313 [JavaFX Application Thread] WARN  FXGLAssetLoaderServi - Asset "/assets/textures/brick.png" was not found!
18:31:10.313 [JavaFX Application Thread] WARN  FXGLAssetLoaderServi - Failed to load IMAGE
18:31:11.333 [JavaFX Application Thread] WARN  FXGLAssetLoaderServi - Asset "/assets/textures/brick.png" was not found!
18:31:11.334 [JavaFX Application Thread] WARN  FXGLAssetLoaderServi - Failed to load IMAGE
18:31:11.338 [JavaFX Application Thread] WARN  FXGLAssetLoaderServi - Asset "/assets/textures/brick.png" was not found!
18:31:11.339 [JavaFX Application Thread] WARN  FXGLAssetLoaderServi - Failed to load IMAGE
18:31:12.315 [JavaFX Application Thread] WARN  FXGLAssetLoaderServi - Asset "/assets/textures/brick.png" was not found!
18:31:12.316 [JavaFX Application Thread] WARN  FXGLAssetLoaderServi - Failed to load IMAGE
18:31:12.318 [JavaFX Application Thread] WARN  FXGLAssetLoaderServi - Asset "/assets/textures/brick.png" was not found!
18:31:12.319 [JavaFX Application Thread] WARN  FXGLAssetLoaderServi - Failed to load IMAGE
18:31:13.299 [JavaFX Application Thread] WARN  FXGLAssetLoaderServi - Asset "/assets/textures/brick.png" was not found!
18:31:13.300 [JavaFX Application Thread] WARN  FXGLAssetLoaderServi - Failed to load IMAGE
18:31:13.301 [JavaFX Application Thread] WARN  FXGLAssetLoaderServi - Asset "/assets/textures/brick.png" was not found!
18:31:13.302 [JavaFX Application Thread] WARN  FXGLAssetLoaderServi - Failed to load IMAGE
18:31:14.305 [JavaFX Application Thread] WARN  FXGLAssetLoaderServi - Asset "/assets/textures/brick.png" was not found!
18:31:14.306 [JavaFX Application Thread] WARN  FXGLAssetLoaderServi - Failed to load IMAGE
18:31:14.308 [JavaFX Application Thread] WARN  FXGLAssetLoaderServi - Asset "/assets/textures/brick.png" was not found!
18:31:14.309 [JavaFX Application Thread] WARN  FXGLAssetLoaderServi - Failed to load IMAGE
18:31:15.316 [JavaFX Application Thread] WARN  FXGLAssetLoaderServi - Asset "/assets/textures/brick.png" was not found!
18:31:15.316 [JavaFX Application Thread] WARN  FXGLAssetLoaderServi - Failed to load IMAGE
18:31:15.319 [JavaFX Application Thread] WARN  FXGLAssetLoaderServi - Asset "/assets/textures/brick.png" was not found!
18:31:15.319 [JavaFX Application Thread] WARN  FXGLAssetLoaderServi - Failed to load IMAGE
18:31:16.335 [JavaFX Application Thread] WARN  FXGLAssetLoaderServi - Asset "/assets/textures/brick.png" was not found!
18:31:16.336 [JavaFX Application Thread] WARN  FXGLAssetLoaderServi - Failed to load IMAGE
18:31:16.340 [JavaFX Application Thread] WARN  FXGLAssetLoaderServi - Asset "/assets/textures/brick.png" was not found!
18:31:16.341 [JavaFX Application Thread] WARN  FXGLAssetLoaderServi - Failed to load IMAGE
18:31:17.419 [JavaFX Application Thread] WARN  FXGLAssetLoaderServi - Asset "/assets/textures/brick.png" was not found!
18:31:17.419 [JavaFX Application Thread] WARN  FXGLAssetLoaderServi - Failed to load IMAGE
18:31:17.421 [JavaFX Application Thread] WARN  FXGLAssetLoaderServi - Asset "/assets/textures/brick.png" was not found!
18:31:17.421 [JavaFX Application Thread] WARN  FXGLAssetLoaderServi - Failed to load IMAGE
18:31:18.369 [JavaFX Application Thread] WARN  FXGLAssetLoaderServi - Asset "/assets/textures/brick.png" was not found!
18:31:18.369 [JavaFX Application Thread] WARN  FXGLAssetLoaderServi - Failed to load IMAGE
18:31:18.371 [JavaFX Application Thread] WARN  FXGLAssetLoaderServi - Asset "/assets/textures/brick.png" was not found!
18:31:18.371 [JavaFX Application Thread] WARN  FXGLAssetLoaderServi - Failed to load IMAGE
18:31:19.318 [JavaFX Application Thread] WARN  FXGLAssetLoaderServi - Asset "/assets/textures/brick.png" was not found!
18:31:19.319 [JavaFX Application Thread] WARN  FXGLAssetLoaderServi - Failed to load IMAGE
18:31:19.322 [JavaFX Application Thread] WARN  FXGLAssetLoaderServi - Asset "/assets/textures/brick.png" was not found!
18:31:19.322 [JavaFX Application Thread] WARN  FXGLAssetLoaderServi - Failed to load IMAGE
18:31:20.317 [JavaFX Application Thread] WARN  FXGLAssetLoaderServi - Asset "/assets/textures/brick.png" was not found!
18:31:20.318 [JavaFX Application Thread] WARN  FXGLAssetLoaderServi - Failed to load IMAGE
18:31:20.320 [JavaFX Application Thread] WARN  FXGLAssetLoaderServi - Asset "/assets/textures/brick.png" was not found!
18:31:20.321 [JavaFX Application Thread] WARN  FXGLAssetLoaderServi - Failed to load IMAGE
18:31:21.355 [JavaFX Application Thread] WARN  FXGLAssetLoaderServi - Asset "/assets/textures/brick.png" was not found!
18:31:21.355 [JavaFX Application Thread] WARN  FXGLAssetLoaderServi - Failed to load IMAGE
18:31:21.357 [JavaFX Application Thread] WARN  FXGLAssetLoaderServi - Asset "/assets/textures/brick.png" was not found!
18:31:21.357 [JavaFX Application Thread] WARN  FXGLAssetLoaderServi - Failed to load IMAGE
18:31:22.355 [JavaFX Application Thread] WARN  FXGLAssetLoaderServi - Asset "/assets/textures/brick.png" was not found!
18:31:22.355 [JavaFX Application Thread] WARN  FXGLAssetLoaderServi - Failed to load IMAGE
18:31:22.358 [JavaFX Application Thread] WARN  FXGLAssetLoaderServi - Asset "/assets/textures/brick.png" was not found!
18:31:22.358 [JavaFX Application Thread] WARN  FXGLAssetLoaderServi - Failed to load IMAGE
18:31:23.355 [JavaFX Application Thread] WARN  FXGLAssetLoaderServi - Asset "/assets/textures/brick.png" was not found!
18:31:23.356 [JavaFX Application Thread] WARN  FXGLAssetLoaderServi - Failed to load IMAGE
18:31:23.359 [JavaFX Application Thread] WARN  FXGLAssetLoaderServi - Asset "/assets/textures/brick.png" was not found!
18:31:23.359 [JavaFX Application Thread] WARN  FXGLAssetLoaderServi - Failed to load IMAGE
18:31:24.356 [JavaFX Application Thread] WARN  FXGLAssetLoaderServi - Asset "/assets/textures/brick.png" was not found!
18:31:24.356 [JavaFX Application Thread] WARN  FXGLAssetLoaderServi - Failed to load IMAGE
18:31:24.360 [JavaFX Application Thread] WARN  FXGLAssetLoaderServi - Asset "/assets/textures/brick.png" was not found!
18:31:24.360 [JavaFX Application Thread] WARN  FXGLAssetLoaderServi - Failed to load IMAGE
18:31:25.372 [JavaFX Application Thread] WARN  FXGLAssetLoaderServi - Asset "/assets/textures/brick.png" was not found!
18:31:25.372 [JavaFX Application Thread] WARN  FXGLAssetLoaderServi - Failed to load IMAGE
18:31:25.374 [JavaFX Application Thread] WARN  FXGLAssetLoaderServi - Asset "/assets/textures/brick.png" was not found!
18:31:25.374 [JavaFX Application Thread] WARN  FXGLAssetLoaderServi - Failed to load IMAGE
18:31:26.381 [JavaFX Application Thread] WARN  FXGLAssetLoaderServi - Asset "/assets/textures/brick.png" was not found!
18:31:26.381 [JavaFX Application Thread] WARN  FXGLAssetLoaderServi - Failed to load IMAGE
18:31:26.384 [JavaFX Application Thread] WARN  FXGLAssetLoaderServi - Asset "/assets/textures/brick.png" was not found!
18:31:26.384 [JavaFX Application Thread] WARN  FXGLAssetLoaderServi - Failed to load IMAGE
18:31:27.564 [JavaFX Application Thread] WARN  FXGLAssetLoaderServi - Asset "/assets/textures/brick.png" was not found!
18:31:27.565 [JavaFX Application Thread] WARN  FXGLAssetLoaderServi - Failed to load IMAGE
18:31:27.567 [JavaFX Application Thread] WARN  FXGLAssetLoaderServi - Asset "/assets/textures/brick.png" was not found!
18:31:27.567 [JavaFX Application Thread] WARN  FXGLAssetLoaderServi - Failed to load IMAGE
18:31:28.497 [JavaFX Application Thread] WARN  FXGLAssetLoaderServi - Asset "/assets/textures/brick.png" was not found!
18:31:28.498 [JavaFX Application Thread] WARN  FXGLAssetLoaderServi - Failed to load IMAGE
18:31:28.500 [JavaFX Application Thread] WARN  FXGLAssetLoaderServi - Asset "/assets/textures/brick.png" was not found!
18:31:28.500 [JavaFX Application Thread] WARN  FXGLAssetLoaderServi - Failed to load IMAGE
18:31:29.431 [JavaFX Application Thread] WARN  FXGLAssetLoaderServi - Asset "/assets/textures/brick.png" was not found!
18:31:29.432 [JavaFX Application Thread] WARN  FXGLAssetLoaderServi - Failed to load IMAGE
18:31:29.434 [JavaFX Application Thread] WARN  FXGLAssetLoaderServi - Asset "/assets/textures/brick.png" was not found!
18:31:29.434 [JavaFX Application Thread] WARN  FXGLAssetLoaderServi - Failed to load IMAGE
18:31:30.449 [JavaFX Application Thread] WARN  FXGLAssetLoaderServi - Asset "/assets/textures/brick.png" was not found!
18:31:30.450 [JavaFX Application Thread] WARN  FXGLAssetLoaderServi - Failed to load IMAGE
18:31:30.452 [JavaFX Application Thread] WARN  FXGLAssetLoaderServi - Asset "/assets/textures/brick.png" was not found!
18:31:30.452 [JavaFX Application Thread] WARN  FXGLAssetLoaderServi - Failed to load IMAGE
18:31:31.500 [JavaFX Application Thread] WARN  FXGLAssetLoaderServi - Asset "/assets/textures/brick.png" was not found!
18:31:31.500 [JavaFX Application Thread] WARN  FXGLAssetLoaderServi - Failed to load IMAGE
18:31:31.503 [JavaFX Application Thread] WARN  FXGLAssetLoaderServi - Asset "/assets/textures/brick.png" was not found!
18:31:31.503 [JavaFX Application Thread] WARN  FXGLAssetLoaderServi - Failed to load IMAGE
18:31:32.502 [JavaFX Application Thread] WARN  FXGLAssetLoaderServi - Asset "/assets/textures/brick.png" was not found!
18:31:32.503 [JavaFX Application Thread] WARN  FXGLAssetLoaderServi - Failed to load IMAGE
18:31:32.508 [JavaFX Application Thread] WARN  FXGLAssetLoaderServi - Asset "/assets/textures/brick.png" was not found!
18:31:32.509 [JavaFX Application Thread] WARN  FXGLAssetLoaderServi - Failed to load IMAGE
18:31:33.484 [JavaFX Application Thread] WARN  FXGLAssetLoaderServi - Asset "/assets/textures/brick.png" was not found!
18:31:33.484 [JavaFX Application Thread] WARN  FXGLAssetLoaderServi - Failed to load IMAGE
18:31:33.487 [JavaFX Application Thread] WARN  FXGLAssetLoaderServi - Asset "/assets/textures/brick.png" was not found!
18:31:33.487 [JavaFX Application Thread] WARN  FXGLAssetLoaderServi - Failed to load IMAGE
18:31:34.484 [JavaFX Application Thread] WARN  FXGLAssetLoaderServi - Asset "/assets/textures/brick.png" was not found!
18:31:34.485 [JavaFX Application Thread] WARN  FXGLAssetLoaderServi - Failed to load IMAGE
18:31:34.488 [JavaFX Application Thread] WARN  FXGLAssetLoaderServi - Asset "/assets/textures/brick.png" was not found!
18:31:34.488 [JavaFX Application Thread] WARN  FXGLAssetLoaderServi - Failed to load IMAGE
18:31:35.486 [JavaFX Application Thread] WARN  FXGLAssetLoaderServi - Asset "/assets/textures/brick.png" was not found!
18:31:35.487 [JavaFX Application Thread] WARN  FXGLAssetLoaderServi - Failed to load IMAGE
18:31:35.489 [JavaFX Application Thread] WARN  FXGLAssetLoaderServi - Asset "/assets/textures/brick.png" was not found!
18:31:35.489 [JavaFX Application Thread] WARN  FXGLAssetLoaderServi - Failed to load IMAGE
18:31:36.503 [JavaFX Application Thread] WARN  FXGLAssetLoaderServi - Asset "/assets/textures/brick.png" was not found!
18:31:36.504 [JavaFX Application Thread] WARN  FXGLAssetLoaderServi - Failed to load IMAGE
18:31:36.506 [JavaFX Application Thread] WARN  FXGLAssetLoaderServi - Asset "/assets/textures/brick.png" was not found!
18:31:36.506 [JavaFX Application Thread] WARN  FXGLAssetLoaderServi - Failed to load IMAGE
18:31:37.520 [JavaFX Application Thread] WARN  FXGLAssetLoaderServi - Asset "/assets/textures/brick.png" was not found!
18:31:37.520 [JavaFX Application Thread] WARN  FXGLAssetLoaderServi - Failed to load IMAGE
18:31:37.522 [JavaFX Application Thread] WARN  FXGLAssetLoaderServi - Asset "/assets/textures/brick.png" was not found!
18:31:37.523 [JavaFX Application Thread] WARN  FXGLAssetLoaderServi - Failed to load IMAGE
18:31:38.537 [JavaFX Application Thread] WARN  FXGLAssetLoaderServi - Asset "/assets/textures/brick.png" was not found!
18:31:38.537 [JavaFX Application Thread] WARN  FXGLAssetLoaderServi - Failed to load IMAGE
18:31:38.539 [JavaFX Application Thread] WARN  FXGLAssetLoaderServi - Asset "/assets/textures/brick.png" was not found!
18:31:38.539 [JavaFX Application Thread] WARN  FXGLAssetLoaderServi - Failed to load IMAGE
18:31:39.686 [JavaFX Application Thread] WARN  FXGLAssetLoaderServi - Asset "/assets/textures/brick.png" was not found!
18:31:39.687 [JavaFX Application Thread] WARN  FXGLAssetLoaderServi - Failed to load IMAGE
18:31:39.691 [JavaFX Application Thread] WARN  FXGLAssetLoaderServi - Asset "/assets/textures/brick.png" was not found!
18:31:39.692 [JavaFX Application Thread] WARN  FXGLAssetLoaderServi - Failed to load IMAGE
18:31:40.642 [JavaFX Application Thread] WARN  FXGLAssetLoaderServi - Asset "/assets/textures/brick.png" was not found!
18:31:40.642 [JavaFX Application Thread] WARN  FXGLAssetLoaderServi - Failed to load IMAGE
18:31:40.644 [JavaFX Application Thread] WARN  FXGLAssetLoaderServi - Asset "/assets/textures/brick.png" was not found!
18:31:40.644 [JavaFX Application Thread] WARN  FXGLAssetLoaderServi - Failed to load IMAGE
18:31:41.592 [JavaFX Application Thread] WARN  FXGLAssetLoaderServi - Asset "/assets/textures/brick.png" was not found!
18:31:41.592 [JavaFX Application Thread] WARN  FXGLAssetLoaderServi - Failed to load IMAGE
18:31:41.593 [JavaFX Application Thread] WARN  FXGLAssetLoaderServi - Asset "/assets/textures/brick.png" was not found!
18:31:41.594 [JavaFX Application Thread] WARN  FXGLAssetLoaderServi - Failed to load IMAGE
18:31:42.609 [JavaFX Application Thread] WARN  FXGLAssetLoaderServi - Asset "/assets/textures/brick.png" was not found!
18:31:42.610 [JavaFX Application Thread] WARN  FXGLAssetLoaderServi - Failed to load IMAGE
18:31:42.612 [JavaFX Application Thread] WARN  FXGLAssetLoaderServi - Asset "/assets/textures/brick.png" was not found!
18:31:42.612 [JavaFX Application Thread] WARN  FXGLAssetLoaderServi - Failed to load IMAGE
18:31:43.626 [JavaFX Application Thread] WARN  FXGLAssetLoaderServi - Asset "/assets/textures/brick.png" was not found!
18:31:43.626 [JavaFX Application Thread] WARN  FXGLAssetLoaderServi - Failed to load IMAGE
18:31:43.628 [JavaFX Application Thread] WARN  FXGLAssetLoaderServi - Asset "/assets/textures/brick.png" was not found!
18:31:43.628 [JavaFX Application Thread] WARN  FXGLAssetLoaderServi - Failed to load IMAGE
18:31:44.642 [JavaFX Application Thread] WARN  FXGLAssetLoaderServi - Asset "/assets/textures/brick.png" was not found!
18:31:44.642 [JavaFX Application Thread] WARN  FXGLAssetLoaderServi - Failed to load IMAGE
18:31:44.644 [JavaFX Application Thread] WARN  FXGLAssetLoaderServi - Asset "/assets/textures/brick.png" was not found!
18:31:44.644 [JavaFX Application Thread] WARN  FXGLAssetLoaderServi - Failed to load IMAGE
18:31:45.661 [JavaFX Application Thread] WARN  FXGLAssetLoaderServi - Asset "/assets/textures/brick.png" was not found!
18:31:45.661 [JavaFX Application Thread] WARN  FXGLAssetLoaderServi - Failed to load IMAGE
18:31:45.663 [JavaFX Application Thread] WARN  FXGLAssetLoaderServi - Asset "/assets/textures/brick.png" was not found!
18:31:45.663 [JavaFX Application Thread] WARN  FXGLAssetLoaderServi - Failed to load IMAGE
18:31:46.678 [JavaFX Application Thread] WARN  FXGLAssetLoaderServi - Asset "/assets/textures/brick.png" was not found!
18:31:46.678 [JavaFX Application Thread] WARN  FXGLAssetLoaderServi - Failed to load IMAGE
18:31:46.679 [JavaFX Application Thread] WARN  FXGLAssetLoaderServi - Asset "/assets/textures/brick.png" was not found!
18:31:46.680 [JavaFX Application Thread] WARN  FXGLAssetLoaderServi - Failed to load IMAGE
18:31:47.760 [JavaFX Application Thread] WARN  FXGLAssetLoaderServi - Asset "/assets/textures/brick.png" was not found!
18:31:47.760 [JavaFX Application Thread] WARN  FXGLAssetLoaderServi - Failed to load IMAGE
18:31:47.762 [JavaFX Application Thread] WARN  FXGLAssetLoaderServi - Asset "/assets/textures/brick.png" was not found!
18:31:47.762 [JavaFX Application Thread] WARN  FXGLAssetLoaderServi - Failed to load IMAGE
18:31:48.728 [JavaFX Application Thread] WARN  FXGLAssetLoaderServi - Asset "/assets/textures/brick.png" was not found!
18:31:48.728 [JavaFX Application Thread] WARN  FXGLAssetLoaderServi - Failed to load IMAGE
18:31:48.729 [JavaFX Application Thread] WARN  FXGLAssetLoaderServi - Asset "/assets/textures/brick.png" was not found!
18:31:48.730 [JavaFX Application Thread] WARN  FXGLAssetLoaderServi - Failed to load IMAGE
18:31:49.711 [JavaFX Application Thread] WARN  FXGLAssetLoaderServi - Asset "/assets/textures/brick.png" was not found!
18:31:49.711 [JavaFX Application Thread] WARN  FXGLAssetLoaderServi - Failed to load IMAGE
18:31:49.713 [JavaFX Application Thread] WARN  FXGLAssetLoaderServi - Asset "/assets/textures/brick.png" was not found!
18:31:49.713 [JavaFX Application Thread] WARN  FXGLAssetLoaderServi - Failed to load IMAGE
18:31:50.730 [JavaFX Application Thread] WARN  FXGLAssetLoaderServi - Asset "/assets/textures/brick.png" was not found!
18:31:50.730 [JavaFX Application Thread] WARN  FXGLAssetLoaderServi - Failed to load IMAGE
18:31:50.732 [JavaFX Application Thread] WARN  FXGLAssetLoaderServi - Asset "/assets/textures/brick.png" was not found!
18:31:50.732 [JavaFX Application Thread] WARN  FXGLAssetLoaderServi - Failed to load IMAGE
18:31:51.747 [JavaFX Application Thread] WARN  FXGLAssetLoaderServi - Asset "/assets/textures/brick.png" was not found!
18:31:51.747 [JavaFX Application Thread] WARN  FXGLAssetLoaderServi - Failed to load IMAGE
18:31:51.749 [JavaFX Application Thread] WARN  FXGLAssetLoaderServi - Asset "/assets/textures/brick.png" was not found!
18:31:51.749 [JavaFX Application Thread] WARN  FXGLAssetLoaderServi - Failed to load IMAGE
18:31:52.764 [JavaFX Application Thread] WARN  FXGLAssetLoaderServi - Asset "/assets/textures/brick.png" was not found!
18:31:52.764 [JavaFX Application Thread] WARN  FXGLAssetLoaderServi - Failed to load IMAGE
18:31:52.765 [JavaFX Application Thread] WARN  FXGLAssetLoaderServi - Asset "/assets/textures/brick.png" was not found!
18:31:52.765 [JavaFX Application Thread] WARN  FXGLAssetLoaderServi - Failed to load IMAGE
18:31:53.780 [JavaFX Application Thread] WARN  FXGLAssetLoaderServi - Asset "/assets/textures/brick.png" was not found!
18:31:53.780 [JavaFX Application Thread] WARN  FXGLAssetLoaderServi - Failed to load IMAGE
18:31:53.782 [JavaFX Application Thread] WARN  FXGLAssetLoaderServi - Asset "/assets/textures/brick.png" was not found!
18:31:53.782 [JavaFX Application Thread] WARN  FXGLAssetLoaderServi - Failed to load IMAGE
18:31:54.897 [JavaFX Application Thread] WARN  FXGLAssetLoaderServi - Asset "/assets/textures/brick.png" was not found!
18:31:54.897 [JavaFX Application Thread] WARN  FXGLAssetLoaderServi - Failed to load IMAGE
18:31:54.898 [JavaFX Application Thread] WARN  FXGLAssetLoaderServi - Asset "/assets/textures/brick.png" was not found!
18:31:54.898 [JavaFX Application Thread] WARN  FXGLAssetLoaderServi - Failed to load IMAGE
18:31:55.878 [JavaFX Application Thread] WARN  FXGLAssetLoaderServi - Asset "/assets/textures/brick.png" was not found!
18:31:55.878 [JavaFX Application Thread] WARN  FXGLAssetLoaderServi - Failed to load IMAGE
18:31:55.880 [JavaFX Application Thread] WARN  FXGLAssetLoaderServi - Asset "/assets/textures/brick.png" was not found!
18:31:55.880 [JavaFX Application Thread] WARN  FXGLAssetLoaderServi - Failed to load IMAGE
18:31:56.827 [JavaFX Application Thread] WARN  FXGLAssetLoaderServi - Asset "/assets/textures/brick.png" was not found!
18:31:56.828 [JavaFX Application Thread] WARN  FXGLAssetLoaderServi - Failed to load IMAGE
18:31:56.829 [JavaFX Application Thread] WARN  FXGLAssetLoaderServi - Asset "/assets/textures/brick.png" was not found!
18:31:56.829 [JavaFX Application Thread] WARN  FXGLAssetLoaderServi - Failed to load IMAGE
18:31:57.794 [JavaFX Application Thread] WARN  FXGLAssetLoaderServi - Asset "/assets/textures/brick.png" was not found!
18:31:57.795 [JavaFX Application Thread] WARN  FXGLAssetLoaderServi - Failed to load IMAGE
18:31:57.797 [JavaFX Application Thread] WARN  FXGLAssetLoaderServi - Asset "/assets/textures/brick.png" was not found!
18:31:57.797 [JavaFX Application Thread] WARN  FXGLAssetLoaderServi - Failed to load IMAGE
18:31:58.811 [JavaFX Application Thread] WARN  FXGLAssetLoaderServi - Asset "/assets/textures/brick.png" was not found!
18:31:58.811 [JavaFX Application Thread] WARN  FXGLAssetLoaderServi - Failed to load IMAGE
18:31:58.812 [JavaFX Application Thread] WARN  FXGLAssetLoaderServi - Asset "/assets/textures/brick.png" was not found!
18:31:58.813 [JavaFX Application Thread] WARN  FXGLAssetLoaderServi - Failed to load IMAGE
18:31:59.827 [JavaFX Application Thread] WARN  FXGLAssetLoaderServi - Asset "/assets/textures/brick.png" was not found!
18:31:59.828 [JavaFX Application Thread] WARN  FXGLAssetLoaderServi - Failed to load IMAGE
18:31:59.829 [JavaFX Application Thread] WARN  FXGLAssetLoaderServi - Asset "/assets/textures/brick.png" was not found!
18:31:59.829 [JavaFX Application Thread] WARN  FXGLAssetLoaderServi - Failed to load IMAGE
18:32:00.982 [JavaFX Application Thread] WARN  FXGLAssetLoaderServi - Asset "/assets/textures/brick.png" was not found!
18:32:00.982 [JavaFX Application Thread] WARN  FXGLAssetLoaderServi - Failed to load IMAGE
18:32:00.983 [JavaFX Application Thread] WARN  FXGLAssetLoaderServi - Asset "/assets/textures/brick.png" was not found!
18:32:00.984 [JavaFX Application Thread] WARN  FXGLAssetLoaderServi - Failed to load IMAGE
18:32:01.965 [JavaFX Application Thread] WARN  FXGLAssetLoaderServi - Asset "/assets/textures/brick.png" was not found!
18:32:01.965 [JavaFX Application Thread] WARN  FXGLAssetLoaderServi - Failed to load IMAGE
18:32:01.967 [JavaFX Application Thread] WARN  FXGLAssetLoaderServi - Asset "/assets/textures/brick.png" was not found!
18:32:01.967 [JavaFX Application Thread] WARN  FXGLAssetLoaderServi - Failed to load IMAGE
18:32:02.916 [JavaFX Application Thread] WARN  FXGLAssetLoaderServi - Asset "/assets/textures/brick.png" was not found!
18:32:02.916 [JavaFX Application Thread] WARN  FXGLAssetLoaderServi - Failed to load IMAGE
18:32:02.918 [JavaFX Application Thread] WARN  FXGLAssetLoaderServi - Asset "/assets/textures/brick.png" was not found!
18:32:02.918 [JavaFX Application Thread] WARN  FXGLAssetLoaderServi - Failed to load IMAGE
18:32:03.883 [JavaFX Application Thread] WARN  FXGLAssetLoaderServi - Asset "/assets/textures/brick.png" was not found!
18:32:03.883 [JavaFX Application Thread] WARN  FXGLAssetLoaderServi - Failed to load IMAGE
18:32:03.884 [JavaFX Application Thread] WARN  FXGLAssetLoaderServi - Asset "/assets/textures/brick.png" was not found!
18:32:03.885 [JavaFX Application Thread] WARN  FXGLAssetLoaderServi - Failed to load IMAGE
18:32:04.899 [JavaFX Application Thread] WARN  FXGLAssetLoaderServi - Asset "/assets/textures/brick.png" was not found!
18:32:04.899 [JavaFX Application Thread] WARN  FXGLAssetLoaderServi - Failed to load IMAGE
18:32:04.901 [JavaFX Application Thread] WARN  FXGLAssetLoaderServi - Asset "/assets/textures/brick.png" was not found!
18:32:04.902 [JavaFX Application Thread] WARN  FXGLAssetLoaderServi - Failed to load IMAGE
18:32:05.922 [JavaFX Application Thread] WARN  FXGLAssetLoaderServi - Asset "/assets/textures/brick.png" was not found!
18:32:05.922 [JavaFX Application Thread] WARN  FXGLAssetLoaderServi - Failed to load IMAGE
18:32:05.924 [JavaFX Application Thread] WARN  FXGLAssetLoaderServi - Asset "/assets/textures/brick.png" was not found!
18:32:05.924 [JavaFX Application Thread] WARN  FXGLAssetLoaderServi - Failed to load IMAGE
18:32:06.940 [JavaFX Application Thread] WARN  FXGLAssetLoaderServi - Asset "/assets/textures/brick.png" was not found!
18:32:06.940 [JavaFX Application Thread] WARN  FXGLAssetLoaderServi - Failed to load IMAGE
18:32:06.942 [JavaFX Application Thread] WARN  FXGLAssetLoaderServi - Asset "/assets/textures/brick.png" was not found!
18:32:06.942 [JavaFX Application Thread] WARN  FXGLAssetLoaderServi - Failed to load IMAGE
18:32:08.023 [JavaFX Application Thread] WARN  FXGLAssetLoaderServi - Asset "/assets/textures/brick.png" was not found!
18:32:08.023 [JavaFX Application Thread] WARN  FXGLAssetLoaderServi - Failed to load IMAGE
18:32:08.025 [JavaFX Application Thread] WARN  FXGLAssetLoaderServi - Asset "/assets/textures/brick.png" was not found!
18:32:08.025 [JavaFX Application Thread] WARN  FXGLAssetLoaderServi - Failed to load IMAGE
18:32:09.040 [JavaFX Application Thread] WARN  FXGLAssetLoaderServi - Asset "/assets/textures/brick.png" was not found!
18:32:09.040 [JavaFX Application Thread] WARN  FXGLAssetLoaderServi - Failed to load IMAGE
18:32:09.041 [JavaFX Application Thread] WARN  FXGLAssetLoaderServi - Asset "/assets/textures/brick.png" was not found!
18:32:09.042 [JavaFX Application Thread] WARN  FXGLAssetLoaderServi - Failed to load IMAGE
18:32:10.072 [JavaFX Application Thread] WARN  FXGLAssetLoaderServi - Asset "/assets/textures/brick.png" was not found!
18:32:10.072 [JavaFX Application Thread] WARN  FXGLAssetLoaderServi - Failed to load IMAGE
18:32:10.074 [JavaFX Application Thread] WARN  FXGLAssetLoaderServi - Asset "/assets/textures/brick.png" was not found!
18:32:10.074 [JavaFX Application Thread] WARN  FXGLAssetLoaderServi - Failed to load IMAGE
18:32:11.043 [JavaFX Application Thread] WARN  FXGLAssetLoaderServi - Asset "/assets/textures/brick.png" was not found!
18:32:11.044 [JavaFX Application Thread] WARN  FXGLAssetLoaderServi - Failed to load IMAGE
18:32:11.046 [JavaFX Application Thread] WARN  FXGLAssetLoaderServi - Asset "/assets/textures/brick.png" was not found!
18:32:11.046 [JavaFX Application Thread] WARN  FXGLAssetLoaderServi - Failed to load IMAGE
18:32:12.027 [JavaFX Application Thread] WARN  FXGLAssetLoaderServi - Asset "/assets/textures/brick.png" was not found!
18:32:12.027 [JavaFX Application Thread] WARN  FXGLAssetLoaderServi - Failed to load IMAGE
18:32:12.029 [JavaFX Application Thread] WARN  FXGLAssetLoaderServi - Asset "/assets/textures/brick.png" was not found!
18:32:12.029 [JavaFX Application Thread] WARN  FXGLAssetLoaderServi - Failed to load IMAGE
18:32:13.027 [JavaFX Application Thread] WARN  FXGLAssetLoaderServi - Asset "/assets/textures/brick.png" was not found!
18:32:13.027 [JavaFX Application Thread] WARN  FXGLAssetLoaderServi - Failed to load IMAGE
18:32:13.028 [JavaFX Application Thread] WARN  FXGLAssetLoaderServi - Asset "/assets/textures/brick.png" was not found!
18:32:13.029 [JavaFX Application Thread] WARN  FXGLAssetLoaderServi - Failed to load IMAGE
18:32:14.028 [JavaFX Application Thread] WARN  FXGLAssetLoaderServi - Asset "/assets/textures/brick.png" was not found!
18:32:14.028 [JavaFX Application Thread] WARN  FXGLAssetLoaderServi - Failed to load IMAGE
18:32:14.030 [JavaFX Application Thread] WARN  FXGLAssetLoaderServi - Asset "/assets/textures/brick.png" was not found!
18:32:14.030 [JavaFX Application Thread] WARN  FXGLAssetLoaderServi - Failed to load IMAGE
18:32:14.902 [JavaFX Application Thread] DEBUG FXGLApplication      - Exiting FXGL
18:32:14.902 [JavaFX Application Thread] DEBUG LoopRunner           - Stopping loop
18:32:14.902 [JavaFX Application Thread] DEBUG SystemBundleService  - Saving FXGL system data
18:32:14.906 [JavaFX Application Thread] DEBUG FileSystemAccess     - Writing to: /Users/nicholashulston/IdeaProjects/Tower_Defense2/system/fxgl.bundle
18:32:14.910 [JavaFX Application Thread] DEBUG Async                - Shutting down background threads
18:32:14.910 [JavaFX Application Thread] DEBUG PrimaryStageWindow   - Closing main window
18:32:14.922 [JavaFX Application Thread] DEBUG Logger               - Closing Logger
