18:34:24.017 [main                     ] DEBUG Logger               - Configured Logger
18:34:24.039 [main                     ] DEBUG GameApplication      - Logging settings
Title: Tower Defense
Version: 0.0
Width: 800
Height: 600
Fullscreen: false
Intro: false
Profiling: false
Single step:false
App Mode: DEVELOPER
Menu Key: ESCAPE
Stage Style: DECORATED
Scene Factory: class com.almasb.fxgl.app.scene.SceneFactory

18:34:25.491 [JavaFX Application Thread] DEBUG FXGLApplication      - Initializing FXGL
18:34:25.497 [JavaFX Application Thread] INFO  Engine               - FXGL-11.17 (16.07.2021 15.46) on MAC (J:16.0.2 FX:16)
18:34:25.498 [JavaFX Application Thread] DEBUG Engine               - JRE Vendor Name: Amazon.com Inc.
18:34:25.500 [JavaFX Application Thread] DEBUG Engine               - Running on OS: Mac OS X version 10.14.6
18:34:25.500 [JavaFX Application Thread] DEBUG Engine               - Architecture: x86_64
18:34:25.501 [JavaFX Application Thread] INFO  Engine               - Source code and latest versions at: https://github.com/AlmasB/FXGL
18:34:25.501 [JavaFX Application Thread] INFO  Engine               -              Join the FXGL chat at: https://gitter.im/AlmasB/FXGL
18:34:25.809 [JavaFX Application Thread] DEBUG PrimaryStageWindow   - Creating a JavaFX scene
18:34:25.919 [JavaFX Application Thread] DEBUG PrimaryStageWindow   - Target settings size: 800.0 x 600.0
18:34:25.919 [JavaFX Application Thread] DEBUG PrimaryStageWindow   - Scaled scene size:    800.0 x 600.0
18:34:25.920 [JavaFX Application Thread] DEBUG PrimaryStageWindow   - Scaled ratio: (1.0, 1.0)
18:34:25.922 [JavaFX Application Thread] DEBUG PrimaryStageWindow   - Set initial scene to FXGLStartupScene
18:34:25.942 [JavaFX Application Thread] DEBUG PrimaryStageWindow   - Opening main window
18:34:26.122 [JavaFX Application Thread] DEBUG PrimaryStageWindow   - Window border size: (0.0, 22.0)
18:34:26.123 [JavaFX Application Thread] DEBUG PrimaryStageWindow   - Scaled size: 800.0 x 600.0
18:34:26.123 [JavaFX Application Thread] DEBUG PrimaryStageWindow   - Scaled ratio: (1.0, 1.0)
18:34:26.124 [JavaFX Application Thread] DEBUG PrimaryStageWindow   - Scene size: 800.0 x 600.0
18:34:26.124 [JavaFX Application Thread] DEBUG PrimaryStageWindow   - Stage size: 800.0 x 622.0
18:34:26.141 [FXGL Background Thread 1 ] DEBUG Engine               - Initializing environment variables
18:34:26.256 [FXGL Background Thread 1 ] DEBUG FXGLAssetLoaderServi - User app class for loading assets: class MainApplication
18:34:26.257 [FXGL Background Thread 1 ] DEBUG GameApplicationServi - Applying CSS: fxgl_dark.css
18:34:26.259 [FXGL Background Thread 1 ] DEBUG FXGLAssetLoaderServi - Loading from file system: jar:file:/Users/nicholashulston/.m2/repository/com/github/almasb/fxgl/11.17/fxgl-11.17.jar!/fxglassets/ui/css/fxgl_dark.css
18:34:26.527 [FXGL Background Thread 1 ] DEBUG GameApplicationServi - Initializing application scenes
18:34:27.609 [FXGL Background Thread 1 ] DEBUG GameWorld            - Game world initialized
18:34:27.748 [FXGL Background Thread 1 ] DEBUG PhysicsWorld         - Physics world initialized: appHeight=600, physics.ppm=50.0
18:34:27.748 [FXGL Background Thread 1 ] DEBUG PhysicsWorld         - Using strategy: BRUTE_FORCE
18:34:27.755 [FXGL Background Thread 1 ] DEBUG GameScene            - Game scene initialized: 800x600
18:34:27.778 [FXGL Background Thread 1 ] DEBUG FXGL.DefaultMenu     - createMenuBodyGameMenu()
18:34:27.814 [FXGL Background Thread 1 ] DEBUG FXGL.DefaultMenu     - createOptionsMenu()
18:34:27.836 [FXGL Background Thread 1 ] DEBUG FXGLAssetLoaderServi - Loading from file system: jar:file:/Users/nicholashulston/.m2/repository/com/github/almasb/fxgl/11.17/fxgl-11.17.jar!/fxglassets/textures/particles/smoke.png
18:34:28.065 [FXGL Background Thread 1 ] DEBUG FXGLAssetLoaderServi - Loading from file system: jar:file:/Users/nicholashulston/.m2/repository/com/github/almasb/fxgl/11.17/fxgl-11.17.jar!/fxglassets/textures/particles/trace_horizontal.png
18:34:28.159 [FXGL Background Thread 1 ] DEBUG GameApplicationServi - Application scenes initialized
18:34:28.187 [FXGL Background Thread 1 ] DEBUG SystemBundleService  - Loading FXGL system data
18:34:28.200 [FXGL Background Thread 1 ] DEBUG FileSystemAccess     - Reading from: /Users/nicholashulston/IdeaProjects/Tower_Defense2/system/fxgl.bundle
18:34:28.222 [FXGL Background Thread 1 ] DEBUG SystemBundleService  - Bundle FXGL: {}
18:34:28.223 [FXGL Background Thread 1 ] DEBUG UpdaterService       - Checking for updates
18:34:28.250 [FXGL Background Thread 4 ] DEBUG FXGLApplication      - Loading fonts
18:34:28.252 [FXGL Background Thread 4 ] DEBUG FXGLAssetLoaderServi - Loading from file system: jar:file:/Users/nicholashulston/.m2/repository/com/github/almasb/fxgl/11.17/fxgl-11.17.jar!/fxglassets/ui/fonts/VarelaRound-Regular.ttf
18:34:28.256 [FXGL Background Thread 1 ] DEBUG FXGLApplication      - Loading default localization
18:34:28.264 [FXGL Background Thread 1 ] DEBUG FXGLAssetLoaderServi - Loading from file system: jar:file:/Users/nicholashulston/.m2/repository/com/github/almasb/fxgl/11.17/fxgl-11.17.jar!/fxglassets/languages/english.lang
18:34:28.287 [FXGL Background Thread 4 ] DEBUG FXGLAssetLoaderServi - Loading from file system: jar:file:/Users/nicholashulston/.m2/repository/com/github/almasb/fxgl/11.17/fxgl-11.17.jar!/fxglassets/ui/fonts/Abel-Regular.ttf
18:34:28.295 [FXGL Background Thread 4 ] DEBUG FXGLAssetLoaderServi - Loading from file system: jar:file:/Users/nicholashulston/.m2/repository/com/github/almasb/fxgl/11.17/fxgl-11.17.jar!/fxglassets/ui/fonts/lucida_console.ttf
18:34:28.305 [FXGL Background Thread 4 ] DEBUG FXGLAssetLoaderServi - Loading from file system: jar:file:/Users/nicholashulston/.m2/repository/com/github/almasb/fxgl/11.17/fxgl-11.17.jar!/fxglassets/ui/fonts/Courier-Prime.ttf
18:34:28.318 [JavaFX Application Thread] DEBUG FXGLApplication      - Registering font factories with UI factory
18:34:28.339 [FXGL Background Thread 1 ] INFO  FXGLApplication      - FXGL initialization took: 2.198 sec
18:34:28.361 [JavaFX Application Thread] DEBUG Input                - Registered new binding: action0 - F
18:34:28.362 [JavaFX Application Thread] DEBUG FXGLAssetLoaderServi - Loading from file system: jar:file:/Users/nicholashulston/.m2/repository/com/github/almasb/fxgl/11.17/fxgl-11.17.jar!/fxglassets/textures/fxgl_icon.png
18:34:28.454 [JavaFX Application Thread] DEBUG FXGLAssetLoaderServi - Loading from file system: jar:file:/Users/nicholashulston/.m2/repository/com/github/almasb/fxgl/11.17/fxgl-11.17.jar!/fxglassets/textures/fxgl_default_cursor.png
18:34:28.459 [JavaFX Application Thread] DEBUG Input                - Registered new binding: Screenshot - CTRL+8
18:34:28.461 [JavaFX Application Thread] DEBUG Input                - Registered new binding: System info dump - CTRL+9
18:34:28.462 [JavaFX Application Thread] DEBUG Input                - Registered new binding: Restart - CTRL+R
18:34:28.463 [JavaFX Application Thread] DEBUG Input                - Registered new binding: Toggle Debug Camera - CTRL+C
18:34:28.467 [JavaFX Application Thread] DEBUG LoopRunner           - Starting loop
18:34:28.468 [JavaFX Application Thread] DEBUG LoopRunner           - Initializing JavaFX AnimationTimerLoop
18:34:28.471 [JavaFX Application Thread] DEBUG GameApplicationServi - Starting new game
18:34:28.472 [JavaFX Application Thread] DEBUG Input                - Clearing active input actions
18:34:28.502 [JavaFX Application Thread] DEBUG GameApplicationServi - Removing overlay from FXGLStartupScene and adding to FXGLLoadingScene
18:34:28.503 [JavaFX Application Thread] DEBUG PrimaryStageWindow   - FXGLStartupScene -> FXGLLoadingScene
18:34:28.503 [JavaFX Application Thread] DEBUG GameApplicationServi - Clearing previous game
18:34:28.504 [JavaFX Application Thread] DEBUG GameScene            - Clearing game scene
18:34:28.504 [JavaFX Application Thread] DEBUG GameWorld            - Clearing game world
18:34:28.505 [JavaFX Application Thread] DEBUG PhysicsWorld         - Clearing physics world
18:34:28.509 [FXGL Background Thread 1 ] DEBUG FXGLApplication      - Initializing game
18:34:28.524 [FXGL Background Thread 1 ] INFO  FXGLApplication      - Game initialization took: 0.014 sec
18:34:28.593 [JavaFX Application Thread] DEBUG Input                - Clearing active input actions
18:34:28.614 [JavaFX Application Thread] DEBUG GameApplicationServi - Removing overlay from FXGLLoadingScene and adding to GameScene
18:34:28.614 [JavaFX Application Thread] DEBUG PrimaryStageWindow   - FXGLLoadingScene -> GameScene
18:34:29.757 [JavaFX Application Thread] WARN  FXGLAssetLoaderServi - Asset "/assets/textures/brick.png" was not found!
18:34:29.757 [JavaFX Application Thread] WARN  FXGLAssetLoaderServi - Failed to load IMAGE
18:34:29.815 [JavaFX Application Thread] WARN  FXGLAssetLoaderServi - Asset "/assets/textures/brick.png" was not found!
18:34:29.815 [JavaFX Application Thread] WARN  FXGLAssetLoaderServi - Failed to load IMAGE
18:34:30.794 [JavaFX Application Thread] WARN  FXGLAssetLoaderServi - Asset "/assets/textures/brick.png" was not found!
18:34:30.794 [JavaFX Application Thread] WARN  FXGLAssetLoaderServi - Failed to load IMAGE
18:34:30.800 [JavaFX Application Thread] WARN  FXGLAssetLoaderServi - Asset "/assets/textures/brick.png" was not found!
18:34:30.801 [JavaFX Application Thread] WARN  FXGLAssetLoaderServi - Failed to load IMAGE
18:34:31.238 [FXGL Background Thread 3 ] DEBUG Engine               - Logging environment variables
18:34:31.239 [FXGL Background Thread 3 ] DEBUG Engine               - achievements: []
18:34:31.239 [FXGL Background Thread 3 ] DEBUG Engine               - actualHeight: 600.0
18:34:31.239 [FXGL Background Thread 3 ] DEBUG Engine               - actualHeightProperty: ReadOnlyDoubleProperty [value: 600.0]
18:34:31.240 [FXGL Background Thread 3 ] DEBUG Engine               - actualWidth: 800.0
18:34:31.240 [FXGL Background Thread 3 ] DEBUG Engine               - actualWidthProperty: ReadOnlyDoubleProperty [value: 800.0]
18:34:31.240 [FXGL Background Thread 3 ] DEBUG Engine               - appIcon: fxgl_icon.png
18:34:31.240 [FXGL Background Thread 3 ] DEBUG Engine               - applicationMode: DEVELOPER
18:34:31.241 [FXGL Background Thread 3 ] DEBUG Engine               - cSSList: [fxgl_dark.css]
18:34:31.241 [FXGL Background Thread 3 ] DEBUG Engine               - collisionDetectionStrategy: BRUTE_FORCE
18:34:31.241 [FXGL Background Thread 3 ] DEBUG Engine               - configClass: Optional.empty
18:34:31.242 [FXGL Background Thread 3 ] DEBUG Engine               - credits: []
18:34:31.242 [FXGL Background Thread 3 ] DEBUG Engine               - defaultCursor: CursorInfo(imageName=fxgl_default_cursor.png, hotspotX=7.0, hotspotY=6.0)
18:34:31.243 [FXGL Background Thread 3 ] DEBUG Engine               - devBBoxColorProperty: ObjectProperty [value: 0xff0000ff]
18:34:31.243 [FXGL Background Thread 3 ] DEBUG Engine               - devEnableDebugCameraProperty: BooleanProperty [value: false]
18:34:31.244 [FXGL Background Thread 3 ] DEBUG Engine               - devSensorColorProperty: ObjectProperty [value: 0xffff00ff]
18:34:31.244 [FXGL Background Thread 3 ] DEBUG Engine               - devShowBBoxProperty: BooleanProperty [value: false]
18:34:31.245 [FXGL Background Thread 3 ] DEBUG Engine               - devShowPositionProperty: BooleanProperty [value: false]
18:34:31.245 [FXGL Background Thread 3 ] DEBUG Engine               - enabledMenuItems: []
18:34:31.246 [FXGL Background Thread 3 ] DEBUG Engine               - engineServices: [class com.almasb.fxgl.app.services.FXGLAssetLoaderService, class com.almasb.fxgl.app.FXGLApplication$GameApplicationService, class com.almasb.fxgl.app.services.FXGLDialogService, class com.almasb.fxgl.app.services.IOTaskExecutorService, class com.almasb.fxgl.io.FileSystemService, class com.almasb.fxgl.localization.LocalizationService, class com.almasb.fxgl.app.services.SystemBundleService, class com.almasb.fxgl.profile.SaveLoadService, class com.almasb.fxgl.ui.FXGLUIFactoryServiceProvider, class com.almasb.fxgl.ui.FXGLDialogFactoryServiceProvider, class com.almasb.fxgl.audio.AudioPlayer, class com.almasb.fxgl.notification.impl.NotificationServiceProvider, class com.almasb.fxgl.achievement.AchievementService, class com.almasb.fxgl.cutscene.CutsceneService, class com.almasb.fxgl.minigames.MiniGameService, class com.almasb.fxgl.net.NetService, class com.almasb.fxgl.app.services.UpdaterService, class com.almasb.fxgl.dev.DevService]
18:34:31.246 [FXGL Background Thread 3 ] DEBUG Engine               - fontGame: Abel-Regular.ttf
18:34:31.247 [FXGL Background Thread 3 ] DEBUG Engine               - fontMono: lucida_console.ttf
18:34:31.248 [FXGL Background Thread 3 ] DEBUG Engine               - fontText: Courier-Prime.ttf
18:34:31.249 [FXGL Background Thread 3 ] DEBUG Engine               - fontUI: VarelaRound-Regular.ttf
18:34:31.250 [FXGL Background Thread 3 ] DEBUG Engine               - fullScreen: BooleanProperty [value: false]
18:34:31.250 [FXGL Background Thread 3 ] DEBUG Engine               - gameDifficulty: MEDIUM
18:34:31.250 [FXGL Background Thread 3 ] DEBUG Engine               - gameDifficultyProperty: ObjectProperty [value: MEDIUM]
18:34:31.251 [FXGL Background Thread 3 ] DEBUG Engine               - globalMusicVolume: 0.5
18:34:31.251 [FXGL Background Thread 3 ] DEBUG Engine               - globalMusicVolumeProperty: DoubleProperty [value: 0.5]
18:34:31.252 [FXGL Background Thread 3 ] DEBUG Engine               - globalSoundVolume: 0.5
18:34:31.252 [FXGL Background Thread 3 ] DEBUG Engine               - globalSoundVolumeProperty: DoubleProperty [value: 0.5]
18:34:31.252 [FXGL Background Thread 3 ] DEBUG Engine               - height: 600
18:34:31.253 [FXGL Background Thread 3 ] DEBUG Engine               - is3D: false
18:34:31.253 [FXGL Background Thread 3 ] DEBUG Engine               - isAndroid: false
18:34:31.254 [FXGL Background Thread 3 ] DEBUG Engine               - isBrowser: false
18:34:31.254 [FXGL Background Thread 3 ] DEBUG Engine               - isClickFeedbackEnabled: false
18:34:31.255 [FXGL Background Thread 3 ] DEBUG Engine               - isCloseConfirmation: false
18:34:31.255 [FXGL Background Thread 3 ] DEBUG Engine               - isDesktop: true
18:34:31.255 [FXGL Background Thread 3 ] DEBUG Engine               - isDeveloperMenuEnabled: false
18:34:31.255 [FXGL Background Thread 3 ] DEBUG Engine               - isEntityPreloadEnabled: true
18:34:31.255 [FXGL Background Thread 3 ] DEBUG Engine               - isExperimentalTiledLargeMap: false
18:34:31.255 [FXGL Background Thread 3 ] DEBUG Engine               - isFileSystemWriteAllowed: true
18:34:31.256 [FXGL Background Thread 3 ] DEBUG Engine               - isFullScreenAllowed: false
18:34:31.256 [FXGL Background Thread 3 ] DEBUG Engine               - isFullScreenFromStart: false
18:34:31.257 [FXGL Background Thread 3 ] DEBUG Engine               - isGameMenuEnabled: true
18:34:31.257 [FXGL Background Thread 3 ] DEBUG Engine               - isIOS: false
18:34:31.257 [FXGL Background Thread 3 ] DEBUG Engine               - isIntroEnabled: false
18:34:31.258 [FXGL Background Thread 3 ] DEBUG Engine               - isLinux: false
18:34:31.258 [FXGL Background Thread 3 ] DEBUG Engine               - isMac: true
18:34:31.258 [FXGL Background Thread 3 ] DEBUG Engine               - isMainMenuEnabled: false
18:34:31.259 [FXGL Background Thread 3 ] DEBUG Engine               - isManualResizeEnabled: false
18:34:31.259 [FXGL Background Thread 3 ] DEBUG Engine               - isMobile: false
18:34:31.259 [FXGL Background Thread 3 ] DEBUG Engine               - isNative: false
18:34:31.260 [FXGL Background Thread 3 ] DEBUG Engine               - isPauseMusicWhenMinimized: true
18:34:31.260 [FXGL Background Thread 3 ] DEBUG Engine               - isPreserveResizeRatio: false
18:34:31.260 [FXGL Background Thread 3 ] DEBUG Engine               - isProfilingEnabled: false
18:34:31.261 [FXGL Background Thread 3 ] DEBUG Engine               - isScaleAffectedOnResize: true
18:34:31.261 [FXGL Background Thread 3 ] DEBUG Engine               - isSingleStep: false
18:34:31.262 [FXGL Background Thread 3 ] DEBUG Engine               - isUserProfileEnabled: false
18:34:31.262 [FXGL Background Thread 3 ] DEBUG Engine               - isWindows: false
18:34:31.262 [FXGL Background Thread 3 ] DEBUG Engine               - language: ObjectProperty [value: ENGLISH]
18:34:31.262 [FXGL Background Thread 3 ] DEBUG Engine               - menuKey: ESCAPE
18:34:31.263 [FXGL Background Thread 3 ] DEBUG Engine               - mouseSensitivity: 0.2
18:34:31.264 [FXGL Background Thread 3 ] DEBUG Engine               - notificationViewClass: class com.almasb.fxgl.notification.view.XboxNotificationView
18:34:31.265 [FXGL Background Thread 3 ] DEBUG Engine               - pixelsPerMeter: 50.0
18:34:31.266 [FXGL Background Thread 3 ] DEBUG Engine               - platform: MAC
18:34:31.267 [FXGL Background Thread 3 ] DEBUG Engine               - prefHeightProperty: ReadOnlyDoubleProperty [value: 600.0]
18:34:31.267 [FXGL Background Thread 3 ] DEBUG Engine               - prefWidthProperty: ReadOnlyDoubleProperty [value: 800.0]
18:34:31.267 [FXGL Background Thread 3 ] DEBUG Engine               - profileDir: profiles/
18:34:31.268 [FXGL Background Thread 3 ] DEBUG Engine               - profileName: StringProperty [value: DEFAULT]
18:34:31.268 [FXGL Background Thread 3 ] DEBUG Engine               - randomSeed: -1
18:34:31.268 [FXGL Background Thread 3 ] DEBUG Engine               - runtimeInfo: RuntimeInfo(platform=MAC, version=11.17, build=16.07.2021 15.46)
18:34:31.268 [FXGL Background Thread 3 ] DEBUG Engine               - saveFileExt: sav
18:34:31.269 [FXGL Background Thread 3 ] DEBUG Engine               - scaledHeightProp$fxgl: DoubleProperty [bound, value: 600.0]
18:34:31.269 [FXGL Background Thread 3 ] DEBUG Engine               - scaledWidthProp$fxgl: DoubleProperty [bound, value: 800.0]
18:34:31.270 [FXGL Background Thread 3 ] DEBUG Engine               - sceneFactory: com.almasb.fxgl.app.scene.SceneFactory@23dbab96
18:34:31.270 [FXGL Background Thread 3 ] DEBUG Engine               - secondsIn24h: 60
18:34:31.270 [FXGL Background Thread 3 ] DEBUG Engine               - soundMenuBack: menu/back.wav
18:34:31.271 [FXGL Background Thread 3 ] DEBUG Engine               - soundMenuPress: menu/press.wav
18:34:31.271 [FXGL Background Thread 3 ] DEBUG Engine               - soundMenuSelect: menu/select.wav
18:34:31.271 [FXGL Background Thread 3 ] DEBUG Engine               - soundNotification: core/notification.wav
18:34:31.271 [FXGL Background Thread 3 ] DEBUG Engine               - stageStyle: DECORATED
18:34:31.272 [FXGL Background Thread 3 ] DEBUG Engine               - supportedLanguages: [ENGLISH, FRENCH, GERMAN, HUNGARIAN, RUSSIAN]
18:34:31.272 [FXGL Background Thread 3 ] DEBUG Engine               - ticksPerSecond: -1
18:34:31.272 [FXGL Background Thread 3 ] DEBUG Engine               - title: Tower Defense
18:34:31.272 [FXGL Background Thread 3 ] DEBUG Engine               - urlGithub: https://github.com/AlmasB/FXGL
18:34:31.273 [FXGL Background Thread 3 ] DEBUG Engine               - urlLeaderboard: http://fxgl-top.herokuapp.com/
18:34:31.273 [FXGL Background Thread 3 ] DEBUG Engine               - urlPOM: https://raw.githubusercontent.com/AlmasB/FXGL/release/README.md
18:34:31.273 [FXGL Background Thread 3 ] DEBUG Engine               - userAppClass: class MainApplication
18:34:31.273 [FXGL Background Thread 3 ] DEBUG Engine               - version: 0.0
18:34:31.274 [FXGL Background Thread 3 ] DEBUG Engine               - versionCheckDays: 7
18:34:31.274 [FXGL Background Thread 3 ] DEBUG Engine               - width: 800
18:34:31.274 [FXGL Background Thread 3 ] DEBUG Engine               - Logging services
18:34:31.274 [FXGL Background Thread 3 ] DEBUG Engine               - class com.almasb.fxgl.app.services.FXGLAssetLoaderService
18:34:31.274 [FXGL Background Thread 3 ] DEBUG Engine               - class com.almasb.fxgl.app.FXGLApplication$GameApplicationService
18:34:31.275 [FXGL Background Thread 3 ] DEBUG Engine               - class com.almasb.fxgl.app.services.FXGLDialogService
18:34:31.275 [FXGL Background Thread 3 ] DEBUG Engine               - class com.almasb.fxgl.app.services.IOTaskExecutorService
18:34:31.275 [FXGL Background Thread 3 ] DEBUG Engine               - class com.almasb.fxgl.io.FileSystemService
18:34:31.275 [FXGL Background Thread 3 ] DEBUG Engine               - class com.almasb.fxgl.localization.LocalizationService
18:34:31.276 [FXGL Background Thread 3 ] DEBUG Engine               - class com.almasb.fxgl.app.services.SystemBundleService
18:34:31.276 [FXGL Background Thread 3 ] DEBUG Engine               - class com.almasb.fxgl.profile.SaveLoadService
18:34:31.276 [FXGL Background Thread 3 ] DEBUG Engine               - class com.almasb.fxgl.ui.FXGLUIFactoryServiceProvider
18:34:31.276 [FXGL Background Thread 3 ] DEBUG Engine               - class com.almasb.fxgl.ui.FXGLDialogFactoryServiceProvider
18:34:31.277 [FXGL Background Thread 3 ] DEBUG Engine               - class com.almasb.fxgl.audio.AudioPlayer
18:34:31.277 [FXGL Background Thread 3 ] DEBUG Engine               - class com.almasb.fxgl.notification.impl.NotificationServiceProvider
18:34:31.277 [FXGL Background Thread 3 ] DEBUG Engine               - class com.almasb.fxgl.achievement.AchievementService
18:34:31.278 [FXGL Background Thread 3 ] DEBUG Engine               - class com.almasb.fxgl.cutscene.CutsceneService
18:34:31.278 [FXGL Background Thread 3 ] DEBUG Engine               - class com.almasb.fxgl.minigames.MiniGameService
18:34:31.278 [FXGL Background Thread 3 ] DEBUG Engine               - class com.almasb.fxgl.net.NetService
18:34:31.278 [FXGL Background Thread 3 ] DEBUG Engine               - class com.almasb.fxgl.app.services.UpdaterService
18:34:31.279 [FXGL Background Thread 3 ] DEBUG Engine               - class com.almasb.fxgl.dev.DevService
18:34:31.660 [JavaFX Application Thread] WARN  FXGLAssetLoaderServi - Asset "/assets/textures/brick.png" was not found!
18:34:31.661 [JavaFX Application Thread] WARN  FXGLAssetLoaderServi - Failed to load IMAGE
18:34:31.666 [JavaFX Application Thread] WARN  FXGLAssetLoaderServi - Asset "/assets/textures/brick.png" was not found!
18:34:31.666 [JavaFX Application Thread] WARN  FXGLAssetLoaderServi - Failed to load IMAGE
18:34:32.528 [JavaFX Application Thread] WARN  FXGLAssetLoaderServi - Asset "/assets/textures/brick.png" was not found!
18:34:32.528 [JavaFX Application Thread] WARN  FXGLAssetLoaderServi - Failed to load IMAGE
18:34:32.533 [JavaFX Application Thread] WARN  FXGLAssetLoaderServi - Asset "/assets/textures/brick.png" was not found!
18:34:32.533 [JavaFX Application Thread] WARN  FXGLAssetLoaderServi - Failed to load IMAGE
18:34:32.644 [JavaFX Application Thread] DEBUG FXGLApplication      - Exiting FXGL
18:34:32.645 [JavaFX Application Thread] DEBUG LoopRunner           - Stopping loop
18:34:32.645 [JavaFX Application Thread] DEBUG SystemBundleService  - Saving FXGL system data
18:34:32.648 [JavaFX Application Thread] DEBUG FileSystemAccess     - Writing to: /Users/nicholashulston/IdeaProjects/Tower_Defense2/system/fxgl.bundle
18:34:32.651 [JavaFX Application Thread] DEBUG Async                - Shutting down background threads
18:34:32.652 [JavaFX Application Thread] DEBUG PrimaryStageWindow   - Closing main window
18:34:32.666 [JavaFX Application Thread] DEBUG Logger               - Closing Logger
