15:36:42.069 [main                     ] DEBUG Logger               - Configured Logger
15:36:42.074 [main                     ] DEBUG GameApplication      - Logging settings
Title: Tower Defense
Version: 0.0
Width: 800
Height: 600
Fullscreen: false
Intro: false
Profiling: false
Single step:false
App Mode: DEVELOPER
Menu Key: ESCAPE
Stage Style: DECORATED
Scene Factory: class com.theswagbois.towerdefense.ui.MySceneFactory

15:36:42.249 [JavaFX Application Thread] DEBUG FXGLApplication      - Initializing FXGL
15:36:42.250 [JavaFX Application Thread] INFO  Engine               - FXGL-11.17 (16.07.2021 15.46) on MAC (J:16.0.2 FX:17.0.1)
15:36:42.250 [JavaFX Application Thread] DEBUG Engine               - JRE Vendor Name: Azul Systems, Inc.
15:36:42.250 [JavaFX Application Thread] DEBUG Engine               - Running on OS: Mac OS X version 12.0.1
15:36:42.251 [JavaFX Application Thread] DEBUG Engine               - Architecture: aarch64
15:36:42.251 [JavaFX Application Thread] INFO  Engine               - Source code and latest versions at: https://github.com/AlmasB/FXGL
15:36:42.251 [JavaFX Application Thread] INFO  Engine               -              Join the FXGL chat at: https://gitter.im/AlmasB/FXGL
15:36:42.298 [JavaFX Application Thread] DEBUG PrimaryStageWindow   - Creating a JavaFX scene
15:36:42.316 [JavaFX Application Thread] DEBUG PrimaryStageWindow   - Target settings size: 800.0 x 600.0
15:36:42.316 [JavaFX Application Thread] DEBUG PrimaryStageWindow   - Scaled scene size:    800.0 x 600.0
15:36:42.316 [JavaFX Application Thread] DEBUG PrimaryStageWindow   - Scaled ratio: (1.0, 1.0)
15:36:42.316 [JavaFX Application Thread] DEBUG PrimaryStageWindow   - Set initial scene to FXGLStartupScene
15:36:42.319 [JavaFX Application Thread] DEBUG PrimaryStageWindow   - Opening main window
15:36:42.361 [JavaFX Application Thread] DEBUG PrimaryStageWindow   - Window border size: (0.0, 28.0)
15:36:42.361 [JavaFX Application Thread] DEBUG PrimaryStageWindow   - Scaled size: 800.0 x 600.0
15:36:42.361 [JavaFX Application Thread] DEBUG PrimaryStageWindow   - Scaled ratio: (1.0, 1.0)
15:36:42.361 [JavaFX Application Thread] DEBUG PrimaryStageWindow   - Scene size: 800.0 x 600.0
15:36:42.361 [JavaFX Application Thread] DEBUG PrimaryStageWindow   - Stage size: 800.0 x 628.0
15:36:42.364 [FXGL Background Thread 1 ] DEBUG Engine               - Initializing environment variables
15:36:42.383 [FXGL Background Thread 1 ] DEBUG FXGLAssetLoaderServi - User app class for loading assets: class com.theswagbois.towerdefense.MainApplication
15:36:42.383 [FXGL Background Thread 1 ] DEBUG GameApplicationServi - Applying CSS: fxgl_dark.css
15:36:42.384 [FXGL Background Thread 1 ] DEBUG FXGLAssetLoaderServi - Loading from file system: jar:file:/Users/andrewfriedman/.m2/repository/com/github/almasb/fxgl/11.17/fxgl-11.17.jar!/fxglassets/ui/css/fxgl_dark.css
15:36:42.408 [FXGL Background Thread 1 ] DEBUG GameApplicationServi - Initializing application scenes
15:36:42.485 [FXGL Background Thread 1 ] DEBUG GameWorld            - Game world initialized
15:36:42.508 [FXGL Background Thread 1 ] DEBUG PhysicsWorld         - Physics world initialized: appHeight=600, physics.ppm=50.0
15:36:42.508 [FXGL Background Thread 1 ] DEBUG PhysicsWorld         - Using strategy: BRUTE_FORCE
15:36:42.509 [FXGL Background Thread 1 ] DEBUG GameScene            - Game scene initialized: 800x600
15:36:42.518 [FXGL Background Thread 1 ] DEBUG FXGLAssetLoaderServi - Loading from file system: file:/Users/andrewfriedman/Repos/Tower_Defense/target/classes/assets/textures/titleScreen.png
15:36:42.537 [FXGL Background Thread 1 ] DEBUG FXGL.DefaultMenu     - createMenuBodyGameMenu()
15:36:42.542 [FXGL Background Thread 1 ] DEBUG FXGL.DefaultMenu     - createOptionsMenu()
15:36:42.546 [FXGL Background Thread 1 ] DEBUG FXGLAssetLoaderServi - Loading from file system: jar:file:/Users/andrewfriedman/.m2/repository/com/github/almasb/fxgl/11.17/fxgl-11.17.jar!/fxglassets/textures/particles/smoke.png
15:36:42.586 [FXGL Background Thread 1 ] DEBUG FXGLAssetLoaderServi - Loading from file system: jar:file:/Users/andrewfriedman/.m2/repository/com/github/almasb/fxgl/11.17/fxgl-11.17.jar!/fxglassets/textures/particles/trace_horizontal.png
15:36:42.601 [FXGL Background Thread 1 ] DEBUG GameApplicationServi - Application scenes initialized
15:36:42.605 [FXGL Background Thread 1 ] DEBUG SystemBundleService  - Loading FXGL system data
15:36:42.606 [FXGL Background Thread 1 ] DEBUG FileSystemAccess     - Reading from: /Users/andrewfriedman/Repos/Tower_Defense/system/fxgl.bundle
15:36:42.611 [FXGL Background Thread 1 ] DEBUG SystemBundleService  - Bundle FXGL: {}
15:36:42.611 [FXGL Background Thread 1 ] DEBUG UpdaterService       - Checking for updates
15:36:42.613 [FXGL Background Thread 4 ] DEBUG FXGLApplication      - Loading fonts
15:36:42.613 [FXGL Background Thread 1 ] DEBUG FXGLApplication      - Loading default localization
15:36:42.613 [FXGL Background Thread 4 ] DEBUG FXGLAssetLoaderServi - Loading from file system: jar:file:/Users/andrewfriedman/.m2/repository/com/github/almasb/fxgl/11.17/fxgl-11.17.jar!/fxglassets/ui/fonts/VarelaRound-Regular.ttf
15:36:42.614 [FXGL Background Thread 1 ] DEBUG FXGLAssetLoaderServi - Loading from file system: jar:file:/Users/andrewfriedman/.m2/repository/com/github/almasb/fxgl/11.17/fxgl-11.17.jar!/fxglassets/languages/english.lang
15:36:42.620 [FXGL Background Thread 1 ] INFO  FXGLApplication      - FXGL initialization took: 0.255 sec
15:36:42.621 [JavaFX Application Thread] DEBUG Input                - Registered new binding: Place Tower - LMB
15:36:42.621 [JavaFX Application Thread] DEBUG FXGLAssetLoaderServi - Loading from file system: jar:file:/Users/andrewfriedman/.m2/repository/com/github/almasb/fxgl/11.17/fxgl-11.17.jar!/fxglassets/textures/fxgl_icon.png
15:36:42.626 [FXGL Background Thread 4 ] DEBUG FXGLAssetLoaderServi - Loading from file system: jar:file:/Users/andrewfriedman/.m2/repository/com/github/almasb/fxgl/11.17/fxgl-11.17.jar!/fxglassets/ui/fonts/Abel-Regular.ttf
15:36:42.627 [FXGL Background Thread 4 ] DEBUG FXGLAssetLoaderServi - Loading from file system: jar:file:/Users/andrewfriedman/.m2/repository/com/github/almasb/fxgl/11.17/fxgl-11.17.jar!/fxglassets/ui/fonts/lucida_console.ttf
15:36:42.629 [FXGL Background Thread 4 ] DEBUG FXGLAssetLoaderServi - Loading from file system: jar:file:/Users/andrewfriedman/.m2/repository/com/github/almasb/fxgl/11.17/fxgl-11.17.jar!/fxglassets/ui/fonts/Courier-Prime.ttf
15:36:42.633 [JavaFX Application Thread] DEBUG FXGLAssetLoaderServi - Loading from file system: jar:file:/Users/andrewfriedman/.m2/repository/com/github/almasb/fxgl/11.17/fxgl-11.17.jar!/fxglassets/textures/fxgl_default_cursor.png
15:36:42.637 [JavaFX Application Thread] DEBUG Input                - Registered new binding: Screenshot - CTRL+8
15:36:42.638 [JavaFX Application Thread] DEBUG Input                - Registered new binding: System info dump - CTRL+9
15:36:42.638 [JavaFX Application Thread] DEBUG Input                - Registered new binding: Restart - CTRL+R
15:36:42.638 [JavaFX Application Thread] DEBUG Input                - Registered new binding: Toggle Debug Camera - CTRL+C
15:36:42.639 [JavaFX Application Thread] DEBUG LoopRunner           - Starting loop
15:36:42.639 [JavaFX Application Thread] DEBUG LoopRunner           - Initializing JavaFX AnimationTimerLoop
15:36:42.640 [JavaFX Application Thread] DEBUG Input                - Clearing active input actions
15:36:42.643 [JavaFX Application Thread] DEBUG GameApplicationServi - Removing overlay from FXGLStartupScene and adding to FXGLMainMenuDummyScene
15:36:42.643 [JavaFX Application Thread] DEBUG PrimaryStageWindow   - FXGLStartupScene -> FXGLMainMenuDummyScene
15:36:42.643 [JavaFX Application Thread] DEBUG PrimaryStageWindow   - Push state: WelcomeMenu
15:36:42.644 [JavaFX Application Thread] DEBUG Input                - Clearing active input actions
15:36:42.645 [JavaFX Application Thread] DEBUG GameApplicationServi - Removing overlay from FXGLMainMenuDummyScene and adding to WelcomeMenu
15:36:42.645 [JavaFX Application Thread] DEBUG PrimaryStageWindow   - FXGLMainMenuDummyScene -> WelcomeMenu
15:36:42.655 [JavaFX Application Thread] DEBUG FXGLApplication      - Registering font factories with UI factory
15:36:43.803 [JavaFX Application Thread] DEBUG FXGLAssetLoaderServi - Loading from file system: file:/Users/andrewfriedman/Repos/Tower_Defense/target/classes/assets/textures/settingsScreen.png
15:36:45.618 [FXGL Background Thread 3 ] DEBUG Engine               - Logging environment variables
15:36:45.619 [FXGL Background Thread 3 ] DEBUG Engine               - achievements: []
15:36:45.620 [FXGL Background Thread 3 ] DEBUG Engine               - actualHeight: 600.0
15:36:45.620 [FXGL Background Thread 3 ] DEBUG Engine               - actualHeightProperty: ReadOnlyDoubleProperty [value: 600.0]
15:36:45.620 [FXGL Background Thread 3 ] DEBUG Engine               - actualWidth: 800.0
15:36:45.621 [FXGL Background Thread 3 ] DEBUG Engine               - actualWidthProperty: ReadOnlyDoubleProperty [value: 800.0]
15:36:45.621 [FXGL Background Thread 3 ] DEBUG Engine               - appIcon: fxgl_icon.png
15:36:45.621 [FXGL Background Thread 3 ] DEBUG Engine               - applicationMode: DEVELOPER
15:36:45.622 [FXGL Background Thread 3 ] DEBUG Engine               - cSSList: [fxgl_dark.css]
15:36:45.622 [FXGL Background Thread 3 ] DEBUG Engine               - collisionDetectionStrategy: BRUTE_FORCE
15:36:45.622 [FXGL Background Thread 3 ] DEBUG Engine               - configClass: Optional.empty
15:36:45.622 [FXGL Background Thread 3 ] DEBUG Engine               - credits: []
15:36:45.622 [FXGL Background Thread 3 ] DEBUG Engine               - defaultCursor: CursorInfo(imageName=fxgl_default_cursor.png, hotspotX=7.0, hotspotY=6.0)
15:36:45.623 [FXGL Background Thread 3 ] DEBUG Engine               - devBBoxColorProperty: ObjectProperty [value: 0xff0000ff]
15:36:45.623 [FXGL Background Thread 3 ] DEBUG Engine               - devEnableDebugCameraProperty: BooleanProperty [value: false]
15:36:45.623 [FXGL Background Thread 3 ] DEBUG Engine               - devSensorColorProperty: ObjectProperty [value: 0xffff00ff]
15:36:45.623 [FXGL Background Thread 3 ] DEBUG Engine               - devShowBBoxProperty: BooleanProperty [value: false]
15:36:45.624 [FXGL Background Thread 3 ] DEBUG Engine               - devShowPositionProperty: BooleanProperty [value: false]
15:36:45.624 [FXGL Background Thread 3 ] DEBUG Engine               - enabledMenuItems: []
15:36:45.624 [FXGL Background Thread 3 ] DEBUG Engine               - engineServices: [class com.almasb.fxgl.app.services.FXGLAssetLoaderService, class com.almasb.fxgl.app.FXGLApplication$GameApplicationService, class com.almasb.fxgl.app.services.FXGLDialogService, class com.almasb.fxgl.app.services.IOTaskExecutorService, class com.almasb.fxgl.io.FileSystemService, class com.almasb.fxgl.localization.LocalizationService, class com.almasb.fxgl.app.services.SystemBundleService, class com.almasb.fxgl.profile.SaveLoadService, class com.almasb.fxgl.ui.FXGLUIFactoryServiceProvider, class com.almasb.fxgl.ui.FXGLDialogFactoryServiceProvider, class com.almasb.fxgl.audio.AudioPlayer, class com.almasb.fxgl.notification.impl.NotificationServiceProvider, class com.almasb.fxgl.achievement.AchievementService, class com.almasb.fxgl.cutscene.CutsceneService, class com.almasb.fxgl.minigames.MiniGameService, class com.almasb.fxgl.net.NetService, class com.almasb.fxgl.app.services.UpdaterService, class com.almasb.fxgl.dev.DevService]
15:36:45.624 [FXGL Background Thread 3 ] DEBUG Engine               - fontGame: Abel-Regular.ttf
15:36:45.624 [FXGL Background Thread 3 ] DEBUG Engine               - fontMono: lucida_console.ttf
15:36:45.625 [FXGL Background Thread 3 ] DEBUG Engine               - fontText: Courier-Prime.ttf
15:36:45.625 [FXGL Background Thread 3 ] DEBUG Engine               - fontUI: VarelaRound-Regular.ttf
15:36:45.625 [FXGL Background Thread 3 ] DEBUG Engine               - fullScreen: BooleanProperty [value: false]
15:36:45.625 [FXGL Background Thread 3 ] DEBUG Engine               - gameDifficulty: MEDIUM
15:36:45.625 [FXGL Background Thread 3 ] DEBUG Engine               - gameDifficultyProperty: ObjectProperty [value: MEDIUM]
15:36:45.626 [FXGL Background Thread 3 ] DEBUG Engine               - globalMusicVolume: 0.5
15:36:45.626 [FXGL Background Thread 3 ] DEBUG Engine               - globalMusicVolumeProperty: DoubleProperty [value: 0.5]
15:36:45.626 [FXGL Background Thread 3 ] DEBUG Engine               - globalSoundVolume: 0.5
15:36:45.626 [FXGL Background Thread 3 ] DEBUG Engine               - globalSoundVolumeProperty: DoubleProperty [value: 0.5]
15:36:45.626 [FXGL Background Thread 3 ] DEBUG Engine               - height: 600
15:36:45.626 [FXGL Background Thread 3 ] DEBUG Engine               - is3D: false
15:36:45.627 [FXGL Background Thread 3 ] DEBUG Engine               - isAndroid: false
15:36:45.627 [FXGL Background Thread 3 ] DEBUG Engine               - isBrowser: false
15:36:45.627 [FXGL Background Thread 3 ] DEBUG Engine               - isClickFeedbackEnabled: false
15:36:45.627 [FXGL Background Thread 3 ] DEBUG Engine               - isCloseConfirmation: false
15:36:45.627 [FXGL Background Thread 3 ] DEBUG Engine               - isDesktop: true
15:36:45.627 [FXGL Background Thread 3 ] DEBUG Engine               - isDeveloperMenuEnabled: false
15:36:45.627 [FXGL Background Thread 3 ] DEBUG Engine               - isEntityPreloadEnabled: true
15:36:45.628 [FXGL Background Thread 3 ] DEBUG Engine               - isExperimentalTiledLargeMap: false
15:36:45.628 [FXGL Background Thread 3 ] DEBUG Engine               - isFileSystemWriteAllowed: true
15:36:45.628 [FXGL Background Thread 3 ] DEBUG Engine               - isFullScreenAllowed: false
15:36:45.628 [FXGL Background Thread 3 ] DEBUG Engine               - isFullScreenFromStart: false
15:36:45.628 [FXGL Background Thread 3 ] DEBUG Engine               - isGameMenuEnabled: true
15:36:45.628 [FXGL Background Thread 3 ] DEBUG Engine               - isIOS: false
15:36:45.628 [FXGL Background Thread 3 ] DEBUG Engine               - isIntroEnabled: false
15:36:45.628 [FXGL Background Thread 3 ] DEBUG Engine               - isLinux: false
15:36:45.628 [FXGL Background Thread 3 ] DEBUG Engine               - isMac: true
15:36:45.629 [FXGL Background Thread 3 ] DEBUG Engine               - isMainMenuEnabled: true
15:36:45.629 [FXGL Background Thread 3 ] DEBUG Engine               - isManualResizeEnabled: false
15:36:45.629 [FXGL Background Thread 3 ] DEBUG Engine               - isMobile: false
15:36:45.629 [FXGL Background Thread 3 ] DEBUG Engine               - isNative: false
15:36:45.629 [FXGL Background Thread 3 ] DEBUG Engine               - isPauseMusicWhenMinimized: true
15:36:45.629 [FXGL Background Thread 3 ] DEBUG Engine               - isPreserveResizeRatio: false
15:36:45.629 [FXGL Background Thread 3 ] DEBUG Engine               - isProfilingEnabled: false
15:36:45.629 [FXGL Background Thread 3 ] DEBUG Engine               - isScaleAffectedOnResize: true
15:36:45.629 [FXGL Background Thread 3 ] DEBUG Engine               - isSingleStep: false
15:36:45.630 [FXGL Background Thread 3 ] DEBUG Engine               - isUserProfileEnabled: false
15:36:45.630 [FXGL Background Thread 3 ] DEBUG Engine               - isWindows: false
15:36:45.630 [FXGL Background Thread 3 ] DEBUG Engine               - language: ObjectProperty [value: ENGLISH]
15:36:45.630 [FXGL Background Thread 3 ] DEBUG Engine               - menuKey: ESCAPE
15:36:45.630 [FXGL Background Thread 3 ] DEBUG Engine               - mouseSensitivity: 0.2
15:36:45.630 [FXGL Background Thread 3 ] DEBUG Engine               - notificationViewClass: class com.almasb.fxgl.notification.view.XboxNotificationView
15:36:45.630 [FXGL Background Thread 3 ] DEBUG Engine               - pixelsPerMeter: 50.0
15:36:45.631 [FXGL Background Thread 3 ] DEBUG Engine               - platform: MAC
15:36:45.631 [FXGL Background Thread 3 ] DEBUG Engine               - prefHeightProperty: ReadOnlyDoubleProperty [value: 600.0]
15:36:45.631 [FXGL Background Thread 3 ] DEBUG Engine               - prefWidthProperty: ReadOnlyDoubleProperty [value: 800.0]
15:36:45.631 [FXGL Background Thread 3 ] DEBUG Engine               - profileDir: profiles/
15:36:45.631 [FXGL Background Thread 3 ] DEBUG Engine               - profileName: StringProperty [value: DEFAULT]
15:36:45.631 [FXGL Background Thread 3 ] DEBUG Engine               - randomSeed: -1
15:36:45.631 [FXGL Background Thread 3 ] DEBUG Engine               - runtimeInfo: RuntimeInfo(platform=MAC, version=11.17, build=16.07.2021 15.46)
15:36:45.632 [FXGL Background Thread 3 ] DEBUG Engine               - saveFileExt: sav
15:36:45.632 [FXGL Background Thread 3 ] DEBUG Engine               - scaledHeightProp$fxgl: DoubleProperty [bound, value: 600.0]
15:36:45.632 [FXGL Background Thread 3 ] DEBUG Engine               - scaledWidthProp$fxgl: DoubleProperty [bound, value: 800.0]
15:36:45.632 [FXGL Background Thread 3 ] DEBUG Engine               - sceneFactory: com.theswagbois.towerdefense.ui.MySceneFactory@3c4340b1
15:36:45.632 [FXGL Background Thread 3 ] DEBUG Engine               - secondsIn24h: 60
15:36:45.632 [FXGL Background Thread 3 ] DEBUG Engine               - soundMenuBack: menu/back.wav
15:36:45.632 [FXGL Background Thread 3 ] DEBUG Engine               - soundMenuPress: menu/press.wav
15:36:45.632 [FXGL Background Thread 3 ] DEBUG Engine               - soundMenuSelect: menu/select.wav
15:36:45.633 [FXGL Background Thread 3 ] DEBUG Engine               - soundNotification: core/notification.wav
15:36:45.633 [FXGL Background Thread 3 ] DEBUG Engine               - stageStyle: DECORATED
15:36:45.633 [FXGL Background Thread 3 ] DEBUG Engine               - supportedLanguages: [ENGLISH, FRENCH, GERMAN, HUNGARIAN, RUSSIAN]
15:36:45.633 [FXGL Background Thread 3 ] DEBUG Engine               - ticksPerSecond: -1
15:36:45.633 [FXGL Background Thread 3 ] DEBUG Engine               - title: Tower Defense
15:36:45.633 [FXGL Background Thread 3 ] DEBUG Engine               - urlGithub: https://github.com/AlmasB/FXGL
15:36:45.633 [FXGL Background Thread 3 ] DEBUG Engine               - urlLeaderboard: http://fxgl-top.herokuapp.com/
15:36:45.633 [FXGL Background Thread 3 ] DEBUG Engine               - urlPOM: https://raw.githubusercontent.com/AlmasB/FXGL/release/README.md
15:36:45.633 [FXGL Background Thread 3 ] DEBUG Engine               - userAppClass: class com.theswagbois.towerdefense.MainApplication
15:36:45.633 [FXGL Background Thread 3 ] DEBUG Engine               - version: 0.0
15:36:45.634 [FXGL Background Thread 3 ] DEBUG Engine               - versionCheckDays: 7
15:36:45.634 [FXGL Background Thread 3 ] DEBUG Engine               - width: 800
15:36:45.634 [FXGL Background Thread 3 ] DEBUG Engine               - Logging services
15:36:45.634 [FXGL Background Thread 3 ] DEBUG Engine               - class com.almasb.fxgl.app.services.FXGLAssetLoaderService
15:36:45.634 [FXGL Background Thread 3 ] DEBUG Engine               - class com.almasb.fxgl.app.FXGLApplication$GameApplicationService
15:36:45.634 [FXGL Background Thread 3 ] DEBUG Engine               - class com.almasb.fxgl.app.services.FXGLDialogService
15:36:45.634 [FXGL Background Thread 3 ] DEBUG Engine               - class com.almasb.fxgl.app.services.IOTaskExecutorService
15:36:45.634 [FXGL Background Thread 3 ] DEBUG Engine               - class com.almasb.fxgl.io.FileSystemService
15:36:45.634 [FXGL Background Thread 3 ] DEBUG Engine               - class com.almasb.fxgl.localization.LocalizationService
15:36:45.634 [FXGL Background Thread 3 ] DEBUG Engine               - class com.almasb.fxgl.app.services.SystemBundleService
15:36:45.634 [FXGL Background Thread 3 ] DEBUG Engine               - class com.almasb.fxgl.profile.SaveLoadService
15:36:45.634 [FXGL Background Thread 3 ] DEBUG Engine               - class com.almasb.fxgl.ui.FXGLUIFactoryServiceProvider
15:36:45.635 [FXGL Background Thread 3 ] DEBUG Engine               - class com.almasb.fxgl.ui.FXGLDialogFactoryServiceProvider
15:36:45.635 [FXGL Background Thread 3 ] DEBUG Engine               - class com.almasb.fxgl.audio.AudioPlayer
15:36:45.635 [FXGL Background Thread 3 ] DEBUG Engine               - class com.almasb.fxgl.notification.impl.NotificationServiceProvider
15:36:45.635 [FXGL Background Thread 3 ] DEBUG Engine               - class com.almasb.fxgl.achievement.AchievementService
15:36:45.635 [FXGL Background Thread 3 ] DEBUG Engine               - class com.almasb.fxgl.cutscene.CutsceneService
15:36:45.635 [FXGL Background Thread 3 ] DEBUG Engine               - class com.almasb.fxgl.minigames.MiniGameService
15:36:45.635 [FXGL Background Thread 3 ] DEBUG Engine               - class com.almasb.fxgl.net.NetService
15:36:45.635 [FXGL Background Thread 3 ] DEBUG Engine               - class com.almasb.fxgl.app.services.UpdaterService
15:36:45.635 [FXGL Background Thread 3 ] DEBUG Engine               - class com.almasb.fxgl.dev.DevService
15:36:47.077 [JavaFX Application Thread] DEBUG Menu                 - fireNewGame()
15:36:47.078 [JavaFX Application Thread] DEBUG GameApplicationServi - Starting new game
15:36:47.078 [JavaFX Application Thread] DEBUG PrimaryStageWindow   - Pop state: WelcomeMenu
15:36:47.078 [JavaFX Application Thread] DEBUG Input                - Clearing active input actions
15:36:47.079 [JavaFX Application Thread] DEBUG GameApplicationServi - Removing overlay from WelcomeMenu and adding to FXGLMainMenuDummyScene
15:36:47.080 [JavaFX Application Thread] DEBUG PrimaryStageWindow   - FXGLMainMenuDummyScene <- WelcomeMenu
15:36:47.080 [JavaFX Application Thread] DEBUG Input                - Clearing active input actions
15:36:47.090 [JavaFX Application Thread] DEBUG GameApplicationServi - Removing overlay from FXGLMainMenuDummyScene and adding to FXGLLoadingScene
15:36:47.090 [JavaFX Application Thread] DEBUG PrimaryStageWindow   - FXGLMainMenuDummyScene -> FXGLLoadingScene
15:36:47.091 [JavaFX Application Thread] DEBUG GameApplicationServi - Clearing previous game
15:36:47.091 [JavaFX Application Thread] DEBUG GameScene            - Clearing game scene
15:36:47.092 [JavaFX Application Thread] DEBUG GameWorld            - Clearing game world
15:36:47.092 [JavaFX Application Thread] DEBUG PhysicsWorld         - Clearing physics world
15:36:47.093 [FXGL Background Thread 2 ] DEBUG FXGLApplication      - Initializing game
15:36:47.094 [FXGL Background Thread 2 ] DEBUG FXGLAssetLoaderServi - Loading JSON from: file:/Users/andrewfriedman/Repos/Tower_Defense/target/classes/assets/towers/tower1.json
15:36:47.188 [FXGL Background Thread 2 ] DEBUG FXGLAssetLoaderServi - Loading JSON from: file:/Users/andrewfriedman/Repos/Tower_Defense/target/classes/assets/towers/tower2.json
15:36:47.189 [FXGL Background Thread 2 ] DEBUG FXGLAssetLoaderServi - Loading JSON from: file:/Users/andrewfriedman/Repos/Tower_Defense/target/classes/assets/towers/tower3.json
15:36:47.190 [FXGL Background Thread 2 ] DEBUG FXGLAssetLoaderServi - Loading JSON from: file:/Users/andrewfriedman/Repos/Tower_Defense/target/classes/assets/levels/level1.json
15:36:47.193 [FXGL Background Thread 2 ] DEBUG FXGLAssetLoaderServi - Loading JSON from: file:/Users/andrewfriedman/Repos/Tower_Defense/target/classes/assets/levels/level2.json
15:36:47.193 [FXGL Background Thread 2 ] DEBUG FXGLAssetLoaderServi - Loading JSON from: file:/Users/andrewfriedman/Repos/Tower_Defense/target/classes/assets/levels/level3.json
15:36:47.211 [FXGL Background Thread 2 ] INFO  FXGLApplication      - Game initialization took: 0.118 sec
15:36:47.211 [JavaFX Application Thread] DEBUG Input                - Clearing active input actions
15:36:47.216 [JavaFX Application Thread] DEBUG GameApplicationServi - Removing overlay from FXGLLoadingScene and adding to GameScene
15:36:47.216 [JavaFX Application Thread] DEBUG PrimaryStageWindow   - FXGLLoadingScene -> GameScene
15:36:56.419 [JavaFX Application Thread] DEBUG EventBus             - Firing event: com.theswagbois.towerdefense.event.EnemyReachedMonumentEvent[source=javafx.event.Event$$Lambda$128/0x0000000300218a98@40444db8]
15:36:56.486 [JavaFX Application Thread] DEBUG EventBus             - Firing event: com.theswagbois.towerdefense.event.EnemyKilledEvent[source=javafx.event.Event$$Lambda$128/0x0000000300218a98@40444db8]
15:36:56.487 [JavaFX Application Thread] DEBUG EventBus             - Firing event: com.theswagbois.towerdefense.event.EnemyDamagedEvent[source=javafx.event.Event$$Lambda$128/0x0000000300218a98@40444db8]
15:36:59.067 [JavaFX Application Thread] DEBUG PrimaryStageWindow   - Push state: DialogSubScene
15:36:59.067 [JavaFX Application Thread] DEBUG Input                - Clearing active input actions
15:36:59.067 [JavaFX Application Thread] DEBUG GameApplicationServi - Removing overlay from GameScene and adding to DialogSubScene
15:36:59.068 [JavaFX Application Thread] DEBUG PrimaryStageWindow   - GameScene -> DialogSubScene
15:37:00.114 [JavaFX Application Thread] DEBUG PrimaryStageWindow   - Pop state: DialogSubScene
15:37:00.115 [JavaFX Application Thread] DEBUG Input                - Clearing active input actions
15:37:00.116 [JavaFX Application Thread] DEBUG GameApplicationServi - Removing overlay from DialogSubScene and adding to GameScene
15:37:00.116 [JavaFX Application Thread] DEBUG PrimaryStageWindow   - GameScene <- DialogSubScene
15:37:00.587 [JavaFX Application Thread] DEBUG EventBus             - Firing event: com.theswagbois.towerdefense.event.EnemyKilledEvent[source=javafx.event.Event$$Lambda$128/0x0000000300218a98@40444db8]
15:37:00.588 [JavaFX Application Thread] DEBUG EventBus             - Firing event: com.theswagbois.towerdefense.event.EnemyDamagedEvent[source=javafx.event.Event$$Lambda$128/0x0000000300218a98@40444db8]
15:37:03.470 [JavaFX Application Thread] DEBUG EventBus             - Firing event: com.theswagbois.towerdefense.event.EnemyKilledEvent[source=javafx.event.Event$$Lambda$128/0x0000000300218a98@40444db8]
15:37:03.470 [JavaFX Application Thread] DEBUG EventBus             - Firing event: com.theswagbois.towerdefense.event.EnemyDamagedEvent[source=javafx.event.Event$$Lambda$128/0x0000000300218a98@40444db8]
15:37:03.495 [JavaFX Application Thread] DEBUG EventBus             - Firing event: com.theswagbois.towerdefense.event.EnemyKilledEvent[source=javafx.event.Event$$Lambda$128/0x0000000300218a98@40444db8]
15:37:03.495 [JavaFX Application Thread] DEBUG EventBus             - Firing event: com.theswagbois.towerdefense.event.EnemyDamagedEvent[source=javafx.event.Event$$Lambda$128/0x0000000300218a98@40444db8]
15:37:06.563 [JavaFX Application Thread] DEBUG EventBus             - Firing event: com.theswagbois.towerdefense.event.EnemyKilledEvent[source=javafx.event.Event$$Lambda$128/0x0000000300218a98@40444db8]
15:37:06.564 [JavaFX Application Thread] DEBUG EventBus             - Firing event: com.theswagbois.towerdefense.event.EnemyDamagedEvent[source=javafx.event.Event$$Lambda$128/0x0000000300218a98@40444db8]
15:37:09.153 [JavaFX Application Thread] DEBUG EventBus             - Firing event: com.theswagbois.towerdefense.event.EnemyReachedMonumentEvent[source=javafx.event.Event$$Lambda$128/0x0000000300218a98@40444db8]
15:37:09.487 [JavaFX Application Thread] DEBUG EventBus             - Firing event: com.theswagbois.towerdefense.event.EnemyKilledEvent[source=javafx.event.Event$$Lambda$128/0x0000000300218a98@40444db8]
15:37:09.488 [JavaFX Application Thread] DEBUG EventBus             - Firing event: com.theswagbois.towerdefense.event.EnemyDamagedEvent[source=javafx.event.Event$$Lambda$128/0x0000000300218a98@40444db8]
15:37:12.503 [JavaFX Application Thread] DEBUG EventBus             - Firing event: com.theswagbois.towerdefense.event.EnemyKilledEvent[source=javafx.event.Event$$Lambda$128/0x0000000300218a98@40444db8]
15:37:12.503 [JavaFX Application Thread] DEBUG EventBus             - Firing event: com.theswagbois.towerdefense.event.EnemyDamagedEvent[source=javafx.event.Event$$Lambda$128/0x0000000300218a98@40444db8]
15:37:14.786 [JavaFX Application Thread] DEBUG EventBus             - Firing event: com.theswagbois.towerdefense.event.EnemyReachedMonumentEvent[source=javafx.event.Event$$Lambda$128/0x0000000300218a98@40444db8]
15:37:15.503 [JavaFX Application Thread] DEBUG EventBus             - Firing event: com.theswagbois.towerdefense.event.EnemyKilledEvent[source=javafx.event.Event$$Lambda$128/0x0000000300218a98@40444db8]
15:37:15.504 [JavaFX Application Thread] DEBUG EventBus             - Firing event: com.theswagbois.towerdefense.event.EnemyDamagedEvent[source=javafx.event.Event$$Lambda$128/0x0000000300218a98@40444db8]
15:37:18.636 [JavaFX Application Thread] DEBUG EventBus             - Firing event: com.theswagbois.towerdefense.event.EnemyKilledEvent[source=javafx.event.Event$$Lambda$128/0x0000000300218a98@40444db8]
15:37:18.637 [JavaFX Application Thread] DEBUG EventBus             - Firing event: com.theswagbois.towerdefense.event.EnemyDamagedEvent[source=javafx.event.Event$$Lambda$128/0x0000000300218a98@40444db8]
15:37:21.521 [JavaFX Application Thread] DEBUG EventBus             - Firing event: com.theswagbois.towerdefense.event.EnemyKilledEvent[source=javafx.event.Event$$Lambda$128/0x0000000300218a98@40444db8]
15:37:21.524 [JavaFX Application Thread] DEBUG PrimaryStageWindow   - Push state: DialogSubScene
15:37:21.524 [JavaFX Application Thread] DEBUG Input                - Clearing active input actions
15:37:21.525 [JavaFX Application Thread] DEBUG GameApplicationServi - Removing overlay from GameScene and adding to DialogSubScene
15:37:21.525 [JavaFX Application Thread] DEBUG PrimaryStageWindow   - GameScene -> DialogSubScene
15:37:21.525 [JavaFX Application Thread] DEBUG EventBus             - Firing event: com.theswagbois.towerdefense.event.EnemyDamagedEvent[source=javafx.event.Event$$Lambda$128/0x0000000300218a98@40444db8]
15:37:22.788 [JavaFX Application Thread] DEBUG PrimaryStageWindow   - Pop state: DialogSubScene
15:37:22.789 [JavaFX Application Thread] DEBUG Input                - Clearing active input actions
15:37:22.790 [JavaFX Application Thread] DEBUG GameApplicationServi - Removing overlay from DialogSubScene and adding to GameScene
15:37:22.790 [JavaFX Application Thread] DEBUG PrimaryStageWindow   - GameScene <- DialogSubScene
15:37:57.303 [JavaFX Application Thread] DEBUG EventBus             - Firing event: com.theswagbois.towerdefense.event.EnemyDamagedEvent[source=javafx.event.Event$$Lambda$128/0x0000000300218a98@40444db8]
15:37:58.920 [JavaFX Application Thread] DEBUG EventBus             - Firing event: com.theswagbois.towerdefense.event.EnemyDamagedEvent[source=javafx.event.Event$$Lambda$128/0x0000000300218a98@40444db8]
15:37:59.103 [JavaFX Application Thread] DEBUG EventBus             - Firing event: com.theswagbois.towerdefense.event.EnemyKilledEvent[source=javafx.event.Event$$Lambda$128/0x0000000300218a98@40444db8]
15:37:59.105 [JavaFX Application Thread] DEBUG EventBus             - Firing event: com.theswagbois.towerdefense.event.EnemyDamagedEvent[source=javafx.event.Event$$Lambda$128/0x0000000300218a98@40444db8]
15:38:01.077 [JavaFX Application Thread] DEBUG EventBus             - Firing event: com.theswagbois.towerdefense.event.EnemyDamagedEvent[source=javafx.event.Event$$Lambda$128/0x0000000300218a98@40444db8]
15:38:01.671 [JavaFX Application Thread] DEBUG EventBus             - Firing event: com.theswagbois.towerdefense.event.EnemyDamagedEvent[source=javafx.event.Event$$Lambda$128/0x0000000300218a98@40444db8]
15:38:01.770 [JavaFX Application Thread] DEBUG EventBus             - Firing event: com.theswagbois.towerdefense.event.EnemyKilledEvent[source=javafx.event.Event$$Lambda$128/0x0000000300218a98@40444db8]
15:38:01.771 [JavaFX Application Thread] DEBUG EventBus             - Firing event: com.theswagbois.towerdefense.event.EnemyDamagedEvent[source=javafx.event.Event$$Lambda$128/0x0000000300218a98@40444db8]
15:38:01.786 [JavaFX Application Thread] DEBUG EventBus             - Firing event: com.theswagbois.towerdefense.event.EnemyReachedMonumentEvent[source=javafx.event.Event$$Lambda$128/0x0000000300218a98@40444db8]
15:38:02.919 [JavaFX Application Thread] DEBUG EventBus             - Firing event: com.theswagbois.towerdefense.event.EnemyDamagedEvent[source=javafx.event.Event$$Lambda$128/0x0000000300218a98@40444db8]
15:38:03.177 [JavaFX Application Thread] DEBUG EventBus             - Firing event: com.theswagbois.towerdefense.event.EnemyDamagedEvent[source=javafx.event.Event$$Lambda$128/0x0000000300218a98@40444db8]
15:38:03.377 [JavaFX Application Thread] DEBUG EventBus             - Firing event: com.theswagbois.towerdefense.event.EnemyDamagedEvent[source=javafx.event.Event$$Lambda$128/0x0000000300218a98@40444db8]
15:38:03.436 [JavaFX Application Thread] DEBUG EventBus             - Firing event: com.theswagbois.towerdefense.event.EnemyKilledEvent[source=javafx.event.Event$$Lambda$128/0x0000000300218a98@40444db8]
15:38:03.436 [JavaFX Application Thread] DEBUG EventBus             - Firing event: com.theswagbois.towerdefense.event.EnemyDamagedEvent[source=javafx.event.Event$$Lambda$128/0x0000000300218a98@40444db8]
15:38:04.894 [JavaFX Application Thread] DEBUG EventBus             - Firing event: com.theswagbois.towerdefense.event.EnemyDamagedEvent[source=javafx.event.Event$$Lambda$128/0x0000000300218a98@40444db8]
15:38:04.911 [JavaFX Application Thread] DEBUG EventBus             - Firing event: com.theswagbois.towerdefense.event.EnemyKilledEvent[source=javafx.event.Event$$Lambda$128/0x0000000300218a98@40444db8]
15:38:04.913 [JavaFX Application Thread] DEBUG EventBus             - Firing event: com.theswagbois.towerdefense.event.EnemyDamagedEvent[source=javafx.event.Event$$Lambda$128/0x0000000300218a98@40444db8]
15:38:06.594 [JavaFX Application Thread] DEBUG EventBus             - Firing event: com.theswagbois.towerdefense.event.EnemyDamagedEvent[source=javafx.event.Event$$Lambda$128/0x0000000300218a98@40444db8]
15:38:07.827 [JavaFX Application Thread] DEBUG EventBus             - Firing event: com.theswagbois.towerdefense.event.EnemyKilledEvent[source=javafx.event.Event$$Lambda$128/0x0000000300218a98@40444db8]
15:38:07.827 [JavaFX Application Thread] DEBUG EventBus             - Firing event: com.theswagbois.towerdefense.event.EnemyDamagedEvent[source=javafx.event.Event$$Lambda$128/0x0000000300218a98@40444db8]
15:38:08.077 [JavaFX Application Thread] DEBUG EventBus             - Firing event: com.theswagbois.towerdefense.event.IllegalTowerLocationEvent[source=javafx.event.Event$$Lambda$128/0x0000000300218a98@40444db8]
15:38:08.078 [JavaFX Application Thread] DEBUG PrimaryStageWindow   - Push state: DialogSubScene
15:38:08.078 [JavaFX Application Thread] DEBUG Input                - Clearing active input actions
15:38:08.078 [JavaFX Application Thread] DEBUG GameApplicationServi - Removing overlay from GameScene and adding to DialogSubScene
15:38:08.079 [JavaFX Application Thread] DEBUG PrimaryStageWindow   - GameScene -> DialogSubScene
15:38:08.692 [JavaFX Application Thread] DEBUG PrimaryStageWindow   - Pop state: DialogSubScene
15:38:08.692 [JavaFX Application Thread] DEBUG Input                - Clearing active input actions
15:38:08.693 [JavaFX Application Thread] DEBUG GameApplicationServi - Removing overlay from DialogSubScene and adding to GameScene
15:38:08.694 [JavaFX Application Thread] DEBUG PrimaryStageWindow   - GameScene <- DialogSubScene
15:38:10.011 [JavaFX Application Thread] DEBUG EventBus             - Firing event: com.theswagbois.towerdefense.event.EnemyDamagedEvent[source=javafx.event.Event$$Lambda$128/0x0000000300218a98@40444db8]
15:38:10.344 [JavaFX Application Thread] DEBUG EventBus             - Firing event: com.theswagbois.towerdefense.event.EnemyDamagedEvent[source=javafx.event.Event$$Lambda$128/0x0000000300218a98@40444db8]
15:38:10.569 [JavaFX Application Thread] DEBUG EventBus             - Firing event: com.theswagbois.towerdefense.event.EnemyDamagedEvent[source=javafx.event.Event$$Lambda$128/0x0000000300218a98@40444db8]
15:38:10.819 [JavaFX Application Thread] DEBUG EventBus             - Firing event: com.theswagbois.towerdefense.event.EnemyDamagedEvent[source=javafx.event.Event$$Lambda$128/0x0000000300218a98@40444db8]
15:38:11.044 [JavaFX Application Thread] DEBUG EventBus             - Firing event: com.theswagbois.towerdefense.event.EnemyDamagedEvent[source=javafx.event.Event$$Lambda$128/0x0000000300218a98@40444db8]
15:38:11.227 [JavaFX Application Thread] DEBUG EventBus             - Firing event: com.theswagbois.towerdefense.event.EnemyDamagedEvent[source=javafx.event.Event$$Lambda$128/0x0000000300218a98@40444db8]
15:38:11.477 [JavaFX Application Thread] DEBUG EventBus             - Firing event: com.theswagbois.towerdefense.event.EnemyKilledEvent[source=javafx.event.Event$$Lambda$128/0x0000000300218a98@40444db8]
15:38:11.478 [JavaFX Application Thread] DEBUG EventBus             - Firing event: com.theswagbois.towerdefense.event.EnemyDamagedEvent[source=javafx.event.Event$$Lambda$128/0x0000000300218a98@40444db8]
15:38:12.419 [JavaFX Application Thread] DEBUG EventBus             - Firing event: com.theswagbois.towerdefense.event.EnemyKilledEvent[source=javafx.event.Event$$Lambda$128/0x0000000300218a98@40444db8]
15:38:12.420 [JavaFX Application Thread] DEBUG EventBus             - Firing event: com.theswagbois.towerdefense.event.EnemyDamagedEvent[source=javafx.event.Event$$Lambda$128/0x0000000300218a98@40444db8]
15:38:12.620 [JavaFX Application Thread] DEBUG EventBus             - Firing event: com.theswagbois.towerdefense.event.EnemyDamagedEvent[source=javafx.event.Event$$Lambda$128/0x0000000300218a98@40444db8]
15:38:12.852 [JavaFX Application Thread] DEBUG EventBus             - Firing event: com.theswagbois.towerdefense.event.EnemyDamagedEvent[source=javafx.event.Event$$Lambda$128/0x0000000300218a98@40444db8]
15:38:13.068 [JavaFX Application Thread] DEBUG EventBus             - Firing event: com.theswagbois.towerdefense.event.EnemyDamagedEvent[source=javafx.event.Event$$Lambda$128/0x0000000300218a98@40444db8]
15:38:13.278 [JavaFX Application Thread] DEBUG EventBus             - Firing event: com.theswagbois.towerdefense.event.EnemyKilledEvent[source=javafx.event.Event$$Lambda$128/0x0000000300218a98@40444db8]
15:38:13.278 [JavaFX Application Thread] DEBUG EventBus             - Firing event: com.theswagbois.towerdefense.event.EnemyDamagedEvent[source=javafx.event.Event$$Lambda$128/0x0000000300218a98@40444db8]
15:38:14.920 [JavaFX Application Thread] DEBUG EventBus             - Firing event: com.theswagbois.towerdefense.event.EnemyDamagedEvent[source=javafx.event.Event$$Lambda$128/0x0000000300218a98@40444db8]
15:38:15.620 [JavaFX Application Thread] DEBUG EventBus             - Firing event: com.theswagbois.towerdefense.event.EnemyKilledEvent[source=javafx.event.Event$$Lambda$128/0x0000000300218a98@40444db8]
15:38:15.621 [JavaFX Application Thread] DEBUG EventBus             - Firing event: com.theswagbois.towerdefense.event.EnemyDamagedEvent[source=javafx.event.Event$$Lambda$128/0x0000000300218a98@40444db8]
15:38:16.285 [JavaFX Application Thread] DEBUG EventBus             - Firing event: com.theswagbois.towerdefense.event.EnemyDamagedEvent[source=javafx.event.Event$$Lambda$128/0x0000000300218a98@40444db8]
15:38:16.978 [JavaFX Application Thread] DEBUG PrimaryStageWindow   - Push state: DialogSubScene
15:38:16.978 [JavaFX Application Thread] DEBUG Input                - Clearing active input actions
15:38:16.978 [JavaFX Application Thread] DEBUG GameApplicationServi - Removing overlay from GameScene and adding to DialogSubScene
15:38:16.978 [JavaFX Application Thread] DEBUG PrimaryStageWindow   - GameScene -> DialogSubScene
15:38:18.603 [JavaFX Application Thread] DEBUG PrimaryStageWindow   - Pop state: DialogSubScene
15:38:18.604 [JavaFX Application Thread] DEBUG Input                - Clearing active input actions
15:38:18.605 [JavaFX Application Thread] DEBUG GameApplicationServi - Removing overlay from DialogSubScene and adding to GameScene
15:38:18.605 [JavaFX Application Thread] DEBUG PrimaryStageWindow   - GameScene <- DialogSubScene
15:38:19.186 [JavaFX Application Thread] DEBUG EventBus             - Firing event: com.theswagbois.towerdefense.event.EnemyKilledEvent[source=javafx.event.Event$$Lambda$128/0x0000000300218a98@40444db8]
15:38:19.188 [JavaFX Application Thread] DEBUG EventBus             - Firing event: com.theswagbois.towerdefense.event.EnemyDamagedEvent[source=javafx.event.Event$$Lambda$128/0x0000000300218a98@40444db8]
15:38:19.408 [JavaFX Application Thread] DEBUG PrimaryStageWindow   - Push state: DialogSubScene
15:38:19.409 [JavaFX Application Thread] DEBUG Input                - Clearing active input actions
15:38:19.409 [JavaFX Application Thread] DEBUG GameApplicationServi - Removing overlay from GameScene and adding to DialogSubScene
15:38:19.410 [JavaFX Application Thread] DEBUG PrimaryStageWindow   - GameScene -> DialogSubScene
15:38:20.062 [JavaFX Application Thread] DEBUG PrimaryStageWindow   - Pop state: DialogSubScene
15:38:20.062 [JavaFX Application Thread] DEBUG Input                - Clearing active input actions
15:38:20.064 [JavaFX Application Thread] DEBUG GameApplicationServi - Removing overlay from DialogSubScene and adding to GameScene
15:38:20.064 [JavaFX Application Thread] DEBUG PrimaryStageWindow   - GameScene <- DialogSubScene
15:38:21.211 [JavaFX Application Thread] DEBUG EventBus             - Firing event: com.theswagbois.towerdefense.event.EnemyDamagedEvent[source=javafx.event.Event$$Lambda$128/0x0000000300218a98@40444db8]
15:38:21.743 [JavaFX Application Thread] DEBUG EventBus             - Firing event: com.theswagbois.towerdefense.event.EnemyDamagedEvent[source=javafx.event.Event$$Lambda$128/0x0000000300218a98@40444db8]
15:38:22.311 [JavaFX Application Thread] DEBUG EventBus             - Firing event: com.theswagbois.towerdefense.event.EnemyKilledEvent[source=javafx.event.Event$$Lambda$128/0x0000000300218a98@40444db8]
15:38:22.312 [JavaFX Application Thread] DEBUG EventBus             - Firing event: com.theswagbois.towerdefense.event.EnemyDamagedEvent[source=javafx.event.Event$$Lambda$128/0x0000000300218a98@40444db8]
15:38:23.927 [JavaFX Application Thread] DEBUG EventBus             - Firing event: com.theswagbois.towerdefense.event.EnemyDamagedEvent[source=javafx.event.Event$$Lambda$128/0x0000000300218a98@40444db8]
15:38:24.210 [JavaFX Application Thread] DEBUG EventBus             - Firing event: com.theswagbois.towerdefense.event.EnemyDamagedEvent[source=javafx.event.Event$$Lambda$128/0x0000000300218a98@40444db8]
15:38:24.436 [JavaFX Application Thread] DEBUG EventBus             - Firing event: com.theswagbois.towerdefense.event.EnemyKilledEvent[source=javafx.event.Event$$Lambda$128/0x0000000300218a98@40444db8]
15:38:24.437 [JavaFX Application Thread] DEBUG EventBus             - Firing event: com.theswagbois.towerdefense.event.EnemyDamagedEvent[source=javafx.event.Event$$Lambda$128/0x0000000300218a98@40444db8]
15:38:25.527 [JavaFX Application Thread] DEBUG EventBus             - Firing event: com.theswagbois.towerdefense.event.EnemyDamagedEvent[source=javafx.event.Event$$Lambda$128/0x0000000300218a98@40444db8]
15:38:25.794 [JavaFX Application Thread] DEBUG EventBus             - Firing event: com.theswagbois.towerdefense.event.EnemyKilledEvent[source=javafx.event.Event$$Lambda$128/0x0000000300218a98@40444db8]
15:38:25.795 [JavaFX Application Thread] DEBUG EventBus             - Firing event: com.theswagbois.towerdefense.event.EnemyDamagedEvent[source=javafx.event.Event$$Lambda$128/0x0000000300218a98@40444db8]
15:38:27.202 [JavaFX Application Thread] DEBUG EventBus             - Firing event: com.theswagbois.towerdefense.event.EnemyDamagedEvent[source=javafx.event.Event$$Lambda$128/0x0000000300218a98@40444db8]
15:38:27.711 [JavaFX Application Thread] DEBUG EventBus             - Firing event: com.theswagbois.towerdefense.event.EnemyDamagedEvent[source=javafx.event.Event$$Lambda$128/0x0000000300218a98@40444db8]
15:38:28.244 [JavaFX Application Thread] DEBUG EventBus             - Firing event: com.theswagbois.towerdefense.event.EnemyKilledEvent[source=javafx.event.Event$$Lambda$128/0x0000000300218a98@40444db8]
15:38:28.246 [JavaFX Application Thread] DEBUG EventBus             - Firing event: com.theswagbois.towerdefense.event.EnemyDamagedEvent[source=javafx.event.Event$$Lambda$128/0x0000000300218a98@40444db8]
15:38:29.919 [JavaFX Application Thread] DEBUG EventBus             - Firing event: com.theswagbois.towerdefense.event.EnemyDamagedEvent[source=javafx.event.Event$$Lambda$128/0x0000000300218a98@40444db8]
15:38:30.204 [JavaFX Application Thread] DEBUG EventBus             - Firing event: com.theswagbois.towerdefense.event.EnemyDamagedEvent[source=javafx.event.Event$$Lambda$128/0x0000000300218a98@40444db8]
15:38:30.428 [JavaFX Application Thread] DEBUG EventBus             - Firing event: com.theswagbois.towerdefense.event.EnemyKilledEvent[source=javafx.event.Event$$Lambda$128/0x0000000300218a98@40444db8]
15:38:30.430 [JavaFX Application Thread] DEBUG PrimaryStageWindow   - Push state: DialogSubScene
15:38:30.431 [JavaFX Application Thread] DEBUG Input                - Clearing active input actions
15:38:30.432 [JavaFX Application Thread] DEBUG GameApplicationServi - Removing overlay from GameScene and adding to DialogSubScene
15:38:30.432 [JavaFX Application Thread] DEBUG PrimaryStageWindow   - GameScene -> DialogSubScene
15:38:30.443 [JavaFX Application Thread] DEBUG EventBus             - Firing event: com.theswagbois.towerdefense.event.EnemyDamagedEvent[source=javafx.event.Event$$Lambda$128/0x0000000300218a98@40444db8]
15:39:03.632 [JavaFX Application Thread] DEBUG FXGLApplication      - Exiting FXGL
15:39:03.632 [JavaFX Application Thread] DEBUG LoopRunner           - Stopping loop
15:39:03.633 [JavaFX Application Thread] DEBUG SystemBundleService  - Saving FXGL system data
15:39:03.637 [JavaFX Application Thread] DEBUG FileSystemAccess     - Writing to: /Users/andrewfriedman/Repos/Tower_Defense/system/fxgl.bundle
15:39:03.639 [JavaFX Application Thread] DEBUG Async                - Shutting down background threads
15:39:03.640 [JavaFX Application Thread] DEBUG PrimaryStageWindow   - Closing main window
15:39:03.645 [JavaFX Application Thread] DEBUG Logger               - Closing Logger
