19:45:15.114 [main                     ] DEBUG Logger               - Configured Logger
19:45:15.123 [main                     ] DEBUG GameApplication      - Logging settings
Title: Tower Defense
Version: 0.0
Width: 800
Height: 600
Fullscreen: false
Intro: false
Profiling: false
Single step:false
App Mode: DEVELOPER
Menu Key: ESCAPE
Stage Style: DECORATED
Scene Factory: class com.theswagbois.towerdefense.MySceneFactory

19:45:16.242 [JavaFX Application Thread] DEBUG FXGLApplication      - Initializing FXGL
19:45:16.246 [JavaFX Application Thread] INFO  Engine               - FXGL-11.17 (16.07.2021 15.46) on MAC (J:16.0.2 FX:16)
19:45:16.247 [JavaFX Application Thread] DEBUG Engine               - JRE Vendor Name: Amazon.com Inc.
19:45:16.247 [JavaFX Application Thread] DEBUG Engine               - Running on OS: Mac OS X version 10.15.7
19:45:16.247 [JavaFX Application Thread] DEBUG Engine               - Architecture: x86_64
19:45:16.247 [JavaFX Application Thread] INFO  Engine               - Source code and latest versions at: https://github.com/AlmasB/FXGL
19:45:16.248 [JavaFX Application Thread] INFO  Engine               -              Join the FXGL chat at: https://gitter.im/AlmasB/FXGL
19:45:16.489 [JavaFX Application Thread] DEBUG PrimaryStageWindow   - Creating a JavaFX scene
19:45:16.571 [JavaFX Application Thread] DEBUG PrimaryStageWindow   - Target settings size: 800.0 x 600.0
19:45:16.572 [JavaFX Application Thread] DEBUG PrimaryStageWindow   - Scaled scene size:    800.0 x 600.0
19:45:16.572 [JavaFX Application Thread] DEBUG PrimaryStageWindow   - Scaled ratio: (1.0, 1.0)
19:45:16.574 [JavaFX Application Thread] DEBUG PrimaryStageWindow   - Set initial scene to FXGLStartupScene
19:45:16.591 [JavaFX Application Thread] DEBUG PrimaryStageWindow   - Opening main window
19:45:16.739 [JavaFX Application Thread] DEBUG PrimaryStageWindow   - Window border size: (0.0, 22.0)
19:45:16.739 [JavaFX Application Thread] DEBUG PrimaryStageWindow   - Scaled size: 800.0 x 600.0
19:45:16.740 [JavaFX Application Thread] DEBUG PrimaryStageWindow   - Scaled ratio: (1.0, 1.0)
19:45:16.740 [JavaFX Application Thread] DEBUG PrimaryStageWindow   - Scene size: 800.0 x 600.0
19:45:16.740 [JavaFX Application Thread] DEBUG PrimaryStageWindow   - Stage size: 800.0 x 622.0
19:45:16.751 [FXGL Background Thread 1 ] DEBUG Engine               - Initializing environment variables
19:45:16.849 [FXGL Background Thread 1 ] DEBUG FXGLAssetLoaderServi - User app class for loading assets: class com.theswagbois.towerdefense.MainApplication
19:45:16.850 [FXGL Background Thread 1 ] DEBUG GameApplicationServi - Applying CSS: fxgl_dark.css
19:45:16.853 [FXGL Background Thread 1 ] DEBUG FXGLAssetLoaderServi - Loading from file system: jar:file:/Users/josephvitko/.m2/repository/com/github/almasb/fxgl/11.17/fxgl-11.17.jar!/fxglassets/ui/css/fxgl_dark.css
19:45:16.953 [FXGL Background Thread 1 ] DEBUG GameApplicationServi - Initializing application scenes
19:45:17.591 [FXGL Background Thread 1 ] DEBUG GameWorld            - Game world initialized
19:45:17.655 [FXGL Background Thread 1 ] DEBUG PhysicsWorld         - Physics world initialized: appHeight=600, physics.ppm=50.0
19:45:17.656 [FXGL Background Thread 1 ] DEBUG PhysicsWorld         - Using strategy: BRUTE_FORCE
19:45:17.660 [FXGL Background Thread 1 ] DEBUG GameScene            - Game scene initialized: 800x600
19:45:17.677 [FXGL Background Thread 1 ] DEBUG GameApplicationServi - Application scenes initialized
19:45:17.702 [FXGL Background Thread 1 ] DEBUG SystemBundleService  - Loading FXGL system data
19:45:17.707 [FXGL Background Thread 1 ] DEBUG FileSystemAccess     - Reading from: /Users/josephvitko/IdeaProjects/Tower_Defense2/system/fxgl.bundle
19:45:17.717 [FXGL Background Thread 1 ] DEBUG SystemBundleService  - Bundle FXGL: {}
19:45:17.717 [FXGL Background Thread 1 ] DEBUG UpdaterService       - Checking for updates
19:45:17.725 [FXGL Background Thread 4 ] DEBUG FXGLApplication      - Loading fonts
19:45:17.726 [FXGL Background Thread 4 ] DEBUG FXGLAssetLoaderServi - Loading from file system: jar:file:/Users/josephvitko/.m2/repository/com/github/almasb/fxgl/11.17/fxgl-11.17.jar!/fxglassets/ui/fonts/VarelaRound-Regular.ttf
19:45:17.726 [FXGL Background Thread 1 ] DEBUG FXGLApplication      - Loading default localization
19:45:17.728 [FXGL Background Thread 1 ] DEBUG FXGLAssetLoaderServi - Loading from file system: jar:file:/Users/josephvitko/.m2/repository/com/github/almasb/fxgl/11.17/fxgl-11.17.jar!/fxglassets/languages/english.lang
19:45:17.749 [FXGL Background Thread 4 ] DEBUG FXGLAssetLoaderServi - Loading from file system: jar:file:/Users/josephvitko/.m2/repository/com/github/almasb/fxgl/11.17/fxgl-11.17.jar!/fxglassets/ui/fonts/Abel-Regular.ttf
19:45:17.750 [FXGL Background Thread 1 ] INFO  FXGLApplication      - FXGL initialization took: 0.998 sec
19:45:17.754 [FXGL Background Thread 4 ] DEBUG FXGLAssetLoaderServi - Loading from file system: jar:file:/Users/josephvitko/.m2/repository/com/github/almasb/fxgl/11.17/fxgl-11.17.jar!/fxglassets/ui/fonts/lucida_console.ttf
19:45:17.759 [FXGL Background Thread 4 ] DEBUG FXGLAssetLoaderServi - Loading from file system: jar:file:/Users/josephvitko/.m2/repository/com/github/almasb/fxgl/11.17/fxgl-11.17.jar!/fxglassets/ui/fonts/Courier-Prime.ttf
19:45:17.763 [JavaFX Application Thread] DEBUG Input                - Registered new binding: action0 - F
19:45:17.765 [JavaFX Application Thread] DEBUG Input                - Registered new binding: Place Tower - LMB
19:45:17.766 [JavaFX Application Thread] DEBUG FXGLAssetLoaderServi - Loading from file system: jar:file:/Users/josephvitko/.m2/repository/com/github/almasb/fxgl/11.17/fxgl-11.17.jar!/fxglassets/textures/fxgl_icon.png
19:45:17.853 [JavaFX Application Thread] DEBUG FXGLAssetLoaderServi - Loading from file system: jar:file:/Users/josephvitko/.m2/repository/com/github/almasb/fxgl/11.17/fxgl-11.17.jar!/fxglassets/textures/fxgl_default_cursor.png
19:45:17.857 [JavaFX Application Thread] DEBUG Input                - Registered new binding: Screenshot - CTRL+8
19:45:17.857 [JavaFX Application Thread] DEBUG Input                - Registered new binding: System info dump - CTRL+9
19:45:17.858 [JavaFX Application Thread] DEBUG Input                - Registered new binding: Restart - CTRL+R
19:45:17.859 [JavaFX Application Thread] DEBUG Input                - Registered new binding: Toggle Debug Camera - CTRL+C
19:45:17.863 [JavaFX Application Thread] DEBUG LoopRunner           - Starting loop
19:45:17.863 [JavaFX Application Thread] DEBUG LoopRunner           - Initializing JavaFX AnimationTimerLoop
19:45:17.868 [JavaFX Application Thread] DEBUG Input                - Clearing active input actions
19:45:17.884 [JavaFX Application Thread] DEBUG GameApplicationServi - Removing overlay from FXGLStartupScene and adding to FXGLMainMenuDummyScene
19:45:17.884 [JavaFX Application Thread] DEBUG PrimaryStageWindow   - FXGLStartupScene -> FXGLMainMenuDummyScene
19:45:17.885 [JavaFX Application Thread] DEBUG PrimaryStageWindow   - Push state: WelcomeMenu
19:45:17.885 [JavaFX Application Thread] DEBUG Input                - Clearing active input actions
19:45:17.891 [JavaFX Application Thread] DEBUG GameApplicationServi - Removing overlay from FXGLMainMenuDummyScene and adding to WelcomeMenu
19:45:17.891 [JavaFX Application Thread] DEBUG PrimaryStageWindow   - FXGLMainMenuDummyScene -> WelcomeMenu
19:45:17.906 [JavaFX Application Thread] DEBUG FXGLApplication      - Registering font factories with UI factory
19:45:19.013 [JavaFX Application Thread] DEBUG Menu                 - fireNewGame()
19:45:19.014 [JavaFX Application Thread] DEBUG GameApplicationServi - Starting new game
19:45:19.014 [JavaFX Application Thread] DEBUG PrimaryStageWindow   - Pop state: WelcomeMenu
19:45:19.014 [JavaFX Application Thread] DEBUG Input                - Clearing active input actions
19:45:19.016 [JavaFX Application Thread] DEBUG GameApplicationServi - Removing overlay from WelcomeMenu and adding to FXGLMainMenuDummyScene
19:45:19.018 [JavaFX Application Thread] DEBUG PrimaryStageWindow   - FXGLMainMenuDummyScene <- WelcomeMenu
19:45:19.019 [JavaFX Application Thread] DEBUG Input                - Clearing active input actions
19:45:19.035 [JavaFX Application Thread] DEBUG GameApplicationServi - Removing overlay from FXGLMainMenuDummyScene and adding to FXGLLoadingScene
19:45:19.036 [JavaFX Application Thread] DEBUG PrimaryStageWindow   - FXGLMainMenuDummyScene -> FXGLLoadingScene
19:45:19.036 [JavaFX Application Thread] DEBUG GameApplicationServi - Clearing previous game
19:45:19.037 [JavaFX Application Thread] DEBUG GameScene            - Clearing game scene
19:45:19.037 [JavaFX Application Thread] DEBUG GameWorld            - Clearing game world
19:45:19.037 [JavaFX Application Thread] DEBUG PhysicsWorld         - Clearing physics world
19:45:19.040 [FXGL Background Thread 2 ] DEBUG FXGLApplication      - Initializing game
19:45:19.043 [FXGL Background Thread 2 ] DEBUG FXGLAssetLoaderServi - Loading JSON from: file:/Users/josephvitko/IdeaProjects/Tower_Defense2/target/classes/assets/tower1.json
19:45:19.311 [FXGL Background Thread 2 ] DEBUG FXGLAssetLoaderServi - Loading JSON from: file:/Users/josephvitko/IdeaProjects/Tower_Defense2/target/classes/assets/tower2.json
19:45:19.313 [FXGL Background Thread 2 ] DEBUG FXGLAssetLoaderServi - Loading JSON from: file:/Users/josephvitko/IdeaProjects/Tower_Defense2/target/classes/assets/tower3.json
19:45:19.352 [FXGL Background Thread 2 ] INFO  FXGLApplication      - Game initialization took: 0.313 sec
19:45:19.353 [JavaFX Application Thread] DEBUG Input                - Clearing active input actions
19:45:19.367 [JavaFX Application Thread] DEBUG GameApplicationServi - Removing overlay from FXGLLoadingScene and adding to GameScene
19:45:19.367 [JavaFX Application Thread] DEBUG PrimaryStageWindow   - FXGLLoadingScene -> GameScene
19:45:20.723 [FXGL Background Thread 3 ] DEBUG Engine               - Logging environment variables
19:45:20.723 [FXGL Background Thread 3 ] DEBUG Engine               - achievements: []
19:45:20.724 [FXGL Background Thread 3 ] DEBUG Engine               - actualHeight: 600.0
19:45:20.724 [FXGL Background Thread 3 ] DEBUG Engine               - actualHeightProperty: ReadOnlyDoubleProperty [value: 600.0]
19:45:20.725 [FXGL Background Thread 3 ] DEBUG Engine               - actualWidth: 800.0
19:45:20.725 [FXGL Background Thread 3 ] DEBUG Engine               - actualWidthProperty: ReadOnlyDoubleProperty [value: 800.0]
19:45:20.725 [FXGL Background Thread 3 ] DEBUG Engine               - appIcon: fxgl_icon.png
19:45:20.726 [FXGL Background Thread 3 ] DEBUG Engine               - applicationMode: DEVELOPER
19:45:20.726 [FXGL Background Thread 3 ] DEBUG Engine               - cSSList: [fxgl_dark.css]
19:45:20.726 [FXGL Background Thread 3 ] DEBUG Engine               - collisionDetectionStrategy: BRUTE_FORCE
19:45:20.726 [FXGL Background Thread 3 ] DEBUG Engine               - configClass: Optional.empty
19:45:20.727 [FXGL Background Thread 3 ] DEBUG Engine               - credits: []
19:45:20.727 [FXGL Background Thread 3 ] DEBUG Engine               - defaultCursor: CursorInfo(imageName=fxgl_default_cursor.png, hotspotX=7.0, hotspotY=6.0)
19:45:20.728 [FXGL Background Thread 3 ] DEBUG Engine               - devBBoxColorProperty: ObjectProperty [value: 0xff0000ff]
19:45:20.728 [FXGL Background Thread 3 ] DEBUG Engine               - devEnableDebugCameraProperty: BooleanProperty [value: false]
19:45:20.729 [FXGL Background Thread 3 ] DEBUG Engine               - devSensorColorProperty: ObjectProperty [value: 0xffff00ff]
19:45:20.729 [FXGL Background Thread 3 ] DEBUG Engine               - devShowBBoxProperty: BooleanProperty [value: false]
19:45:20.730 [FXGL Background Thread 3 ] DEBUG Engine               - devShowPositionProperty: BooleanProperty [value: false]
19:45:20.730 [FXGL Background Thread 3 ] DEBUG Engine               - enabledMenuItems: []
19:45:20.730 [FXGL Background Thread 3 ] DEBUG Engine               - engineServices: [class com.almasb.fxgl.app.services.FXGLAssetLoaderService, class com.almasb.fxgl.app.FXGLApplication$GameApplicationService, class com.almasb.fxgl.app.services.FXGLDialogService, class com.almasb.fxgl.app.services.IOTaskExecutorService, class com.almasb.fxgl.io.FileSystemService, class com.almasb.fxgl.localization.LocalizationService, class com.almasb.fxgl.app.services.SystemBundleService, class com.almasb.fxgl.profile.SaveLoadService, class com.almasb.fxgl.ui.FXGLUIFactoryServiceProvider, class com.almasb.fxgl.ui.FXGLDialogFactoryServiceProvider, class com.almasb.fxgl.audio.AudioPlayer, class com.almasb.fxgl.notification.impl.NotificationServiceProvider, class com.almasb.fxgl.achievement.AchievementService, class com.almasb.fxgl.cutscene.CutsceneService, class com.almasb.fxgl.minigames.MiniGameService, class com.almasb.fxgl.net.NetService, class com.almasb.fxgl.app.services.UpdaterService, class com.almasb.fxgl.dev.DevService]
19:45:20.731 [FXGL Background Thread 3 ] DEBUG Engine               - fontGame: Abel-Regular.ttf
19:45:20.731 [FXGL Background Thread 3 ] DEBUG Engine               - fontMono: lucida_console.ttf
19:45:20.731 [FXGL Background Thread 3 ] DEBUG Engine               - fontText: Courier-Prime.ttf
19:45:20.731 [FXGL Background Thread 3 ] DEBUG Engine               - fontUI: VarelaRound-Regular.ttf
19:45:20.731 [FXGL Background Thread 3 ] DEBUG Engine               - fullScreen: BooleanProperty [value: false]
19:45:20.732 [FXGL Background Thread 3 ] DEBUG Engine               - gameDifficulty: MEDIUM
19:45:20.732 [FXGL Background Thread 3 ] DEBUG Engine               - gameDifficultyProperty: ObjectProperty [value: MEDIUM]
19:45:20.732 [FXGL Background Thread 3 ] DEBUG Engine               - globalMusicVolume: 0.5
19:45:20.733 [FXGL Background Thread 3 ] DEBUG Engine               - globalMusicVolumeProperty: DoubleProperty [value: 0.5]
19:45:20.733 [FXGL Background Thread 3 ] DEBUG Engine               - globalSoundVolume: 0.5
19:45:20.733 [FXGL Background Thread 3 ] DEBUG Engine               - globalSoundVolumeProperty: DoubleProperty [value: 0.5]
19:45:20.734 [FXGL Background Thread 3 ] DEBUG Engine               - height: 600
19:45:20.734 [FXGL Background Thread 3 ] DEBUG Engine               - is3D: false
19:45:20.734 [FXGL Background Thread 3 ] DEBUG Engine               - isAndroid: false
19:45:20.735 [FXGL Background Thread 3 ] DEBUG Engine               - isBrowser: false
19:45:20.735 [FXGL Background Thread 3 ] DEBUG Engine               - isClickFeedbackEnabled: false
19:45:20.735 [FXGL Background Thread 3 ] DEBUG Engine               - isCloseConfirmation: false
19:45:20.735 [FXGL Background Thread 3 ] DEBUG Engine               - isDesktop: true
19:45:20.735 [FXGL Background Thread 3 ] DEBUG Engine               - isDeveloperMenuEnabled: false
19:45:20.735 [FXGL Background Thread 3 ] DEBUG Engine               - isEntityPreloadEnabled: true
19:45:20.736 [FXGL Background Thread 3 ] DEBUG Engine               - isExperimentalTiledLargeMap: false
19:45:20.736 [FXGL Background Thread 3 ] DEBUG Engine               - isFileSystemWriteAllowed: true
19:45:20.736 [FXGL Background Thread 3 ] DEBUG Engine               - isFullScreenAllowed: false
19:45:20.736 [FXGL Background Thread 3 ] DEBUG Engine               - isFullScreenFromStart: false
19:45:20.737 [FXGL Background Thread 3 ] DEBUG Engine               - isGameMenuEnabled: true
19:45:20.737 [FXGL Background Thread 3 ] DEBUG Engine               - isIOS: false
19:45:20.737 [FXGL Background Thread 3 ] DEBUG Engine               - isIntroEnabled: false
19:45:20.737 [FXGL Background Thread 3 ] DEBUG Engine               - isLinux: false
19:45:20.738 [FXGL Background Thread 3 ] DEBUG Engine               - isMac: true
19:45:20.738 [FXGL Background Thread 3 ] DEBUG Engine               - isMainMenuEnabled: true
19:45:20.738 [FXGL Background Thread 3 ] DEBUG Engine               - isManualResizeEnabled: false
19:45:20.738 [FXGL Background Thread 3 ] DEBUG Engine               - isMobile: false
19:45:20.739 [FXGL Background Thread 3 ] DEBUG Engine               - isNative: false
19:45:20.739 [FXGL Background Thread 3 ] DEBUG Engine               - isPauseMusicWhenMinimized: true
19:45:20.739 [FXGL Background Thread 3 ] DEBUG Engine               - isPreserveResizeRatio: false
19:45:20.739 [FXGL Background Thread 3 ] DEBUG Engine               - isProfilingEnabled: false
19:45:20.740 [FXGL Background Thread 3 ] DEBUG Engine               - isScaleAffectedOnResize: true
19:45:20.740 [FXGL Background Thread 3 ] DEBUG Engine               - isSingleStep: false
19:45:20.740 [FXGL Background Thread 3 ] DEBUG Engine               - isUserProfileEnabled: false
19:45:20.741 [FXGL Background Thread 3 ] DEBUG Engine               - isWindows: false
19:45:20.741 [FXGL Background Thread 3 ] DEBUG Engine               - language: ObjectProperty [value: ENGLISH]
19:45:20.741 [FXGL Background Thread 3 ] DEBUG Engine               - menuKey: ESCAPE
19:45:20.741 [FXGL Background Thread 3 ] DEBUG Engine               - mouseSensitivity: 0.2
19:45:20.741 [FXGL Background Thread 3 ] DEBUG Engine               - notificationViewClass: class com.almasb.fxgl.notification.view.XboxNotificationView
19:45:20.742 [FXGL Background Thread 3 ] DEBUG Engine               - pixelsPerMeter: 50.0
19:45:20.742 [FXGL Background Thread 3 ] DEBUG Engine               - platform: MAC
19:45:20.742 [FXGL Background Thread 3 ] DEBUG Engine               - prefHeightProperty: ReadOnlyDoubleProperty [value: 600.0]
19:45:20.742 [FXGL Background Thread 3 ] DEBUG Engine               - prefWidthProperty: ReadOnlyDoubleProperty [value: 800.0]
19:45:20.742 [FXGL Background Thread 3 ] DEBUG Engine               - profileDir: profiles/
19:45:20.742 [FXGL Background Thread 3 ] DEBUG Engine               - profileName: StringProperty [value: DEFAULT]
19:45:20.743 [FXGL Background Thread 3 ] DEBUG Engine               - randomSeed: -1
19:45:20.743 [FXGL Background Thread 3 ] DEBUG Engine               - runtimeInfo: RuntimeInfo(platform=MAC, version=11.17, build=16.07.2021 15.46)
19:45:20.743 [FXGL Background Thread 3 ] DEBUG Engine               - saveFileExt: sav
19:45:20.743 [FXGL Background Thread 3 ] DEBUG Engine               - scaledHeightProp$fxgl: DoubleProperty [bound, value: 600.0]
19:45:20.743 [FXGL Background Thread 3 ] DEBUG Engine               - scaledWidthProp$fxgl: DoubleProperty [bound, value: 800.0]
19:45:20.744 [FXGL Background Thread 3 ] DEBUG Engine               - sceneFactory: com.theswagbois.towerdefense.MySceneFactory@5efe3cc7
19:45:20.744 [FXGL Background Thread 3 ] DEBUG Engine               - secondsIn24h: 60
19:45:20.744 [FXGL Background Thread 3 ] DEBUG Engine               - soundMenuBack: menu/back.wav
19:45:20.744 [FXGL Background Thread 3 ] DEBUG Engine               - soundMenuPress: menu/press.wav
19:45:20.744 [FXGL Background Thread 3 ] DEBUG Engine               - soundMenuSelect: menu/select.wav
19:45:20.745 [FXGL Background Thread 3 ] DEBUG Engine               - soundNotification: core/notification.wav
19:45:20.745 [FXGL Background Thread 3 ] DEBUG Engine               - stageStyle: DECORATED
19:45:20.745 [FXGL Background Thread 3 ] DEBUG Engine               - supportedLanguages: [ENGLISH, FRENCH, GERMAN, HUNGARIAN, RUSSIAN]
19:45:20.745 [FXGL Background Thread 3 ] DEBUG Engine               - ticksPerSecond: -1
19:45:20.746 [FXGL Background Thread 3 ] DEBUG Engine               - title: Tower Defense
19:45:20.746 [FXGL Background Thread 3 ] DEBUG Engine               - urlGithub: https://github.com/AlmasB/FXGL
19:45:20.746 [FXGL Background Thread 3 ] DEBUG Engine               - urlLeaderboard: http://fxgl-top.herokuapp.com/
19:45:20.746 [FXGL Background Thread 3 ] DEBUG Engine               - urlPOM: https://raw.githubusercontent.com/AlmasB/FXGL/release/README.md
19:45:20.746 [FXGL Background Thread 3 ] DEBUG Engine               - userAppClass: class com.theswagbois.towerdefense.MainApplication
19:45:20.747 [FXGL Background Thread 3 ] DEBUG Engine               - version: 0.0
19:45:20.747 [FXGL Background Thread 3 ] DEBUG Engine               - versionCheckDays: 7
19:45:20.747 [FXGL Background Thread 3 ] DEBUG Engine               - width: 800
19:45:20.748 [FXGL Background Thread 3 ] DEBUG Engine               - Logging services
19:45:20.748 [FXGL Background Thread 3 ] DEBUG Engine               - class com.almasb.fxgl.app.services.FXGLAssetLoaderService
19:45:20.748 [FXGL Background Thread 3 ] DEBUG Engine               - class com.almasb.fxgl.app.FXGLApplication$GameApplicationService
19:45:20.749 [FXGL Background Thread 3 ] DEBUG Engine               - class com.almasb.fxgl.app.services.FXGLDialogService
19:45:20.749 [FXGL Background Thread 3 ] DEBUG Engine               - class com.almasb.fxgl.app.services.IOTaskExecutorService
19:45:20.749 [FXGL Background Thread 3 ] DEBUG Engine               - class com.almasb.fxgl.io.FileSystemService
19:45:20.750 [FXGL Background Thread 3 ] DEBUG Engine               - class com.almasb.fxgl.localization.LocalizationService
19:45:20.750 [FXGL Background Thread 3 ] DEBUG Engine               - class com.almasb.fxgl.app.services.SystemBundleService
19:45:20.750 [FXGL Background Thread 3 ] DEBUG Engine               - class com.almasb.fxgl.profile.SaveLoadService
19:45:20.750 [FXGL Background Thread 3 ] DEBUG Engine               - class com.almasb.fxgl.ui.FXGLUIFactoryServiceProvider
19:45:20.750 [FXGL Background Thread 3 ] DEBUG Engine               - class com.almasb.fxgl.ui.FXGLDialogFactoryServiceProvider
19:45:20.750 [FXGL Background Thread 3 ] DEBUG Engine               - class com.almasb.fxgl.audio.AudioPlayer
19:45:20.751 [FXGL Background Thread 3 ] DEBUG Engine               - class com.almasb.fxgl.notification.impl.NotificationServiceProvider
19:45:20.751 [FXGL Background Thread 3 ] DEBUG Engine               - class com.almasb.fxgl.achievement.AchievementService
19:45:20.751 [FXGL Background Thread 3 ] DEBUG Engine               - class com.almasb.fxgl.cutscene.CutsceneService
19:45:20.751 [FXGL Background Thread 3 ] DEBUG Engine               - class com.almasb.fxgl.minigames.MiniGameService
19:45:20.752 [FXGL Background Thread 3 ] DEBUG Engine               - class com.almasb.fxgl.net.NetService
19:45:20.752 [FXGL Background Thread 3 ] DEBUG Engine               - class com.almasb.fxgl.app.services.UpdaterService
19:45:20.752 [FXGL Background Thread 3 ] DEBUG Engine               - class com.almasb.fxgl.dev.DevService
19:45:26.959 [JavaFX Application Thread] DEBUG EventBus             - Firing event: com.theswagbois.towerdefense.event.EnemyDamagedEvent[source=javafx.event.Event$$Lambda$133/0x0000000800d4da70@6c495473]
19:45:27.973 [JavaFX Application Thread] DEBUG EventBus             - Firing event: com.theswagbois.towerdefense.event.EnemyDamagedEvent[source=javafx.event.Event$$Lambda$133/0x0000000800d4da70@6c495473]
19:45:28.473 [JavaFX Application Thread] DEBUG EventBus             - Firing event: com.theswagbois.towerdefense.event.EnemyDamagedEvent[source=javafx.event.Event$$Lambda$133/0x0000000800d4da70@6c495473]
19:45:29.257 [JavaFX Application Thread] DEBUG EventBus             - Firing event: com.theswagbois.towerdefense.event.EnemyKilledEvent[source=javafx.event.Event$$Lambda$133/0x0000000800d4da70@6c495473]
19:45:29.259 [JavaFX Application Thread] DEBUG EventBus             - Firing event: com.theswagbois.towerdefense.event.EnemyDamagedEvent[source=javafx.event.Event$$Lambda$133/0x0000000800d4da70@6c495473]
19:45:30.779 [JavaFX Application Thread] DEBUG EventBus             - Firing event: com.theswagbois.towerdefense.event.EnemyDamagedEvent[source=javafx.event.Event$$Lambda$133/0x0000000800d4da70@6c495473]
19:45:31.447 [JavaFX Application Thread] DEBUG EventBus             - Firing event: com.theswagbois.towerdefense.event.EnemyDamagedEvent[source=javafx.event.Event$$Lambda$133/0x0000000800d4da70@6c495473]
19:45:32.262 [JavaFX Application Thread] DEBUG EventBus             - Firing event: com.theswagbois.towerdefense.event.EnemyKilledEvent[source=javafx.event.Event$$Lambda$133/0x0000000800d4da70@6c495473]
19:45:32.263 [JavaFX Application Thread] DEBUG EventBus             - Firing event: com.theswagbois.towerdefense.event.EnemyDamagedEvent[source=javafx.event.Event$$Lambda$133/0x0000000800d4da70@6c495473]
19:45:33.029 [JavaFX Application Thread] DEBUG EventBus             - Firing event: com.theswagbois.towerdefense.event.EnemyDamagedEvent[source=javafx.event.Event$$Lambda$133/0x0000000800d4da70@6c495473]
19:45:33.946 [JavaFX Application Thread] DEBUG EventBus             - Firing event: com.theswagbois.towerdefense.event.EnemyDamagedEvent[source=javafx.event.Event$$Lambda$133/0x0000000800d4da70@6c495473]
19:45:36.036 [JavaFX Application Thread] DEBUG EventBus             - Firing event: com.theswagbois.towerdefense.event.EnemyDamagedEvent[source=javafx.event.Event$$Lambda$133/0x0000000800d4da70@6c495473]
19:45:36.986 [JavaFX Application Thread] DEBUG EventBus             - Firing event: com.theswagbois.towerdefense.event.EnemyKilledEvent[source=javafx.event.Event$$Lambda$133/0x0000000800d4da70@6c495473]
19:45:36.987 [JavaFX Application Thread] DEBUG EventBus             - Firing event: com.theswagbois.towerdefense.event.EnemyDamagedEvent[source=javafx.event.Event$$Lambda$133/0x0000000800d4da70@6c495473]
19:45:39.804 [JavaFX Application Thread] DEBUG EventBus             - Firing event: com.theswagbois.towerdefense.event.EnemyKilledEvent[source=javafx.event.Event$$Lambda$133/0x0000000800d4da70@6c495473]
19:45:39.805 [JavaFX Application Thread] DEBUG EventBus             - Firing event: com.theswagbois.towerdefense.event.EnemyDamagedEvent[source=javafx.event.Event$$Lambda$133/0x0000000800d4da70@6c495473]
19:45:41.302 [JavaFX Application Thread] DEBUG EventBus             - Firing event: com.theswagbois.towerdefense.event.EnemyKilledEvent[source=javafx.event.Event$$Lambda$133/0x0000000800d4da70@6c495473]
19:45:41.304 [JavaFX Application Thread] DEBUG EventBus             - Firing event: com.theswagbois.towerdefense.event.EnemyDamagedEvent[source=javafx.event.Event$$Lambda$133/0x0000000800d4da70@6c495473]
19:45:42.936 [JavaFX Application Thread] DEBUG EventBus             - Firing event: com.theswagbois.towerdefense.event.EnemyDamagedEvent[source=javafx.event.Event$$Lambda$133/0x0000000800d4da70@6c495473]
19:45:44.336 [JavaFX Application Thread] DEBUG EventBus             - Firing event: com.theswagbois.towerdefense.event.EnemyDamagedEvent[source=javafx.event.Event$$Lambda$133/0x0000000800d4da70@6c495473]
19:45:45.035 [JavaFX Application Thread] DEBUG EventBus             - Firing event: com.theswagbois.towerdefense.event.EnemyDamagedEvent[source=javafx.event.Event$$Lambda$133/0x0000000800d4da70@6c495473]
19:45:45.869 [JavaFX Application Thread] DEBUG EventBus             - Firing event: com.theswagbois.towerdefense.event.EnemyDamagedEvent[source=javafx.event.Event$$Lambda$133/0x0000000800d4da70@6c495473]
19:45:46.535 [JavaFX Application Thread] DEBUG EventBus             - Firing event: com.theswagbois.towerdefense.event.EnemyDamagedEvent[source=javafx.event.Event$$Lambda$133/0x0000000800d4da70@6c495473]
19:45:47.403 [JavaFX Application Thread] DEBUG EventBus             - Firing event: com.theswagbois.towerdefense.event.EnemyDamagedEvent[source=javafx.event.Event$$Lambda$133/0x0000000800d4da70@6c495473]
19:45:48.185 [JavaFX Application Thread] DEBUG EventBus             - Firing event: com.theswagbois.towerdefense.event.EnemyDamagedEvent[source=javafx.event.Event$$Lambda$133/0x0000000800d4da70@6c495473]
19:45:49.002 [JavaFX Application Thread] DEBUG EventBus             - Firing event: com.theswagbois.towerdefense.event.EnemyKilledEvent[source=javafx.event.Event$$Lambda$133/0x0000000800d4da70@6c495473]
19:45:49.003 [JavaFX Application Thread] DEBUG EventBus             - Firing event: com.theswagbois.towerdefense.event.EnemyDamagedEvent[source=javafx.event.Event$$Lambda$133/0x0000000800d4da70@6c495473]
19:45:49.618 [JavaFX Application Thread] DEBUG EventBus             - Firing event: com.theswagbois.towerdefense.event.EnemyDamagedEvent[source=javafx.event.Event$$Lambda$133/0x0000000800d4da70@6c495473]
19:45:50.552 [JavaFX Application Thread] DEBUG EventBus             - Firing event: com.theswagbois.towerdefense.event.EnemyDamagedEvent[source=javafx.event.Event$$Lambda$133/0x0000000800d4da70@6c495473]
19:45:51.485 [JavaFX Application Thread] DEBUG EventBus             - Firing event: com.theswagbois.towerdefense.event.EnemyDamagedEvent[source=javafx.event.Event$$Lambda$133/0x0000000800d4da70@6c495473]
19:45:51.902 [JavaFX Application Thread] DEBUG EventBus             - Firing event: com.theswagbois.towerdefense.event.EnemyDamagedEvent[source=javafx.event.Event$$Lambda$133/0x0000000800d4da70@6c495473]
19:45:52.685 [JavaFX Application Thread] DEBUG EventBus             - Firing event: com.theswagbois.towerdefense.event.EnemyDamagedEvent[source=javafx.event.Event$$Lambda$133/0x0000000800d4da70@6c495473]
19:45:53.468 [JavaFX Application Thread] DEBUG EventBus             - Firing event: com.theswagbois.towerdefense.event.EnemyDamagedEvent[source=javafx.event.Event$$Lambda$133/0x0000000800d4da70@6c495473]
19:45:54.102 [JavaFX Application Thread] DEBUG EventBus             - Firing event: com.theswagbois.towerdefense.event.EnemyDamagedEvent[source=javafx.event.Event$$Lambda$133/0x0000000800d4da70@6c495473]
19:45:55.018 [JavaFX Application Thread] DEBUG EventBus             - Firing event: com.theswagbois.towerdefense.event.EnemyDamagedEvent[source=javafx.event.Event$$Lambda$133/0x0000000800d4da70@6c495473]
19:45:55.618 [JavaFX Application Thread] DEBUG EventBus             - Firing event: com.theswagbois.towerdefense.event.EnemyDamagedEvent[source=javafx.event.Event$$Lambda$133/0x0000000800d4da70@6c495473]
19:45:57.135 [JavaFX Application Thread] DEBUG EventBus             - Firing event: com.theswagbois.towerdefense.event.EnemyDamagedEvent[source=javafx.event.Event$$Lambda$133/0x0000000800d4da70@6c495473]
19:45:59.118 [JavaFX Application Thread] DEBUG EventBus             - Firing event: com.theswagbois.towerdefense.event.EnemyKilledEvent[source=javafx.event.Event$$Lambda$133/0x0000000800d4da70@6c495473]
19:45:59.119 [JavaFX Application Thread] DEBUG EventBus             - Firing event: com.theswagbois.towerdefense.event.EnemyDamagedEvent[source=javafx.event.Event$$Lambda$133/0x0000000800d4da70@6c495473]
19:46:00.168 [JavaFX Application Thread] DEBUG EventBus             - Firing event: com.theswagbois.towerdefense.event.EnemyDamagedEvent[source=javafx.event.Event$$Lambda$133/0x0000000800d4da70@6c495473]
19:46:02.134 [JavaFX Application Thread] DEBUG EventBus             - Firing event: com.theswagbois.towerdefense.event.EnemyReachedGoalEvent[source=javafx.event.Event$$Lambda$133/0x0000000800d4da70@6c495473]
19:46:03.185 [JavaFX Application Thread] DEBUG EventBus             - Firing event: com.theswagbois.towerdefense.event.EnemyDamagedEvent[source=javafx.event.Event$$Lambda$133/0x0000000800d4da70@6c495473]
19:46:04.571 [JavaFX Application Thread] DEBUG FXGLApplication      - Exiting FXGL
19:46:04.571 [JavaFX Application Thread] DEBUG LoopRunner           - Stopping loop
19:46:04.571 [JavaFX Application Thread] DEBUG SystemBundleService  - Saving FXGL system data
19:46:04.575 [JavaFX Application Thread] DEBUG FileSystemAccess     - Writing to: /Users/josephvitko/IdeaProjects/Tower_Defense2/system/fxgl.bundle
19:46:04.577 [JavaFX Application Thread] DEBUG Async                - Shutting down background threads
19:46:04.577 [JavaFX Application Thread] DEBUG PrimaryStageWindow   - Closing main window
19:46:04.588 [JavaFX Application Thread] DEBUG Logger               - Closing Logger
