21:38:24.769 [main                     ] DEBUG Logger               - Configured Logger
21:38:24.778 [main                     ] DEBUG GameApplication      - Logging settings
Title: Tower Defense
Version: 0.0
Width: 800
Height: 600
Fullscreen: false
Intro: false
Profiling: false
Single step:false
App Mode: DEVELOPER
Menu Key: ESCAPE
Stage Style: DECORATED
Scene Factory: class com.theswagbois.towerdefense.MySceneFactory

21:38:25.814 [JavaFX Application Thread] DEBUG FXGLApplication      - Initializing FXGL
21:38:25.818 [JavaFX Application Thread] INFO  Engine               - FXGL-11.17 (16.07.2021 15.46) on MAC (J:16.0.2 FX:16)
21:38:25.818 [JavaFX Application Thread] DEBUG Engine               - JRE Vendor Name: Amazon.com Inc.
21:38:25.819 [JavaFX Application Thread] DEBUG Engine               - Running on OS: Mac OS X version 10.15.7
21:38:25.819 [JavaFX Application Thread] DEBUG Engine               - Architecture: x86_64
21:38:25.819 [JavaFX Application Thread] INFO  Engine               - Source code and latest versions at: https://github.com/AlmasB/FXGL
21:38:25.819 [JavaFX Application Thread] INFO  Engine               -              Join the FXGL chat at: https://gitter.im/AlmasB/FXGL
21:38:26.063 [JavaFX Application Thread] DEBUG PrimaryStageWindow   - Creating a JavaFX scene
21:38:26.150 [JavaFX Application Thread] DEBUG PrimaryStageWindow   - Target settings size: 800.0 x 600.0
21:38:26.151 [JavaFX Application Thread] DEBUG PrimaryStageWindow   - Scaled scene size:    800.0 x 600.0
21:38:26.151 [JavaFX Application Thread] DEBUG PrimaryStageWindow   - Scaled ratio: (1.0, 1.0)
21:38:26.153 [JavaFX Application Thread] DEBUG PrimaryStageWindow   - Set initial scene to FXGLStartupScene
21:38:26.165 [JavaFX Application Thread] DEBUG PrimaryStageWindow   - Opening main window
21:38:26.321 [JavaFX Application Thread] DEBUG PrimaryStageWindow   - Window border size: (0.0, 22.0)
21:38:26.321 [JavaFX Application Thread] DEBUG PrimaryStageWindow   - Scaled size: 800.0 x 600.0
21:38:26.321 [JavaFX Application Thread] DEBUG PrimaryStageWindow   - Scaled ratio: (1.0, 1.0)
21:38:26.322 [JavaFX Application Thread] DEBUG PrimaryStageWindow   - Scene size: 800.0 x 600.0
21:38:26.322 [JavaFX Application Thread] DEBUG PrimaryStageWindow   - Stage size: 800.0 x 622.0
21:38:26.336 [FXGL Background Thread 1 ] DEBUG Engine               - Initializing environment variables
21:38:26.421 [FXGL Background Thread 1 ] DEBUG FXGLAssetLoaderServi - User app class for loading assets: class com.theswagbois.towerdefense.MainApplication
21:38:26.422 [FXGL Background Thread 1 ] DEBUG GameApplicationServi - Applying CSS: fxgl_dark.css
21:38:26.424 [FXGL Background Thread 1 ] DEBUG FXGLAssetLoaderServi - Loading from file system: jar:file:/Users/josephvitko/.m2/repository/com/github/almasb/fxgl/11.17/fxgl-11.17.jar!/fxglassets/ui/css/fxgl_dark.css
21:38:26.523 [FXGL Background Thread 1 ] DEBUG GameApplicationServi - Initializing application scenes
21:38:27.048 [FXGL Background Thread 1 ] DEBUG GameWorld            - Game world initialized
21:38:27.111 [FXGL Background Thread 1 ] DEBUG PhysicsWorld         - Physics world initialized: appHeight=600, physics.ppm=50.0
21:38:27.112 [FXGL Background Thread 1 ] DEBUG PhysicsWorld         - Using strategy: BRUTE_FORCE
21:38:27.116 [FXGL Background Thread 1 ] DEBUG GameScene            - Game scene initialized: 800x600
21:38:27.174 [FXGL Background Thread 1 ] DEBUG FXGL.DefaultMenu     - createMenuBodyGameMenu()
21:38:27.203 [FXGL Background Thread 1 ] DEBUG FXGL.DefaultMenu     - createOptionsMenu()
21:38:27.225 [FXGL Background Thread 1 ] DEBUG FXGLAssetLoaderServi - Loading from file system: jar:file:/Users/josephvitko/.m2/repository/com/github/almasb/fxgl/11.17/fxgl-11.17.jar!/fxglassets/textures/particles/smoke.png
21:38:27.371 [FXGL Background Thread 1 ] DEBUG FXGLAssetLoaderServi - Loading from file system: jar:file:/Users/josephvitko/.m2/repository/com/github/almasb/fxgl/11.17/fxgl-11.17.jar!/fxglassets/textures/particles/trace_horizontal.png
21:38:27.411 [FXGL Background Thread 1 ] DEBUG GameApplicationServi - Application scenes initialized
21:38:27.428 [FXGL Background Thread 1 ] DEBUG SystemBundleService  - Loading FXGL system data
21:38:27.434 [FXGL Background Thread 1 ] DEBUG FileSystemAccess     - Reading from: /Users/josephvitko/IdeaProjects/Tower_Defense2/system/fxgl.bundle
21:38:27.446 [FXGL Background Thread 1 ] DEBUG SystemBundleService  - Bundle FXGL: {}
21:38:27.447 [FXGL Background Thread 1 ] DEBUG UpdaterService       - Checking for updates
21:38:27.454 [FXGL Background Thread 4 ] DEBUG FXGLApplication      - Loading fonts
21:38:27.455 [FXGL Background Thread 1 ] DEBUG FXGLApplication      - Loading default localization
21:38:27.455 [FXGL Background Thread 4 ] DEBUG FXGLAssetLoaderServi - Loading from file system: jar:file:/Users/josephvitko/.m2/repository/com/github/almasb/fxgl/11.17/fxgl-11.17.jar!/fxglassets/ui/fonts/VarelaRound-Regular.ttf
21:38:27.456 [FXGL Background Thread 1 ] DEBUG FXGLAssetLoaderServi - Loading from file system: jar:file:/Users/josephvitko/.m2/repository/com/github/almasb/fxgl/11.17/fxgl-11.17.jar!/fxglassets/languages/english.lang
21:38:27.482 [FXGL Background Thread 4 ] DEBUG FXGLAssetLoaderServi - Loading from file system: jar:file:/Users/josephvitko/.m2/repository/com/github/almasb/fxgl/11.17/fxgl-11.17.jar!/fxglassets/ui/fonts/Abel-Regular.ttf
21:38:27.482 [FXGL Background Thread 1 ] INFO  FXGLApplication      - FXGL initialization took: 1.146 sec
21:38:27.489 [FXGL Background Thread 4 ] DEBUG FXGLAssetLoaderServi - Loading from file system: jar:file:/Users/josephvitko/.m2/repository/com/github/almasb/fxgl/11.17/fxgl-11.17.jar!/fxglassets/ui/fonts/lucida_console.ttf
21:38:27.499 [JavaFX Application Thread] DEBUG Input                - Registered new binding: action0 - F
21:38:27.500 [JavaFX Application Thread] DEBUG Input                - Registered new binding: Place Tower - LMB
21:38:27.501 [JavaFX Application Thread] DEBUG FXGLAssetLoaderServi - Loading from file system: jar:file:/Users/josephvitko/.m2/repository/com/github/almasb/fxgl/11.17/fxgl-11.17.jar!/fxglassets/textures/fxgl_icon.png
21:38:27.506 [FXGL Background Thread 4 ] DEBUG FXGLAssetLoaderServi - Loading from file system: jar:file:/Users/josephvitko/.m2/repository/com/github/almasb/fxgl/11.17/fxgl-11.17.jar!/fxglassets/ui/fonts/Courier-Prime.ttf
21:38:27.593 [JavaFX Application Thread] DEBUG FXGLAssetLoaderServi - Loading from file system: jar:file:/Users/josephvitko/.m2/repository/com/github/almasb/fxgl/11.17/fxgl-11.17.jar!/fxglassets/textures/fxgl_default_cursor.png
21:38:27.596 [JavaFX Application Thread] DEBUG Input                - Registered new binding: Screenshot - CTRL+8
21:38:27.597 [JavaFX Application Thread] DEBUG Input                - Registered new binding: System info dump - CTRL+9
21:38:27.598 [JavaFX Application Thread] DEBUG Input                - Registered new binding: Restart - CTRL+R
21:38:27.599 [JavaFX Application Thread] DEBUG Input                - Registered new binding: Toggle Debug Camera - CTRL+C
21:38:27.601 [JavaFX Application Thread] DEBUG LoopRunner           - Starting loop
21:38:27.602 [JavaFX Application Thread] DEBUG LoopRunner           - Initializing JavaFX AnimationTimerLoop
21:38:27.604 [JavaFX Application Thread] DEBUG Input                - Clearing active input actions
21:38:27.613 [JavaFX Application Thread] DEBUG GameApplicationServi - Removing overlay from FXGLStartupScene and adding to FXGLMainMenuDummyScene
21:38:27.613 [JavaFX Application Thread] DEBUG PrimaryStageWindow   - FXGLStartupScene -> FXGLMainMenuDummyScene
21:38:27.614 [JavaFX Application Thread] DEBUG PrimaryStageWindow   - Push state: WelcomeMenu
21:38:27.614 [JavaFX Application Thread] DEBUG Input                - Clearing active input actions
21:38:27.618 [JavaFX Application Thread] DEBUG GameApplicationServi - Removing overlay from FXGLMainMenuDummyScene and adding to WelcomeMenu
21:38:27.618 [JavaFX Application Thread] DEBUG PrimaryStageWindow   - FXGLMainMenuDummyScene -> WelcomeMenu
21:38:27.650 [JavaFX Application Thread] DEBUG FXGLApplication      - Registering font factories with UI factory
21:38:30.455 [FXGL Background Thread 3 ] DEBUG Engine               - Logging environment variables
21:38:30.455 [FXGL Background Thread 3 ] DEBUG Engine               - achievements: []
21:38:30.456 [FXGL Background Thread 3 ] DEBUG Engine               - actualHeight: 600.0
21:38:30.457 [FXGL Background Thread 3 ] DEBUG Engine               - actualHeightProperty: ReadOnlyDoubleProperty [value: 600.0]
21:38:30.457 [FXGL Background Thread 3 ] DEBUG Engine               - actualWidth: 800.0
21:38:30.457 [FXGL Background Thread 3 ] DEBUG Engine               - actualWidthProperty: ReadOnlyDoubleProperty [value: 800.0]
21:38:30.458 [FXGL Background Thread 3 ] DEBUG Engine               - appIcon: fxgl_icon.png
21:38:30.458 [FXGL Background Thread 3 ] DEBUG Engine               - applicationMode: DEVELOPER
21:38:30.458 [FXGL Background Thread 3 ] DEBUG Engine               - cSSList: [fxgl_dark.css]
21:38:30.458 [FXGL Background Thread 3 ] DEBUG Engine               - collisionDetectionStrategy: BRUTE_FORCE
21:38:30.459 [FXGL Background Thread 3 ] DEBUG Engine               - configClass: Optional.empty
21:38:30.459 [FXGL Background Thread 3 ] DEBUG Engine               - credits: []
21:38:30.460 [FXGL Background Thread 3 ] DEBUG Engine               - defaultCursor: CursorInfo(imageName=fxgl_default_cursor.png, hotspotX=7.0, hotspotY=6.0)
21:38:30.460 [FXGL Background Thread 3 ] DEBUG Engine               - devBBoxColorProperty: ObjectProperty [value: 0xff0000ff]
21:38:30.461 [FXGL Background Thread 3 ] DEBUG Engine               - devEnableDebugCameraProperty: BooleanProperty [value: false]
21:38:30.461 [FXGL Background Thread 3 ] DEBUG Engine               - devSensorColorProperty: ObjectProperty [value: 0xffff00ff]
21:38:30.461 [FXGL Background Thread 3 ] DEBUG Engine               - devShowBBoxProperty: BooleanProperty [value: false]
21:38:30.461 [FXGL Background Thread 3 ] DEBUG Engine               - devShowPositionProperty: BooleanProperty [value: false]
21:38:30.462 [FXGL Background Thread 3 ] DEBUG Engine               - enabledMenuItems: []
21:38:30.462 [FXGL Background Thread 3 ] DEBUG Engine               - engineServices: [class com.almasb.fxgl.app.services.FXGLAssetLoaderService, class com.almasb.fxgl.app.FXGLApplication$GameApplicationService, class com.almasb.fxgl.app.services.FXGLDialogService, class com.almasb.fxgl.app.services.IOTaskExecutorService, class com.almasb.fxgl.io.FileSystemService, class com.almasb.fxgl.localization.LocalizationService, class com.almasb.fxgl.app.services.SystemBundleService, class com.almasb.fxgl.profile.SaveLoadService, class com.almasb.fxgl.ui.FXGLUIFactoryServiceProvider, class com.almasb.fxgl.ui.FXGLDialogFactoryServiceProvider, class com.almasb.fxgl.audio.AudioPlayer, class com.almasb.fxgl.notification.impl.NotificationServiceProvider, class com.almasb.fxgl.achievement.AchievementService, class com.almasb.fxgl.cutscene.CutsceneService, class com.almasb.fxgl.minigames.MiniGameService, class com.almasb.fxgl.net.NetService, class com.almasb.fxgl.app.services.UpdaterService, class com.almasb.fxgl.dev.DevService]
21:38:30.462 [FXGL Background Thread 3 ] DEBUG Engine               - fontGame: Abel-Regular.ttf
21:38:30.462 [FXGL Background Thread 3 ] DEBUG Engine               - fontMono: lucida_console.ttf
21:38:30.462 [FXGL Background Thread 3 ] DEBUG Engine               - fontText: Courier-Prime.ttf
21:38:30.463 [FXGL Background Thread 3 ] DEBUG Engine               - fontUI: VarelaRound-Regular.ttf
21:38:30.463 [FXGL Background Thread 3 ] DEBUG Engine               - fullScreen: BooleanProperty [value: false]
21:38:30.463 [FXGL Background Thread 3 ] DEBUG Engine               - gameDifficulty: MEDIUM
21:38:30.464 [FXGL Background Thread 3 ] DEBUG Engine               - gameDifficultyProperty: ObjectProperty [value: MEDIUM]
21:38:30.464 [FXGL Background Thread 3 ] DEBUG Engine               - globalMusicVolume: 0.5
21:38:30.464 [FXGL Background Thread 3 ] DEBUG Engine               - globalMusicVolumeProperty: DoubleProperty [value: 0.5]
21:38:30.464 [FXGL Background Thread 3 ] DEBUG Engine               - globalSoundVolume: 0.5
21:38:30.464 [FXGL Background Thread 3 ] DEBUG Engine               - globalSoundVolumeProperty: DoubleProperty [value: 0.5]
21:38:30.464 [FXGL Background Thread 3 ] DEBUG Engine               - height: 600
21:38:30.465 [FXGL Background Thread 3 ] DEBUG Engine               - is3D: false
21:38:30.465 [FXGL Background Thread 3 ] DEBUG Engine               - isAndroid: false
21:38:30.465 [FXGL Background Thread 3 ] DEBUG Engine               - isBrowser: false
21:38:30.465 [FXGL Background Thread 3 ] DEBUG Engine               - isClickFeedbackEnabled: false
21:38:30.465 [FXGL Background Thread 3 ] DEBUG Engine               - isCloseConfirmation: false
21:38:30.466 [FXGL Background Thread 3 ] DEBUG Engine               - isDesktop: true
21:38:30.466 [FXGL Background Thread 3 ] DEBUG Engine               - isDeveloperMenuEnabled: false
21:38:30.466 [FXGL Background Thread 3 ] DEBUG Engine               - isEntityPreloadEnabled: true
21:38:30.466 [FXGL Background Thread 3 ] DEBUG Engine               - isExperimentalTiledLargeMap: false
21:38:30.466 [FXGL Background Thread 3 ] DEBUG Engine               - isFileSystemWriteAllowed: true
21:38:30.467 [FXGL Background Thread 3 ] DEBUG Engine               - isFullScreenAllowed: false
21:38:30.467 [FXGL Background Thread 3 ] DEBUG Engine               - isFullScreenFromStart: false
21:38:30.467 [FXGL Background Thread 3 ] DEBUG Engine               - isGameMenuEnabled: true
21:38:30.467 [FXGL Background Thread 3 ] DEBUG Engine               - isIOS: false
21:38:30.467 [FXGL Background Thread 3 ] DEBUG Engine               - isIntroEnabled: false
21:38:30.468 [FXGL Background Thread 3 ] DEBUG Engine               - isLinux: false
21:38:30.468 [FXGL Background Thread 3 ] DEBUG Engine               - isMac: true
21:38:30.468 [FXGL Background Thread 3 ] DEBUG Engine               - isMainMenuEnabled: true
21:38:30.468 [FXGL Background Thread 3 ] DEBUG Engine               - isManualResizeEnabled: false
21:38:30.468 [FXGL Background Thread 3 ] DEBUG Engine               - isMobile: false
21:38:30.468 [FXGL Background Thread 3 ] DEBUG Engine               - isNative: false
21:38:30.469 [FXGL Background Thread 3 ] DEBUG Engine               - isPauseMusicWhenMinimized: true
21:38:30.469 [FXGL Background Thread 3 ] DEBUG Engine               - isPreserveResizeRatio: false
21:38:30.469 [FXGL Background Thread 3 ] DEBUG Engine               - isProfilingEnabled: false
21:38:30.469 [FXGL Background Thread 3 ] DEBUG Engine               - isScaleAffectedOnResize: true
21:38:30.469 [FXGL Background Thread 3 ] DEBUG Engine               - isSingleStep: false
21:38:30.470 [FXGL Background Thread 3 ] DEBUG Engine               - isUserProfileEnabled: false
21:38:30.470 [FXGL Background Thread 3 ] DEBUG Engine               - isWindows: false
21:38:30.470 [FXGL Background Thread 3 ] DEBUG Engine               - language: ObjectProperty [value: ENGLISH]
21:38:30.470 [FXGL Background Thread 3 ] DEBUG Engine               - menuKey: ESCAPE
21:38:30.470 [FXGL Background Thread 3 ] DEBUG Engine               - mouseSensitivity: 0.2
21:38:30.471 [FXGL Background Thread 3 ] DEBUG Engine               - notificationViewClass: class com.almasb.fxgl.notification.view.XboxNotificationView
21:38:30.471 [FXGL Background Thread 3 ] DEBUG Engine               - pixelsPerMeter: 50.0
21:38:30.471 [FXGL Background Thread 3 ] DEBUG Engine               - platform: MAC
21:38:30.471 [FXGL Background Thread 3 ] DEBUG Engine               - prefHeightProperty: ReadOnlyDoubleProperty [value: 600.0]
21:38:30.471 [FXGL Background Thread 3 ] DEBUG Engine               - prefWidthProperty: ReadOnlyDoubleProperty [value: 800.0]
21:38:30.471 [FXGL Background Thread 3 ] DEBUG Engine               - profileDir: profiles/
21:38:30.472 [FXGL Background Thread 3 ] DEBUG Engine               - profileName: StringProperty [value: DEFAULT]
21:38:30.472 [FXGL Background Thread 3 ] DEBUG Engine               - randomSeed: -1
21:38:30.472 [FXGL Background Thread 3 ] DEBUG Engine               - runtimeInfo: RuntimeInfo(platform=MAC, version=11.17, build=16.07.2021 15.46)
21:38:30.472 [FXGL Background Thread 3 ] DEBUG Engine               - saveFileExt: sav
21:38:30.473 [FXGL Background Thread 3 ] DEBUG Engine               - scaledHeightProp$fxgl: DoubleProperty [bound, value: 600.0]
21:38:30.473 [FXGL Background Thread 3 ] DEBUG Engine               - scaledWidthProp$fxgl: DoubleProperty [bound, value: 800.0]
21:38:30.473 [FXGL Background Thread 3 ] DEBUG Engine               - sceneFactory: com.theswagbois.towerdefense.MySceneFactory@65526638
21:38:30.473 [FXGL Background Thread 3 ] DEBUG Engine               - secondsIn24h: 60
21:38:30.473 [FXGL Background Thread 3 ] DEBUG Engine               - soundMenuBack: menu/back.wav
21:38:30.473 [FXGL Background Thread 3 ] DEBUG Engine               - soundMenuPress: menu/press.wav
21:38:30.474 [FXGL Background Thread 3 ] DEBUG Engine               - soundMenuSelect: menu/select.wav
21:38:30.474 [FXGL Background Thread 3 ] DEBUG Engine               - soundNotification: core/notification.wav
21:38:30.474 [FXGL Background Thread 3 ] DEBUG Engine               - stageStyle: DECORATED
21:38:30.474 [FXGL Background Thread 3 ] DEBUG Engine               - supportedLanguages: [ENGLISH, FRENCH, GERMAN, HUNGARIAN, RUSSIAN]
21:38:30.474 [FXGL Background Thread 3 ] DEBUG Engine               - ticksPerSecond: -1
21:38:30.474 [FXGL Background Thread 3 ] DEBUG Engine               - title: Tower Defense
21:38:30.475 [FXGL Background Thread 3 ] DEBUG Engine               - urlGithub: https://github.com/AlmasB/FXGL
21:38:30.475 [FXGL Background Thread 3 ] DEBUG Engine               - urlLeaderboard: http://fxgl-top.herokuapp.com/
21:38:30.475 [FXGL Background Thread 3 ] DEBUG Engine               - urlPOM: https://raw.githubusercontent.com/AlmasB/FXGL/release/README.md
21:38:30.475 [FXGL Background Thread 3 ] DEBUG Engine               - userAppClass: class com.theswagbois.towerdefense.MainApplication
21:38:30.476 [FXGL Background Thread 3 ] DEBUG Engine               - version: 0.0
21:38:30.476 [FXGL Background Thread 3 ] DEBUG Engine               - versionCheckDays: 7
21:38:30.476 [FXGL Background Thread 3 ] DEBUG Engine               - width: 800
21:38:30.476 [FXGL Background Thread 3 ] DEBUG Engine               - Logging services
21:38:30.477 [FXGL Background Thread 3 ] DEBUG Engine               - class com.almasb.fxgl.app.services.FXGLAssetLoaderService
21:38:30.477 [FXGL Background Thread 3 ] DEBUG Engine               - class com.almasb.fxgl.app.FXGLApplication$GameApplicationService
21:38:30.477 [FXGL Background Thread 3 ] DEBUG Engine               - class com.almasb.fxgl.app.services.FXGLDialogService
21:38:30.477 [FXGL Background Thread 3 ] DEBUG Engine               - class com.almasb.fxgl.app.services.IOTaskExecutorService
21:38:30.477 [FXGL Background Thread 3 ] DEBUG Engine               - class com.almasb.fxgl.io.FileSystemService
21:38:30.477 [FXGL Background Thread 3 ] DEBUG Engine               - class com.almasb.fxgl.localization.LocalizationService
21:38:30.478 [FXGL Background Thread 3 ] DEBUG Engine               - class com.almasb.fxgl.app.services.SystemBundleService
21:38:30.478 [FXGL Background Thread 3 ] DEBUG Engine               - class com.almasb.fxgl.profile.SaveLoadService
21:38:30.478 [FXGL Background Thread 3 ] DEBUG Engine               - class com.almasb.fxgl.ui.FXGLUIFactoryServiceProvider
21:38:30.478 [FXGL Background Thread 3 ] DEBUG Engine               - class com.almasb.fxgl.ui.FXGLDialogFactoryServiceProvider
21:38:30.478 [FXGL Background Thread 3 ] DEBUG Engine               - class com.almasb.fxgl.audio.AudioPlayer
21:38:30.478 [FXGL Background Thread 3 ] DEBUG Engine               - class com.almasb.fxgl.notification.impl.NotificationServiceProvider
21:38:30.478 [FXGL Background Thread 3 ] DEBUG Engine               - class com.almasb.fxgl.achievement.AchievementService
21:38:30.479 [FXGL Background Thread 3 ] DEBUG Engine               - class com.almasb.fxgl.cutscene.CutsceneService
21:38:30.479 [FXGL Background Thread 3 ] DEBUG Engine               - class com.almasb.fxgl.minigames.MiniGameService
21:38:30.479 [FXGL Background Thread 3 ] DEBUG Engine               - class com.almasb.fxgl.net.NetService
21:38:30.479 [FXGL Background Thread 3 ] DEBUG Engine               - class com.almasb.fxgl.app.services.UpdaterService
21:38:30.479 [FXGL Background Thread 3 ] DEBUG Engine               - class com.almasb.fxgl.dev.DevService
21:38:31.616 [JavaFX Application Thread] DEBUG Menu                 - fireNewGame()
21:38:31.617 [JavaFX Application Thread] DEBUG GameApplicationServi - Starting new game
21:38:31.617 [JavaFX Application Thread] DEBUG PrimaryStageWindow   - Pop state: WelcomeMenu
21:38:31.618 [JavaFX Application Thread] DEBUG Input                - Clearing active input actions
21:38:31.619 [JavaFX Application Thread] DEBUG GameApplicationServi - Removing overlay from WelcomeMenu and adding to FXGLMainMenuDummyScene
21:38:31.619 [JavaFX Application Thread] DEBUG PrimaryStageWindow   - FXGLMainMenuDummyScene <- WelcomeMenu
21:38:31.620 [JavaFX Application Thread] DEBUG Input                - Clearing active input actions
21:38:31.636 [JavaFX Application Thread] DEBUG GameApplicationServi - Removing overlay from FXGLMainMenuDummyScene and adding to FXGLLoadingScene
21:38:31.637 [JavaFX Application Thread] DEBUG PrimaryStageWindow   - FXGLMainMenuDummyScene -> FXGLLoadingScene
21:38:31.637 [JavaFX Application Thread] DEBUG GameApplicationServi - Clearing previous game
21:38:31.637 [JavaFX Application Thread] DEBUG GameScene            - Clearing game scene
21:38:31.638 [JavaFX Application Thread] DEBUG GameWorld            - Clearing game world
21:38:31.638 [JavaFX Application Thread] DEBUG PhysicsWorld         - Clearing physics world
21:38:31.641 [FXGL Background Thread 2 ] DEBUG FXGLApplication      - Initializing game
21:38:31.644 [FXGL Background Thread 2 ] DEBUG FXGLAssetLoaderServi - Loading JSON from: file:/Users/josephvitko/IdeaProjects/Tower_Defense2/target/classes/assets/towers/tower1.json
21:38:31.906 [FXGL Background Thread 2 ] DEBUG FXGLAssetLoaderServi - Loading JSON from: file:/Users/josephvitko/IdeaProjects/Tower_Defense2/target/classes/assets/towers/tower2.json
21:38:31.908 [FXGL Background Thread 2 ] DEBUG FXGLAssetLoaderServi - Loading JSON from: file:/Users/josephvitko/IdeaProjects/Tower_Defense2/target/classes/assets/towers/tower3.json
21:38:31.911 [FXGL Background Thread 2 ] DEBUG FXGLAssetLoaderServi - Loading JSON from: file:/Users/josephvitko/IdeaProjects/Tower_Defense2/target/classes/assets/levels/level1.json
21:38:31.972 [FXGL Background Thread 2 ] INFO  FXGLApplication      - Game initialization took: 0.331 sec
21:38:31.973 [JavaFX Application Thread] DEBUG Input                - Clearing active input actions
21:38:31.982 [JavaFX Application Thread] DEBUG GameApplicationServi - Removing overlay from FXGLLoadingScene and adding to GameScene
21:38:31.983 [JavaFX Application Thread] DEBUG PrimaryStageWindow   - FXGLLoadingScene -> GameScene
21:39:03.248 [JavaFX Application Thread] DEBUG FXGLApplication      - Exiting FXGL
21:39:03.249 [JavaFX Application Thread] DEBUG LoopRunner           - Stopping loop
21:39:03.249 [JavaFX Application Thread] DEBUG SystemBundleService  - Saving FXGL system data
21:39:03.253 [JavaFX Application Thread] DEBUG FileSystemAccess     - Writing to: /Users/josephvitko/IdeaProjects/Tower_Defense2/system/fxgl.bundle
21:39:03.255 [JavaFX Application Thread] DEBUG Async                - Shutting down background threads
21:39:03.255 [JavaFX Application Thread] DEBUG PrimaryStageWindow   - Closing main window
21:39:03.264 [JavaFX Application Thread] DEBUG Logger               - Closing Logger
