19:42:36.888 [main                     ] DEBUG Logger               - Configured Logger
19:42:36.898 [main                     ] DEBUG GameApplication      - Logging settings
Title: Tower Defense
Version: 0.0
Width: 800
Height: 600
Fullscreen: false
Intro: false
Profiling: false
Single step:false
App Mode: DEVELOPER
Menu Key: ESCAPE
Stage Style: DECORATED
Scene Factory: class com.theswagbois.towerdefense.MySceneFactory

19:42:37.853 [JavaFX Application Thread] DEBUG FXGLApplication      - Initializing FXGL
19:42:37.857 [JavaFX Application Thread] INFO  Engine               - FXGL-11.17 (16.07.2021 15.46) on MAC (J:16.0.2 FX:16)
19:42:37.858 [JavaFX Application Thread] DEBUG Engine               - JRE Vendor Name: Amazon.com Inc.
19:42:37.858 [JavaFX Application Thread] DEBUG Engine               - Running on OS: Mac OS X version 10.15.7
19:42:37.859 [JavaFX Application Thread] DEBUG Engine               - Architecture: x86_64
19:42:37.859 [JavaFX Application Thread] INFO  Engine               - Source code and latest versions at: https://github.com/AlmasB/FXGL
19:42:37.859 [JavaFX Application Thread] INFO  Engine               -              Join the FXGL chat at: https://gitter.im/AlmasB/FXGL
19:42:38.113 [JavaFX Application Thread] DEBUG PrimaryStageWindow   - Creating a JavaFX scene
19:42:38.201 [JavaFX Application Thread] DEBUG PrimaryStageWindow   - Target settings size: 800.0 x 600.0
19:42:38.201 [JavaFX Application Thread] DEBUG PrimaryStageWindow   - Scaled scene size:    800.0 x 600.0
19:42:38.202 [JavaFX Application Thread] DEBUG PrimaryStageWindow   - Scaled ratio: (1.0, 1.0)
19:42:38.203 [JavaFX Application Thread] DEBUG PrimaryStageWindow   - Set initial scene to FXGLStartupScene
19:42:38.221 [JavaFX Application Thread] DEBUG PrimaryStageWindow   - Opening main window
19:42:38.386 [JavaFX Application Thread] DEBUG PrimaryStageWindow   - Window border size: (0.0, 22.0)
19:42:38.386 [JavaFX Application Thread] DEBUG PrimaryStageWindow   - Scaled size: 800.0 x 600.0
19:42:38.387 [JavaFX Application Thread] DEBUG PrimaryStageWindow   - Scaled ratio: (1.0, 1.0)
19:42:38.387 [JavaFX Application Thread] DEBUG PrimaryStageWindow   - Scene size: 800.0 x 600.0
19:42:38.388 [JavaFX Application Thread] DEBUG PrimaryStageWindow   - Stage size: 800.0 x 622.0
19:42:38.400 [FXGL Background Thread 1 ] DEBUG Engine               - Initializing environment variables
19:42:38.493 [FXGL Background Thread 1 ] DEBUG FXGLAssetLoaderServi - User app class for loading assets: class com.theswagbois.towerdefense.MainApplication
19:42:38.493 [FXGL Background Thread 1 ] DEBUG GameApplicationServi - Applying CSS: fxgl_dark.css
19:42:38.496 [FXGL Background Thread 1 ] DEBUG FXGLAssetLoaderServi - Loading from file system: jar:file:/Users/josephvitko/.m2/repository/com/github/almasb/fxgl/11.17/fxgl-11.17.jar!/fxglassets/ui/css/fxgl_dark.css
19:42:38.608 [FXGL Background Thread 1 ] DEBUG GameApplicationServi - Initializing application scenes
19:42:39.300 [FXGL Background Thread 1 ] DEBUG GameWorld            - Game world initialized
19:42:39.365 [FXGL Background Thread 1 ] DEBUG PhysicsWorld         - Physics world initialized: appHeight=600, physics.ppm=50.0
19:42:39.366 [FXGL Background Thread 1 ] DEBUG PhysicsWorld         - Using strategy: BRUTE_FORCE
19:42:39.370 [FXGL Background Thread 1 ] DEBUG GameScene            - Game scene initialized: 800x600
19:42:39.386 [FXGL Background Thread 1 ] DEBUG GameApplicationServi - Application scenes initialized
19:42:39.408 [FXGL Background Thread 1 ] DEBUG SystemBundleService  - Loading FXGL system data
19:42:39.413 [FXGL Background Thread 1 ] DEBUG FileSystemAccess     - Reading from: /Users/josephvitko/IdeaProjects/Tower_Defense2/system/fxgl.bundle
19:42:39.424 [FXGL Background Thread 1 ] DEBUG SystemBundleService  - Bundle FXGL: {}
19:42:39.425 [FXGL Background Thread 1 ] DEBUG UpdaterService       - Checking for updates
19:42:39.434 [FXGL Background Thread 4 ] DEBUG FXGLApplication      - Loading fonts
19:42:39.435 [FXGL Background Thread 1 ] DEBUG FXGLApplication      - Loading default localization
19:42:39.436 [FXGL Background Thread 4 ] DEBUG FXGLAssetLoaderServi - Loading from file system: jar:file:/Users/josephvitko/.m2/repository/com/github/almasb/fxgl/11.17/fxgl-11.17.jar!/fxglassets/ui/fonts/VarelaRound-Regular.ttf
19:42:39.437 [FXGL Background Thread 1 ] DEBUG FXGLAssetLoaderServi - Loading from file system: jar:file:/Users/josephvitko/.m2/repository/com/github/almasb/fxgl/11.17/fxgl-11.17.jar!/fxglassets/languages/english.lang
19:42:39.459 [FXGL Background Thread 1 ] INFO  FXGLApplication      - FXGL initialization took: 1.059 sec
19:42:39.461 [FXGL Background Thread 4 ] DEBUG FXGLAssetLoaderServi - Loading from file system: jar:file:/Users/josephvitko/.m2/repository/com/github/almasb/fxgl/11.17/fxgl-11.17.jar!/fxglassets/ui/fonts/Abel-Regular.ttf
19:42:39.466 [FXGL Background Thread 4 ] DEBUG FXGLAssetLoaderServi - Loading from file system: jar:file:/Users/josephvitko/.m2/repository/com/github/almasb/fxgl/11.17/fxgl-11.17.jar!/fxglassets/ui/fonts/lucida_console.ttf
19:42:39.473 [FXGL Background Thread 4 ] DEBUG FXGLAssetLoaderServi - Loading from file system: jar:file:/Users/josephvitko/.m2/repository/com/github/almasb/fxgl/11.17/fxgl-11.17.jar!/fxglassets/ui/fonts/Courier-Prime.ttf
19:42:39.473 [JavaFX Application Thread] DEBUG Input                - Registered new binding: action0 - F
19:42:39.476 [JavaFX Application Thread] DEBUG Input                - Registered new binding: Place Tower - LMB
19:42:39.477 [JavaFX Application Thread] DEBUG FXGLAssetLoaderServi - Loading from file system: jar:file:/Users/josephvitko/.m2/repository/com/github/almasb/fxgl/11.17/fxgl-11.17.jar!/fxglassets/textures/fxgl_icon.png
19:42:39.568 [JavaFX Application Thread] DEBUG FXGLAssetLoaderServi - Loading from file system: jar:file:/Users/josephvitko/.m2/repository/com/github/almasb/fxgl/11.17/fxgl-11.17.jar!/fxglassets/textures/fxgl_default_cursor.png
19:42:39.571 [JavaFX Application Thread] DEBUG Input                - Registered new binding: Screenshot - CTRL+8
19:42:39.572 [JavaFX Application Thread] DEBUG Input                - Registered new binding: System info dump - CTRL+9
19:42:39.574 [JavaFX Application Thread] DEBUG Input                - Registered new binding: Restart - CTRL+R
19:42:39.575 [JavaFX Application Thread] DEBUG Input                - Registered new binding: Toggle Debug Camera - CTRL+C
19:42:39.579 [JavaFX Application Thread] DEBUG LoopRunner           - Starting loop
19:42:39.580 [JavaFX Application Thread] DEBUG LoopRunner           - Initializing JavaFX AnimationTimerLoop
19:42:39.585 [JavaFX Application Thread] DEBUG Input                - Clearing active input actions
19:42:39.604 [JavaFX Application Thread] DEBUG GameApplicationServi - Removing overlay from FXGLStartupScene and adding to FXGLMainMenuDummyScene
19:42:39.604 [JavaFX Application Thread] DEBUG PrimaryStageWindow   - FXGLStartupScene -> FXGLMainMenuDummyScene
19:42:39.605 [JavaFX Application Thread] DEBUG PrimaryStageWindow   - Push state: WelcomeMenu
19:42:39.605 [JavaFX Application Thread] DEBUG Input                - Clearing active input actions
19:42:39.612 [JavaFX Application Thread] DEBUG GameApplicationServi - Removing overlay from FXGLMainMenuDummyScene and adding to WelcomeMenu
19:42:39.613 [JavaFX Application Thread] DEBUG PrimaryStageWindow   - FXGLMainMenuDummyScene -> WelcomeMenu
19:42:39.628 [JavaFX Application Thread] DEBUG FXGLApplication      - Registering font factories with UI factory
19:42:40.635 [JavaFX Application Thread] DEBUG Menu                 - fireNewGame()
19:42:40.635 [JavaFX Application Thread] DEBUG GameApplicationServi - Starting new game
19:42:40.636 [JavaFX Application Thread] DEBUG PrimaryStageWindow   - Pop state: WelcomeMenu
19:42:40.636 [JavaFX Application Thread] DEBUG Input                - Clearing active input actions
19:42:40.637 [JavaFX Application Thread] DEBUG GameApplicationServi - Removing overlay from WelcomeMenu and adding to FXGLMainMenuDummyScene
19:42:40.638 [JavaFX Application Thread] DEBUG PrimaryStageWindow   - FXGLMainMenuDummyScene <- WelcomeMenu
19:42:40.639 [JavaFX Application Thread] DEBUG Input                - Clearing active input actions
19:42:40.652 [JavaFX Application Thread] DEBUG GameApplicationServi - Removing overlay from FXGLMainMenuDummyScene and adding to FXGLLoadingScene
19:42:40.653 [JavaFX Application Thread] DEBUG PrimaryStageWindow   - FXGLMainMenuDummyScene -> FXGLLoadingScene
19:42:40.653 [JavaFX Application Thread] DEBUG GameApplicationServi - Clearing previous game
19:42:40.654 [JavaFX Application Thread] DEBUG GameScene            - Clearing game scene
19:42:40.654 [JavaFX Application Thread] DEBUG GameWorld            - Clearing game world
19:42:40.654 [JavaFX Application Thread] DEBUG PhysicsWorld         - Clearing physics world
19:42:40.657 [FXGL Background Thread 2 ] DEBUG FXGLApplication      - Initializing game
19:42:40.660 [FXGL Background Thread 2 ] DEBUG FXGLAssetLoaderServi - Loading JSON from: file:/Users/josephvitko/IdeaProjects/Tower_Defense2/target/classes/assets/tower1.json
19:42:41.038 [FXGL Background Thread 2 ] DEBUG FXGLAssetLoaderServi - Loading JSON from: file:/Users/josephvitko/IdeaProjects/Tower_Defense2/target/classes/assets/tower2.json
19:42:41.041 [FXGL Background Thread 2 ] DEBUG FXGLAssetLoaderServi - Loading JSON from: file:/Users/josephvitko/IdeaProjects/Tower_Defense2/target/classes/assets/tower3.json
19:42:41.073 [FXGL Background Thread 2 ] INFO  FXGLApplication      - Game initialization took: 0.416 sec
19:42:41.074 [JavaFX Application Thread] DEBUG Input                - Clearing active input actions
19:42:41.091 [JavaFX Application Thread] DEBUG GameApplicationServi - Removing overlay from FXGLLoadingScene and adding to GameScene
19:42:41.092 [JavaFX Application Thread] DEBUG PrimaryStageWindow   - FXGLLoadingScene -> GameScene
19:42:42.433 [FXGL Background Thread 3 ] DEBUG Engine               - Logging environment variables
19:42:42.434 [FXGL Background Thread 3 ] DEBUG Engine               - achievements: []
19:42:42.435 [FXGL Background Thread 3 ] DEBUG Engine               - actualHeight: 600.0
19:42:42.435 [FXGL Background Thread 3 ] DEBUG Engine               - actualHeightProperty: ReadOnlyDoubleProperty [value: 600.0]
19:42:42.436 [FXGL Background Thread 3 ] DEBUG Engine               - actualWidth: 800.0
19:42:42.436 [FXGL Background Thread 3 ] DEBUG Engine               - actualWidthProperty: ReadOnlyDoubleProperty [value: 800.0]
19:42:42.436 [FXGL Background Thread 3 ] DEBUG Engine               - appIcon: fxgl_icon.png
19:42:42.436 [FXGL Background Thread 3 ] DEBUG Engine               - applicationMode: DEVELOPER
19:42:42.437 [FXGL Background Thread 3 ] DEBUG Engine               - cSSList: [fxgl_dark.css]
19:42:42.437 [FXGL Background Thread 3 ] DEBUG Engine               - collisionDetectionStrategy: BRUTE_FORCE
19:42:42.437 [FXGL Background Thread 3 ] DEBUG Engine               - configClass: Optional.empty
19:42:42.437 [FXGL Background Thread 3 ] DEBUG Engine               - credits: []
19:42:42.438 [FXGL Background Thread 3 ] DEBUG Engine               - defaultCursor: CursorInfo(imageName=fxgl_default_cursor.png, hotspotX=7.0, hotspotY=6.0)
19:42:42.438 [FXGL Background Thread 3 ] DEBUG Engine               - devBBoxColorProperty: ObjectProperty [value: 0xff0000ff]
19:42:42.438 [FXGL Background Thread 3 ] DEBUG Engine               - devEnableDebugCameraProperty: BooleanProperty [value: false]
19:42:42.439 [FXGL Background Thread 3 ] DEBUG Engine               - devSensorColorProperty: ObjectProperty [value: 0xffff00ff]
19:42:42.439 [FXGL Background Thread 3 ] DEBUG Engine               - devShowBBoxProperty: BooleanProperty [value: false]
19:42:42.440 [FXGL Background Thread 3 ] DEBUG Engine               - devShowPositionProperty: BooleanProperty [value: false]
19:42:42.440 [FXGL Background Thread 3 ] DEBUG Engine               - enabledMenuItems: []
19:42:42.440 [FXGL Background Thread 3 ] DEBUG Engine               - engineServices: [class com.almasb.fxgl.app.services.FXGLAssetLoaderService, class com.almasb.fxgl.app.FXGLApplication$GameApplicationService, class com.almasb.fxgl.app.services.FXGLDialogService, class com.almasb.fxgl.app.services.IOTaskExecutorService, class com.almasb.fxgl.io.FileSystemService, class com.almasb.fxgl.localization.LocalizationService, class com.almasb.fxgl.app.services.SystemBundleService, class com.almasb.fxgl.profile.SaveLoadService, class com.almasb.fxgl.ui.FXGLUIFactoryServiceProvider, class com.almasb.fxgl.ui.FXGLDialogFactoryServiceProvider, class com.almasb.fxgl.audio.AudioPlayer, class com.almasb.fxgl.notification.impl.NotificationServiceProvider, class com.almasb.fxgl.achievement.AchievementService, class com.almasb.fxgl.cutscene.CutsceneService, class com.almasb.fxgl.minigames.MiniGameService, class com.almasb.fxgl.net.NetService, class com.almasb.fxgl.app.services.UpdaterService, class com.almasb.fxgl.dev.DevService]
19:42:42.441 [FXGL Background Thread 3 ] DEBUG Engine               - fontGame: Abel-Regular.ttf
19:42:42.441 [FXGL Background Thread 3 ] DEBUG Engine               - fontMono: lucida_console.ttf
19:42:42.441 [FXGL Background Thread 3 ] DEBUG Engine               - fontText: Courier-Prime.ttf
19:42:42.441 [FXGL Background Thread 3 ] DEBUG Engine               - fontUI: VarelaRound-Regular.ttf
19:42:42.441 [FXGL Background Thread 3 ] DEBUG Engine               - fullScreen: BooleanProperty [value: false]
19:42:42.441 [FXGL Background Thread 3 ] DEBUG Engine               - gameDifficulty: MEDIUM
19:42:42.442 [FXGL Background Thread 3 ] DEBUG Engine               - gameDifficultyProperty: ObjectProperty [value: MEDIUM]
19:42:42.442 [FXGL Background Thread 3 ] DEBUG Engine               - globalMusicVolume: 0.5
19:42:42.442 [FXGL Background Thread 3 ] DEBUG Engine               - globalMusicVolumeProperty: DoubleProperty [value: 0.5]
19:42:42.442 [FXGL Background Thread 3 ] DEBUG Engine               - globalSoundVolume: 0.5
19:42:42.443 [FXGL Background Thread 3 ] DEBUG Engine               - globalSoundVolumeProperty: DoubleProperty [value: 0.5]
19:42:42.443 [FXGL Background Thread 3 ] DEBUG Engine               - height: 600
19:42:42.443 [FXGL Background Thread 3 ] DEBUG Engine               - is3D: false
19:42:42.443 [FXGL Background Thread 3 ] DEBUG Engine               - isAndroid: false
19:42:42.444 [FXGL Background Thread 3 ] DEBUG Engine               - isBrowser: false
19:42:42.444 [FXGL Background Thread 3 ] DEBUG Engine               - isClickFeedbackEnabled: false
19:42:42.444 [FXGL Background Thread 3 ] DEBUG Engine               - isCloseConfirmation: false
19:42:42.444 [FXGL Background Thread 3 ] DEBUG Engine               - isDesktop: true
19:42:42.444 [FXGL Background Thread 3 ] DEBUG Engine               - isDeveloperMenuEnabled: false
19:42:42.444 [FXGL Background Thread 3 ] DEBUG Engine               - isEntityPreloadEnabled: true
19:42:42.445 [FXGL Background Thread 3 ] DEBUG Engine               - isExperimentalTiledLargeMap: false
19:42:42.445 [FXGL Background Thread 3 ] DEBUG Engine               - isFileSystemWriteAllowed: true
19:42:42.445 [FXGL Background Thread 3 ] DEBUG Engine               - isFullScreenAllowed: false
19:42:42.445 [FXGL Background Thread 3 ] DEBUG Engine               - isFullScreenFromStart: false
19:42:42.445 [FXGL Background Thread 3 ] DEBUG Engine               - isGameMenuEnabled: true
19:42:42.446 [FXGL Background Thread 3 ] DEBUG Engine               - isIOS: false
19:42:42.446 [FXGL Background Thread 3 ] DEBUG Engine               - isIntroEnabled: false
19:42:42.446 [FXGL Background Thread 3 ] DEBUG Engine               - isLinux: false
19:42:42.446 [FXGL Background Thread 3 ] DEBUG Engine               - isMac: true
19:42:42.447 [FXGL Background Thread 3 ] DEBUG Engine               - isMainMenuEnabled: true
19:42:42.447 [FXGL Background Thread 3 ] DEBUG Engine               - isManualResizeEnabled: false
19:42:42.447 [FXGL Background Thread 3 ] DEBUG Engine               - isMobile: false
19:42:42.447 [FXGL Background Thread 3 ] DEBUG Engine               - isNative: false
19:42:42.447 [FXGL Background Thread 3 ] DEBUG Engine               - isPauseMusicWhenMinimized: true
19:42:42.447 [FXGL Background Thread 3 ] DEBUG Engine               - isPreserveResizeRatio: false
19:42:42.447 [FXGL Background Thread 3 ] DEBUG Engine               - isProfilingEnabled: false
19:42:42.448 [FXGL Background Thread 3 ] DEBUG Engine               - isScaleAffectedOnResize: true
19:42:42.448 [FXGL Background Thread 3 ] DEBUG Engine               - isSingleStep: false
19:42:42.448 [FXGL Background Thread 3 ] DEBUG Engine               - isUserProfileEnabled: false
19:42:42.448 [FXGL Background Thread 3 ] DEBUG Engine               - isWindows: false
19:42:42.448 [FXGL Background Thread 3 ] DEBUG Engine               - language: ObjectProperty [value: ENGLISH]
19:42:42.448 [FXGL Background Thread 3 ] DEBUG Engine               - menuKey: ESCAPE
19:42:42.449 [FXGL Background Thread 3 ] DEBUG Engine               - mouseSensitivity: 0.2
19:42:42.449 [FXGL Background Thread 3 ] DEBUG Engine               - notificationViewClass: class com.almasb.fxgl.notification.view.XboxNotificationView
19:42:42.449 [FXGL Background Thread 3 ] DEBUG Engine               - pixelsPerMeter: 50.0
19:42:42.449 [FXGL Background Thread 3 ] DEBUG Engine               - platform: MAC
19:42:42.449 [FXGL Background Thread 3 ] DEBUG Engine               - prefHeightProperty: ReadOnlyDoubleProperty [value: 600.0]
19:42:42.449 [FXGL Background Thread 3 ] DEBUG Engine               - prefWidthProperty: ReadOnlyDoubleProperty [value: 800.0]
19:42:42.449 [FXGL Background Thread 3 ] DEBUG Engine               - profileDir: profiles/
19:42:42.450 [FXGL Background Thread 3 ] DEBUG Engine               - profileName: StringProperty [value: DEFAULT]
19:42:42.450 [FXGL Background Thread 3 ] DEBUG Engine               - randomSeed: -1
19:42:42.450 [FXGL Background Thread 3 ] DEBUG Engine               - runtimeInfo: RuntimeInfo(platform=MAC, version=11.17, build=16.07.2021 15.46)
19:42:42.450 [FXGL Background Thread 3 ] DEBUG Engine               - saveFileExt: sav
19:42:42.450 [FXGL Background Thread 3 ] DEBUG Engine               - scaledHeightProp$fxgl: DoubleProperty [bound, value: 600.0]
19:42:42.450 [FXGL Background Thread 3 ] DEBUG Engine               - scaledWidthProp$fxgl: DoubleProperty [bound, value: 800.0]
19:42:42.450 [FXGL Background Thread 3 ] DEBUG Engine               - sceneFactory: com.theswagbois.towerdefense.MySceneFactory@3ea936dd
19:42:42.451 [FXGL Background Thread 3 ] DEBUG Engine               - secondsIn24h: 60
19:42:42.451 [FXGL Background Thread 3 ] DEBUG Engine               - soundMenuBack: menu/back.wav
19:42:42.451 [FXGL Background Thread 3 ] DEBUG Engine               - soundMenuPress: menu/press.wav
19:42:42.451 [FXGL Background Thread 3 ] DEBUG Engine               - soundMenuSelect: menu/select.wav
19:42:42.451 [FXGL Background Thread 3 ] DEBUG Engine               - soundNotification: core/notification.wav
19:42:42.451 [FXGL Background Thread 3 ] DEBUG Engine               - stageStyle: DECORATED
19:42:42.451 [FXGL Background Thread 3 ] DEBUG Engine               - supportedLanguages: [ENGLISH, FRENCH, GERMAN, HUNGARIAN, RUSSIAN]
19:42:42.452 [FXGL Background Thread 3 ] DEBUG Engine               - ticksPerSecond: -1
19:42:42.452 [FXGL Background Thread 3 ] DEBUG Engine               - title: Tower Defense
19:42:42.452 [FXGL Background Thread 3 ] DEBUG Engine               - urlGithub: https://github.com/AlmasB/FXGL
19:42:42.452 [FXGL Background Thread 3 ] DEBUG Engine               - urlLeaderboard: http://fxgl-top.herokuapp.com/
19:42:42.452 [FXGL Background Thread 3 ] DEBUG Engine               - urlPOM: https://raw.githubusercontent.com/AlmasB/FXGL/release/README.md
19:42:42.452 [FXGL Background Thread 3 ] DEBUG Engine               - userAppClass: class com.theswagbois.towerdefense.MainApplication
19:42:42.452 [FXGL Background Thread 3 ] DEBUG Engine               - version: 0.0
19:42:42.452 [FXGL Background Thread 3 ] DEBUG Engine               - versionCheckDays: 7
19:42:42.453 [FXGL Background Thread 3 ] DEBUG Engine               - width: 800
19:42:42.453 [FXGL Background Thread 3 ] DEBUG Engine               - Logging services
19:42:42.453 [FXGL Background Thread 3 ] DEBUG Engine               - class com.almasb.fxgl.app.services.FXGLAssetLoaderService
19:42:42.453 [FXGL Background Thread 3 ] DEBUG Engine               - class com.almasb.fxgl.app.FXGLApplication$GameApplicationService
19:42:42.453 [FXGL Background Thread 3 ] DEBUG Engine               - class com.almasb.fxgl.app.services.FXGLDialogService
19:42:42.453 [FXGL Background Thread 3 ] DEBUG Engine               - class com.almasb.fxgl.app.services.IOTaskExecutorService
19:42:42.454 [FXGL Background Thread 3 ] DEBUG Engine               - class com.almasb.fxgl.io.FileSystemService
19:42:42.454 [FXGL Background Thread 3 ] DEBUG Engine               - class com.almasb.fxgl.localization.LocalizationService
19:42:42.454 [FXGL Background Thread 3 ] DEBUG Engine               - class com.almasb.fxgl.app.services.SystemBundleService
19:42:42.454 [FXGL Background Thread 3 ] DEBUG Engine               - class com.almasb.fxgl.profile.SaveLoadService
19:42:42.454 [FXGL Background Thread 3 ] DEBUG Engine               - class com.almasb.fxgl.ui.FXGLUIFactoryServiceProvider
19:42:42.454 [FXGL Background Thread 3 ] DEBUG Engine               - class com.almasb.fxgl.ui.FXGLDialogFactoryServiceProvider
19:42:42.454 [FXGL Background Thread 3 ] DEBUG Engine               - class com.almasb.fxgl.audio.AudioPlayer
19:42:42.455 [FXGL Background Thread 3 ] DEBUG Engine               - class com.almasb.fxgl.notification.impl.NotificationServiceProvider
19:42:42.455 [FXGL Background Thread 3 ] DEBUG Engine               - class com.almasb.fxgl.achievement.AchievementService
19:42:42.455 [FXGL Background Thread 3 ] DEBUG Engine               - class com.almasb.fxgl.cutscene.CutsceneService
19:42:42.455 [FXGL Background Thread 3 ] DEBUG Engine               - class com.almasb.fxgl.minigames.MiniGameService
19:42:42.455 [FXGL Background Thread 3 ] DEBUG Engine               - class com.almasb.fxgl.net.NetService
19:42:42.455 [FXGL Background Thread 3 ] DEBUG Engine               - class com.almasb.fxgl.app.services.UpdaterService
19:42:42.455 [FXGL Background Thread 3 ] DEBUG Engine               - class com.almasb.fxgl.dev.DevService
19:42:44.540 [JavaFX Application Thread] DEBUG FXGLApplication      - Exiting FXGL
19:42:44.541 [JavaFX Application Thread] DEBUG LoopRunner           - Stopping loop
19:42:44.541 [JavaFX Application Thread] DEBUG SystemBundleService  - Saving FXGL system data
19:42:44.543 [JavaFX Application Thread] DEBUG FileSystemAccess     - Writing to: /Users/josephvitko/IdeaProjects/Tower_Defense2/system/fxgl.bundle
19:42:44.545 [JavaFX Application Thread] DEBUG Async                - Shutting down background threads
19:42:44.546 [JavaFX Application Thread] DEBUG PrimaryStageWindow   - Closing main window
19:42:44.555 [JavaFX Application Thread] DEBUG Logger               - Closing Logger
