21:56:54.615 [main                     ] DEBUG Logger               - Configured Logger
21:56:54.618 [main                     ] DEBUG GameApplication      - Logging settings
Title: Tower Defense
Version: 0.0
Width: 800
Height: 600
Fullscreen: false
Intro: false
Profiling: false
Single step:false
App Mode: DEVELOPER
Menu Key: ESCAPE
Stage Style: DECORATED
Scene Factory: class com.theswagbois.towerdefense.ui.MySceneFactory

21:56:55.060 [JavaFX Application Thread] DEBUG FXGLApplication      - Initializing FXGL
21:56:55.062 [JavaFX Application Thread] INFO  Engine               - FXGL-11.17 (16.07.2021 15.46) on WINDOWS (J:16.0.2 FX:17.0.1)
21:56:55.062 [JavaFX Application Thread] DEBUG Engine               - JRE Vendor Name: Amazon.com Inc.
21:56:55.062 [JavaFX Application Thread] DEBUG Engine               - Running on OS: Windows 10 version 10.0
21:56:55.063 [JavaFX Application Thread] DEBUG Engine               - Architecture: amd64
21:56:55.063 [JavaFX Application Thread] INFO  Engine               - Source code and latest versions at: https://github.com/AlmasB/FXGL
21:56:55.063 [JavaFX Application Thread] INFO  Engine               -              Join the FXGL chat at: https://gitter.im/AlmasB/FXGL
21:56:55.146 [JavaFX Application Thread] DEBUG PrimaryStageWindow   - Creating a JavaFX scene
21:56:55.180 [JavaFX Application Thread] DEBUG PrimaryStageWindow   - Target settings size: 800.0 x 600.0
21:56:55.180 [JavaFX Application Thread] DEBUG PrimaryStageWindow   - Scaled scene size:    800.0 x 600.0
21:56:55.180 [JavaFX Application Thread] DEBUG PrimaryStageWindow   - Scaled ratio: (1.0, 1.0)
21:56:55.180 [JavaFX Application Thread] DEBUG PrimaryStageWindow   - Set initial scene to FXGLStartupScene
21:56:55.185 [JavaFX Application Thread] DEBUG PrimaryStageWindow   - Opening main window
21:56:55.281 [JavaFX Application Thread] DEBUG PrimaryStageWindow   - Window border size: (16.0, 39.0)
21:56:55.282 [JavaFX Application Thread] DEBUG PrimaryStageWindow   - Scaled size: 800.0 x 600.0
21:56:55.282 [JavaFX Application Thread] DEBUG PrimaryStageWindow   - Scaled ratio: (1.0, 1.0)
21:56:55.282 [JavaFX Application Thread] DEBUG PrimaryStageWindow   - Scene size: 800.0 x 600.0
21:56:55.282 [JavaFX Application Thread] DEBUG PrimaryStageWindow   - Stage size: 816.0 x 639.0
21:56:55.287 [FXGL Background Thread 1 ] DEBUG Engine               - Initializing environment variables
21:56:55.322 [FXGL Background Thread 1 ] DEBUG FXGLAssetLoaderServi - User app class for loading assets: class com.theswagbois.towerdefense.MainApplication
21:56:55.322 [FXGL Background Thread 1 ] DEBUG GameApplicationServi - Applying CSS: fxgl_dark.css
21:56:55.323 [FXGL Background Thread 1 ] DEBUG FXGLAssetLoaderServi - Loading from file system: jar:file:/C:/Users/Nick/.m2/repository/com/github/almasb/fxgl/11.17/fxgl-11.17.jar!/fxglassets/ui/css/fxgl_dark.css
21:56:55.355 [FXGL Background Thread 1 ] DEBUG GameApplicationServi - Initializing application scenes
21:56:55.396 [FXGL Background Thread 1 ] DEBUG GameWorld            - Game world initialized
21:56:55.449 [FXGL Background Thread 1 ] DEBUG PhysicsWorld         - Physics world initialized: appHeight=600, physics.ppm=50.0
21:56:55.449 [FXGL Background Thread 1 ] DEBUG PhysicsWorld         - Using strategy: BRUTE_FORCE
21:56:55.451 [FXGL Background Thread 1 ] DEBUG GameScene            - Game scene initialized: 800x600
21:56:55.468 [FXGL Background Thread 1 ] DEBUG FXGLAssetLoaderServi - Loading from file system: file:/C:/Users/Nick/IdeaProjects/Tower_Defense/target/classes/assets/textures/titleScreen.png
21:56:55.497 [FXGL Background Thread 1 ] DEBUG FXGL.DefaultMenu     - createMenuBodyGameMenu()
21:56:55.508 [FXGL Background Thread 1 ] DEBUG FXGL.DefaultMenu     - createOptionsMenu()
21:56:55.514 [FXGL Background Thread 1 ] DEBUG FXGLAssetLoaderServi - Loading from file system: jar:file:/C:/Users/Nick/.m2/repository/com/github/almasb/fxgl/11.17/fxgl-11.17.jar!/fxglassets/textures/particles/smoke.png
21:56:55.594 [FXGL Background Thread 1 ] DEBUG FXGLAssetLoaderServi - Loading from file system: jar:file:/C:/Users/Nick/.m2/repository/com/github/almasb/fxgl/11.17/fxgl-11.17.jar!/fxglassets/textures/particles/trace_horizontal.png
21:56:55.616 [FXGL Background Thread 1 ] DEBUG GameApplicationServi - Application scenes initialized
21:56:55.624 [FXGL Background Thread 1 ] DEBUG SystemBundleService  - Loading FXGL system data
21:56:55.627 [FXGL Background Thread 1 ] DEBUG FileSystemAccess     - Reading from: C:\Users\Nick\IdeaProjects\Tower_Defense\system\fxgl.bundle
21:56:55.632 [FXGL Background Thread 1 ] DEBUG SystemBundleService  - Bundle FXGL: {}
21:56:55.632 [FXGL Background Thread 1 ] DEBUG UpdaterService       - Checking for updates
21:56:55.636 [FXGL Background Thread 4 ] DEBUG FXGLApplication      - Loading fonts
21:56:55.636 [FXGL Background Thread 1 ] DEBUG FXGLApplication      - Loading default localization
21:56:55.636 [FXGL Background Thread 4 ] DEBUG FXGLAssetLoaderServi - Loading from file system: jar:file:/C:/Users/Nick/.m2/repository/com/github/almasb/fxgl/11.17/fxgl-11.17.jar!/fxglassets/ui/fonts/VarelaRound-Regular.ttf
21:56:55.637 [FXGL Background Thread 1 ] DEBUG FXGLAssetLoaderServi - Loading from file system: jar:file:/C:/Users/Nick/.m2/repository/com/github/almasb/fxgl/11.17/fxgl-11.17.jar!/fxglassets/languages/english.lang
21:56:55.652 [FXGL Background Thread 1 ] INFO  FXGLApplication      - FXGL initialization took: 0.366 sec
21:56:55.655 [JavaFX Application Thread] DEBUG Input                - Registered new binding: Place Tower - LMB
21:56:55.656 [JavaFX Application Thread] DEBUG FXGLAssetLoaderServi - Loading from file system: jar:file:/C:/Users/Nick/.m2/repository/com/github/almasb/fxgl/11.17/fxgl-11.17.jar!/fxglassets/textures/fxgl_icon.png
21:56:55.672 [JavaFX Application Thread] DEBUG FXGLAssetLoaderServi - Loading from file system: jar:file:/C:/Users/Nick/.m2/repository/com/github/almasb/fxgl/11.17/fxgl-11.17.jar!/fxglassets/textures/fxgl_default_cursor.png
21:56:55.682 [JavaFX Application Thread] DEBUG Input                - Registered new binding: Screenshot - CTRL+8
21:56:55.683 [JavaFX Application Thread] DEBUG Input                - Registered new binding: System info dump - CTRL+9
21:56:55.684 [JavaFX Application Thread] DEBUG Input                - Registered new binding: Restart - CTRL+R
21:56:55.686 [JavaFX Application Thread] DEBUG Input                - Registered new binding: Toggle Debug Camera - CTRL+C
21:56:55.688 [FXGL Background Thread 4 ] DEBUG FXGLAssetLoaderServi - Loading from file system: jar:file:/C:/Users/Nick/.m2/repository/com/github/almasb/fxgl/11.17/fxgl-11.17.jar!/fxglassets/ui/fonts/Abel-Regular.ttf
21:56:55.692 [JavaFX Application Thread] DEBUG LoopRunner           - Starting loop
21:56:55.693 [JavaFX Application Thread] DEBUG LoopRunner           - Initializing JavaFX AnimationTimerLoop
21:56:55.695 [FXGL Background Thread 4 ] DEBUG FXGLAssetLoaderServi - Loading from file system: jar:file:/C:/Users/Nick/.m2/repository/com/github/almasb/fxgl/11.17/fxgl-11.17.jar!/fxglassets/ui/fonts/lucida_console.ttf
21:56:55.701 [JavaFX Application Thread] DEBUG Input                - Clearing active input actions
21:56:55.705 [FXGL Background Thread 4 ] DEBUG FXGLAssetLoaderServi - Loading from file system: jar:file:/C:/Users/Nick/.m2/repository/com/github/almasb/fxgl/11.17/fxgl-11.17.jar!/fxglassets/ui/fonts/Courier-Prime.ttf
21:56:55.706 [JavaFX Application Thread] DEBUG GameApplicationServi - Removing overlay from FXGLStartupScene and adding to FXGLMainMenuDummyScene
21:56:55.707 [JavaFX Application Thread] DEBUG PrimaryStageWindow   - FXGLStartupScene -> FXGLMainMenuDummyScene
21:56:55.707 [JavaFX Application Thread] DEBUG PrimaryStageWindow   - Push state: WelcomeMenu
21:56:55.707 [JavaFX Application Thread] DEBUG Input                - Clearing active input actions
21:56:55.715 [JavaFX Application Thread] DEBUG GameApplicationServi - Removing overlay from FXGLMainMenuDummyScene and adding to WelcomeMenu
21:56:55.716 [JavaFX Application Thread] DEBUG PrimaryStageWindow   - FXGLMainMenuDummyScene -> WelcomeMenu
21:56:55.739 [JavaFX Application Thread] DEBUG FXGLApplication      - Registering font factories with UI factory
21:56:56.523 [JavaFX Application Thread] DEBUG FXGLAssetLoaderServi - Loading from file system: file:/C:/Users/Nick/IdeaProjects/Tower_Defense/target/classes/assets/textures/settingsScreen.png
21:56:58.510 [JavaFX Application Thread] DEBUG Menu                 - fireNewGame()
21:56:58.510 [JavaFX Application Thread] DEBUG GameApplicationServi - Starting new game
21:56:58.510 [JavaFX Application Thread] DEBUG PrimaryStageWindow   - Pop state: WelcomeMenu
21:56:58.510 [JavaFX Application Thread] DEBUG Input                - Clearing active input actions
21:56:58.511 [JavaFX Application Thread] DEBUG GameApplicationServi - Removing overlay from WelcomeMenu and adding to FXGLMainMenuDummyScene
21:56:58.511 [JavaFX Application Thread] DEBUG PrimaryStageWindow   - FXGLMainMenuDummyScene <- WelcomeMenu
21:56:58.511 [JavaFX Application Thread] DEBUG Input                - Clearing active input actions
21:56:58.517 [JavaFX Application Thread] DEBUG GameApplicationServi - Removing overlay from FXGLMainMenuDummyScene and adding to FXGLLoadingScene
21:56:58.517 [JavaFX Application Thread] DEBUG PrimaryStageWindow   - FXGLMainMenuDummyScene -> FXGLLoadingScene
21:56:58.517 [JavaFX Application Thread] DEBUG GameApplicationServi - Clearing previous game
21:56:58.518 [JavaFX Application Thread] DEBUG GameScene            - Clearing game scene
21:56:58.518 [JavaFX Application Thread] DEBUG GameWorld            - Clearing game world
21:56:58.518 [JavaFX Application Thread] DEBUG PhysicsWorld         - Clearing physics world
21:56:58.520 [FXGL Background Thread 2 ] DEBUG FXGLApplication      - Initializing game
21:56:58.521 [FXGL Background Thread 2 ] DEBUG FXGLAssetLoaderServi - Loading JSON from: file:/C:/Users/Nick/IdeaProjects/Tower_Defense/target/classes/assets/towers/tower1.json
21:56:58.636 [FXGL Background Thread 3 ] DEBUG Engine               - Logging environment variables
21:56:58.636 [FXGL Background Thread 3 ] DEBUG Engine               - achievements: []
21:56:58.636 [FXGL Background Thread 3 ] DEBUG Engine               - actualHeight: 600.0
21:56:58.636 [FXGL Background Thread 3 ] DEBUG Engine               - actualHeightProperty: ReadOnlyDoubleProperty [value: 600.0]
21:56:58.636 [FXGL Background Thread 3 ] DEBUG Engine               - actualWidth: 800.0
21:56:58.636 [FXGL Background Thread 3 ] DEBUG Engine               - actualWidthProperty: ReadOnlyDoubleProperty [value: 800.0]
21:56:58.636 [FXGL Background Thread 3 ] DEBUG Engine               - appIcon: fxgl_icon.png
21:56:58.636 [FXGL Background Thread 3 ] DEBUG Engine               - applicationMode: DEVELOPER
21:56:58.636 [FXGL Background Thread 3 ] DEBUG Engine               - cSSList: [fxgl_dark.css]
21:56:58.637 [FXGL Background Thread 3 ] DEBUG Engine               - collisionDetectionStrategy: BRUTE_FORCE
21:56:58.637 [FXGL Background Thread 3 ] DEBUG Engine               - configClass: Optional.empty
21:56:58.637 [FXGL Background Thread 3 ] DEBUG Engine               - credits: []
21:56:58.637 [FXGL Background Thread 3 ] DEBUG Engine               - defaultCursor: CursorInfo(imageName=fxgl_default_cursor.png, hotspotX=7.0, hotspotY=6.0)
21:56:58.637 [FXGL Background Thread 3 ] DEBUG Engine               - devBBoxColorProperty: ObjectProperty [value: 0xff0000ff]
21:56:58.637 [FXGL Background Thread 3 ] DEBUG Engine               - devEnableDebugCameraProperty: BooleanProperty [value: false]
21:56:58.638 [FXGL Background Thread 3 ] DEBUG Engine               - devSensorColorProperty: ObjectProperty [value: 0xffff00ff]
21:56:58.638 [FXGL Background Thread 3 ] DEBUG Engine               - devShowBBoxProperty: BooleanProperty [value: false]
21:56:58.638 [FXGL Background Thread 3 ] DEBUG Engine               - devShowPositionProperty: BooleanProperty [value: false]
21:56:58.638 [FXGL Background Thread 3 ] DEBUG Engine               - enabledMenuItems: []
21:56:58.638 [FXGL Background Thread 3 ] DEBUG Engine               - engineServices: [class com.almasb.fxgl.app.services.FXGLAssetLoaderService, class com.almasb.fxgl.app.FXGLApplication$GameApplicationService, class com.almasb.fxgl.app.services.FXGLDialogService, class com.almasb.fxgl.app.services.IOTaskExecutorService, class com.almasb.fxgl.io.FileSystemService, class com.almasb.fxgl.localization.LocalizationService, class com.almasb.fxgl.app.services.SystemBundleService, class com.almasb.fxgl.profile.SaveLoadService, class com.almasb.fxgl.ui.FXGLUIFactoryServiceProvider, class com.almasb.fxgl.ui.FXGLDialogFactoryServiceProvider, class com.almasb.fxgl.audio.AudioPlayer, class com.almasb.fxgl.notification.impl.NotificationServiceProvider, class com.almasb.fxgl.achievement.AchievementService, class com.almasb.fxgl.cutscene.CutsceneService, class com.almasb.fxgl.minigames.MiniGameService, class com.almasb.fxgl.net.NetService, class com.almasb.fxgl.app.services.UpdaterService, class com.almasb.fxgl.dev.DevService]
21:56:58.638 [FXGL Background Thread 3 ] DEBUG Engine               - fontGame: Abel-Regular.ttf
21:56:58.638 [FXGL Background Thread 3 ] DEBUG Engine               - fontMono: lucida_console.ttf
21:56:58.638 [FXGL Background Thread 3 ] DEBUG Engine               - fontText: Courier-Prime.ttf
21:56:58.638 [FXGL Background Thread 3 ] DEBUG Engine               - fontUI: VarelaRound-Regular.ttf
21:56:58.638 [FXGL Background Thread 3 ] DEBUG Engine               - fullScreen: BooleanProperty [value: false]
21:56:58.638 [FXGL Background Thread 3 ] DEBUG Engine               - gameDifficulty: MEDIUM
21:56:58.639 [FXGL Background Thread 3 ] DEBUG Engine               - gameDifficultyProperty: ObjectProperty [value: MEDIUM]
21:56:58.639 [FXGL Background Thread 3 ] DEBUG Engine               - globalMusicVolume: 0.5
21:56:58.639 [FXGL Background Thread 3 ] DEBUG Engine               - globalMusicVolumeProperty: DoubleProperty [value: 0.5]
21:56:58.639 [FXGL Background Thread 3 ] DEBUG Engine               - globalSoundVolume: 0.5
21:56:58.639 [FXGL Background Thread 3 ] DEBUG Engine               - globalSoundVolumeProperty: DoubleProperty [value: 0.5]
21:56:58.639 [FXGL Background Thread 3 ] DEBUG Engine               - height: 600
21:56:58.639 [FXGL Background Thread 3 ] DEBUG Engine               - is3D: false
21:56:58.639 [FXGL Background Thread 3 ] DEBUG Engine               - isAndroid: false
21:56:58.639 [FXGL Background Thread 3 ] DEBUG Engine               - isBrowser: false
21:56:58.639 [FXGL Background Thread 3 ] DEBUG Engine               - isClickFeedbackEnabled: false
21:56:58.639 [FXGL Background Thread 3 ] DEBUG Engine               - isCloseConfirmation: false
21:56:58.640 [FXGL Background Thread 3 ] DEBUG Engine               - isDesktop: true
21:56:58.640 [FXGL Background Thread 3 ] DEBUG Engine               - isDeveloperMenuEnabled: false
21:56:58.640 [FXGL Background Thread 3 ] DEBUG Engine               - isEntityPreloadEnabled: true
21:56:58.640 [FXGL Background Thread 3 ] DEBUG Engine               - isExperimentalTiledLargeMap: false
21:56:58.640 [FXGL Background Thread 3 ] DEBUG Engine               - isFileSystemWriteAllowed: true
21:56:58.640 [FXGL Background Thread 3 ] DEBUG Engine               - isFullScreenAllowed: false
21:56:58.640 [FXGL Background Thread 3 ] DEBUG Engine               - isFullScreenFromStart: false
21:56:58.640 [FXGL Background Thread 3 ] DEBUG Engine               - isGameMenuEnabled: true
21:56:58.640 [FXGL Background Thread 3 ] DEBUG Engine               - isIOS: false
21:56:58.640 [FXGL Background Thread 3 ] DEBUG Engine               - isIntroEnabled: false
21:56:58.640 [FXGL Background Thread 3 ] DEBUG Engine               - isLinux: false
21:56:58.640 [FXGL Background Thread 3 ] DEBUG Engine               - isMac: false
21:56:58.640 [FXGL Background Thread 3 ] DEBUG Engine               - isMainMenuEnabled: true
21:56:58.641 [FXGL Background Thread 3 ] DEBUG Engine               - isManualResizeEnabled: false
21:56:58.641 [FXGL Background Thread 3 ] DEBUG Engine               - isMobile: false
21:56:58.641 [FXGL Background Thread 3 ] DEBUG Engine               - isNative: false
21:56:58.641 [FXGL Background Thread 3 ] DEBUG Engine               - isPauseMusicWhenMinimized: true
21:56:58.641 [FXGL Background Thread 3 ] DEBUG Engine               - isPreserveResizeRatio: false
21:56:58.641 [FXGL Background Thread 3 ] DEBUG Engine               - isProfilingEnabled: false
21:56:58.641 [FXGL Background Thread 3 ] DEBUG Engine               - isScaleAffectedOnResize: true
21:56:58.641 [FXGL Background Thread 3 ] DEBUG Engine               - isSingleStep: false
21:56:58.641 [FXGL Background Thread 3 ] DEBUG Engine               - isUserProfileEnabled: false
21:56:58.641 [FXGL Background Thread 3 ] DEBUG Engine               - isWindows: true
21:56:58.641 [FXGL Background Thread 3 ] DEBUG Engine               - language: ObjectProperty [value: ENGLISH]
21:56:58.641 [FXGL Background Thread 3 ] DEBUG Engine               - menuKey: ESCAPE
21:56:58.641 [FXGL Background Thread 3 ] DEBUG Engine               - mouseSensitivity: 0.2
21:56:58.642 [FXGL Background Thread 3 ] DEBUG Engine               - notificationViewClass: class com.almasb.fxgl.notification.view.XboxNotificationView
21:56:58.642 [FXGL Background Thread 3 ] DEBUG Engine               - pixelsPerMeter: 50.0
21:56:58.642 [FXGL Background Thread 3 ] DEBUG Engine               - platform: WINDOWS
21:56:58.642 [FXGL Background Thread 3 ] DEBUG Engine               - prefHeightProperty: ReadOnlyDoubleProperty [value: 600.0]
21:56:58.642 [FXGL Background Thread 3 ] DEBUG Engine               - prefWidthProperty: ReadOnlyDoubleProperty [value: 800.0]
21:56:58.642 [FXGL Background Thread 3 ] DEBUG Engine               - profileDir: profiles/
21:56:58.642 [FXGL Background Thread 3 ] DEBUG Engine               - profileName: StringProperty [value: DEFAULT]
21:56:58.642 [FXGL Background Thread 3 ] DEBUG Engine               - randomSeed: -1
21:56:58.642 [FXGL Background Thread 3 ] DEBUG Engine               - runtimeInfo: RuntimeInfo(platform=WINDOWS, version=11.17, build=16.07.2021 15.46)
21:56:58.642 [FXGL Background Thread 3 ] DEBUG Engine               - saveFileExt: sav
21:56:58.642 [FXGL Background Thread 3 ] DEBUG Engine               - scaledHeightProp$fxgl: DoubleProperty [bound, value: 600.0]
21:56:58.642 [FXGL Background Thread 3 ] DEBUG Engine               - scaledWidthProp$fxgl: DoubleProperty [bound, value: 800.0]
21:56:58.642 [FXGL Background Thread 3 ] DEBUG Engine               - sceneFactory: com.theswagbois.towerdefense.ui.MySceneFactory@5af1e093
21:56:58.642 [FXGL Background Thread 3 ] DEBUG Engine               - secondsIn24h: 60
21:56:58.642 [FXGL Background Thread 3 ] DEBUG Engine               - soundMenuBack: menu/back.wav
21:56:58.643 [FXGL Background Thread 3 ] DEBUG Engine               - soundMenuPress: menu/press.wav
21:56:58.643 [FXGL Background Thread 3 ] DEBUG Engine               - soundMenuSelect: menu/select.wav
21:56:58.643 [FXGL Background Thread 3 ] DEBUG Engine               - soundNotification: core/notification.wav
21:56:58.643 [FXGL Background Thread 3 ] DEBUG Engine               - stageStyle: DECORATED
21:56:58.643 [FXGL Background Thread 3 ] DEBUG Engine               - supportedLanguages: [ENGLISH, FRENCH, GERMAN, HUNGARIAN, RUSSIAN]
21:56:58.643 [FXGL Background Thread 3 ] DEBUG Engine               - ticksPerSecond: -1
21:56:58.643 [FXGL Background Thread 3 ] DEBUG Engine               - title: Tower Defense
21:56:58.643 [FXGL Background Thread 3 ] DEBUG Engine               - urlGithub: https://github.com/AlmasB/FXGL
21:56:58.643 [FXGL Background Thread 3 ] DEBUG Engine               - urlLeaderboard: http://fxgl-top.herokuapp.com/
21:56:58.643 [FXGL Background Thread 3 ] DEBUG Engine               - urlPOM: https://raw.githubusercontent.com/AlmasB/FXGL/release/README.md
21:56:58.643 [FXGL Background Thread 3 ] DEBUG Engine               - userAppClass: class com.theswagbois.towerdefense.MainApplication
21:56:58.643 [FXGL Background Thread 3 ] DEBUG Engine               - version: 0.0
21:56:58.644 [FXGL Background Thread 3 ] DEBUG Engine               - versionCheckDays: 7
21:56:58.644 [FXGL Background Thread 3 ] DEBUG Engine               - width: 800
21:56:58.644 [FXGL Background Thread 3 ] DEBUG Engine               - Logging services
21:56:58.647 [FXGL Background Thread 3 ] DEBUG Engine               - class com.almasb.fxgl.app.services.FXGLAssetLoaderService
21:56:58.647 [FXGL Background Thread 3 ] DEBUG Engine               - class com.almasb.fxgl.app.FXGLApplication$GameApplicationService
21:56:58.647 [FXGL Background Thread 3 ] DEBUG Engine               - class com.almasb.fxgl.app.services.FXGLDialogService
21:56:58.647 [FXGL Background Thread 3 ] DEBUG Engine               - class com.almasb.fxgl.app.services.IOTaskExecutorService
21:56:58.648 [FXGL Background Thread 3 ] DEBUG Engine               - class com.almasb.fxgl.io.FileSystemService
21:56:58.648 [FXGL Background Thread 3 ] DEBUG Engine               - class com.almasb.fxgl.localization.LocalizationService
21:56:58.648 [FXGL Background Thread 3 ] DEBUG Engine               - class com.almasb.fxgl.app.services.SystemBundleService
21:56:58.648 [FXGL Background Thread 3 ] DEBUG Engine               - class com.almasb.fxgl.profile.SaveLoadService
21:56:58.648 [FXGL Background Thread 3 ] DEBUG Engine               - class com.almasb.fxgl.ui.FXGLUIFactoryServiceProvider
21:56:58.649 [FXGL Background Thread 3 ] DEBUG Engine               - class com.almasb.fxgl.ui.FXGLDialogFactoryServiceProvider
21:56:58.649 [FXGL Background Thread 3 ] DEBUG Engine               - class com.almasb.fxgl.audio.AudioPlayer
21:56:58.649 [FXGL Background Thread 3 ] DEBUG Engine               - class com.almasb.fxgl.notification.impl.NotificationServiceProvider
21:56:58.649 [FXGL Background Thread 3 ] DEBUG Engine               - class com.almasb.fxgl.achievement.AchievementService
21:56:58.649 [FXGL Background Thread 3 ] DEBUG Engine               - class com.almasb.fxgl.cutscene.CutsceneService
21:56:58.649 [FXGL Background Thread 3 ] DEBUG Engine               - class com.almasb.fxgl.minigames.MiniGameService
21:56:58.650 [FXGL Background Thread 3 ] DEBUG Engine               - class com.almasb.fxgl.net.NetService
21:56:58.650 [FXGL Background Thread 3 ] DEBUG Engine               - class com.almasb.fxgl.app.services.UpdaterService
21:56:58.650 [FXGL Background Thread 3 ] DEBUG Engine               - class com.almasb.fxgl.dev.DevService
21:56:58.671 [FXGL Background Thread 2 ] DEBUG FXGLAssetLoaderServi - Loading JSON from: file:/C:/Users/Nick/IdeaProjects/Tower_Defense/target/classes/assets/towers/tower2.json
21:56:58.671 [FXGL Background Thread 2 ] DEBUG FXGLAssetLoaderServi - Loading JSON from: file:/C:/Users/Nick/IdeaProjects/Tower_Defense/target/classes/assets/towers/tower3.json
21:56:58.674 [FXGL Background Thread 2 ] DEBUG FXGLAssetLoaderServi - Loading JSON from: file:/C:/Users/Nick/IdeaProjects/Tower_Defense/target/classes/assets/levels/level1.json
21:56:58.680 [FXGL Background Thread 2 ] DEBUG FXGLAssetLoaderServi - Loading JSON from: file:/C:/Users/Nick/IdeaProjects/Tower_Defense/target/classes/assets/levels/level2.json
21:56:58.681 [FXGL Background Thread 2 ] DEBUG FXGLAssetLoaderServi - Loading JSON from: file:/C:/Users/Nick/IdeaProjects/Tower_Defense/target/classes/assets/levels/level3.json
21:56:58.683 [FXGL Background Thread 2 ] DEBUG FXGLAssetLoaderServi - Loading JSON from: file:/C:/Users/Nick/IdeaProjects/Tower_Defense/target/classes/assets/enemies/enemy1.json
21:56:58.684 [FXGL Background Thread 2 ] DEBUG FXGLAssetLoaderServi - Loading JSON from: file:/C:/Users/Nick/IdeaProjects/Tower_Defense/target/classes/assets/enemies/enemy2.json
21:56:58.684 [FXGL Background Thread 2 ] DEBUG FXGLAssetLoaderServi - Loading JSON from: file:/C:/Users/Nick/IdeaProjects/Tower_Defense/target/classes/assets/enemies/enemy3.json
21:56:58.717 [FXGL Background Thread 2 ] INFO  FXGLApplication      - Game initialization took: 0.197 sec
21:56:58.717 [JavaFX Application Thread] DEBUG Input                - Clearing active input actions
21:56:58.726 [JavaFX Application Thread] DEBUG GameApplicationServi - Removing overlay from FXGLLoadingScene and adding to GameScene
21:56:58.727 [JavaFX Application Thread] DEBUG PrimaryStageWindow   - FXGLLoadingScene -> GameScene
21:57:01.323 [JavaFX Application Thread] DEBUG PrimaryStageWindow   - Push state: DialogSubScene
21:57:01.323 [JavaFX Application Thread] DEBUG Input                - Clearing active input actions
21:57:01.324 [JavaFX Application Thread] DEBUG GameApplicationServi - Removing overlay from GameScene and adding to DialogSubScene
21:57:01.324 [JavaFX Application Thread] DEBUG PrimaryStageWindow   - GameScene -> DialogSubScene
21:57:02.033 [JavaFX Application Thread] DEBUG PrimaryStageWindow   - Pop state: DialogSubScene
21:57:02.033 [JavaFX Application Thread] DEBUG Input                - Clearing active input actions
21:57:02.034 [JavaFX Application Thread] DEBUG GameApplicationServi - Removing overlay from DialogSubScene and adding to GameScene
21:57:02.034 [JavaFX Application Thread] DEBUG PrimaryStageWindow   - GameScene <- DialogSubScene
21:57:04.059 [JavaFX Application Thread] DEBUG EventBus             - Firing event: com.theswagbois.towerdefense.event.EnemyDamagedEvent[source=javafx.event.Event$$Lambda$125/0x0000000800d48be8@560fe0ca]
21:57:04.452 [JavaFX Application Thread] DEBUG EventBus             - Firing event: com.theswagbois.towerdefense.event.EnemyDamagedEvent[source=javafx.event.Event$$Lambda$125/0x0000000800d48be8@560fe0ca]
21:57:04.497 [JavaFX Application Thread] DEBUG EventBus             - Firing event: com.theswagbois.towerdefense.event.EnemyDamagedEvent[source=javafx.event.Event$$Lambda$125/0x0000000800d48be8@560fe0ca]
21:57:04.559 [JavaFX Application Thread] DEBUG EventBus             - Firing event: com.theswagbois.towerdefense.event.EnemyDamagedEvent[source=javafx.event.Event$$Lambda$125/0x0000000800d48be8@560fe0ca]
21:57:04.626 [JavaFX Application Thread] DEBUG EventBus             - Firing event: com.theswagbois.towerdefense.event.EnemyDamagedEvent[source=javafx.event.Event$$Lambda$125/0x0000000800d48be8@560fe0ca]
21:57:04.682 [JavaFX Application Thread] DEBUG EventBus             - Firing event: com.theswagbois.towerdefense.event.EnemyKilledEvent[source=javafx.event.Event$$Lambda$125/0x0000000800d48be8@560fe0ca]
21:57:04.682 [JavaFX Application Thread] DEBUG EventBus             - Firing event: com.theswagbois.towerdefense.event.EnemyDamagedEvent[source=javafx.event.Event$$Lambda$125/0x0000000800d48be8@560fe0ca]
21:57:04.746 [JavaFX Application Thread] DEBUG EventBus             - Firing event: com.theswagbois.towerdefense.event.EnemyDamagedEvent[source=javafx.event.Event$$Lambda$125/0x0000000800d48be8@560fe0ca]
21:57:04.874 [JavaFX Application Thread] DEBUG EventBus             - Firing event: com.theswagbois.towerdefense.event.EnemyDamagedEvent[source=javafx.event.Event$$Lambda$125/0x0000000800d48be8@560fe0ca]
21:57:04.922 [JavaFX Application Thread] DEBUG EventBus             - Firing event: com.theswagbois.towerdefense.event.EnemyDamagedEvent[source=javafx.event.Event$$Lambda$125/0x0000000800d48be8@560fe0ca]
21:57:04.980 [JavaFX Application Thread] DEBUG EventBus             - Firing event: com.theswagbois.towerdefense.event.EnemyDamagedEvent[source=javafx.event.Event$$Lambda$125/0x0000000800d48be8@560fe0ca]
21:57:05.046 [JavaFX Application Thread] DEBUG EventBus             - Firing event: com.theswagbois.towerdefense.event.EnemyDamagedEvent[source=javafx.event.Event$$Lambda$125/0x0000000800d48be8@560fe0ca]
21:57:05.105 [JavaFX Application Thread] DEBUG EventBus             - Firing event: com.theswagbois.towerdefense.event.EnemyKilledEvent[source=javafx.event.Event$$Lambda$125/0x0000000800d48be8@560fe0ca]
21:57:05.106 [JavaFX Application Thread] DEBUG EventBus             - Firing event: com.theswagbois.towerdefense.event.EnemyDamagedEvent[source=javafx.event.Event$$Lambda$125/0x0000000800d48be8@560fe0ca]
21:57:05.300 [JavaFX Application Thread] DEBUG EventBus             - Firing event: com.theswagbois.towerdefense.event.EnemyDamagedEvent[source=javafx.event.Event$$Lambda$125/0x0000000800d48be8@560fe0ca]
21:57:05.339 [JavaFX Application Thread] DEBUG EventBus             - Firing event: com.theswagbois.towerdefense.event.EnemyDamagedEvent[source=javafx.event.Event$$Lambda$125/0x0000000800d48be8@560fe0ca]
21:57:05.409 [JavaFX Application Thread] DEBUG EventBus             - Firing event: com.theswagbois.towerdefense.event.EnemyDamagedEvent[source=javafx.event.Event$$Lambda$125/0x0000000800d48be8@560fe0ca]
21:57:05.471 [JavaFX Application Thread] DEBUG EventBus             - Firing event: com.theswagbois.towerdefense.event.EnemyDamagedEvent[source=javafx.event.Event$$Lambda$125/0x0000000800d48be8@560fe0ca]
21:57:05.529 [JavaFX Application Thread] DEBUG EventBus             - Firing event: com.theswagbois.towerdefense.event.EnemyDamagedEvent[source=javafx.event.Event$$Lambda$125/0x0000000800d48be8@560fe0ca]
21:57:05.879 [JavaFX Application Thread] DEBUG EventBus             - Firing event: com.theswagbois.towerdefense.event.EnemyDamagedEvent[source=javafx.event.Event$$Lambda$125/0x0000000800d48be8@560fe0ca]
21:57:06.010 [JavaFX Application Thread] DEBUG EventBus             - Firing event: com.theswagbois.towerdefense.event.EnemyKilledEvent[source=javafx.event.Event$$Lambda$125/0x0000000800d48be8@560fe0ca]
21:57:06.010 [JavaFX Application Thread] DEBUG EventBus             - Firing event: com.theswagbois.towerdefense.event.EnemyDamagedEvent[source=javafx.event.Event$$Lambda$125/0x0000000800d48be8@560fe0ca]
21:57:06.166 [JavaFX Application Thread] DEBUG EventBus             - Firing event: com.theswagbois.towerdefense.event.EnemyDamagedEvent[source=javafx.event.Event$$Lambda$125/0x0000000800d48be8@560fe0ca]
21:57:06.295 [JavaFX Application Thread] DEBUG EventBus             - Firing event: com.theswagbois.towerdefense.event.EnemyDamagedEvent[source=javafx.event.Event$$Lambda$125/0x0000000800d48be8@560fe0ca]
21:57:07.018 [JavaFX Application Thread] DEBUG EventBus             - Firing event: com.theswagbois.towerdefense.event.EnemyReachedMonumentEvent[source=javafx.event.Event$$Lambda$125/0x0000000800d48be8@560fe0ca]
21:57:07.031 [JavaFX Application Thread] DEBUG EventBus             - Firing event: com.theswagbois.towerdefense.event.EnemyDamagedEvent[source=javafx.event.Event$$Lambda$125/0x0000000800d48be8@560fe0ca]
21:57:07.190 [JavaFX Application Thread] DEBUG EventBus             - Firing event: com.theswagbois.towerdefense.event.EnemyDamagedEvent[source=javafx.event.Event$$Lambda$125/0x0000000800d48be8@560fe0ca]
21:57:08.480 [JavaFX Application Thread] DEBUG EventBus             - Firing event: com.theswagbois.towerdefense.event.EnemyDamagedEvent[source=javafx.event.Event$$Lambda$125/0x0000000800d48be8@560fe0ca]
21:57:08.538 [JavaFX Application Thread] DEBUG EventBus             - Firing event: com.theswagbois.towerdefense.event.EnemyDamagedEvent[source=javafx.event.Event$$Lambda$125/0x0000000800d48be8@560fe0ca]
21:57:08.567 [JavaFX Application Thread] DEBUG EventBus             - Firing event: com.theswagbois.towerdefense.event.EnemyKilledEvent[source=javafx.event.Event$$Lambda$125/0x0000000800d48be8@560fe0ca]
21:57:08.568 [JavaFX Application Thread] DEBUG EventBus             - Firing event: com.theswagbois.towerdefense.event.EnemyDamagedEvent[source=javafx.event.Event$$Lambda$125/0x0000000800d48be8@560fe0ca]
21:57:09.928 [JavaFX Application Thread] DEBUG EventBus             - Firing event: com.theswagbois.towerdefense.event.EnemyDamagedEvent[source=javafx.event.Event$$Lambda$125/0x0000000800d48be8@560fe0ca]
21:57:09.982 [JavaFX Application Thread] DEBUG EventBus             - Firing event: com.theswagbois.towerdefense.event.EnemyDamagedEvent[source=javafx.event.Event$$Lambda$125/0x0000000800d48be8@560fe0ca]
21:57:10.752 [JavaFX Application Thread] DEBUG EventBus             - Firing event: com.theswagbois.towerdefense.event.EnemyReachedMonumentEvent[source=javafx.event.Event$$Lambda$125/0x0000000800d48be8@560fe0ca]
21:57:11.422 [JavaFX Application Thread] DEBUG EventBus             - Firing event: com.theswagbois.towerdefense.event.EnemyDamagedEvent[source=javafx.event.Event$$Lambda$125/0x0000000800d48be8@560fe0ca]
21:57:12.271 [JavaFX Application Thread] DEBUG EventBus             - Firing event: com.theswagbois.towerdefense.event.EnemyReachedMonumentEvent[source=javafx.event.Event$$Lambda$125/0x0000000800d48be8@560fe0ca]
21:57:12.426 [JavaFX Application Thread] DEBUG EventBus             - Firing event: com.theswagbois.towerdefense.event.EnemyReachedMonumentEvent[source=javafx.event.Event$$Lambda$125/0x0000000800d48be8@560fe0ca]
21:57:12.962 [JavaFX Application Thread] DEBUG EventBus             - Firing event: com.theswagbois.towerdefense.event.EnemyDamagedEvent[source=javafx.event.Event$$Lambda$125/0x0000000800d48be8@560fe0ca]
21:57:13.931 [JavaFX Application Thread] DEBUG EventBus             - Firing event: com.theswagbois.towerdefense.event.EnemyReachedMonumentEvent[source=javafx.event.Event$$Lambda$125/0x0000000800d48be8@560fe0ca]
21:57:14.544 [JavaFX Application Thread] DEBUG EventBus             - Firing event: com.theswagbois.towerdefense.event.EnemyDamagedEvent[source=javafx.event.Event$$Lambda$125/0x0000000800d48be8@560fe0ca]
21:57:14.680 [JavaFX Application Thread] DEBUG EventBus             - Firing event: com.theswagbois.towerdefense.event.EnemyDamagedEvent[source=javafx.event.Event$$Lambda$125/0x0000000800d48be8@560fe0ca]
21:57:15.551 [JavaFX Application Thread] DEBUG EventBus             - Firing event: com.theswagbois.towerdefense.event.EnemyReachedMonumentEvent[source=javafx.event.Event$$Lambda$125/0x0000000800d48be8@560fe0ca]
21:57:15.937 [JavaFX Application Thread] DEBUG EventBus             - Firing event: com.theswagbois.towerdefense.event.EnemyDamagedEvent[source=javafx.event.Event$$Lambda$125/0x0000000800d48be8@560fe0ca]
21:57:16.009 [JavaFX Application Thread] DEBUG EventBus             - Firing event: com.theswagbois.towerdefense.event.EnemyDamagedEvent[source=javafx.event.Event$$Lambda$125/0x0000000800d48be8@560fe0ca]
21:57:17.050 [JavaFX Application Thread] DEBUG EventBus             - Firing event: com.theswagbois.towerdefense.event.EnemyReachedMonumentEvent[source=javafx.event.Event$$Lambda$125/0x0000000800d48be8@560fe0ca]
21:57:17.483 [JavaFX Application Thread] DEBUG EventBus             - Firing event: com.theswagbois.towerdefense.event.EnemyDamagedEvent[source=javafx.event.Event$$Lambda$125/0x0000000800d48be8@560fe0ca]
21:57:18.201 [JavaFX Application Thread] DEBUG EventBus             - Firing event: com.theswagbois.towerdefense.event.EnemyReachedMonumentEvent[source=javafx.event.Event$$Lambda$125/0x0000000800d48be8@560fe0ca]
21:57:19.200 [JavaFX Application Thread] DEBUG EventBus             - Firing event: com.theswagbois.towerdefense.event.EnemyDamagedEvent[source=javafx.event.Event$$Lambda$125/0x0000000800d48be8@560fe0ca]
21:57:20.694 [JavaFX Application Thread] DEBUG EventBus             - Firing event: com.theswagbois.towerdefense.event.EnemyDamagedEvent[source=javafx.event.Event$$Lambda$125/0x0000000800d48be8@560fe0ca]
21:57:20.710 [JavaFX Application Thread] DEBUG EventBus             - Firing event: com.theswagbois.towerdefense.event.EnemyDamagedEvent[source=javafx.event.Event$$Lambda$125/0x0000000800d48be8@560fe0ca]
21:57:21.942 [JavaFX Application Thread] DEBUG EventBus             - Firing event: com.theswagbois.towerdefense.event.EnemyDamagedEvent[source=javafx.event.Event$$Lambda$125/0x0000000800d48be8@560fe0ca]
21:57:22.010 [JavaFX Application Thread] DEBUG EventBus             - Firing event: com.theswagbois.towerdefense.event.EnemyDamagedEvent[source=javafx.event.Event$$Lambda$125/0x0000000800d48be8@560fe0ca]
21:57:22.055 [JavaFX Application Thread] DEBUG EventBus             - Firing event: com.theswagbois.towerdefense.event.EnemyDamagedEvent[source=javafx.event.Event$$Lambda$125/0x0000000800d48be8@560fe0ca]
21:57:22.708 [JavaFX Application Thread] DEBUG EventBus             - Firing event: com.theswagbois.towerdefense.event.EnemyReachedMonumentEvent[source=javafx.event.Event$$Lambda$125/0x0000000800d48be8@560fe0ca]
21:57:22.945 [JavaFX Application Thread] DEBUG EventBus             - Firing event: com.theswagbois.towerdefense.event.EnemyReachedMonumentEvent[source=javafx.event.Event$$Lambda$125/0x0000000800d48be8@560fe0ca]
21:57:24.210 [JavaFX Application Thread] DEBUG EventBus             - Firing event: com.theswagbois.towerdefense.event.EnemyReachedMonumentEvent[source=javafx.event.Event$$Lambda$125/0x0000000800d48be8@560fe0ca]
21:57:24.448 [JavaFX Application Thread] DEBUG EventBus             - Firing event: com.theswagbois.towerdefense.event.EnemyReachedMonumentEvent[source=javafx.event.Event$$Lambda$125/0x0000000800d48be8@560fe0ca]
21:57:24.449 [JavaFX Application Thread] DEBUG PrimaryStageWindow   - Push state: DialogSubScene
21:57:24.449 [JavaFX Application Thread] DEBUG Input                - Clearing active input actions
21:57:24.449 [JavaFX Application Thread] DEBUG GameApplicationServi - Removing overlay from GameScene and adding to DialogSubScene
21:57:24.449 [JavaFX Application Thread] DEBUG PrimaryStageWindow   - GameScene -> DialogSubScene
21:57:25.098 [JavaFX Application Thread] DEBUG PrimaryStageWindow   - Pop state: DialogSubScene
21:57:25.098 [JavaFX Application Thread] DEBUG Input                - Clearing active input actions
21:57:25.099 [JavaFX Application Thread] DEBUG GameApplicationServi - Removing overlay from DialogSubScene and adding to GameScene
21:57:25.099 [JavaFX Application Thread] DEBUG PrimaryStageWindow   - GameScene <- DialogSubScene
21:57:25.099 [JavaFX Application Thread] DEBUG Input                - Clearing active input actions
21:57:25.102 [JavaFX Application Thread] DEBUG GameApplicationServi - Removing overlay from GameScene and adding to FXGLMainMenuDummyScene
21:57:25.102 [JavaFX Application Thread] DEBUG PrimaryStageWindow   - GameScene -> FXGLMainMenuDummyScene
21:57:25.102 [JavaFX Application Thread] DEBUG PrimaryStageWindow   - Push state: WelcomeMenu
21:57:25.103 [JavaFX Application Thread] DEBUG Input                - Clearing active input actions
21:57:25.103 [JavaFX Application Thread] DEBUG GameApplicationServi - Removing overlay from FXGLMainMenuDummyScene and adding to WelcomeMenu
21:57:25.103 [JavaFX Application Thread] DEBUG PrimaryStageWindow   - FXGLMainMenuDummyScene -> WelcomeMenu
21:57:27.706 [JavaFX Application Thread] DEBUG Menu                 - fireNewGame()
21:57:27.706 [JavaFX Application Thread] DEBUG GameApplicationServi - Starting new game
21:57:27.706 [JavaFX Application Thread] DEBUG PrimaryStageWindow   - Pop state: WelcomeMenu
21:57:27.707 [JavaFX Application Thread] DEBUG Input                - Clearing active input actions
21:57:27.707 [JavaFX Application Thread] DEBUG GameApplicationServi - Removing overlay from WelcomeMenu and adding to FXGLMainMenuDummyScene
21:57:27.707 [JavaFX Application Thread] DEBUG PrimaryStageWindow   - FXGLMainMenuDummyScene <- WelcomeMenu
21:57:27.707 [JavaFX Application Thread] DEBUG Input                - Clearing active input actions
21:57:27.710 [JavaFX Application Thread] DEBUG GameApplicationServi - Removing overlay from FXGLMainMenuDummyScene and adding to FXGLLoadingScene
21:57:27.710 [JavaFX Application Thread] DEBUG PrimaryStageWindow   - FXGLMainMenuDummyScene -> FXGLLoadingScene
21:57:27.710 [JavaFX Application Thread] DEBUG GameApplicationServi - Clearing previous game
21:57:27.710 [JavaFX Application Thread] DEBUG GameScene            - Clearing game scene
21:57:27.710 [JavaFX Application Thread] DEBUG GameWorld            - Clearing game world
21:57:27.711 [JavaFX Application Thread] DEBUG PhysicsWorld         - Clearing physics world
21:57:27.711 [FXGL Background Thread 2 ] DEBUG FXGLApplication      - Initializing game
21:57:27.711 [FXGL Background Thread 2 ] DEBUG FXGLAssetLoaderServi - Loading JSON from: file:/C:/Users/Nick/IdeaProjects/Tower_Defense/target/classes/assets/towers/tower1.json
21:57:27.712 [FXGL Background Thread 2 ] DEBUG FXGLAssetLoaderServi - Loading JSON from: file:/C:/Users/Nick/IdeaProjects/Tower_Defense/target/classes/assets/towers/tower2.json
21:57:27.713 [FXGL Background Thread 2 ] DEBUG FXGLAssetLoaderServi - Loading JSON from: file:/C:/Users/Nick/IdeaProjects/Tower_Defense/target/classes/assets/towers/tower3.json
21:57:27.713 [FXGL Background Thread 2 ] DEBUG FXGLAssetLoaderServi - Loading JSON from: file:/C:/Users/Nick/IdeaProjects/Tower_Defense/target/classes/assets/levels/level1.json
21:57:27.714 [FXGL Background Thread 2 ] DEBUG FXGLAssetLoaderServi - Loading JSON from: file:/C:/Users/Nick/IdeaProjects/Tower_Defense/target/classes/assets/levels/level2.json
21:57:27.715 [FXGL Background Thread 2 ] DEBUG FXGLAssetLoaderServi - Loading JSON from: file:/C:/Users/Nick/IdeaProjects/Tower_Defense/target/classes/assets/levels/level3.json
21:57:27.716 [FXGL Background Thread 2 ] DEBUG FXGLAssetLoaderServi - Loading JSON from: file:/C:/Users/Nick/IdeaProjects/Tower_Defense/target/classes/assets/enemies/enemy1.json
21:57:27.716 [FXGL Background Thread 2 ] DEBUG FXGLAssetLoaderServi - Loading JSON from: file:/C:/Users/Nick/IdeaProjects/Tower_Defense/target/classes/assets/enemies/enemy2.json
21:57:27.717 [FXGL Background Thread 2 ] DEBUG FXGLAssetLoaderServi - Loading JSON from: file:/C:/Users/Nick/IdeaProjects/Tower_Defense/target/classes/assets/enemies/enemy3.json
21:57:27.719 [FXGL Background Thread 2 ] INFO  FXGLApplication      - Game initialization took: 0.007 sec
21:57:27.719 [JavaFX Application Thread] DEBUG Input                - Clearing active input actions
21:57:27.721 [JavaFX Application Thread] DEBUG GameApplicationServi - Removing overlay from FXGLLoadingScene and adding to GameScene
21:57:27.721 [JavaFX Application Thread] DEBUG PrimaryStageWindow   - FXGLLoadingScene -> GameScene
21:57:29.803 [JavaFX Application Thread] DEBUG PrimaryStageWindow   - Push state: DialogSubScene
21:57:29.803 [JavaFX Application Thread] DEBUG Input                - Clearing active input actions
21:57:29.804 [JavaFX Application Thread] DEBUG GameApplicationServi - Removing overlay from GameScene and adding to DialogSubScene
21:57:29.804 [JavaFX Application Thread] DEBUG PrimaryStageWindow   - GameScene -> DialogSubScene
21:57:30.600 [JavaFX Application Thread] DEBUG PrimaryStageWindow   - Pop state: DialogSubScene
21:57:30.600 [JavaFX Application Thread] DEBUG Input                - Clearing active input actions
21:57:30.600 [JavaFX Application Thread] DEBUG GameApplicationServi - Removing overlay from DialogSubScene and adding to GameScene
21:57:30.600 [JavaFX Application Thread] DEBUG PrimaryStageWindow   - GameScene <- DialogSubScene
21:57:31.264 [JavaFX Application Thread] DEBUG EventBus             - Firing event: com.theswagbois.towerdefense.event.EnemyDamagedEvent[source=javafx.event.Event$$Lambda$125/0x0000000800d48be8@560fe0ca]
21:57:31.674 [JavaFX Application Thread] DEBUG EventBus             - Firing event: com.theswagbois.towerdefense.event.EnemyDamagedEvent[source=javafx.event.Event$$Lambda$125/0x0000000800d48be8@560fe0ca]
21:57:31.764 [JavaFX Application Thread] DEBUG EventBus             - Firing event: com.theswagbois.towerdefense.event.EnemyDamagedEvent[source=javafx.event.Event$$Lambda$125/0x0000000800d48be8@560fe0ca]
21:57:32.226 [JavaFX Application Thread] DEBUG EventBus             - Firing event: com.theswagbois.towerdefense.event.EnemyKilledEvent[source=javafx.event.Event$$Lambda$125/0x0000000800d48be8@560fe0ca]
21:57:32.226 [JavaFX Application Thread] DEBUG EventBus             - Firing event: com.theswagbois.towerdefense.event.EnemyDamagedEvent[source=javafx.event.Event$$Lambda$125/0x0000000800d48be8@560fe0ca]
21:57:33.482 [JavaFX Application Thread] DEBUG EventBus             - Firing event: com.theswagbois.towerdefense.event.EnemyReachedMonumentEvent[source=javafx.event.Event$$Lambda$125/0x0000000800d48be8@560fe0ca]
21:57:34.282 [JavaFX Application Thread] DEBUG EventBus             - Firing event: com.theswagbois.towerdefense.event.EnemyReachedMonumentEvent[source=javafx.event.Event$$Lambda$125/0x0000000800d48be8@560fe0ca]
21:57:34.319 [JavaFX Application Thread] DEBUG EventBus             - Firing event: com.theswagbois.towerdefense.event.EnemyReachedMonumentEvent[source=javafx.event.Event$$Lambda$125/0x0000000800d48be8@560fe0ca]
21:57:34.710 [JavaFX Application Thread] DEBUG EventBus             - Firing event: com.theswagbois.towerdefense.event.EnemyDamagedEvent[source=javafx.event.Event$$Lambda$125/0x0000000800d48be8@560fe0ca]
21:57:34.980 [JavaFX Application Thread] DEBUG EventBus             - Firing event: com.theswagbois.towerdefense.event.EnemyKilledEvent[source=javafx.event.Event$$Lambda$125/0x0000000800d48be8@560fe0ca]
21:57:34.981 [JavaFX Application Thread] DEBUG EventBus             - Firing event: com.theswagbois.towerdefense.event.EnemyDamagedEvent[source=javafx.event.Event$$Lambda$125/0x0000000800d48be8@560fe0ca]
21:57:35.301 [JavaFX Application Thread] DEBUG EventBus             - Firing event: com.theswagbois.towerdefense.event.EnemyDamagedEvent[source=javafx.event.Event$$Lambda$125/0x0000000800d48be8@560fe0ca]
21:57:35.562 [JavaFX Application Thread] DEBUG EventBus             - Firing event: com.theswagbois.towerdefense.event.EnemyDamagedEvent[source=javafx.event.Event$$Lambda$125/0x0000000800d48be8@560fe0ca]
21:57:36.151 [JavaFX Application Thread] DEBUG EventBus             - Firing event: com.theswagbois.towerdefense.event.EnemyDamagedEvent[source=javafx.event.Event$$Lambda$125/0x0000000800d48be8@560fe0ca]
21:57:36.217 [JavaFX Application Thread] DEBUG EventBus             - Firing event: com.theswagbois.towerdefense.event.EnemyDamagedEvent[source=javafx.event.Event$$Lambda$125/0x0000000800d48be8@560fe0ca]
21:57:36.522 [JavaFX Application Thread] DEBUG EventBus             - Firing event: com.theswagbois.towerdefense.event.EnemyDamagedEvent[source=javafx.event.Event$$Lambda$125/0x0000000800d48be8@560fe0ca]
21:57:36.528 [JavaFX Application Thread] DEBUG EventBus             - Firing event: com.theswagbois.towerdefense.event.EnemyDamagedEvent[source=javafx.event.Event$$Lambda$125/0x0000000800d48be8@560fe0ca]
21:57:36.944 [JavaFX Application Thread] DEBUG EventBus             - Firing event: com.theswagbois.towerdefense.event.EnemyDamagedEvent[source=javafx.event.Event$$Lambda$125/0x0000000800d48be8@560fe0ca]
21:57:36.986 [JavaFX Application Thread] DEBUG EventBus             - Firing event: com.theswagbois.towerdefense.event.EnemyDamagedEvent[source=javafx.event.Event$$Lambda$125/0x0000000800d48be8@560fe0ca]
21:57:37.174 [JavaFX Application Thread] DEBUG EventBus             - Firing event: com.theswagbois.towerdefense.event.EnemyKilledEvent[source=javafx.event.Event$$Lambda$125/0x0000000800d48be8@560fe0ca]
21:57:37.174 [JavaFX Application Thread] DEBUG EventBus             - Firing event: com.theswagbois.towerdefense.event.EnemyDamagedEvent[source=javafx.event.Event$$Lambda$125/0x0000000800d48be8@560fe0ca]
21:57:37.619 [JavaFX Application Thread] DEBUG EventBus             - Firing event: com.theswagbois.towerdefense.event.EnemyDamagedEvent[source=javafx.event.Event$$Lambda$125/0x0000000800d48be8@560fe0ca]
21:57:37.930 [JavaFX Application Thread] DEBUG EventBus             - Firing event: com.theswagbois.towerdefense.event.EnemyDamagedEvent[source=javafx.event.Event$$Lambda$125/0x0000000800d48be8@560fe0ca]
21:57:38.298 [JavaFX Application Thread] DEBUG EventBus             - Firing event: com.theswagbois.towerdefense.event.EnemyDamagedEvent[source=javafx.event.Event$$Lambda$125/0x0000000800d48be8@560fe0ca]
21:57:38.413 [JavaFX Application Thread] DEBUG EventBus             - Firing event: com.theswagbois.towerdefense.event.EnemyDamagedEvent[source=javafx.event.Event$$Lambda$125/0x0000000800d48be8@560fe0ca]
21:57:38.456 [JavaFX Application Thread] DEBUG EventBus             - Firing event: com.theswagbois.towerdefense.event.EnemyDamagedEvent[source=javafx.event.Event$$Lambda$125/0x0000000800d48be8@560fe0ca]
21:57:39.042 [JavaFX Application Thread] DEBUG EventBus             - Firing event: com.theswagbois.towerdefense.event.EnemyDamagedEvent[source=javafx.event.Event$$Lambda$125/0x0000000800d48be8@560fe0ca]
21:57:39.346 [JavaFX Application Thread] DEBUG EventBus             - Firing event: com.theswagbois.towerdefense.event.EnemyDamagedEvent[source=javafx.event.Event$$Lambda$125/0x0000000800d48be8@560fe0ca]
21:57:39.641 [JavaFX Application Thread] DEBUG EventBus             - Firing event: com.theswagbois.towerdefense.event.EnemyDamagedEvent[source=javafx.event.Event$$Lambda$125/0x0000000800d48be8@560fe0ca]
21:57:39.683 [JavaFX Application Thread] DEBUG EventBus             - Firing event: com.theswagbois.towerdefense.event.EnemyDamagedEvent[source=javafx.event.Event$$Lambda$125/0x0000000800d48be8@560fe0ca]
21:57:40.251 [JavaFX Application Thread] DEBUG EventBus             - Firing event: com.theswagbois.towerdefense.event.EnemyDamagedEvent[source=javafx.event.Event$$Lambda$125/0x0000000800d48be8@560fe0ca]
21:57:40.811 [JavaFX Application Thread] DEBUG EventBus             - Firing event: com.theswagbois.towerdefense.event.EnemyDamagedEvent[source=javafx.event.Event$$Lambda$125/0x0000000800d48be8@560fe0ca]
21:57:40.978 [JavaFX Application Thread] DEBUG EventBus             - Firing event: com.theswagbois.towerdefense.event.EnemyReachedMonumentEvent[source=javafx.event.Event$$Lambda$125/0x0000000800d48be8@560fe0ca]
21:57:42.122 [JavaFX Application Thread] DEBUG EventBus             - Firing event: com.theswagbois.towerdefense.event.EnemyReachedMonumentEvent[source=javafx.event.Event$$Lambda$125/0x0000000800d48be8@560fe0ca]
21:57:42.945 [JavaFX Application Thread] DEBUG EventBus             - Firing event: com.theswagbois.towerdefense.event.EnemyDamagedEvent[source=javafx.event.Event$$Lambda$125/0x0000000800d48be8@560fe0ca]
21:57:43.626 [JavaFX Application Thread] DEBUG EventBus             - Firing event: com.theswagbois.towerdefense.event.EnemyReachedMonumentEvent[source=javafx.event.Event$$Lambda$125/0x0000000800d48be8@560fe0ca]
21:57:43.865 [JavaFX Application Thread] DEBUG EventBus             - Firing event: com.theswagbois.towerdefense.event.EnemyReachedMonumentEvent[source=javafx.event.Event$$Lambda$125/0x0000000800d48be8@560fe0ca]
21:57:44.362 [JavaFX Application Thread] DEBUG EventBus             - Firing event: com.theswagbois.towerdefense.event.EnemyDamagedEvent[source=javafx.event.Event$$Lambda$125/0x0000000800d48be8@560fe0ca]
21:57:44.874 [JavaFX Application Thread] DEBUG EventBus             - Firing event: com.theswagbois.towerdefense.event.EnemyDamagedEvent[source=javafx.event.Event$$Lambda$125/0x0000000800d48be8@560fe0ca]
21:57:45.482 [JavaFX Application Thread] DEBUG EventBus             - Firing event: com.theswagbois.towerdefense.event.EnemyReachedMonumentEvent[source=javafx.event.Event$$Lambda$125/0x0000000800d48be8@560fe0ca]
21:57:46.330 [JavaFX Application Thread] DEBUG EventBus             - Firing event: com.theswagbois.towerdefense.event.EnemyDamagedEvent[source=javafx.event.Event$$Lambda$125/0x0000000800d48be8@560fe0ca]
21:57:46.986 [JavaFX Application Thread] DEBUG EventBus             - Firing event: com.theswagbois.towerdefense.event.EnemyReachedMonumentEvent[source=javafx.event.Event$$Lambda$125/0x0000000800d48be8@560fe0ca]
21:57:48.135 [JavaFX Application Thread] DEBUG EventBus             - Firing event: com.theswagbois.towerdefense.event.EnemyReachedMonumentEvent[source=javafx.event.Event$$Lambda$125/0x0000000800d48be8@560fe0ca]
21:57:48.489 [JavaFX Application Thread] DEBUG EventBus             - Firing event: com.theswagbois.towerdefense.event.EnemyReachedMonumentEvent[source=javafx.event.Event$$Lambda$125/0x0000000800d48be8@560fe0ca]
21:57:49.159 [JavaFX Application Thread] DEBUG EventBus             - Firing event: com.theswagbois.towerdefense.event.EnemyDamagedEvent[source=javafx.event.Event$$Lambda$125/0x0000000800d48be8@560fe0ca]
21:57:49.571 [JavaFX Application Thread] DEBUG EventBus             - Firing event: com.theswagbois.towerdefense.event.EnemyDamagedEvent[source=javafx.event.Event$$Lambda$125/0x0000000800d48be8@560fe0ca]
21:57:50.618 [JavaFX Application Thread] DEBUG EventBus             - Firing event: com.theswagbois.towerdefense.event.EnemyDamagedEvent[source=javafx.event.Event$$Lambda$125/0x0000000800d48be8@560fe0ca]
21:57:50.786 [JavaFX Application Thread] DEBUG EventBus             - Firing event: com.theswagbois.towerdefense.event.EnemyDamagedEvent[source=javafx.event.Event$$Lambda$125/0x0000000800d48be8@560fe0ca]
21:57:51.123 [JavaFX Application Thread] DEBUG EventBus             - Firing event: com.theswagbois.towerdefense.event.EnemyDamagedEvent[source=javafx.event.Event$$Lambda$125/0x0000000800d48be8@560fe0ca]
21:57:51.376 [JavaFX Application Thread] DEBUG EventBus             - Firing event: com.theswagbois.towerdefense.event.EnemyReachedMonumentEvent[source=javafx.event.Event$$Lambda$125/0x0000000800d48be8@560fe0ca]
21:57:51.377 [JavaFX Application Thread] DEBUG PrimaryStageWindow   - Push state: DialogSubScene
21:57:51.377 [JavaFX Application Thread] DEBUG Input                - Clearing active input actions
21:57:51.377 [JavaFX Application Thread] DEBUG GameApplicationServi - Removing overlay from GameScene and adding to DialogSubScene
21:57:51.377 [JavaFX Application Thread] DEBUG PrimaryStageWindow   - GameScene -> DialogSubScene
21:57:52.097 [JavaFX Application Thread] DEBUG PrimaryStageWindow   - Pop state: DialogSubScene
21:57:52.097 [JavaFX Application Thread] DEBUG Input                - Clearing active input actions
21:57:52.098 [JavaFX Application Thread] DEBUG GameApplicationServi - Removing overlay from DialogSubScene and adding to GameScene
21:57:52.098 [JavaFX Application Thread] DEBUG PrimaryStageWindow   - GameScene <- DialogSubScene
21:57:52.098 [JavaFX Application Thread] DEBUG Input                - Clearing active input actions
21:57:52.100 [JavaFX Application Thread] DEBUG GameApplicationServi - Removing overlay from GameScene and adding to FXGLMainMenuDummyScene
21:57:52.100 [JavaFX Application Thread] DEBUG PrimaryStageWindow   - GameScene -> FXGLMainMenuDummyScene
21:57:52.100 [JavaFX Application Thread] DEBUG PrimaryStageWindow   - Push state: WelcomeMenu
21:57:52.100 [JavaFX Application Thread] DEBUG Input                - Clearing active input actions
21:57:52.100 [JavaFX Application Thread] DEBUG GameApplicationServi - Removing overlay from FXGLMainMenuDummyScene and adding to WelcomeMenu
21:57:52.100 [JavaFX Application Thread] DEBUG PrimaryStageWindow   - FXGLMainMenuDummyScene -> WelcomeMenu
21:57:54.868 [JavaFX Application Thread] DEBUG Menu                 - fireNewGame()
21:57:54.868 [JavaFX Application Thread] DEBUG GameApplicationServi - Starting new game
21:57:54.868 [JavaFX Application Thread] DEBUG PrimaryStageWindow   - Pop state: WelcomeMenu
21:57:54.869 [JavaFX Application Thread] DEBUG Input                - Clearing active input actions
21:57:54.869 [JavaFX Application Thread] DEBUG GameApplicationServi - Removing overlay from WelcomeMenu and adding to FXGLMainMenuDummyScene
21:57:54.869 [JavaFX Application Thread] DEBUG PrimaryStageWindow   - FXGLMainMenuDummyScene <- WelcomeMenu
21:57:54.869 [JavaFX Application Thread] DEBUG Input                - Clearing active input actions
21:57:54.871 [JavaFX Application Thread] DEBUG GameApplicationServi - Removing overlay from FXGLMainMenuDummyScene and adding to FXGLLoadingScene
21:57:54.871 [JavaFX Application Thread] DEBUG PrimaryStageWindow   - FXGLMainMenuDummyScene -> FXGLLoadingScene
21:57:54.871 [JavaFX Application Thread] DEBUG GameApplicationServi - Clearing previous game
21:57:54.871 [JavaFX Application Thread] DEBUG GameScene            - Clearing game scene
21:57:54.871 [JavaFX Application Thread] DEBUG GameWorld            - Clearing game world
21:57:54.872 [JavaFX Application Thread] DEBUG PhysicsWorld         - Clearing physics world
21:57:54.872 [FXGL Background Thread 2 ] DEBUG FXGLApplication      - Initializing game
21:57:54.872 [FXGL Background Thread 2 ] DEBUG FXGLAssetLoaderServi - Loading JSON from: file:/C:/Users/Nick/IdeaProjects/Tower_Defense/target/classes/assets/towers/tower1.json
21:57:54.873 [FXGL Background Thread 2 ] DEBUG FXGLAssetLoaderServi - Loading JSON from: file:/C:/Users/Nick/IdeaProjects/Tower_Defense/target/classes/assets/towers/tower2.json
21:57:54.873 [FXGL Background Thread 2 ] DEBUG FXGLAssetLoaderServi - Loading JSON from: file:/C:/Users/Nick/IdeaProjects/Tower_Defense/target/classes/assets/towers/tower3.json
21:57:54.874 [FXGL Background Thread 2 ] DEBUG FXGLAssetLoaderServi - Loading JSON from: file:/C:/Users/Nick/IdeaProjects/Tower_Defense/target/classes/assets/levels/level1.json
21:57:54.874 [FXGL Background Thread 2 ] DEBUG FXGLAssetLoaderServi - Loading JSON from: file:/C:/Users/Nick/IdeaProjects/Tower_Defense/target/classes/assets/levels/level2.json
21:57:54.875 [FXGL Background Thread 2 ] DEBUG FXGLAssetLoaderServi - Loading JSON from: file:/C:/Users/Nick/IdeaProjects/Tower_Defense/target/classes/assets/levels/level3.json
21:57:54.876 [FXGL Background Thread 2 ] DEBUG FXGLAssetLoaderServi - Loading JSON from: file:/C:/Users/Nick/IdeaProjects/Tower_Defense/target/classes/assets/enemies/enemy1.json
21:57:54.877 [FXGL Background Thread 2 ] DEBUG FXGLAssetLoaderServi - Loading JSON from: file:/C:/Users/Nick/IdeaProjects/Tower_Defense/target/classes/assets/enemies/enemy2.json
21:57:54.877 [FXGL Background Thread 2 ] DEBUG FXGLAssetLoaderServi - Loading JSON from: file:/C:/Users/Nick/IdeaProjects/Tower_Defense/target/classes/assets/enemies/enemy3.json
21:57:54.878 [FXGL Background Thread 2 ] INFO  FXGLApplication      - Game initialization took: 0.006 sec
21:57:54.879 [JavaFX Application Thread] DEBUG Input                - Clearing active input actions
21:57:54.881 [JavaFX Application Thread] DEBUG GameApplicationServi - Removing overlay from FXGLLoadingScene and adding to GameScene
21:57:54.881 [JavaFX Application Thread] DEBUG PrimaryStageWindow   - FXGLLoadingScene -> GameScene
21:57:55.994 [JavaFX Application Thread] DEBUG EventBus             - Firing event: com.theswagbois.towerdefense.event.IllegalTowerLocationEvent[source=javafx.event.Event$$Lambda$125/0x0000000800d48be8@560fe0ca]
21:57:55.994 [JavaFX Application Thread] DEBUG PrimaryStageWindow   - Push state: DialogSubScene
21:57:55.994 [JavaFX Application Thread] DEBUG Input                - Clearing active input actions
21:57:55.995 [JavaFX Application Thread] DEBUG GameApplicationServi - Removing overlay from GameScene and adding to DialogSubScene
21:57:55.995 [JavaFX Application Thread] DEBUG PrimaryStageWindow   - GameScene -> DialogSubScene
21:57:56.651 [JavaFX Application Thread] DEBUG PrimaryStageWindow   - Pop state: DialogSubScene
21:57:56.651 [JavaFX Application Thread] DEBUG Input                - Clearing active input actions
21:57:56.652 [JavaFX Application Thread] DEBUG GameApplicationServi - Removing overlay from DialogSubScene and adding to GameScene
21:57:56.652 [JavaFX Application Thread] DEBUG PrimaryStageWindow   - GameScene <- DialogSubScene
21:58:02.107 [JavaFX Application Thread] DEBUG EventBus             - Firing event: com.theswagbois.towerdefense.event.IllegalTowerLocationEvent[source=javafx.event.Event$$Lambda$125/0x0000000800d48be8@560fe0ca]
21:58:02.107 [JavaFX Application Thread] DEBUG PrimaryStageWindow   - Push state: DialogSubScene
21:58:02.107 [JavaFX Application Thread] DEBUG Input                - Clearing active input actions
21:58:02.107 [JavaFX Application Thread] DEBUG GameApplicationServi - Removing overlay from GameScene and adding to DialogSubScene
21:58:02.107 [JavaFX Application Thread] DEBUG PrimaryStageWindow   - GameScene -> DialogSubScene
21:58:02.856 [JavaFX Application Thread] DEBUG PrimaryStageWindow   - Pop state: DialogSubScene
21:58:02.856 [JavaFX Application Thread] DEBUG Input                - Clearing active input actions
21:58:02.856 [JavaFX Application Thread] DEBUG GameApplicationServi - Removing overlay from DialogSubScene and adding to GameScene
21:58:02.856 [JavaFX Application Thread] DEBUG PrimaryStageWindow   - GameScene <- DialogSubScene
21:58:03.687 [JavaFX Application Thread] DEBUG PrimaryStageWindow   - Push state: DialogSubScene
21:58:03.687 [JavaFX Application Thread] DEBUG Input                - Clearing active input actions
21:58:03.687 [JavaFX Application Thread] DEBUG GameApplicationServi - Removing overlay from GameScene and adding to DialogSubScene
21:58:03.687 [JavaFX Application Thread] DEBUG PrimaryStageWindow   - GameScene -> DialogSubScene
21:58:04.298 [JavaFX Application Thread] DEBUG PrimaryStageWindow   - Pop state: DialogSubScene
21:58:04.298 [JavaFX Application Thread] DEBUG Input                - Clearing active input actions
21:58:04.298 [JavaFX Application Thread] DEBUG GameApplicationServi - Removing overlay from DialogSubScene and adding to GameScene
21:58:04.298 [JavaFX Application Thread] DEBUG PrimaryStageWindow   - GameScene <- DialogSubScene
21:58:05.222 [JavaFX Application Thread] DEBUG EventBus             - Firing event: com.theswagbois.towerdefense.event.EnemyDamagedEvent[source=javafx.event.Event$$Lambda$125/0x0000000800d48be8@560fe0ca]
21:58:05.306 [JavaFX Application Thread] DEBUG EventBus             - Firing event: com.theswagbois.towerdefense.event.EnemyDamagedEvent[source=javafx.event.Event$$Lambda$125/0x0000000800d48be8@560fe0ca]
21:58:05.418 [JavaFX Application Thread] DEBUG EventBus             - Firing event: com.theswagbois.towerdefense.event.EnemyDamagedEvent[source=javafx.event.Event$$Lambda$125/0x0000000800d48be8@560fe0ca]
21:58:05.622 [JavaFX Application Thread] DEBUG EventBus             - Firing event: com.theswagbois.towerdefense.event.EnemyDamagedEvent[source=javafx.event.Event$$Lambda$125/0x0000000800d48be8@560fe0ca]
21:58:05.674 [JavaFX Application Thread] DEBUG EventBus             - Firing event: com.theswagbois.towerdefense.event.EnemyDamagedEvent[source=javafx.event.Event$$Lambda$125/0x0000000800d48be8@560fe0ca]
21:58:05.688 [JavaFX Application Thread] DEBUG EventBus             - Firing event: com.theswagbois.towerdefense.event.EnemyKilledEvent[source=javafx.event.Event$$Lambda$125/0x0000000800d48be8@560fe0ca]
21:58:05.689 [JavaFX Application Thread] DEBUG EventBus             - Firing event: com.theswagbois.towerdefense.event.EnemyDamagedEvent[source=javafx.event.Event$$Lambda$125/0x0000000800d48be8@560fe0ca]
21:58:05.701 [JavaFX Application Thread] DEBUG EventBus             - Firing event: com.theswagbois.towerdefense.event.EnemyDamagedEvent[source=javafx.event.Event$$Lambda$125/0x0000000800d48be8@560fe0ca]
21:58:05.718 [JavaFX Application Thread] DEBUG EventBus             - Firing event: com.theswagbois.towerdefense.event.EnemyKilledEvent[source=javafx.event.Event$$Lambda$125/0x0000000800d48be8@560fe0ca]
21:58:05.718 [JavaFX Application Thread] DEBUG EventBus             - Firing event: com.theswagbois.towerdefense.event.EnemyDamagedEvent[source=javafx.event.Event$$Lambda$125/0x0000000800d48be8@560fe0ca]
21:58:06.658 [JavaFX Application Thread] DEBUG EventBus             - Firing event: com.theswagbois.towerdefense.event.EnemyDamagedEvent[source=javafx.event.Event$$Lambda$125/0x0000000800d48be8@560fe0ca]
21:58:06.730 [JavaFX Application Thread] DEBUG EventBus             - Firing event: com.theswagbois.towerdefense.event.EnemyDamagedEvent[source=javafx.event.Event$$Lambda$125/0x0000000800d48be8@560fe0ca]
21:58:06.774 [JavaFX Application Thread] DEBUG EventBus             - Firing event: com.theswagbois.towerdefense.event.EnemyKilledEvent[source=javafx.event.Event$$Lambda$125/0x0000000800d48be8@560fe0ca]
21:58:06.775 [JavaFX Application Thread] DEBUG EventBus             - Firing event: com.theswagbois.towerdefense.event.EnemyDamagedEvent[source=javafx.event.Event$$Lambda$125/0x0000000800d48be8@560fe0ca]
21:58:07.857 [JavaFX Application Thread] DEBUG EventBus             - Firing event: com.theswagbois.towerdefense.event.EnemyDamagedEvent[source=javafx.event.Event$$Lambda$125/0x0000000800d48be8@560fe0ca]
21:58:07.944 [JavaFX Application Thread] DEBUG EventBus             - Firing event: com.theswagbois.towerdefense.event.EnemyDamagedEvent[source=javafx.event.Event$$Lambda$125/0x0000000800d48be8@560fe0ca]
21:58:08.010 [JavaFX Application Thread] DEBUG EventBus             - Firing event: com.theswagbois.towerdefense.event.EnemyDamagedEvent[source=javafx.event.Event$$Lambda$125/0x0000000800d48be8@560fe0ca]
21:58:08.059 [JavaFX Application Thread] DEBUG EventBus             - Firing event: com.theswagbois.towerdefense.event.EnemyDamagedEvent[source=javafx.event.Event$$Lambda$125/0x0000000800d48be8@560fe0ca]
21:58:08.227 [JavaFX Application Thread] DEBUG EventBus             - Firing event: com.theswagbois.towerdefense.event.EnemyDamagedEvent[source=javafx.event.Event$$Lambda$125/0x0000000800d48be8@560fe0ca]
21:58:08.726 [JavaFX Application Thread] DEBUG EventBus             - Firing event: com.theswagbois.towerdefense.event.EnemyKilledEvent[source=javafx.event.Event$$Lambda$125/0x0000000800d48be8@560fe0ca]
21:58:08.727 [JavaFX Application Thread] DEBUG EventBus             - Firing event: com.theswagbois.towerdefense.event.EnemyDamagedEvent[source=javafx.event.Event$$Lambda$125/0x0000000800d48be8@560fe0ca]
21:58:09.034 [JavaFX Application Thread] DEBUG EventBus             - Firing event: com.theswagbois.towerdefense.event.EnemyDamagedEvent[source=javafx.event.Event$$Lambda$125/0x0000000800d48be8@560fe0ca]
21:58:09.746 [JavaFX Application Thread] DEBUG EventBus             - Firing event: com.theswagbois.towerdefense.event.EnemyDamagedEvent[source=javafx.event.Event$$Lambda$125/0x0000000800d48be8@560fe0ca]
21:58:10.874 [JavaFX Application Thread] DEBUG EventBus             - Firing event: com.theswagbois.towerdefense.event.EnemyReachedMonumentEvent[source=javafx.event.Event$$Lambda$125/0x0000000800d48be8@560fe0ca]
21:58:10.990 [JavaFX Application Thread] DEBUG EventBus             - Firing event: com.theswagbois.towerdefense.event.EnemyDamagedEvent[source=javafx.event.Event$$Lambda$125/0x0000000800d48be8@560fe0ca]
21:58:11.123 [JavaFX Application Thread] DEBUG EventBus             - Firing event: com.theswagbois.towerdefense.event.EnemyKilledEvent[source=javafx.event.Event$$Lambda$125/0x0000000800d48be8@560fe0ca]
21:58:11.124 [JavaFX Application Thread] DEBUG EventBus             - Firing event: com.theswagbois.towerdefense.event.EnemyDamagedEvent[source=javafx.event.Event$$Lambda$125/0x0000000800d48be8@560fe0ca]
21:58:11.256 [JavaFX Application Thread] DEBUG EventBus             - Firing event: com.theswagbois.towerdefense.event.EnemyDamagedEvent[source=javafx.event.Event$$Lambda$125/0x0000000800d48be8@560fe0ca]
21:58:12.505 [JavaFX Application Thread] DEBUG EventBus             - Firing event: com.theswagbois.towerdefense.event.EnemyDamagedEvent[source=javafx.event.Event$$Lambda$125/0x0000000800d48be8@560fe0ca]
21:58:12.771 [JavaFX Application Thread] DEBUG EventBus             - Firing event: com.theswagbois.towerdefense.event.EnemyDamagedEvent[source=javafx.event.Event$$Lambda$125/0x0000000800d48be8@560fe0ca]
21:58:13.441 [JavaFX Application Thread] DEBUG EventBus             - Firing event: com.theswagbois.towerdefense.event.EnemyReachedMonumentEvent[source=javafx.event.Event$$Lambda$125/0x0000000800d48be8@560fe0ca]
21:58:13.537 [JavaFX Application Thread] DEBUG EventBus             - Firing event: com.theswagbois.towerdefense.event.EnemyKilledEvent[source=javafx.event.Event$$Lambda$125/0x0000000800d48be8@560fe0ca]
21:58:13.537 [JavaFX Application Thread] DEBUG EventBus             - Firing event: com.theswagbois.towerdefense.event.EnemyDamagedEvent[source=javafx.event.Event$$Lambda$125/0x0000000800d48be8@560fe0ca]
21:58:14.303 [JavaFX Application Thread] DEBUG EventBus             - Firing event: com.theswagbois.towerdefense.event.EnemyDamagedEvent[source=javafx.event.Event$$Lambda$125/0x0000000800d48be8@560fe0ca]
21:58:16.794 [JavaFX Application Thread] DEBUG EventBus             - Firing event: com.theswagbois.towerdefense.event.EnemyReachedMonumentEvent[source=javafx.event.Event$$Lambda$125/0x0000000800d48be8@560fe0ca]
21:58:16.862 [JavaFX Application Thread] DEBUG EventBus             - Firing event: com.theswagbois.towerdefense.event.EnemyDamagedEvent[source=javafx.event.Event$$Lambda$125/0x0000000800d48be8@560fe0ca]
21:58:16.999 [JavaFX Application Thread] DEBUG EventBus             - Firing event: com.theswagbois.towerdefense.event.EnemyDamagedEvent[source=javafx.event.Event$$Lambda$125/0x0000000800d48be8@560fe0ca]
21:58:17.162 [JavaFX Application Thread] DEBUG EventBus             - Firing event: com.theswagbois.towerdefense.event.EnemyDamagedEvent[source=javafx.event.Event$$Lambda$125/0x0000000800d48be8@560fe0ca]
21:58:18.089 [JavaFX Application Thread] DEBUG EventBus             - Firing event: com.theswagbois.towerdefense.event.EnemyReachedMonumentEvent[source=javafx.event.Event$$Lambda$125/0x0000000800d48be8@560fe0ca]
21:58:18.327 [JavaFX Application Thread] DEBUG EventBus             - Firing event: com.theswagbois.towerdefense.event.EnemyDamagedEvent[source=javafx.event.Event$$Lambda$125/0x0000000800d48be8@560fe0ca]
21:58:18.507 [JavaFX Application Thread] DEBUG EventBus             - Firing event: com.theswagbois.towerdefense.event.EnemyDamagedEvent[source=javafx.event.Event$$Lambda$125/0x0000000800d48be8@560fe0ca]
21:58:20.010 [JavaFX Application Thread] DEBUG EventBus             - Firing event: com.theswagbois.towerdefense.event.EnemyDamagedEvent[source=javafx.event.Event$$Lambda$125/0x0000000800d48be8@560fe0ca]
21:58:20.203 [JavaFX Application Thread] DEBUG EventBus             - Firing event: com.theswagbois.towerdefense.event.EnemyDamagedEvent[source=javafx.event.Event$$Lambda$125/0x0000000800d48be8@560fe0ca]
21:58:20.977 [JavaFX Application Thread] DEBUG EventBus             - Firing event: com.theswagbois.towerdefense.event.EnemyDamagedEvent[source=javafx.event.Event$$Lambda$125/0x0000000800d48be8@560fe0ca]
21:58:21.049 [JavaFX Application Thread] DEBUG EventBus             - Firing event: com.theswagbois.towerdefense.event.EnemyReachedMonumentEvent[source=javafx.event.Event$$Lambda$125/0x0000000800d48be8@560fe0ca]
21:58:21.336 [JavaFX Application Thread] DEBUG EventBus             - Firing event: com.theswagbois.towerdefense.event.EnemyDamagedEvent[source=javafx.event.Event$$Lambda$125/0x0000000800d48be8@560fe0ca]
21:58:21.547 [JavaFX Application Thread] DEBUG EventBus             - Firing event: com.theswagbois.towerdefense.event.EnemyDamagedEvent[source=javafx.event.Event$$Lambda$125/0x0000000800d48be8@560fe0ca]
21:58:22.056 [JavaFX Application Thread] DEBUG EventBus             - Firing event: com.theswagbois.towerdefense.event.EnemyDamagedEvent[source=javafx.event.Event$$Lambda$125/0x0000000800d48be8@560fe0ca]
21:58:22.234 [JavaFX Application Thread] DEBUG EventBus             - Firing event: com.theswagbois.towerdefense.event.EnemyReachedMonumentEvent[source=javafx.event.Event$$Lambda$125/0x0000000800d48be8@560fe0ca]
21:58:22.266 [JavaFX Application Thread] DEBUG EventBus             - Firing event: com.theswagbois.towerdefense.event.EnemyDamagedEvent[source=javafx.event.Event$$Lambda$125/0x0000000800d48be8@560fe0ca]
21:58:22.838 [JavaFX Application Thread] DEBUG EventBus             - Firing event: com.theswagbois.towerdefense.event.EnemyDamagedEvent[source=javafx.event.Event$$Lambda$125/0x0000000800d48be8@560fe0ca]
21:58:22.975 [JavaFX Application Thread] DEBUG EventBus             - Firing event: com.theswagbois.towerdefense.event.EnemyDamagedEvent[source=javafx.event.Event$$Lambda$125/0x0000000800d48be8@560fe0ca]
21:58:23.699 [JavaFX Application Thread] DEBUG EventBus             - Firing event: com.theswagbois.towerdefense.event.EnemyReachedMonumentEvent[source=javafx.event.Event$$Lambda$125/0x0000000800d48be8@560fe0ca]
21:58:24.569 [JavaFX Application Thread] DEBUG EventBus             - Firing event: com.theswagbois.towerdefense.event.EnemyDamagedEvent[source=javafx.event.Event$$Lambda$125/0x0000000800d48be8@560fe0ca]
21:58:24.706 [JavaFX Application Thread] DEBUG EventBus             - Firing event: com.theswagbois.towerdefense.event.EnemyKilledEvent[source=javafx.event.Event$$Lambda$125/0x0000000800d48be8@560fe0ca]
21:58:24.706 [JavaFX Application Thread] DEBUG EventBus             - Firing event: com.theswagbois.towerdefense.event.EnemyDamagedEvent[source=javafx.event.Event$$Lambda$125/0x0000000800d48be8@560fe0ca]
21:58:25.482 [JavaFX Application Thread] DEBUG EventBus             - Firing event: com.theswagbois.towerdefense.event.EnemyDamagedEvent[source=javafx.event.Event$$Lambda$125/0x0000000800d48be8@560fe0ca]
21:58:25.975 [JavaFX Application Thread] DEBUG EventBus             - Firing event: com.theswagbois.towerdefense.event.EnemyDamagedEvent[source=javafx.event.Event$$Lambda$125/0x0000000800d48be8@560fe0ca]
21:58:26.562 [JavaFX Application Thread] DEBUG EventBus             - Firing event: com.theswagbois.towerdefense.event.EnemyDamagedEvent[source=javafx.event.Event$$Lambda$125/0x0000000800d48be8@560fe0ca]
21:58:26.704 [JavaFX Application Thread] DEBUG EventBus             - Firing event: com.theswagbois.towerdefense.event.EnemyReachedMonumentEvent[source=javafx.event.Event$$Lambda$125/0x0000000800d48be8@560fe0ca]
21:58:26.787 [JavaFX Application Thread] DEBUG EventBus             - Firing event: com.theswagbois.towerdefense.event.EnemyDamagedEvent[source=javafx.event.Event$$Lambda$125/0x0000000800d48be8@560fe0ca]
21:58:27.345 [JavaFX Application Thread] DEBUG EventBus             - Firing event: com.theswagbois.towerdefense.event.EnemyDamagedEvent[source=javafx.event.Event$$Lambda$125/0x0000000800d48be8@560fe0ca]
21:58:27.482 [JavaFX Application Thread] DEBUG EventBus             - Firing event: com.theswagbois.towerdefense.event.EnemyDamagedEvent[source=javafx.event.Event$$Lambda$125/0x0000000800d48be8@560fe0ca]
21:58:27.557 [JavaFX Application Thread] DEBUG EventBus             - Firing event: com.theswagbois.towerdefense.event.EnemyDamagedEvent[source=javafx.event.Event$$Lambda$125/0x0000000800d48be8@560fe0ca]
21:58:27.864 [JavaFX Application Thread] DEBUG EventBus             - Firing event: com.theswagbois.towerdefense.event.EnemyDamagedEvent[source=javafx.event.Event$$Lambda$125/0x0000000800d48be8@560fe0ca]
21:58:28.206 [JavaFX Application Thread] DEBUG EventBus             - Firing event: com.theswagbois.towerdefense.event.EnemyReachedMonumentEvent[source=javafx.event.Event$$Lambda$125/0x0000000800d48be8@560fe0ca]
21:58:28.442 [JavaFX Application Thread] DEBUG EventBus             - Firing event: com.theswagbois.towerdefense.event.EnemyReachedMonumentEvent[source=javafx.event.Event$$Lambda$125/0x0000000800d48be8@560fe0ca]
21:58:29.030 [JavaFX Application Thread] DEBUG EventBus             - Firing event: com.theswagbois.towerdefense.event.EnemyDamagedEvent[source=javafx.event.Event$$Lambda$125/0x0000000800d48be8@560fe0ca]
21:58:29.234 [JavaFX Application Thread] DEBUG EventBus             - Firing event: com.theswagbois.towerdefense.event.EnemyKilledEvent[source=javafx.event.Event$$Lambda$125/0x0000000800d48be8@560fe0ca]
21:58:29.234 [JavaFX Application Thread] DEBUG EventBus             - Firing event: com.theswagbois.towerdefense.event.EnemyDamagedEvent[source=javafx.event.Event$$Lambda$125/0x0000000800d48be8@560fe0ca]
21:58:30.399 [JavaFX Application Thread] DEBUG EventBus             - Firing event: com.theswagbois.towerdefense.event.EnemyDamagedEvent[source=javafx.event.Event$$Lambda$125/0x0000000800d48be8@560fe0ca]
21:58:30.524 [JavaFX Application Thread] DEBUG FXGLApplication      - Exiting FXGL
21:58:30.524 [JavaFX Application Thread] DEBUG LoopRunner           - Stopping loop
21:58:30.524 [JavaFX Application Thread] DEBUG SystemBundleService  - Saving FXGL system data
21:58:30.526 [JavaFX Application Thread] DEBUG FileSystemAccess     - Writing to: C:\Users\Nick\IdeaProjects\Tower_Defense\system\fxgl.bundle
21:58:30.527 [JavaFX Application Thread] DEBUG Async                - Shutting down background threads
21:58:30.527 [JavaFX Application Thread] DEBUG PrimaryStageWindow   - Closing main window
21:58:30.536 [JavaFX Application Thread] DEBUG Logger               - Closing Logger
