18:29:48.599 [main                     ] DEBUG Logger               - Configured Logger
18:29:48.608 [main                     ] DEBUG GameApplication      - Logging settings
Title: Tower Defense
Version: 0.0
Width: 600
Height: 400
Fullscreen: false
Intro: false
Profiling: false
Single step:false
App Mode: DEVELOPER
Menu Key: ESCAPE
Stage Style: DECORATED
Scene Factory: class com.almasb.fxgl.app.scene.SceneFactory

18:29:49.185 [JavaFX Application Thread] DEBUG FXGLApplication      - Initializing FXGL
18:29:49.188 [JavaFX Application Thread] INFO  Engine               - FXGL-11.17 (16.07.2021 15.46) on MAC (J:16.0.2 FX:16)
18:29:49.188 [JavaFX Application Thread] DEBUG Engine               - JRE Vendor Name: Amazon.com Inc.
18:29:49.188 [JavaFX Application Thread] DEBUG Engine               - Running on OS: Mac OS X version 10.14.6
18:29:49.188 [JavaFX Application Thread] DEBUG Engine               - Architecture: x86_64
18:29:49.189 [JavaFX Application Thread] INFO  Engine               - Source code and latest versions at: https://github.com/AlmasB/FXGL
18:29:49.189 [JavaFX Application Thread] INFO  Engine               -              Join the FXGL chat at: https://gitter.im/AlmasB/FXGL
18:29:49.346 [JavaFX Application Thread] DEBUG PrimaryStageWindow   - Creating a JavaFX scene
18:29:49.395 [JavaFX Application Thread] DEBUG PrimaryStageWindow   - Target settings size: 600.0 x 400.0
18:29:49.396 [JavaFX Application Thread] DEBUG PrimaryStageWindow   - Scaled scene size:    600.0 x 400.0
18:29:49.396 [JavaFX Application Thread] DEBUG PrimaryStageWindow   - Scaled ratio: (1.0, 1.0)
18:29:49.397 [JavaFX Application Thread] DEBUG PrimaryStageWindow   - Set initial scene to FXGLStartupScene
18:29:49.405 [JavaFX Application Thread] DEBUG PrimaryStageWindow   - Opening main window
18:29:49.508 [JavaFX Application Thread] DEBUG PrimaryStageWindow   - Window border size: (0.0, 22.0)
18:29:49.508 [JavaFX Application Thread] DEBUG PrimaryStageWindow   - Scaled size: 600.0 x 400.0
18:29:49.508 [JavaFX Application Thread] DEBUG PrimaryStageWindow   - Scaled ratio: (1.0, 1.0)
18:29:49.509 [JavaFX Application Thread] DEBUG PrimaryStageWindow   - Scene size: 600.0 x 400.0
18:29:49.509 [JavaFX Application Thread] DEBUG PrimaryStageWindow   - Stage size: 600.0 x 422.0
18:29:49.517 [FXGL Background Thread 1 ] DEBUG Engine               - Initializing environment variables
18:29:49.574 [FXGL Background Thread 1 ] DEBUG FXGLAssetLoaderServi - User app class for loading assets: class MainApplication
18:29:49.575 [FXGL Background Thread 1 ] DEBUG GameApplicationServi - Applying CSS: fxgl_dark.css
18:29:49.577 [FXGL Background Thread 1 ] DEBUG FXGLAssetLoaderServi - Loading from file system: jar:file:/Users/nicholashulston/.m2/repository/com/github/almasb/fxgl/11.17/fxgl-11.17.jar!/fxglassets/ui/css/fxgl_dark.css
18:29:49.734 [FXGL Background Thread 1 ] DEBUG GameApplicationServi - Initializing application scenes
18:29:50.803 [FXGL Background Thread 1 ] DEBUG GameWorld            - Game world initialized
18:29:50.919 [FXGL Background Thread 1 ] DEBUG PhysicsWorld         - Physics world initialized: appHeight=400, physics.ppm=50.0
18:29:50.919 [FXGL Background Thread 1 ] DEBUG PhysicsWorld         - Using strategy: BRUTE_FORCE
18:29:50.925 [FXGL Background Thread 1 ] DEBUG GameScene            - Game scene initialized: 600x400
18:29:50.948 [FXGL Background Thread 1 ] WARN  FXGL.DefaultMenu     - FXGLDefaultMenu is not designed for resolutions < 800x600
18:29:50.948 [FXGL Background Thread 1 ] DEBUG FXGL.DefaultMenu     - createMenuBodyGameMenu()
18:29:50.982 [FXGL Background Thread 1 ] DEBUG FXGL.DefaultMenu     - createOptionsMenu()
18:29:51.006 [FXGL Background Thread 1 ] DEBUG FXGLAssetLoaderServi - Loading from file system: jar:file:/Users/nicholashulston/.m2/repository/com/github/almasb/fxgl/11.17/fxgl-11.17.jar!/fxglassets/textures/particles/smoke.png
18:29:51.268 [FXGL Background Thread 1 ] DEBUG FXGLAssetLoaderServi - Loading from file system: jar:file:/Users/nicholashulston/.m2/repository/com/github/almasb/fxgl/11.17/fxgl-11.17.jar!/fxglassets/textures/particles/trace_horizontal.png
18:29:51.378 [FXGL Background Thread 1 ] DEBUG GameApplicationServi - Application scenes initialized
18:29:51.411 [FXGL Background Thread 1 ] DEBUG SystemBundleService  - Loading FXGL system data
18:29:51.420 [FXGL Background Thread 1 ] DEBUG FileSystemAccess     - Reading from: /Users/nicholashulston/IdeaProjects/Tower_Defense2/system/fxgl.bundle
18:29:51.438 [FXGL Background Thread 1 ] DEBUG SystemBundleService  - Bundle FXGL: {}
18:29:51.438 [FXGL Background Thread 1 ] DEBUG UpdaterService       - Checking for updates
18:29:51.448 [FXGL Background Thread 4 ] DEBUG FXGLApplication      - Loading fonts
18:29:51.449 [FXGL Background Thread 4 ] DEBUG FXGLAssetLoaderServi - Loading from file system: jar:file:/Users/nicholashulston/.m2/repository/com/github/almasb/fxgl/11.17/fxgl-11.17.jar!/fxglassets/ui/fonts/VarelaRound-Regular.ttf
18:29:51.454 [FXGL Background Thread 1 ] DEBUG FXGLApplication      - Loading default localization
18:29:51.456 [FXGL Background Thread 1 ] DEBUG FXGLAssetLoaderServi - Loading from file system: jar:file:/Users/nicholashulston/.m2/repository/com/github/almasb/fxgl/11.17/fxgl-11.17.jar!/fxglassets/languages/english.lang
18:29:51.482 [FXGL Background Thread 4 ] DEBUG FXGLAssetLoaderServi - Loading from file system: jar:file:/Users/nicholashulston/.m2/repository/com/github/almasb/fxgl/11.17/fxgl-11.17.jar!/fxglassets/ui/fonts/Abel-Regular.ttf
18:29:51.489 [FXGL Background Thread 4 ] DEBUG FXGLAssetLoaderServi - Loading from file system: jar:file:/Users/nicholashulston/.m2/repository/com/github/almasb/fxgl/11.17/fxgl-11.17.jar!/fxglassets/ui/fonts/lucida_console.ttf
18:29:51.498 [FXGL Background Thread 4 ] DEBUG FXGLAssetLoaderServi - Loading from file system: jar:file:/Users/nicholashulston/.m2/repository/com/github/almasb/fxgl/11.17/fxgl-11.17.jar!/fxglassets/ui/fonts/Courier-Prime.ttf
18:29:51.510 [JavaFX Application Thread] DEBUG FXGLApplication      - Registering font factories with UI factory
18:29:51.531 [FXGL Background Thread 1 ] INFO  FXGLApplication      - FXGL initialization took: 2.014 sec
18:29:51.556 [JavaFX Application Thread] DEBUG Input                - Registered new binding: action0 - F
18:29:51.557 [JavaFX Application Thread] DEBUG FXGLAssetLoaderServi - Loading from file system: jar:file:/Users/nicholashulston/.m2/repository/com/github/almasb/fxgl/11.17/fxgl-11.17.jar!/fxglassets/textures/fxgl_icon.png
18:29:51.642 [JavaFX Application Thread] DEBUG FXGLAssetLoaderServi - Loading from file system: jar:file:/Users/nicholashulston/.m2/repository/com/github/almasb/fxgl/11.17/fxgl-11.17.jar!/fxglassets/textures/fxgl_default_cursor.png
18:29:51.646 [JavaFX Application Thread] DEBUG Input                - Registered new binding: Screenshot - CTRL+8
18:29:51.647 [JavaFX Application Thread] DEBUG Input                - Registered new binding: System info dump - CTRL+9
18:29:51.648 [JavaFX Application Thread] DEBUG Input                - Registered new binding: Restart - CTRL+R
18:29:51.650 [JavaFX Application Thread] DEBUG Input                - Registered new binding: Toggle Debug Camera - CTRL+C
18:29:51.654 [JavaFX Application Thread] DEBUG LoopRunner           - Starting loop
18:29:51.655 [JavaFX Application Thread] DEBUG LoopRunner           - Initializing JavaFX AnimationTimerLoop
18:29:51.658 [JavaFX Application Thread] DEBUG GameApplicationServi - Starting new game
18:29:51.666 [JavaFX Application Thread] DEBUG Input                - Clearing active input actions
18:29:51.697 [JavaFX Application Thread] DEBUG GameApplicationServi - Removing overlay from FXGLStartupScene and adding to FXGLLoadingScene
18:29:51.698 [JavaFX Application Thread] DEBUG PrimaryStageWindow   - FXGLStartupScene -> FXGLLoadingScene
18:29:51.698 [JavaFX Application Thread] DEBUG GameApplicationServi - Clearing previous game
18:29:51.698 [JavaFX Application Thread] DEBUG GameScene            - Clearing game scene
18:29:51.699 [JavaFX Application Thread] DEBUG GameWorld            - Clearing game world
18:29:51.699 [JavaFX Application Thread] DEBUG PhysicsWorld         - Clearing physics world
18:29:51.702 [FXGL Background Thread 1 ] DEBUG FXGLApplication      - Initializing game
18:29:51.721 [FXGL Background Thread 1 ] INFO  FXGLApplication      - Game initialization took: 0.018 sec
18:29:51.797 [JavaFX Application Thread] DEBUG Input                - Clearing active input actions
18:29:51.850 [JavaFX Application Thread] DEBUG GameApplicationServi - Removing overlay from FXGLLoadingScene and adding to GameScene
18:29:51.851 [JavaFX Application Thread] DEBUG PrimaryStageWindow   - FXGLLoadingScene -> GameScene
18:29:53.059 [JavaFX Application Thread] WARN  FXGLAssetLoaderServi - Asset "/assets/textures/brick.png" was not found!
18:29:53.059 [JavaFX Application Thread] WARN  FXGLAssetLoaderServi - Failed to load IMAGE
18:29:53.111 [JavaFX Application Thread] WARN  FXGLAssetLoaderServi - Asset "/assets/textures/brick.png" was not found!
18:29:53.112 [JavaFX Application Thread] WARN  FXGLAssetLoaderServi - Failed to load IMAGE
18:29:54.040 [JavaFX Application Thread] WARN  FXGLAssetLoaderServi - Asset "/assets/textures/brick.png" was not found!
18:29:54.040 [JavaFX Application Thread] WARN  FXGLAssetLoaderServi - Failed to load IMAGE
18:29:54.047 [JavaFX Application Thread] WARN  FXGLAssetLoaderServi - Asset "/assets/textures/brick.png" was not found!
18:29:54.048 [JavaFX Application Thread] WARN  FXGLAssetLoaderServi - Failed to load IMAGE
18:29:54.446 [FXGL Background Thread 3 ] DEBUG Engine               - Logging environment variables
18:29:54.447 [FXGL Background Thread 3 ] DEBUG Engine               - achievements: []
18:29:54.448 [FXGL Background Thread 3 ] DEBUG Engine               - actualHeight: 400.0
18:29:54.448 [FXGL Background Thread 3 ] DEBUG Engine               - actualHeightProperty: ReadOnlyDoubleProperty [value: 400.0]
18:29:54.449 [FXGL Background Thread 3 ] DEBUG Engine               - actualWidth: 600.0
18:29:54.449 [FXGL Background Thread 3 ] DEBUG Engine               - actualWidthProperty: ReadOnlyDoubleProperty [value: 600.0]
18:29:54.449 [FXGL Background Thread 3 ] DEBUG Engine               - appIcon: fxgl_icon.png
18:29:54.450 [FXGL Background Thread 3 ] DEBUG Engine               - applicationMode: DEVELOPER
18:29:54.450 [FXGL Background Thread 3 ] DEBUG Engine               - cSSList: [fxgl_dark.css]
18:29:54.450 [FXGL Background Thread 3 ] DEBUG Engine               - collisionDetectionStrategy: BRUTE_FORCE
18:29:54.451 [FXGL Background Thread 3 ] DEBUG Engine               - configClass: Optional.empty
18:29:54.451 [FXGL Background Thread 3 ] DEBUG Engine               - credits: []
18:29:54.451 [FXGL Background Thread 3 ] DEBUG Engine               - defaultCursor: CursorInfo(imageName=fxgl_default_cursor.png, hotspotX=7.0, hotspotY=6.0)
18:29:54.452 [FXGL Background Thread 3 ] DEBUG Engine               - devBBoxColorProperty: ObjectProperty [value: 0xff0000ff]
18:29:54.452 [FXGL Background Thread 3 ] DEBUG Engine               - devEnableDebugCameraProperty: BooleanProperty [value: false]
18:29:54.453 [FXGL Background Thread 3 ] DEBUG Engine               - devSensorColorProperty: ObjectProperty [value: 0xffff00ff]
18:29:54.453 [FXGL Background Thread 3 ] DEBUG Engine               - devShowBBoxProperty: BooleanProperty [value: false]
18:29:54.453 [FXGL Background Thread 3 ] DEBUG Engine               - devShowPositionProperty: BooleanProperty [value: false]
18:29:54.453 [FXGL Background Thread 3 ] DEBUG Engine               - enabledMenuItems: []
18:29:54.454 [FXGL Background Thread 3 ] DEBUG Engine               - engineServices: [class com.almasb.fxgl.app.services.FXGLAssetLoaderService, class com.almasb.fxgl.app.FXGLApplication$GameApplicationService, class com.almasb.fxgl.app.services.FXGLDialogService, class com.almasb.fxgl.app.services.IOTaskExecutorService, class com.almasb.fxgl.io.FileSystemService, class com.almasb.fxgl.localization.LocalizationService, class com.almasb.fxgl.app.services.SystemBundleService, class com.almasb.fxgl.profile.SaveLoadService, class com.almasb.fxgl.ui.FXGLUIFactoryServiceProvider, class com.almasb.fxgl.ui.FXGLDialogFactoryServiceProvider, class com.almasb.fxgl.audio.AudioPlayer, class com.almasb.fxgl.notification.impl.NotificationServiceProvider, class com.almasb.fxgl.achievement.AchievementService, class com.almasb.fxgl.cutscene.CutsceneService, class com.almasb.fxgl.minigames.MiniGameService, class com.almasb.fxgl.net.NetService, class com.almasb.fxgl.app.services.UpdaterService, class com.almasb.fxgl.dev.DevService]
18:29:54.454 [FXGL Background Thread 3 ] DEBUG Engine               - fontGame: Abel-Regular.ttf
18:29:54.455 [FXGL Background Thread 3 ] DEBUG Engine               - fontMono: lucida_console.ttf
18:29:54.455 [FXGL Background Thread 3 ] DEBUG Engine               - fontText: Courier-Prime.ttf
18:29:54.456 [FXGL Background Thread 3 ] DEBUG Engine               - fontUI: VarelaRound-Regular.ttf
18:29:54.456 [FXGL Background Thread 3 ] DEBUG Engine               - fullScreen: BooleanProperty [value: false]
18:29:54.456 [FXGL Background Thread 3 ] DEBUG Engine               - gameDifficulty: MEDIUM
18:29:54.457 [FXGL Background Thread 3 ] DEBUG Engine               - gameDifficultyProperty: ObjectProperty [value: MEDIUM]
18:29:54.457 [FXGL Background Thread 3 ] DEBUG Engine               - globalMusicVolume: 0.5
18:29:54.458 [FXGL Background Thread 3 ] DEBUG Engine               - globalMusicVolumeProperty: DoubleProperty [value: 0.5]
18:29:54.458 [FXGL Background Thread 3 ] DEBUG Engine               - globalSoundVolume: 0.5
18:29:54.458 [FXGL Background Thread 3 ] DEBUG Engine               - globalSoundVolumeProperty: DoubleProperty [value: 0.5]
18:29:54.459 [FXGL Background Thread 3 ] DEBUG Engine               - height: 400
18:29:54.460 [FXGL Background Thread 3 ] DEBUG Engine               - is3D: false
18:29:54.461 [FXGL Background Thread 3 ] DEBUG Engine               - isAndroid: false
18:29:54.461 [FXGL Background Thread 3 ] DEBUG Engine               - isBrowser: false
18:29:54.461 [FXGL Background Thread 3 ] DEBUG Engine               - isClickFeedbackEnabled: false
18:29:54.461 [FXGL Background Thread 3 ] DEBUG Engine               - isCloseConfirmation: false
18:29:54.462 [FXGL Background Thread 3 ] DEBUG Engine               - isDesktop: true
18:29:54.462 [FXGL Background Thread 3 ] DEBUG Engine               - isDeveloperMenuEnabled: false
18:29:54.462 [FXGL Background Thread 3 ] DEBUG Engine               - isEntityPreloadEnabled: true
18:29:54.463 [FXGL Background Thread 3 ] DEBUG Engine               - isExperimentalTiledLargeMap: false
18:29:54.463 [FXGL Background Thread 3 ] DEBUG Engine               - isFileSystemWriteAllowed: true
18:29:54.463 [FXGL Background Thread 3 ] DEBUG Engine               - isFullScreenAllowed: false
18:29:54.463 [FXGL Background Thread 3 ] DEBUG Engine               - isFullScreenFromStart: false
18:29:54.463 [FXGL Background Thread 3 ] DEBUG Engine               - isGameMenuEnabled: true
18:29:54.464 [FXGL Background Thread 3 ] DEBUG Engine               - isIOS: false
18:29:54.464 [FXGL Background Thread 3 ] DEBUG Engine               - isIntroEnabled: false
18:29:54.464 [FXGL Background Thread 3 ] DEBUG Engine               - isLinux: false
18:29:54.465 [FXGL Background Thread 3 ] DEBUG Engine               - isMac: true
18:29:54.465 [FXGL Background Thread 3 ] DEBUG Engine               - isMainMenuEnabled: false
18:29:54.465 [FXGL Background Thread 3 ] DEBUG Engine               - isManualResizeEnabled: false
18:29:54.466 [FXGL Background Thread 3 ] DEBUG Engine               - isMobile: false
18:29:54.466 [FXGL Background Thread 3 ] DEBUG Engine               - isNative: false
18:29:54.466 [FXGL Background Thread 3 ] DEBUG Engine               - isPauseMusicWhenMinimized: true
18:29:54.467 [FXGL Background Thread 3 ] DEBUG Engine               - isPreserveResizeRatio: false
18:29:54.468 [FXGL Background Thread 3 ] DEBUG Engine               - isProfilingEnabled: false
18:29:54.468 [FXGL Background Thread 3 ] DEBUG Engine               - isScaleAffectedOnResize: true
18:29:54.468 [FXGL Background Thread 3 ] DEBUG Engine               - isSingleStep: false
18:29:54.468 [FXGL Background Thread 3 ] DEBUG Engine               - isUserProfileEnabled: false
18:29:54.469 [FXGL Background Thread 3 ] DEBUG Engine               - isWindows: false
18:29:54.469 [FXGL Background Thread 3 ] DEBUG Engine               - language: ObjectProperty [value: ENGLISH]
18:29:54.469 [FXGL Background Thread 3 ] DEBUG Engine               - menuKey: ESCAPE
18:29:54.469 [FXGL Background Thread 3 ] DEBUG Engine               - mouseSensitivity: 0.2
18:29:54.470 [FXGL Background Thread 3 ] DEBUG Engine               - notificationViewClass: class com.almasb.fxgl.notification.view.XboxNotificationView
18:29:54.470 [FXGL Background Thread 3 ] DEBUG Engine               - pixelsPerMeter: 50.0
18:29:54.470 [FXGL Background Thread 3 ] DEBUG Engine               - platform: MAC
18:29:54.471 [FXGL Background Thread 3 ] DEBUG Engine               - prefHeightProperty: ReadOnlyDoubleProperty [value: 400.0]
18:29:54.471 [FXGL Background Thread 3 ] DEBUG Engine               - prefWidthProperty: ReadOnlyDoubleProperty [value: 600.0]
18:29:54.471 [FXGL Background Thread 3 ] DEBUG Engine               - profileDir: profiles/
18:29:54.471 [FXGL Background Thread 3 ] DEBUG Engine               - profileName: StringProperty [value: DEFAULT]
18:29:54.472 [FXGL Background Thread 3 ] DEBUG Engine               - randomSeed: -1
18:29:54.472 [FXGL Background Thread 3 ] DEBUG Engine               - runtimeInfo: RuntimeInfo(platform=MAC, version=11.17, build=16.07.2021 15.46)
18:29:54.472 [FXGL Background Thread 3 ] DEBUG Engine               - saveFileExt: sav
18:29:54.472 [FXGL Background Thread 3 ] DEBUG Engine               - scaledHeightProp$fxgl: DoubleProperty [bound, value: 400.0]
18:29:54.472 [FXGL Background Thread 3 ] DEBUG Engine               - scaledWidthProp$fxgl: DoubleProperty [bound, value: 600.0]
18:29:54.473 [FXGL Background Thread 3 ] DEBUG Engine               - sceneFactory: com.almasb.fxgl.app.scene.SceneFactory@45521b56
18:29:54.473 [FXGL Background Thread 3 ] DEBUG Engine               - secondsIn24h: 60
18:29:54.473 [FXGL Background Thread 3 ] DEBUG Engine               - soundMenuBack: menu/back.wav
18:29:54.473 [FXGL Background Thread 3 ] DEBUG Engine               - soundMenuPress: menu/press.wav
18:29:54.473 [FXGL Background Thread 3 ] DEBUG Engine               - soundMenuSelect: menu/select.wav
18:29:54.474 [FXGL Background Thread 3 ] DEBUG Engine               - soundNotification: core/notification.wav
18:29:54.474 [FXGL Background Thread 3 ] DEBUG Engine               - stageStyle: DECORATED
18:29:54.474 [FXGL Background Thread 3 ] DEBUG Engine               - supportedLanguages: [ENGLISH, FRENCH, GERMAN, HUNGARIAN, RUSSIAN]
18:29:54.475 [FXGL Background Thread 3 ] DEBUG Engine               - ticksPerSecond: -1
18:29:54.475 [FXGL Background Thread 3 ] DEBUG Engine               - title: Tower Defense
18:29:54.475 [FXGL Background Thread 3 ] DEBUG Engine               - urlGithub: https://github.com/AlmasB/FXGL
18:29:54.476 [FXGL Background Thread 3 ] DEBUG Engine               - urlLeaderboard: http://fxgl-top.herokuapp.com/
18:29:54.476 [FXGL Background Thread 3 ] DEBUG Engine               - urlPOM: https://raw.githubusercontent.com/AlmasB/FXGL/release/README.md
18:29:54.477 [FXGL Background Thread 3 ] DEBUG Engine               - userAppClass: class MainApplication
18:29:54.478 [FXGL Background Thread 3 ] DEBUG Engine               - version: 0.0
18:29:54.478 [FXGL Background Thread 3 ] DEBUG Engine               - versionCheckDays: 7
18:29:54.478 [FXGL Background Thread 3 ] DEBUG Engine               - width: 600
18:29:54.479 [FXGL Background Thread 3 ] DEBUG Engine               - Logging services
18:29:54.479 [FXGL Background Thread 3 ] DEBUG Engine               - class com.almasb.fxgl.app.services.FXGLAssetLoaderService
18:29:54.479 [FXGL Background Thread 3 ] DEBUG Engine               - class com.almasb.fxgl.app.FXGLApplication$GameApplicationService
18:29:54.480 [FXGL Background Thread 3 ] DEBUG Engine               - class com.almasb.fxgl.app.services.FXGLDialogService
18:29:54.480 [FXGL Background Thread 3 ] DEBUG Engine               - class com.almasb.fxgl.app.services.IOTaskExecutorService
18:29:54.480 [FXGL Background Thread 3 ] DEBUG Engine               - class com.almasb.fxgl.io.FileSystemService
18:29:54.481 [FXGL Background Thread 3 ] DEBUG Engine               - class com.almasb.fxgl.localization.LocalizationService
18:29:54.481 [FXGL Background Thread 3 ] DEBUG Engine               - class com.almasb.fxgl.app.services.SystemBundleService
18:29:54.481 [FXGL Background Thread 3 ] DEBUG Engine               - class com.almasb.fxgl.profile.SaveLoadService
18:29:54.481 [FXGL Background Thread 3 ] DEBUG Engine               - class com.almasb.fxgl.ui.FXGLUIFactoryServiceProvider
18:29:54.481 [FXGL Background Thread 3 ] DEBUG Engine               - class com.almasb.fxgl.ui.FXGLDialogFactoryServiceProvider
18:29:54.482 [FXGL Background Thread 3 ] DEBUG Engine               - class com.almasb.fxgl.audio.AudioPlayer
18:29:54.482 [FXGL Background Thread 3 ] DEBUG Engine               - class com.almasb.fxgl.notification.impl.NotificationServiceProvider
18:29:54.482 [FXGL Background Thread 3 ] DEBUG Engine               - class com.almasb.fxgl.achievement.AchievementService
18:29:54.482 [FXGL Background Thread 3 ] DEBUG Engine               - class com.almasb.fxgl.cutscene.CutsceneService
18:29:54.482 [FXGL Background Thread 3 ] DEBUG Engine               - class com.almasb.fxgl.minigames.MiniGameService
18:29:54.482 [FXGL Background Thread 3 ] DEBUG Engine               - class com.almasb.fxgl.net.NetService
18:29:54.483 [FXGL Background Thread 3 ] DEBUG Engine               - class com.almasb.fxgl.app.services.UpdaterService
18:29:54.483 [FXGL Background Thread 3 ] DEBUG Engine               - class com.almasb.fxgl.dev.DevService
18:29:54.602 [JavaFX Application Thread] DEBUG FXGLApplication      - Exiting FXGL
18:29:54.602 [JavaFX Application Thread] DEBUG LoopRunner           - Stopping loop
18:29:54.602 [JavaFX Application Thread] DEBUG SystemBundleService  - Saving FXGL system data
18:29:54.605 [JavaFX Application Thread] DEBUG FileSystemAccess     - Writing to: /Users/nicholashulston/IdeaProjects/Tower_Defense2/system/fxgl.bundle
18:29:54.608 [JavaFX Application Thread] DEBUG Async                - Shutting down background threads
18:29:54.609 [JavaFX Application Thread] DEBUG PrimaryStageWindow   - Closing main window
18:29:54.621 [JavaFX Application Thread] DEBUG Logger               - Closing Logger
