18:27:34.118 [main                     ] DEBUG Logger               - Configured Logger
18:27:34.135 [main                     ] DEBUG GameApplication      - Logging settings
Title: Untitled
Version: 0.0
Width: 800
Height: 600
Fullscreen: false
Intro: false
Profiling: false
Single step:false
App Mode: DEVELOPER
Menu Key: ESCAPE
Stage Style: DECORATED
Scene Factory: class com.almasb.fxgl.app.scene.SceneFactory

18:27:34.878 [JavaFX Application Thread] DEBUG FXGLApplication      - Initializing FXGL
18:27:34.881 [JavaFX Application Thread] INFO  Engine               - FXGL-11.17 (16.07.2021 15.46) on MAC (J:16.0.2 FX:16)
18:27:34.881 [JavaFX Application Thread] DEBUG Engine               - JRE Vendor Name: Amazon.com Inc.
18:27:34.881 [JavaFX Application Thread] DEBUG Engine               - Running on OS: Mac OS X version 10.14.6
18:27:34.881 [JavaFX Application Thread] DEBUG Engine               - Architecture: x86_64
18:27:34.882 [JavaFX Application Thread] INFO  Engine               - Source code and latest versions at: https://github.com/AlmasB/FXGL
18:27:34.882 [JavaFX Application Thread] INFO  Engine               -              Join the FXGL chat at: https://gitter.im/AlmasB/FXGL
18:27:35.085 [JavaFX Application Thread] DEBUG PrimaryStageWindow   - Creating a JavaFX scene
18:27:35.136 [JavaFX Application Thread] DEBUG PrimaryStageWindow   - Target settings size: 800.0 x 600.0
18:27:35.136 [JavaFX Application Thread] DEBUG PrimaryStageWindow   - Scaled scene size:    800.0 x 600.0
18:27:35.136 [JavaFX Application Thread] DEBUG PrimaryStageWindow   - Scaled ratio: (1.0, 1.0)
18:27:35.138 [JavaFX Application Thread] DEBUG PrimaryStageWindow   - Set initial scene to FXGLStartupScene
18:27:35.147 [JavaFX Application Thread] DEBUG PrimaryStageWindow   - Opening main window
18:27:35.251 [JavaFX Application Thread] DEBUG PrimaryStageWindow   - Window border size: (0.0, 22.0)
18:27:35.252 [JavaFX Application Thread] DEBUG PrimaryStageWindow   - Scaled size: 800.0 x 600.0
18:27:35.252 [JavaFX Application Thread] DEBUG PrimaryStageWindow   - Scaled ratio: (1.0, 1.0)
18:27:35.252 [JavaFX Application Thread] DEBUG PrimaryStageWindow   - Scene size: 800.0 x 600.0
18:27:35.252 [JavaFX Application Thread] DEBUG PrimaryStageWindow   - Stage size: 800.0 x 622.0
18:27:35.270 [FXGL Background Thread 1 ] DEBUG Engine               - Initializing environment variables
18:27:35.618 [FXGL Background Thread 1 ] DEBUG FXGLAssetLoaderServi - User app class for loading assets: class com.theswagbois.towerdefense.MainApplication
18:27:35.619 [FXGL Background Thread 1 ] DEBUG GameApplicationServi - Applying CSS: fxgl_dark.css
18:27:35.623 [FXGL Background Thread 1 ] DEBUG FXGLAssetLoaderServi - Loading from file system: jar:file:/Users/nicholashulston/.m2/repository/com/github/almasb/fxgl/11.17/fxgl-11.17.jar!/fxglassets/ui/css/fxgl_dark.css
18:27:36.210 [FXGL Background Thread 1 ] DEBUG GameApplicationServi - Initializing application scenes
18:27:37.629 [FXGL Background Thread 1 ] DEBUG GameWorld            - Game world initialized
18:27:37.770 [FXGL Background Thread 1 ] DEBUG PhysicsWorld         - Physics world initialized: appHeight=600, physics.ppm=50.0
18:27:37.770 [FXGL Background Thread 1 ] DEBUG PhysicsWorld         - Using strategy: BRUTE_FORCE
18:27:37.777 [FXGL Background Thread 1 ] DEBUG GameScene            - Game scene initialized: 800x600
18:27:37.804 [FXGL Background Thread 1 ] DEBUG FXGL.DefaultMenu     - createMenuBodyGameMenu()
18:27:37.845 [FXGL Background Thread 1 ] DEBUG FXGL.DefaultMenu     - createOptionsMenu()
18:27:37.870 [FXGL Background Thread 1 ] DEBUG FXGLAssetLoaderServi - Loading from file system: jar:file:/Users/nicholashulston/.m2/repository/com/github/almasb/fxgl/11.17/fxgl-11.17.jar!/fxglassets/textures/particles/smoke.png
18:27:38.094 [FXGL Background Thread 1 ] DEBUG FXGLAssetLoaderServi - Loading from file system: jar:file:/Users/nicholashulston/.m2/repository/com/github/almasb/fxgl/11.17/fxgl-11.17.jar!/fxglassets/textures/particles/trace_horizontal.png
18:27:38.166 [FXGL Background Thread 1 ] DEBUG GameApplicationServi - Application scenes initialized
18:27:38.202 [FXGL Background Thread 1 ] DEBUG SystemBundleService  - Loading default FXGL system data
18:27:38.204 [FXGL Background Thread 1 ] DEBUG UpdaterService       - Checking for updates
18:27:38.219 [FXGL Background Thread 4 ] DEBUG FXGLApplication      - Loading fonts
18:27:38.221 [FXGL Background Thread 4 ] DEBUG FXGLAssetLoaderServi - Loading from file system: jar:file:/Users/nicholashulston/.m2/repository/com/github/almasb/fxgl/11.17/fxgl-11.17.jar!/fxglassets/ui/fonts/VarelaRound-Regular.ttf
18:27:38.231 [FXGL Background Thread 1 ] DEBUG FXGLApplication      - Loading default localization
18:27:38.232 [FXGL Background Thread 1 ] DEBUG FXGLAssetLoaderServi - Loading from file system: jar:file:/Users/nicholashulston/.m2/repository/com/github/almasb/fxgl/11.17/fxgl-11.17.jar!/fxglassets/languages/english.lang
18:27:38.256 [FXGL Background Thread 4 ] DEBUG FXGLAssetLoaderServi - Loading from file system: jar:file:/Users/nicholashulston/.m2/repository/com/github/almasb/fxgl/11.17/fxgl-11.17.jar!/fxglassets/ui/fonts/Abel-Regular.ttf
18:27:38.266 [FXGL Background Thread 4 ] DEBUG FXGLAssetLoaderServi - Loading from file system: jar:file:/Users/nicholashulston/.m2/repository/com/github/almasb/fxgl/11.17/fxgl-11.17.jar!/fxglassets/ui/fonts/lucida_console.ttf
18:27:38.278 [FXGL Background Thread 4 ] DEBUG FXGLAssetLoaderServi - Loading from file system: jar:file:/Users/nicholashulston/.m2/repository/com/github/almasb/fxgl/11.17/fxgl-11.17.jar!/fxglassets/ui/fonts/Courier-Prime.ttf
18:27:38.294 [JavaFX Application Thread] DEBUG FXGLApplication      - Registering font factories with UI factory
18:27:38.299 [FXGL Background Thread 1 ] INFO  FXGLApplication      - FXGL initialization took: 3.029 sec
18:27:38.326 [JavaFX Application Thread] DEBUG Input                - Registered new binding: action0 - F
18:27:38.328 [JavaFX Application Thread] DEBUG FXGLAssetLoaderServi - Loading from file system: jar:file:/Users/nicholashulston/.m2/repository/com/github/almasb/fxgl/11.17/fxgl-11.17.jar!/fxglassets/textures/fxgl_icon.png
18:27:38.406 [JavaFX Application Thread] DEBUG FXGLAssetLoaderServi - Loading from file system: jar:file:/Users/nicholashulston/.m2/repository/com/github/almasb/fxgl/11.17/fxgl-11.17.jar!/fxglassets/textures/fxgl_default_cursor.png
18:27:38.411 [JavaFX Application Thread] DEBUG Input                - Registered new binding: Screenshot - CTRL+8
18:27:38.412 [JavaFX Application Thread] DEBUG Input                - Registered new binding: System info dump - CTRL+9
18:27:38.413 [JavaFX Application Thread] DEBUG Input                - Registered new binding: Restart - CTRL+R
18:27:38.414 [JavaFX Application Thread] DEBUG Input                - Registered new binding: Toggle Debug Camera - CTRL+C
18:27:38.419 [JavaFX Application Thread] DEBUG LoopRunner           - Starting loop
18:27:38.419 [JavaFX Application Thread] DEBUG LoopRunner           - Initializing JavaFX AnimationTimerLoop
18:27:38.423 [JavaFX Application Thread] DEBUG GameApplicationServi - Starting new game
18:27:38.424 [JavaFX Application Thread] DEBUG Input                - Clearing active input actions
18:27:38.450 [JavaFX Application Thread] DEBUG GameApplicationServi - Removing overlay from FXGLStartupScene and adding to FXGLLoadingScene
18:27:38.451 [JavaFX Application Thread] DEBUG PrimaryStageWindow   - FXGLStartupScene -> FXGLLoadingScene
18:27:38.452 [JavaFX Application Thread] DEBUG GameApplicationServi - Clearing previous game
18:27:38.452 [JavaFX Application Thread] DEBUG GameScene            - Clearing game scene
18:27:38.452 [JavaFX Application Thread] DEBUG GameWorld            - Clearing game world
18:27:38.453 [JavaFX Application Thread] DEBUG PhysicsWorld         - Clearing physics world
18:27:38.456 [FXGL Background Thread 1 ] DEBUG FXGLApplication      - Initializing game
18:27:38.472 [FXGL Background Thread 1 ] INFO  FXGLApplication      - Game initialization took: 0.016 sec
18:27:38.550 [JavaFX Application Thread] DEBUG Input                - Clearing active input actions
18:27:38.568 [JavaFX Application Thread] DEBUG GameApplicationServi - Removing overlay from FXGLLoadingScene and adding to GameScene
18:27:38.569 [JavaFX Application Thread] DEBUG PrimaryStageWindow   - FXGLLoadingScene -> GameScene
18:27:39.778 [JavaFX Application Thread] WARN  FXGLAssetLoaderServi - Asset "/assets/textures/brick.png" was not found!
18:27:39.779 [JavaFX Application Thread] WARN  FXGLAssetLoaderServi - Failed to load IMAGE
18:27:39.854 [JavaFX Application Thread] DEBUG LoopRunner           - Stopping loop
18:27:39.857 [JavaFX Application Thread] FATAL FXGLApplication      - Uncaught Exception:
java.lang.IllegalArgumentException: No EntityFactory has a method annotated @Spawns(Enemy)
	at com.almasb.fxgl.entity.GameWorld.create(GameWorld.kt:413)
	at com.almasb.fxgl.entity.GameWorld.spawn(GameWorld.kt:396)
	at com.almasb.fxgl.entity.GameWorld.spawn(GameWorld.kt:384)
	at com.almasb.fxgl.entity.GameWorld.spawn(GameWorld.kt:371)
	at com.almasb.fxgl.dsl.FXGL$Companion.spawn(FXGL.kt:448)
	at com.almasb.fxgl.dsl.FXGL.spawn(FXGL.kt)
	at com.theswagbois.towerdefense.MainApplication.lambda$initGame$1(com.theswagbois.towerdefense.MainApplication.java:39)
	at com.almasb.fxgl.time.TimerAction.update(TimerAction.kt:69)
	at com.almasb.fxgl.time.Timer.update(Timer.kt:38)
	at com.almasb.fxgl.scene.Scene.update(Scene.kt:104)
	at com.almasb.fxgl.app.MainWindow$update$1.invoke(MainWindow.kt:110)
	at com.almasb.fxgl.app.MainWindow$update$1.invoke(MainWindow.kt:110)
	at com.almasb.fxgl.core.fsm.StateMachine.runOnActiveStates(StateMachine.kt:69)
	at com.almasb.fxgl.app.MainWindow.update(MainWindow.kt:110)
	at com.almasb.fxgl.app.FXGLApplication$GameApplicationService.onUpdate(FXGLApplication.kt:426)
	at com.almasb.fxgl.app.Engine.loop(Engine.kt:133)
	at com.almasb.fxgl.app.Engine.access$loop(Engine.kt:24)
	at com.almasb.fxgl.app.Engine$loop$1.invoke(Engine.kt:28)
	at com.almasb.fxgl.app.Engine$loop$1.invoke(Engine.kt:28)
	at com.almasb.fxgl.app.LoopRunner.frame(LoopRunner.kt:103)
	at com.almasb.fxgl.app.LoopRunner.access$frame(LoopRunner.kt:23)
	at com.almasb.fxgl.app.LoopRunner$impl$2$1.onTick(LoopRunner.kt:57)
	at com.almasb.fxgl.app.AnimationTimerLoop$timer$1.handle(LoopRunner.kt:137)
	at javafx.animation.AnimationTimer$AnimationTimerReceiver.lambda$handle$0(AnimationTimer.java:57)
	at java.base/java.security.AccessController.doPrivileged(AccessController.java:391)
	at javafx.animation.AnimationTimer$AnimationTimerReceiver.handle(AnimationTimer.java:56)
	at com.sun.scenario.animation.AbstractPrimaryTimer.timePulseImpl(AbstractPrimaryTimer.java:356)
	at com.sun.scenario.animation.AbstractPrimaryTimer$MainLoop.run(AbstractPrimaryTimer.java:266)
	at com.sun.javafx.tk.quantum.QuantumToolkit.pulse(QuantumToolkit.java:559)
	at com.sun.javafx.tk.quantum.QuantumToolkit.pulse(QuantumToolkit.java:543)
	at com.sun.javafx.tk.quantum.QuantumToolkit.pulseFromQueue(QuantumToolkit.java:536)
	at com.sun.javafx.tk.quantum.QuantumToolkit.lambda$runToolkit$11(QuantumToolkit.java:342)
	at com.sun.glass.ui.InvokeLaterDispatcher$Future.run(InvokeLaterDispatcher.java:96)

18:27:39.858 [JavaFX Application Thread] FATAL FXGLApplication      - Application will now exit
18:27:39.909 [JavaFX Application Thread] DEBUG PrimaryStageWindow   - Push state: ErrorSubScene
18:27:39.910 [JavaFX Application Thread] DEBUG Input                - Clearing active input actions
18:27:39.930 [JavaFX Application Thread] DEBUG GameApplicationServi - Removing overlay from GameScene and adding to ErrorSubScene
18:27:39.931 [JavaFX Application Thread] DEBUG PrimaryStageWindow   - GameScene -> ErrorSubScene
18:27:41.212 [FXGL Background Thread 3 ] DEBUG Engine               - Logging environment variables
18:27:41.213 [FXGL Background Thread 3 ] DEBUG Engine               - achievements: []
18:27:41.214 [FXGL Background Thread 3 ] DEBUG Engine               - actualHeight: 600.0
18:27:41.215 [FXGL Background Thread 3 ] DEBUG Engine               - actualHeightProperty: ReadOnlyDoubleProperty [value: 600.0]
18:27:41.215 [FXGL Background Thread 3 ] DEBUG Engine               - actualWidth: 800.0
18:27:41.215 [FXGL Background Thread 3 ] DEBUG Engine               - actualWidthProperty: ReadOnlyDoubleProperty [value: 800.0]
18:27:41.216 [FXGL Background Thread 3 ] DEBUG Engine               - appIcon: fxgl_icon.png
18:27:41.216 [FXGL Background Thread 3 ] DEBUG Engine               - applicationMode: DEVELOPER
18:27:41.216 [FXGL Background Thread 3 ] DEBUG Engine               - cSSList: [fxgl_dark.css]
18:27:41.217 [FXGL Background Thread 3 ] DEBUG Engine               - collisionDetectionStrategy: BRUTE_FORCE
18:27:41.217 [FXGL Background Thread 3 ] DEBUG Engine               - configClass: Optional.empty
18:27:41.218 [FXGL Background Thread 3 ] DEBUG Engine               - credits: []
18:27:41.218 [FXGL Background Thread 3 ] DEBUG Engine               - defaultCursor: CursorInfo(imageName=fxgl_default_cursor.png, hotspotX=7.0, hotspotY=6.0)
18:27:41.219 [FXGL Background Thread 3 ] DEBUG Engine               - devBBoxColorProperty: ObjectProperty [value: 0xff0000ff]
18:27:41.220 [FXGL Background Thread 3 ] DEBUG Engine               - devEnableDebugCameraProperty: BooleanProperty [value: false]
18:27:41.220 [FXGL Background Thread 3 ] DEBUG Engine               - devSensorColorProperty: ObjectProperty [value: 0xffff00ff]
18:27:41.221 [FXGL Background Thread 3 ] DEBUG Engine               - devShowBBoxProperty: BooleanProperty [value: false]
18:27:41.222 [FXGL Background Thread 3 ] DEBUG Engine               - devShowPositionProperty: BooleanProperty [value: false]
18:27:41.222 [FXGL Background Thread 3 ] DEBUG Engine               - enabledMenuItems: []
18:27:41.222 [FXGL Background Thread 3 ] DEBUG Engine               - engineServices: [class com.almasb.fxgl.app.com.theswagbois.towerdefense.services.FXGLAssetLoaderService, class com.almasb.fxgl.app.FXGLApplication$GameApplicationService, class com.almasb.fxgl.app.com.theswagbois.towerdefense.services.FXGLDialogService, class com.almasb.fxgl.app.com.theswagbois.towerdefense.services.IOTaskExecutorService, class com.almasb.fxgl.io.FileSystemService, class com.almasb.fxgl.localization.LocalizationService, class com.almasb.fxgl.app.com.theswagbois.towerdefense.services.SystemBundleService, class com.almasb.fxgl.profile.SaveLoadService, class com.almasb.fxgl.ui.FXGLUIFactoryServiceProvider, class com.almasb.fxgl.ui.FXGLDialogFactoryServiceProvider, class com.almasb.fxgl.audio.AudioPlayer, class com.almasb.fxgl.notification.impl.NotificationServiceProvider, class com.almasb.fxgl.achievement.AchievementService, class com.almasb.fxgl.cutscene.CutsceneService, class com.almasb.fxgl.minigames.MiniGameService, class com.almasb.fxgl.net.NetService, class com.almasb.fxgl.app.com.theswagbois.towerdefense.services.UpdaterService, class com.almasb.fxgl.dev.DevService]
18:27:41.223 [FXGL Background Thread 3 ] DEBUG Engine               - fontGame: Abel-Regular.ttf
18:27:41.223 [FXGL Background Thread 3 ] DEBUG Engine               - fontMono: lucida_console.ttf
18:27:41.224 [FXGL Background Thread 3 ] DEBUG Engine               - fontText: Courier-Prime.ttf
18:27:41.224 [FXGL Background Thread 3 ] DEBUG Engine               - fontUI: VarelaRound-Regular.ttf
18:27:41.224 [FXGL Background Thread 3 ] DEBUG Engine               - fullScreen: BooleanProperty [value: false]
18:27:41.225 [FXGL Background Thread 3 ] DEBUG Engine               - gameDifficulty: MEDIUM
18:27:41.225 [FXGL Background Thread 3 ] DEBUG Engine               - gameDifficultyProperty: ObjectProperty [value: MEDIUM]
18:27:41.225 [FXGL Background Thread 3 ] DEBUG Engine               - globalMusicVolume: 0.5
18:27:41.226 [FXGL Background Thread 3 ] DEBUG Engine               - globalMusicVolumeProperty: DoubleProperty [value: 0.5]
18:27:41.226 [FXGL Background Thread 3 ] DEBUG Engine               - globalSoundVolume: 0.5
18:27:41.227 [FXGL Background Thread 3 ] DEBUG Engine               - globalSoundVolumeProperty: DoubleProperty [value: 0.5]
18:27:41.227 [FXGL Background Thread 3 ] DEBUG Engine               - height: 600
18:27:41.227 [FXGL Background Thread 3 ] DEBUG Engine               - is3D: false
18:27:41.228 [FXGL Background Thread 3 ] DEBUG Engine               - isAndroid: false
18:27:41.228 [FXGL Background Thread 3 ] DEBUG Engine               - isBrowser: false
18:27:41.228 [FXGL Background Thread 3 ] DEBUG Engine               - isClickFeedbackEnabled: false
18:27:41.229 [FXGL Background Thread 3 ] DEBUG Engine               - isCloseConfirmation: false
18:27:41.230 [FXGL Background Thread 3 ] DEBUG Engine               - isDesktop: true
18:27:41.230 [FXGL Background Thread 3 ] DEBUG Engine               - isDeveloperMenuEnabled: false
18:27:41.231 [FXGL Background Thread 3 ] DEBUG Engine               - isEntityPreloadEnabled: true
18:27:41.232 [FXGL Background Thread 3 ] DEBUG Engine               - isExperimentalTiledLargeMap: false
18:27:41.233 [FXGL Background Thread 3 ] DEBUG Engine               - isFileSystemWriteAllowed: true
18:27:41.233 [FXGL Background Thread 3 ] DEBUG Engine               - isFullScreenAllowed: false
18:27:41.234 [FXGL Background Thread 3 ] DEBUG Engine               - isFullScreenFromStart: false
18:27:41.234 [FXGL Background Thread 3 ] DEBUG Engine               - isGameMenuEnabled: true
18:27:41.236 [FXGL Background Thread 3 ] DEBUG Engine               - isIOS: false
18:27:41.238 [FXGL Background Thread 3 ] DEBUG Engine               - isIntroEnabled: false
18:27:41.238 [FXGL Background Thread 3 ] DEBUG Engine               - isLinux: false
18:27:41.248 [FXGL Background Thread 3 ] DEBUG Engine               - isMac: true
18:27:41.248 [FXGL Background Thread 3 ] DEBUG Engine               - isMainMenuEnabled: false
18:27:41.249 [FXGL Background Thread 3 ] DEBUG Engine               - isManualResizeEnabled: false
18:27:41.249 [FXGL Background Thread 3 ] DEBUG Engine               - isMobile: false
18:27:41.250 [FXGL Background Thread 3 ] DEBUG Engine               - isNative: false
18:27:41.250 [FXGL Background Thread 3 ] DEBUG Engine               - isPauseMusicWhenMinimized: true
18:27:41.250 [FXGL Background Thread 3 ] DEBUG Engine               - isPreserveResizeRatio: false
18:27:41.251 [FXGL Background Thread 3 ] DEBUG Engine               - isProfilingEnabled: false
18:27:41.252 [FXGL Background Thread 3 ] DEBUG Engine               - isScaleAffectedOnResize: true
18:27:41.252 [FXGL Background Thread 3 ] DEBUG Engine               - isSingleStep: false
18:27:41.253 [FXGL Background Thread 3 ] DEBUG Engine               - isUserProfileEnabled: false
18:27:41.253 [FXGL Background Thread 3 ] DEBUG Engine               - isWindows: false
18:27:41.254 [FXGL Background Thread 3 ] DEBUG Engine               - language: ObjectProperty [value: ENGLISH]
18:27:41.254 [FXGL Background Thread 3 ] DEBUG Engine               - menuKey: ESCAPE
18:27:41.255 [FXGL Background Thread 3 ] DEBUG Engine               - mouseSensitivity: 0.2
18:27:41.256 [FXGL Background Thread 3 ] DEBUG Engine               - notificationViewClass: class com.almasb.fxgl.notification.view.XboxNotificationView
18:27:41.257 [FXGL Background Thread 3 ] DEBUG Engine               - pixelsPerMeter: 50.0
18:27:41.258 [FXGL Background Thread 3 ] DEBUG Engine               - platform: MAC
18:27:41.258 [FXGL Background Thread 3 ] DEBUG Engine               - prefHeightProperty: ReadOnlyDoubleProperty [value: 600.0]
18:27:41.259 [FXGL Background Thread 3 ] DEBUG Engine               - prefWidthProperty: ReadOnlyDoubleProperty [value: 800.0]
18:27:41.259 [FXGL Background Thread 3 ] DEBUG Engine               - profileDir: profiles/
18:27:41.259 [FXGL Background Thread 3 ] DEBUG Engine               - profileName: StringProperty [value: DEFAULT]
18:27:41.260 [FXGL Background Thread 3 ] DEBUG Engine               - randomSeed: -1
18:27:41.260 [FXGL Background Thread 3 ] DEBUG Engine               - runtimeInfo: RuntimeInfo(platform=MAC, version=11.17, build=16.07.2021 15.46)
18:27:41.261 [FXGL Background Thread 3 ] DEBUG Engine               - saveFileExt: sav
18:27:41.261 [FXGL Background Thread 3 ] DEBUG Engine               - scaledHeightProp$fxgl: DoubleProperty [bound, value: 600.0]
18:27:41.262 [FXGL Background Thread 3 ] DEBUG Engine               - scaledWidthProp$fxgl: DoubleProperty [bound, value: 800.0]
18:27:41.262 [FXGL Background Thread 3 ] DEBUG Engine               - sceneFactory: com.almasb.fxgl.app.scene.SceneFactory@350f13f
18:27:41.263 [FXGL Background Thread 3 ] DEBUG Engine               - secondsIn24h: 60
18:27:41.263 [FXGL Background Thread 3 ] DEBUG Engine               - soundMenuBack: menu/back.wav
18:27:41.263 [FXGL Background Thread 3 ] DEBUG Engine               - soundMenuPress: menu/press.wav
18:27:41.263 [FXGL Background Thread 3 ] DEBUG Engine               - soundMenuSelect: menu/select.wav
18:27:41.264 [FXGL Background Thread 3 ] DEBUG Engine               - soundNotification: core/notification.wav
18:27:41.265 [FXGL Background Thread 3 ] DEBUG Engine               - stageStyle: DECORATED
18:27:41.265 [FXGL Background Thread 3 ] DEBUG Engine               - supportedLanguages: [ENGLISH, FRENCH, GERMAN, HUNGARIAN, RUSSIAN]
18:27:41.266 [FXGL Background Thread 3 ] DEBUG Engine               - ticksPerSecond: -1
18:27:41.266 [FXGL Background Thread 3 ] DEBUG Engine               - title: Untitled
18:27:41.266 [FXGL Background Thread 3 ] DEBUG Engine               - urlGithub: https://github.com/AlmasB/FXGL
18:27:41.266 [FXGL Background Thread 3 ] DEBUG Engine               - urlLeaderboard: http://fxgl-top.herokuapp.com/
18:27:41.267 [FXGL Background Thread 3 ] DEBUG Engine               - urlPOM: https://raw.githubusercontent.com/AlmasB/FXGL/release/README.md
18:27:41.267 [FXGL Background Thread 3 ] DEBUG Engine               - userAppClass: class com.theswagbois.towerdefense.MainApplication
18:27:41.267 [FXGL Background Thread 3 ] DEBUG Engine               - version: 0.0
18:27:41.268 [FXGL Background Thread 3 ] DEBUG Engine               - versionCheckDays: 7
18:27:41.268 [FXGL Background Thread 3 ] DEBUG Engine               - width: 800
18:27:41.269 [FXGL Background Thread 3 ] DEBUG Engine               - Logging com.theswagbois.towerdefense.services
18:27:41.269 [FXGL Background Thread 3 ] DEBUG Engine               - class com.almasb.fxgl.app.com.theswagbois.towerdefense.services.FXGLAssetLoaderService
18:27:41.269 [FXGL Background Thread 3 ] DEBUG Engine               - class com.almasb.fxgl.app.FXGLApplication$GameApplicationService
18:27:41.270 [FXGL Background Thread 3 ] DEBUG Engine               - class com.almasb.fxgl.app.com.theswagbois.towerdefense.services.FXGLDialogService
18:27:41.270 [FXGL Background Thread 3 ] DEBUG Engine               - class com.almasb.fxgl.app.com.theswagbois.towerdefense.services.IOTaskExecutorService
18:27:41.271 [FXGL Background Thread 3 ] DEBUG Engine               - class com.almasb.fxgl.io.FileSystemService
18:27:41.271 [FXGL Background Thread 3 ] DEBUG Engine               - class com.almasb.fxgl.localization.LocalizationService
18:27:41.271 [FXGL Background Thread 3 ] DEBUG Engine               - class com.almasb.fxgl.app.com.theswagbois.towerdefense.services.SystemBundleService
18:27:41.272 [FXGL Background Thread 3 ] DEBUG Engine               - class com.almasb.fxgl.profile.SaveLoadService
18:27:41.272 [FXGL Background Thread 3 ] DEBUG Engine               - class com.almasb.fxgl.ui.FXGLUIFactoryServiceProvider
18:27:41.272 [FXGL Background Thread 3 ] DEBUG Engine               - class com.almasb.fxgl.ui.FXGLDialogFactoryServiceProvider
18:27:41.273 [FXGL Background Thread 3 ] DEBUG Engine               - class com.almasb.fxgl.audio.AudioPlayer
18:27:41.273 [FXGL Background Thread 3 ] DEBUG Engine               - class com.almasb.fxgl.notification.impl.NotificationServiceProvider
18:27:41.273 [FXGL Background Thread 3 ] DEBUG Engine               - class com.almasb.fxgl.achievement.AchievementService
18:27:41.274 [FXGL Background Thread 3 ] DEBUG Engine               - class com.almasb.fxgl.cutscene.CutsceneService
18:27:41.274 [FXGL Background Thread 3 ] DEBUG Engine               - class com.almasb.fxgl.minigames.MiniGameService
18:27:41.274 [FXGL Background Thread 3 ] DEBUG Engine               - class com.almasb.fxgl.net.NetService
18:27:41.274 [FXGL Background Thread 3 ] DEBUG Engine               - class com.almasb.fxgl.app.com.theswagbois.towerdefense.services.UpdaterService
18:27:41.275 [FXGL Background Thread 3 ] DEBUG Engine               - class com.almasb.fxgl.dev.DevService
18:27:43.792 [JavaFX Application Thread] DEBUG FXGLApplication      - Exiting FXGL
18:27:43.793 [JavaFX Application Thread] DEBUG Async                - Shutting down background threads
18:27:43.793 [JavaFX Application Thread] DEBUG PrimaryStageWindow   - Closing main window
18:27:43.803 [JavaFX Application Thread] DEBUG Logger               - Closing Logger
