00:36:38.247 [main                     ] DEBUG Logger               - Configured Logger
00:36:38.253 [main                     ] DEBUG GameApplication      - Logging settings
Title: Tower Defense
Version: 0.0
Width: 800
Height: 600
Fullscreen: false
Intro: false
Profiling: false
Single step:false
App Mode: DEVELOPER
Menu Key: ESCAPE
Stage Style: DECORATED
Scene Factory: class com.theswagbois.towerdefense.ui.MySceneFactory

00:36:38.706 [JavaFX Application Thread] DEBUG FXGLApplication      - Initializing FXGL
00:36:38.707 [JavaFX Application Thread] INFO  Engine               - FXGL-11.17 (16.07.2021 15.46) on MAC (J:16.0.2 FX:17.0.1)
00:36:38.707 [JavaFX Application Thread] DEBUG Engine               - JRE Vendor Name: Azul Systems, Inc.
00:36:38.707 [JavaFX Application Thread] DEBUG Engine               - Running on OS: Mac OS X version 12.0.1
00:36:38.707 [JavaFX Application Thread] DEBUG Engine               - Architecture: aarch64
00:36:38.708 [JavaFX Application Thread] INFO  Engine               - Source code and latest versions at: https://github.com/AlmasB/FXGL
00:36:38.708 [JavaFX Application Thread] INFO  Engine               -              Join the FXGL chat at: https://gitter.im/AlmasB/FXGL
00:36:38.757 [JavaFX Application Thread] DEBUG PrimaryStageWindow   - Creating a JavaFX scene
00:36:38.875 [JavaFX Application Thread] DEBUG PrimaryStageWindow   - Target settings size: 800.0 x 600.0
00:36:38.875 [JavaFX Application Thread] DEBUG PrimaryStageWindow   - Scaled scene size:    800.0 x 600.0
00:36:38.876 [JavaFX Application Thread] DEBUG PrimaryStageWindow   - Scaled ratio: (1.0, 1.0)
00:36:38.876 [JavaFX Application Thread] DEBUG PrimaryStageWindow   - Set initial scene to FXGLStartupScene
00:36:38.879 [JavaFX Application Thread] DEBUG PrimaryStageWindow   - Opening main window
00:36:38.916 [JavaFX Application Thread] DEBUG PrimaryStageWindow   - Window border size: (0.0, 28.0)
00:36:38.916 [JavaFX Application Thread] DEBUG PrimaryStageWindow   - Scaled size: 800.0 x 600.0
00:36:38.917 [JavaFX Application Thread] DEBUG PrimaryStageWindow   - Scaled ratio: (1.0, 1.0)
00:36:38.917 [JavaFX Application Thread] DEBUG PrimaryStageWindow   - Scene size: 800.0 x 600.0
00:36:38.917 [JavaFX Application Thread] DEBUG PrimaryStageWindow   - Stage size: 800.0 x 628.0
00:36:38.920 [FXGL Background Thread 1 ] DEBUG Engine               - Initializing environment variables
00:36:38.940 [FXGL Background Thread 1 ] DEBUG FXGLAssetLoaderServi - User app class for loading assets: class com.theswagbois.towerdefense.MainApplication
00:36:38.940 [FXGL Background Thread 1 ] DEBUG GameApplicationServi - Applying CSS: fxgl_dark.css
00:36:38.941 [FXGL Background Thread 1 ] DEBUG FXGLAssetLoaderServi - Loading from file system: jar:file:/Users/andrewfriedman/.m2/repository/com/github/almasb/fxgl/11.17/fxgl-11.17.jar!/fxglassets/ui/css/fxgl_dark.css
00:36:38.966 [FXGL Background Thread 1 ] DEBUG GameApplicationServi - Initializing application scenes
00:36:39.041 [FXGL Background Thread 1 ] DEBUG GameWorld            - Game world initialized
00:36:39.064 [FXGL Background Thread 1 ] DEBUG PhysicsWorld         - Physics world initialized: appHeight=600, physics.ppm=50.0
00:36:39.064 [FXGL Background Thread 1 ] DEBUG PhysicsWorld         - Using strategy: BRUTE_FORCE
00:36:39.065 [FXGL Background Thread 1 ] DEBUG GameScene            - Game scene initialized: 800x600
00:36:39.074 [FXGL Background Thread 1 ] DEBUG FXGLAssetLoaderServi - Loading from file system: file:/Users/andrewfriedman/Repos/Tower_Defense/target/classes/assets/textures/titleScreen.png
00:36:39.092 [FXGL Background Thread 1 ] DEBUG FXGL.DefaultMenu     - createMenuBodyGameMenu()
00:36:39.097 [FXGL Background Thread 1 ] DEBUG FXGL.DefaultMenu     - createOptionsMenu()
00:36:39.100 [FXGL Background Thread 1 ] DEBUG FXGLAssetLoaderServi - Loading from file system: jar:file:/Users/andrewfriedman/.m2/repository/com/github/almasb/fxgl/11.17/fxgl-11.17.jar!/fxglassets/textures/particles/smoke.png
00:36:39.138 [FXGL Background Thread 1 ] DEBUG FXGLAssetLoaderServi - Loading from file system: jar:file:/Users/andrewfriedman/.m2/repository/com/github/almasb/fxgl/11.17/fxgl-11.17.jar!/fxglassets/textures/particles/trace_horizontal.png
00:36:39.152 [FXGL Background Thread 1 ] DEBUG GameApplicationServi - Application scenes initialized
00:36:39.156 [FXGL Background Thread 1 ] DEBUG SystemBundleService  - Loading FXGL system data
00:36:39.157 [FXGL Background Thread 1 ] DEBUG FileSystemAccess     - Reading from: /Users/andrewfriedman/Repos/Tower_Defense/system/fxgl.bundle
00:36:39.161 [FXGL Background Thread 1 ] DEBUG SystemBundleService  - Bundle FXGL: {}
00:36:39.161 [FXGL Background Thread 1 ] DEBUG UpdaterService       - Checking for updates
00:36:39.162 [FXGL Background Thread 4 ] DEBUG FXGLApplication      - Loading fonts
00:36:39.163 [FXGL Background Thread 1 ] DEBUG FXGLApplication      - Loading default localization
00:36:39.163 [FXGL Background Thread 4 ] DEBUG FXGLAssetLoaderServi - Loading from file system: jar:file:/Users/andrewfriedman/.m2/repository/com/github/almasb/fxgl/11.17/fxgl-11.17.jar!/fxglassets/ui/fonts/VarelaRound-Regular.ttf
00:36:39.163 [FXGL Background Thread 1 ] DEBUG FXGLAssetLoaderServi - Loading from file system: jar:file:/Users/andrewfriedman/.m2/repository/com/github/almasb/fxgl/11.17/fxgl-11.17.jar!/fxglassets/languages/english.lang
00:36:39.169 [FXGL Background Thread 1 ] INFO  FXGLApplication      - FXGL initialization took: 0.249 sec
00:36:39.170 [JavaFX Application Thread] DEBUG Input                - Registered new binding: Place Tower - LMB
00:36:39.170 [JavaFX Application Thread] DEBUG FXGLAssetLoaderServi - Loading from file system: jar:file:/Users/andrewfriedman/.m2/repository/com/github/almasb/fxgl/11.17/fxgl-11.17.jar!/fxglassets/textures/fxgl_icon.png
00:36:39.173 [FXGL Background Thread 4 ] DEBUG FXGLAssetLoaderServi - Loading from file system: jar:file:/Users/andrewfriedman/.m2/repository/com/github/almasb/fxgl/11.17/fxgl-11.17.jar!/fxglassets/ui/fonts/Abel-Regular.ttf
00:36:39.175 [FXGL Background Thread 4 ] DEBUG FXGLAssetLoaderServi - Loading from file system: jar:file:/Users/andrewfriedman/.m2/repository/com/github/almasb/fxgl/11.17/fxgl-11.17.jar!/fxglassets/ui/fonts/lucida_console.ttf
00:36:39.177 [FXGL Background Thread 4 ] DEBUG FXGLAssetLoaderServi - Loading from file system: jar:file:/Users/andrewfriedman/.m2/repository/com/github/almasb/fxgl/11.17/fxgl-11.17.jar!/fxglassets/ui/fonts/Courier-Prime.ttf
00:36:39.185 [JavaFX Application Thread] DEBUG FXGLAssetLoaderServi - Loading from file system: jar:file:/Users/andrewfriedman/.m2/repository/com/github/almasb/fxgl/11.17/fxgl-11.17.jar!/fxglassets/textures/fxgl_default_cursor.png
00:36:39.189 [JavaFX Application Thread] DEBUG Input                - Registered new binding: Screenshot - CTRL+8
00:36:39.190 [JavaFX Application Thread] DEBUG Input                - Registered new binding: System info dump - CTRL+9
00:36:39.190 [JavaFX Application Thread] DEBUG Input                - Registered new binding: Restart - CTRL+R
00:36:39.190 [JavaFX Application Thread] DEBUG Input                - Registered new binding: Toggle Debug Camera - CTRL+C
00:36:39.191 [JavaFX Application Thread] DEBUG LoopRunner           - Starting loop
00:36:39.191 [JavaFX Application Thread] DEBUG LoopRunner           - Initializing JavaFX AnimationTimerLoop
00:36:39.192 [JavaFX Application Thread] DEBUG Input                - Clearing active input actions
00:36:39.196 [JavaFX Application Thread] DEBUG GameApplicationServi - Removing overlay from FXGLStartupScene and adding to FXGLMainMenuDummyScene
00:36:39.196 [JavaFX Application Thread] DEBUG PrimaryStageWindow   - FXGLStartupScene -> FXGLMainMenuDummyScene
00:36:39.196 [JavaFX Application Thread] DEBUG PrimaryStageWindow   - Push state: WelcomeMenu
00:36:39.196 [JavaFX Application Thread] DEBUG Input                - Clearing active input actions
00:36:39.198 [JavaFX Application Thread] DEBUG GameApplicationServi - Removing overlay from FXGLMainMenuDummyScene and adding to WelcomeMenu
00:36:39.198 [JavaFX Application Thread] DEBUG PrimaryStageWindow   - FXGLMainMenuDummyScene -> WelcomeMenu
00:36:39.209 [JavaFX Application Thread] DEBUG FXGLApplication      - Registering font factories with UI factory
00:36:42.168 [FXGL Background Thread 3 ] DEBUG Engine               - Logging environment variables
00:36:42.170 [FXGL Background Thread 3 ] DEBUG Engine               - achievements: []
00:36:42.170 [FXGL Background Thread 3 ] DEBUG Engine               - actualHeight: 600.0
00:36:42.170 [FXGL Background Thread 3 ] DEBUG Engine               - actualHeightProperty: ReadOnlyDoubleProperty [value: 600.0]
00:36:42.170 [FXGL Background Thread 3 ] DEBUG Engine               - actualWidth: 800.0
00:36:42.171 [FXGL Background Thread 3 ] DEBUG Engine               - actualWidthProperty: ReadOnlyDoubleProperty [value: 800.0]
00:36:42.171 [FXGL Background Thread 3 ] DEBUG Engine               - appIcon: fxgl_icon.png
00:36:42.171 [FXGL Background Thread 3 ] DEBUG Engine               - applicationMode: DEVELOPER
00:36:42.171 [FXGL Background Thread 3 ] DEBUG Engine               - cSSList: [fxgl_dark.css]
00:36:42.171 [FXGL Background Thread 3 ] DEBUG Engine               - collisionDetectionStrategy: BRUTE_FORCE
00:36:42.172 [FXGL Background Thread 3 ] DEBUG Engine               - configClass: Optional.empty
00:36:42.172 [FXGL Background Thread 3 ] DEBUG Engine               - credits: []
00:36:42.172 [FXGL Background Thread 3 ] DEBUG Engine               - defaultCursor: CursorInfo(imageName=fxgl_default_cursor.png, hotspotX=7.0, hotspotY=6.0)
00:36:42.173 [FXGL Background Thread 3 ] DEBUG Engine               - devBBoxColorProperty: ObjectProperty [value: 0xff0000ff]
00:36:42.173 [FXGL Background Thread 3 ] DEBUG Engine               - devEnableDebugCameraProperty: BooleanProperty [value: false]
00:36:42.173 [FXGL Background Thread 3 ] DEBUG Engine               - devSensorColorProperty: ObjectProperty [value: 0xffff00ff]
00:36:42.173 [FXGL Background Thread 3 ] DEBUG Engine               - devShowBBoxProperty: BooleanProperty [value: false]
00:36:42.174 [FXGL Background Thread 3 ] DEBUG Engine               - devShowPositionProperty: BooleanProperty [value: false]
00:36:42.174 [FXGL Background Thread 3 ] DEBUG Engine               - enabledMenuItems: []
00:36:42.174 [FXGL Background Thread 3 ] DEBUG Engine               - engineServices: [class com.almasb.fxgl.app.services.FXGLAssetLoaderService, class com.almasb.fxgl.app.FXGLApplication$GameApplicationService, class com.almasb.fxgl.app.services.FXGLDialogService, class com.almasb.fxgl.app.services.IOTaskExecutorService, class com.almasb.fxgl.io.FileSystemService, class com.almasb.fxgl.localization.LocalizationService, class com.almasb.fxgl.app.services.SystemBundleService, class com.almasb.fxgl.profile.SaveLoadService, class com.almasb.fxgl.ui.FXGLUIFactoryServiceProvider, class com.almasb.fxgl.ui.FXGLDialogFactoryServiceProvider, class com.almasb.fxgl.audio.AudioPlayer, class com.almasb.fxgl.notification.impl.NotificationServiceProvider, class com.almasb.fxgl.achievement.AchievementService, class com.almasb.fxgl.cutscene.CutsceneService, class com.almasb.fxgl.minigames.MiniGameService, class com.almasb.fxgl.net.NetService, class com.almasb.fxgl.app.services.UpdaterService, class com.almasb.fxgl.dev.DevService]
00:36:42.174 [FXGL Background Thread 3 ] DEBUG Engine               - fontGame: Abel-Regular.ttf
00:36:42.174 [FXGL Background Thread 3 ] DEBUG Engine               - fontMono: lucida_console.ttf
00:36:42.175 [FXGL Background Thread 3 ] DEBUG Engine               - fontText: Courier-Prime.ttf
00:36:42.175 [FXGL Background Thread 3 ] DEBUG Engine               - fontUI: VarelaRound-Regular.ttf
00:36:42.175 [FXGL Background Thread 3 ] DEBUG Engine               - fullScreen: BooleanProperty [value: false]
00:36:42.175 [FXGL Background Thread 3 ] DEBUG Engine               - gameDifficulty: MEDIUM
00:36:42.175 [FXGL Background Thread 3 ] DEBUG Engine               - gameDifficultyProperty: ObjectProperty [value: MEDIUM]
00:36:42.175 [FXGL Background Thread 3 ] DEBUG Engine               - globalMusicVolume: 0.5
00:36:42.175 [FXGL Background Thread 3 ] DEBUG Engine               - globalMusicVolumeProperty: DoubleProperty [value: 0.5]
00:36:42.176 [FXGL Background Thread 3 ] DEBUG Engine               - globalSoundVolume: 0.5
00:36:42.176 [FXGL Background Thread 3 ] DEBUG Engine               - globalSoundVolumeProperty: DoubleProperty [value: 0.5]
00:36:42.176 [FXGL Background Thread 3 ] DEBUG Engine               - height: 600
00:36:42.176 [FXGL Background Thread 3 ] DEBUG Engine               - is3D: false
00:36:42.176 [FXGL Background Thread 3 ] DEBUG Engine               - isAndroid: false
00:36:42.177 [FXGL Background Thread 3 ] DEBUG Engine               - isBrowser: false
00:36:42.177 [FXGL Background Thread 3 ] DEBUG Engine               - isClickFeedbackEnabled: false
00:36:42.177 [FXGL Background Thread 3 ] DEBUG Engine               - isCloseConfirmation: false
00:36:42.177 [FXGL Background Thread 3 ] DEBUG Engine               - isDesktop: true
00:36:42.177 [FXGL Background Thread 3 ] DEBUG Engine               - isDeveloperMenuEnabled: false
00:36:42.177 [FXGL Background Thread 3 ] DEBUG Engine               - isEntityPreloadEnabled: true
00:36:42.178 [FXGL Background Thread 3 ] DEBUG Engine               - isExperimentalTiledLargeMap: false
00:36:42.178 [FXGL Background Thread 3 ] DEBUG Engine               - isFileSystemWriteAllowed: true
00:36:42.178 [FXGL Background Thread 3 ] DEBUG Engine               - isFullScreenAllowed: false
00:36:42.178 [FXGL Background Thread 3 ] DEBUG Engine               - isFullScreenFromStart: false
00:36:42.178 [FXGL Background Thread 3 ] DEBUG Engine               - isGameMenuEnabled: true
00:36:42.178 [FXGL Background Thread 3 ] DEBUG Engine               - isIOS: false
00:36:42.178 [FXGL Background Thread 3 ] DEBUG Engine               - isIntroEnabled: false
00:36:42.178 [FXGL Background Thread 3 ] DEBUG Engine               - isLinux: false
00:36:42.179 [FXGL Background Thread 3 ] DEBUG Engine               - isMac: true
00:36:42.179 [FXGL Background Thread 3 ] DEBUG Engine               - isMainMenuEnabled: true
00:36:42.179 [FXGL Background Thread 3 ] DEBUG Engine               - isManualResizeEnabled: false
00:36:42.179 [FXGL Background Thread 3 ] DEBUG Engine               - isMobile: false
00:36:42.179 [FXGL Background Thread 3 ] DEBUG Engine               - isNative: false
00:36:42.179 [FXGL Background Thread 3 ] DEBUG Engine               - isPauseMusicWhenMinimized: true
00:36:42.179 [FXGL Background Thread 3 ] DEBUG Engine               - isPreserveResizeRatio: false
00:36:42.180 [FXGL Background Thread 3 ] DEBUG Engine               - isProfilingEnabled: false
00:36:42.180 [FXGL Background Thread 3 ] DEBUG Engine               - isScaleAffectedOnResize: true
00:36:42.180 [FXGL Background Thread 3 ] DEBUG Engine               - isSingleStep: false
00:36:42.180 [FXGL Background Thread 3 ] DEBUG Engine               - isUserProfileEnabled: false
00:36:42.180 [FXGL Background Thread 3 ] DEBUG Engine               - isWindows: false
00:36:42.180 [FXGL Background Thread 3 ] DEBUG Engine               - language: ObjectProperty [value: ENGLISH]
00:36:42.180 [FXGL Background Thread 3 ] DEBUG Engine               - menuKey: ESCAPE
00:36:42.181 [FXGL Background Thread 3 ] DEBUG Engine               - mouseSensitivity: 0.2
00:36:42.181 [FXGL Background Thread 3 ] DEBUG Engine               - notificationViewClass: class com.almasb.fxgl.notification.view.XboxNotificationView
00:36:42.181 [FXGL Background Thread 3 ] DEBUG Engine               - pixelsPerMeter: 50.0
00:36:42.181 [FXGL Background Thread 3 ] DEBUG Engine               - platform: MAC
00:36:42.181 [FXGL Background Thread 3 ] DEBUG Engine               - prefHeightProperty: ReadOnlyDoubleProperty [value: 600.0]
00:36:42.181 [FXGL Background Thread 3 ] DEBUG Engine               - prefWidthProperty: ReadOnlyDoubleProperty [value: 800.0]
00:36:42.182 [FXGL Background Thread 3 ] DEBUG Engine               - profileDir: profiles/
00:36:42.182 [FXGL Background Thread 3 ] DEBUG Engine               - profileName: StringProperty [value: DEFAULT]
00:36:42.182 [FXGL Background Thread 3 ] DEBUG Engine               - randomSeed: -1
00:36:42.182 [FXGL Background Thread 3 ] DEBUG Engine               - runtimeInfo: RuntimeInfo(platform=MAC, version=11.17, build=16.07.2021 15.46)
00:36:42.182 [FXGL Background Thread 3 ] DEBUG Engine               - saveFileExt: sav
00:36:42.182 [FXGL Background Thread 3 ] DEBUG Engine               - scaledHeightProp$fxgl: DoubleProperty [bound, value: 600.0]
00:36:42.182 [FXGL Background Thread 3 ] DEBUG Engine               - scaledWidthProp$fxgl: DoubleProperty [bound, value: 800.0]
00:36:42.182 [FXGL Background Thread 3 ] DEBUG Engine               - sceneFactory: com.theswagbois.towerdefense.ui.MySceneFactory@24b1d035
00:36:42.183 [FXGL Background Thread 3 ] DEBUG Engine               - secondsIn24h: 60
00:36:42.183 [FXGL Background Thread 3 ] DEBUG Engine               - soundMenuBack: menu/back.wav
00:36:42.183 [FXGL Background Thread 3 ] DEBUG Engine               - soundMenuPress: menu/press.wav
00:36:42.183 [FXGL Background Thread 3 ] DEBUG Engine               - soundMenuSelect: menu/select.wav
00:36:42.183 [FXGL Background Thread 3 ] DEBUG Engine               - soundNotification: core/notification.wav
00:36:42.183 [FXGL Background Thread 3 ] DEBUG Engine               - stageStyle: DECORATED
00:36:42.183 [FXGL Background Thread 3 ] DEBUG Engine               - supportedLanguages: [ENGLISH, FRENCH, GERMAN, HUNGARIAN, RUSSIAN]
00:36:42.183 [FXGL Background Thread 3 ] DEBUG Engine               - ticksPerSecond: -1
00:36:42.184 [FXGL Background Thread 3 ] DEBUG Engine               - title: Tower Defense
00:36:42.184 [FXGL Background Thread 3 ] DEBUG Engine               - urlGithub: https://github.com/AlmasB/FXGL
00:36:42.184 [FXGL Background Thread 3 ] DEBUG Engine               - urlLeaderboard: http://fxgl-top.herokuapp.com/
00:36:42.184 [FXGL Background Thread 3 ] DEBUG Engine               - urlPOM: https://raw.githubusercontent.com/AlmasB/FXGL/release/README.md
00:36:42.184 [FXGL Background Thread 3 ] DEBUG Engine               - userAppClass: class com.theswagbois.towerdefense.MainApplication
00:36:42.188 [FXGL Background Thread 3 ] DEBUG Engine               - version: 0.0
00:36:42.189 [FXGL Background Thread 3 ] DEBUG Engine               - versionCheckDays: 7
00:36:42.189 [FXGL Background Thread 3 ] DEBUG Engine               - width: 800
00:36:42.189 [FXGL Background Thread 3 ] DEBUG Engine               - Logging services
00:36:42.189 [FXGL Background Thread 3 ] DEBUG Engine               - class com.almasb.fxgl.app.services.FXGLAssetLoaderService
00:36:42.189 [FXGL Background Thread 3 ] DEBUG Engine               - class com.almasb.fxgl.app.FXGLApplication$GameApplicationService
00:36:42.189 [FXGL Background Thread 3 ] DEBUG Engine               - class com.almasb.fxgl.app.services.FXGLDialogService
00:36:42.189 [FXGL Background Thread 3 ] DEBUG Engine               - class com.almasb.fxgl.app.services.IOTaskExecutorService
00:36:42.189 [FXGL Background Thread 3 ] DEBUG Engine               - class com.almasb.fxgl.io.FileSystemService
00:36:42.189 [FXGL Background Thread 3 ] DEBUG Engine               - class com.almasb.fxgl.localization.LocalizationService
00:36:42.190 [FXGL Background Thread 3 ] DEBUG Engine               - class com.almasb.fxgl.app.services.SystemBundleService
00:36:42.190 [FXGL Background Thread 3 ] DEBUG Engine               - class com.almasb.fxgl.profile.SaveLoadService
00:36:42.190 [FXGL Background Thread 3 ] DEBUG Engine               - class com.almasb.fxgl.ui.FXGLUIFactoryServiceProvider
00:36:42.190 [FXGL Background Thread 3 ] DEBUG Engine               - class com.almasb.fxgl.ui.FXGLDialogFactoryServiceProvider
00:36:42.190 [FXGL Background Thread 3 ] DEBUG Engine               - class com.almasb.fxgl.audio.AudioPlayer
00:36:42.190 [FXGL Background Thread 3 ] DEBUG Engine               - class com.almasb.fxgl.notification.impl.NotificationServiceProvider
00:36:42.190 [FXGL Background Thread 3 ] DEBUG Engine               - class com.almasb.fxgl.achievement.AchievementService
00:36:42.190 [FXGL Background Thread 3 ] DEBUG Engine               - class com.almasb.fxgl.cutscene.CutsceneService
00:36:42.190 [FXGL Background Thread 3 ] DEBUG Engine               - class com.almasb.fxgl.minigames.MiniGameService
00:36:42.190 [FXGL Background Thread 3 ] DEBUG Engine               - class com.almasb.fxgl.net.NetService
00:36:42.190 [FXGL Background Thread 3 ] DEBUG Engine               - class com.almasb.fxgl.app.services.UpdaterService
00:36:42.190 [FXGL Background Thread 3 ] DEBUG Engine               - class com.almasb.fxgl.dev.DevService
00:36:56.138 [JavaFX Application Thread] DEBUG FXGLAssetLoaderServi - Loading from file system: file:/Users/andrewfriedman/Repos/Tower_Defense/target/classes/assets/textures/settingsScreen.png
00:37:00.870 [JavaFX Application Thread] DEBUG Menu                 - fireNewGame()
00:37:00.871 [JavaFX Application Thread] DEBUG GameApplicationServi - Starting new game
00:37:00.872 [JavaFX Application Thread] DEBUG PrimaryStageWindow   - Pop state: WelcomeMenu
00:37:00.872 [JavaFX Application Thread] DEBUG Input                - Clearing active input actions
00:37:00.873 [JavaFX Application Thread] DEBUG GameApplicationServi - Removing overlay from WelcomeMenu and adding to FXGLMainMenuDummyScene
00:37:00.874 [JavaFX Application Thread] DEBUG PrimaryStageWindow   - FXGLMainMenuDummyScene <- WelcomeMenu
00:37:00.875 [JavaFX Application Thread] DEBUG Input                - Clearing active input actions
00:37:00.883 [JavaFX Application Thread] DEBUG GameApplicationServi - Removing overlay from FXGLMainMenuDummyScene and adding to FXGLLoadingScene
00:37:00.883 [JavaFX Application Thread] DEBUG PrimaryStageWindow   - FXGLMainMenuDummyScene -> FXGLLoadingScene
00:37:00.884 [JavaFX Application Thread] DEBUG GameApplicationServi - Clearing previous game
00:37:00.884 [JavaFX Application Thread] DEBUG GameScene            - Clearing game scene
00:37:00.884 [JavaFX Application Thread] DEBUG GameWorld            - Clearing game world
00:37:00.884 [JavaFX Application Thread] DEBUG PhysicsWorld         - Clearing physics world
00:37:00.886 [FXGL Background Thread 2 ] DEBUG FXGLApplication      - Initializing game
00:37:00.888 [FXGL Background Thread 2 ] DEBUG FXGLAssetLoaderServi - Loading JSON from: file:/Users/andrewfriedman/Repos/Tower_Defense/target/classes/assets/towers/tower1.json
00:37:00.978 [FXGL Background Thread 2 ] DEBUG FXGLAssetLoaderServi - Loading JSON from: file:/Users/andrewfriedman/Repos/Tower_Defense/target/classes/assets/towers/tower2.json
00:37:00.979 [FXGL Background Thread 2 ] DEBUG FXGLAssetLoaderServi - Loading JSON from: file:/Users/andrewfriedman/Repos/Tower_Defense/target/classes/assets/towers/tower3.json
00:37:00.980 [FXGL Background Thread 2 ] DEBUG FXGLAssetLoaderServi - Loading JSON from: file:/Users/andrewfriedman/Repos/Tower_Defense/target/classes/assets/levels/level1.json
00:37:00.999 [FXGL Background Thread 2 ] INFO  FXGLApplication      - Game initialization took: 0.113 sec
00:37:00.999 [JavaFX Application Thread] DEBUG Input                - Clearing active input actions
00:37:01.003 [JavaFX Application Thread] DEBUG GameApplicationServi - Removing overlay from FXGLLoadingScene and adding to GameScene
00:37:01.003 [JavaFX Application Thread] DEBUG PrimaryStageWindow   - FXGLLoadingScene -> GameScene
00:37:03.428 [JavaFX Application Thread] DEBUG FXGLApplication      - Exiting FXGL
00:37:03.429 [JavaFX Application Thread] DEBUG LoopRunner           - Stopping loop
00:37:03.429 [JavaFX Application Thread] DEBUG SystemBundleService  - Saving FXGL system data
00:37:03.433 [JavaFX Application Thread] DEBUG FileSystemAccess     - Writing to: /Users/andrewfriedman/Repos/Tower_Defense/system/fxgl.bundle
00:37:03.435 [JavaFX Application Thread] DEBUG Async                - Shutting down background threads
00:37:03.435 [JavaFX Application Thread] DEBUG PrimaryStageWindow   - Closing main window
00:37:03.441 [JavaFX Application Thread] DEBUG Logger               - Closing Logger
