01:45:08.345 [main                     ] DEBUG Logger               - Configured Logger
01:45:08.351 [main                     ] DEBUG GameApplication      - Logging settings
Title: Tower Defense
Version: 0.0
Width: 800
Height: 600
Fullscreen: false
Intro: false
Profiling: false
Single step:false
App Mode: DEVELOPER
Menu Key: ESCAPE
Stage Style: DECORATED
Scene Factory: class com.theswagbois.towerdefense.ui.MySceneFactory

01:45:08.522 [JavaFX Application Thread] DEBUG FXGLApplication      - Initializing FXGL
01:45:08.523 [JavaFX Application Thread] INFO  Engine               - FXGL-11.17 (16.07.2021 15.46) on MAC (J:16.0.2 FX:17.0.1)
01:45:08.523 [JavaFX Application Thread] DEBUG Engine               - JRE Vendor Name: Azul Systems, Inc.
01:45:08.523 [JavaFX Application Thread] DEBUG Engine               - Running on OS: Mac OS X version 12.0.1
01:45:08.523 [JavaFX Application Thread] DEBUG Engine               - Architecture: aarch64
01:45:08.523 [JavaFX Application Thread] INFO  Engine               - Source code and latest versions at: https://github.com/AlmasB/FXGL
01:45:08.523 [JavaFX Application Thread] INFO  Engine               -              Join the FXGL chat at: https://gitter.im/AlmasB/FXGL
01:45:08.572 [JavaFX Application Thread] DEBUG PrimaryStageWindow   - Creating a JavaFX scene
01:45:08.593 [JavaFX Application Thread] DEBUG PrimaryStageWindow   - Target settings size: 800.0 x 600.0
01:45:08.593 [JavaFX Application Thread] DEBUG PrimaryStageWindow   - Scaled scene size:    800.0 x 600.0
01:45:08.593 [JavaFX Application Thread] DEBUG PrimaryStageWindow   - Scaled ratio: (1.0, 1.0)
01:45:08.593 [JavaFX Application Thread] DEBUG PrimaryStageWindow   - Set initial scene to FXGLStartupScene
01:45:08.597 [JavaFX Application Thread] DEBUG PrimaryStageWindow   - Opening main window
01:45:08.642 [JavaFX Application Thread] DEBUG PrimaryStageWindow   - Window border size: (0.0, 28.0)
01:45:08.643 [JavaFX Application Thread] DEBUG PrimaryStageWindow   - Scaled size: 800.0 x 600.0
01:45:08.643 [JavaFX Application Thread] DEBUG PrimaryStageWindow   - Scaled ratio: (1.0, 1.0)
01:45:08.643 [JavaFX Application Thread] DEBUG PrimaryStageWindow   - Scene size: 800.0 x 600.0
01:45:08.643 [JavaFX Application Thread] DEBUG PrimaryStageWindow   - Stage size: 800.0 x 628.0
01:45:08.646 [FXGL Background Thread 1 ] DEBUG Engine               - Initializing environment variables
01:45:08.667 [FXGL Background Thread 1 ] DEBUG FXGLAssetLoaderServi - User app class for loading assets: class com.theswagbois.towerdefense.MainApplication
01:45:08.668 [FXGL Background Thread 1 ] DEBUG GameApplicationServi - Applying CSS: fxgl_dark.css
01:45:08.668 [FXGL Background Thread 1 ] DEBUG FXGLAssetLoaderServi - Loading from file system: jar:file:/Users/andrewfriedman/.m2/repository/com/github/almasb/fxgl/11.17/fxgl-11.17.jar!/fxglassets/ui/css/fxgl_dark.css
01:45:08.696 [FXGL Background Thread 1 ] DEBUG GameApplicationServi - Initializing application scenes
01:45:08.788 [FXGL Background Thread 1 ] DEBUG GameWorld            - Game world initialized
01:45:08.814 [FXGL Background Thread 1 ] DEBUG PhysicsWorld         - Physics world initialized: appHeight=600, physics.ppm=50.0
01:45:08.814 [FXGL Background Thread 1 ] DEBUG PhysicsWorld         - Using strategy: BRUTE_FORCE
01:45:08.816 [FXGL Background Thread 1 ] DEBUG GameScene            - Game scene initialized: 800x600
01:45:08.827 [FXGL Background Thread 1 ] DEBUG FXGLAssetLoaderServi - Loading from file system: file:/Users/andrewfriedman/Repos/Tower_Defense/target/classes/assets/textures/titleScreen.png
01:45:08.848 [FXGL Background Thread 1 ] DEBUG FXGL.DefaultMenu     - createMenuBodyGameMenu()
01:45:08.855 [FXGL Background Thread 1 ] DEBUG FXGL.DefaultMenu     - createOptionsMenu()
01:45:08.858 [FXGL Background Thread 1 ] DEBUG FXGLAssetLoaderServi - Loading from file system: jar:file:/Users/andrewfriedman/.m2/repository/com/github/almasb/fxgl/11.17/fxgl-11.17.jar!/fxglassets/textures/particles/smoke.png
01:45:08.902 [FXGL Background Thread 1 ] DEBUG FXGLAssetLoaderServi - Loading from file system: jar:file:/Users/andrewfriedman/.m2/repository/com/github/almasb/fxgl/11.17/fxgl-11.17.jar!/fxglassets/textures/particles/trace_horizontal.png
01:45:08.917 [FXGL Background Thread 1 ] DEBUG GameApplicationServi - Application scenes initialized
01:45:08.921 [FXGL Background Thread 1 ] DEBUG SystemBundleService  - Loading FXGL system data
01:45:08.923 [FXGL Background Thread 1 ] DEBUG FileSystemAccess     - Reading from: /Users/andrewfriedman/Repos/Tower_Defense/system/fxgl.bundle
01:45:08.927 [FXGL Background Thread 1 ] DEBUG SystemBundleService  - Bundle FXGL: {}
01:45:08.928 [FXGL Background Thread 1 ] DEBUG UpdaterService       - Checking for updates
01:45:08.930 [FXGL Background Thread 4 ] DEBUG FXGLApplication      - Loading fonts
01:45:08.930 [FXGL Background Thread 1 ] DEBUG FXGLApplication      - Loading default localization
01:45:08.931 [FXGL Background Thread 4 ] DEBUG FXGLAssetLoaderServi - Loading from file system: jar:file:/Users/andrewfriedman/.m2/repository/com/github/almasb/fxgl/11.17/fxgl-11.17.jar!/fxglassets/ui/fonts/VarelaRound-Regular.ttf
01:45:08.931 [FXGL Background Thread 1 ] DEBUG FXGLAssetLoaderServi - Loading from file system: jar:file:/Users/andrewfriedman/.m2/repository/com/github/almasb/fxgl/11.17/fxgl-11.17.jar!/fxglassets/languages/english.lang
01:45:08.937 [FXGL Background Thread 1 ] INFO  FXGLApplication      - FXGL initialization took: 0.290 sec
01:45:08.938 [JavaFX Application Thread] DEBUG Input                - Registered new binding: Place Tower - LMB
01:45:08.939 [JavaFX Application Thread] DEBUG FXGLAssetLoaderServi - Loading from file system: jar:file:/Users/andrewfriedman/.m2/repository/com/github/almasb/fxgl/11.17/fxgl-11.17.jar!/fxglassets/textures/fxgl_icon.png
01:45:08.943 [FXGL Background Thread 4 ] DEBUG FXGLAssetLoaderServi - Loading from file system: jar:file:/Users/andrewfriedman/.m2/repository/com/github/almasb/fxgl/11.17/fxgl-11.17.jar!/fxglassets/ui/fonts/Abel-Regular.ttf
01:45:08.945 [FXGL Background Thread 4 ] DEBUG FXGLAssetLoaderServi - Loading from file system: jar:file:/Users/andrewfriedman/.m2/repository/com/github/almasb/fxgl/11.17/fxgl-11.17.jar!/fxglassets/ui/fonts/lucida_console.ttf
01:45:08.947 [FXGL Background Thread 4 ] DEBUG FXGLAssetLoaderServi - Loading from file system: jar:file:/Users/andrewfriedman/.m2/repository/com/github/almasb/fxgl/11.17/fxgl-11.17.jar!/fxglassets/ui/fonts/Courier-Prime.ttf
01:45:08.954 [JavaFX Application Thread] DEBUG FXGLAssetLoaderServi - Loading from file system: jar:file:/Users/andrewfriedman/.m2/repository/com/github/almasb/fxgl/11.17/fxgl-11.17.jar!/fxglassets/textures/fxgl_default_cursor.png
01:45:08.961 [JavaFX Application Thread] DEBUG Input                - Registered new binding: Screenshot - CTRL+8
01:45:08.961 [JavaFX Application Thread] DEBUG Input                - Registered new binding: System info dump - CTRL+9
01:45:08.962 [JavaFX Application Thread] DEBUG Input                - Registered new binding: Restart - CTRL+R
01:45:08.962 [JavaFX Application Thread] DEBUG Input                - Registered new binding: Toggle Debug Camera - CTRL+C
01:45:08.963 [JavaFX Application Thread] DEBUG LoopRunner           - Starting loop
01:45:08.963 [JavaFX Application Thread] DEBUG LoopRunner           - Initializing JavaFX AnimationTimerLoop
01:45:08.964 [JavaFX Application Thread] DEBUG Input                - Clearing active input actions
01:45:08.967 [JavaFX Application Thread] DEBUG GameApplicationServi - Removing overlay from FXGLStartupScene and adding to FXGLMainMenuDummyScene
01:45:08.967 [JavaFX Application Thread] DEBUG PrimaryStageWindow   - FXGLStartupScene -> FXGLMainMenuDummyScene
01:45:08.967 [JavaFX Application Thread] DEBUG PrimaryStageWindow   - Push state: WelcomeMenu
01:45:08.967 [JavaFX Application Thread] DEBUG Input                - Clearing active input actions
01:45:08.968 [JavaFX Application Thread] DEBUG GameApplicationServi - Removing overlay from FXGLMainMenuDummyScene and adding to WelcomeMenu
01:45:08.968 [JavaFX Application Thread] DEBUG PrimaryStageWindow   - FXGLMainMenuDummyScene -> WelcomeMenu
01:45:08.978 [JavaFX Application Thread] DEBUG FXGLApplication      - Registering font factories with UI factory
01:45:11.937 [FXGL Background Thread 3 ] DEBUG Engine               - Logging environment variables
01:45:11.938 [FXGL Background Thread 3 ] DEBUG Engine               - achievements: []
01:45:11.939 [FXGL Background Thread 3 ] DEBUG Engine               - actualHeight: 600.0
01:45:11.939 [FXGL Background Thread 3 ] DEBUG Engine               - actualHeightProperty: ReadOnlyDoubleProperty [value: 600.0]
01:45:11.939 [FXGL Background Thread 3 ] DEBUG Engine               - actualWidth: 800.0
01:45:11.940 [FXGL Background Thread 3 ] DEBUG Engine               - actualWidthProperty: ReadOnlyDoubleProperty [value: 800.0]
01:45:11.940 [FXGL Background Thread 3 ] DEBUG Engine               - appIcon: fxgl_icon.png
01:45:11.940 [FXGL Background Thread 3 ] DEBUG Engine               - applicationMode: DEVELOPER
01:45:11.941 [FXGL Background Thread 3 ] DEBUG Engine               - cSSList: [fxgl_dark.css]
01:45:11.941 [FXGL Background Thread 3 ] DEBUG Engine               - collisionDetectionStrategy: BRUTE_FORCE
01:45:11.941 [FXGL Background Thread 3 ] DEBUG Engine               - configClass: Optional.empty
01:45:11.941 [FXGL Background Thread 3 ] DEBUG Engine               - credits: []
01:45:11.942 [FXGL Background Thread 3 ] DEBUG Engine               - defaultCursor: CursorInfo(imageName=fxgl_default_cursor.png, hotspotX=7.0, hotspotY=6.0)
01:45:11.942 [FXGL Background Thread 3 ] DEBUG Engine               - devBBoxColorProperty: ObjectProperty [value: 0xff0000ff]
01:45:11.942 [FXGL Background Thread 3 ] DEBUG Engine               - devEnableDebugCameraProperty: BooleanProperty [value: false]
01:45:11.943 [FXGL Background Thread 3 ] DEBUG Engine               - devSensorColorProperty: ObjectProperty [value: 0xffff00ff]
01:45:11.943 [FXGL Background Thread 3 ] DEBUG Engine               - devShowBBoxProperty: BooleanProperty [value: false]
01:45:11.943 [FXGL Background Thread 3 ] DEBUG Engine               - devShowPositionProperty: BooleanProperty [value: false]
01:45:11.943 [FXGL Background Thread 3 ] DEBUG Engine               - enabledMenuItems: []
01:45:11.943 [FXGL Background Thread 3 ] DEBUG Engine               - engineServices: [class com.almasb.fxgl.app.services.FXGLAssetLoaderService, class com.almasb.fxgl.app.FXGLApplication$GameApplicationService, class com.almasb.fxgl.app.services.FXGLDialogService, class com.almasb.fxgl.app.services.IOTaskExecutorService, class com.almasb.fxgl.io.FileSystemService, class com.almasb.fxgl.localization.LocalizationService, class com.almasb.fxgl.app.services.SystemBundleService, class com.almasb.fxgl.profile.SaveLoadService, class com.almasb.fxgl.ui.FXGLUIFactoryServiceProvider, class com.almasb.fxgl.ui.FXGLDialogFactoryServiceProvider, class com.almasb.fxgl.audio.AudioPlayer, class com.almasb.fxgl.notification.impl.NotificationServiceProvider, class com.almasb.fxgl.achievement.AchievementService, class com.almasb.fxgl.cutscene.CutsceneService, class com.almasb.fxgl.minigames.MiniGameService, class com.almasb.fxgl.net.NetService, class com.almasb.fxgl.app.services.UpdaterService, class com.almasb.fxgl.dev.DevService]
01:45:11.943 [FXGL Background Thread 3 ] DEBUG Engine               - fontGame: Abel-Regular.ttf
01:45:11.943 [FXGL Background Thread 3 ] DEBUG Engine               - fontMono: lucida_console.ttf
01:45:11.944 [FXGL Background Thread 3 ] DEBUG Engine               - fontText: Courier-Prime.ttf
01:45:11.944 [FXGL Background Thread 3 ] DEBUG Engine               - fontUI: VarelaRound-Regular.ttf
01:45:11.944 [FXGL Background Thread 3 ] DEBUG Engine               - fullScreen: BooleanProperty [value: false]
01:45:11.944 [FXGL Background Thread 3 ] DEBUG Engine               - gameDifficulty: MEDIUM
01:45:11.944 [FXGL Background Thread 3 ] DEBUG Engine               - gameDifficultyProperty: ObjectProperty [value: MEDIUM]
01:45:11.944 [FXGL Background Thread 3 ] DEBUG Engine               - globalMusicVolume: 0.5
01:45:11.945 [FXGL Background Thread 3 ] DEBUG Engine               - globalMusicVolumeProperty: DoubleProperty [value: 0.5]
01:45:11.945 [FXGL Background Thread 3 ] DEBUG Engine               - globalSoundVolume: 0.5
01:45:11.945 [FXGL Background Thread 3 ] DEBUG Engine               - globalSoundVolumeProperty: DoubleProperty [value: 0.5]
01:45:11.945 [FXGL Background Thread 3 ] DEBUG Engine               - height: 600
01:45:11.945 [FXGL Background Thread 3 ] DEBUG Engine               - is3D: false
01:45:11.945 [FXGL Background Thread 3 ] DEBUG Engine               - isAndroid: false
01:45:11.945 [FXGL Background Thread 3 ] DEBUG Engine               - isBrowser: false
01:45:11.945 [FXGL Background Thread 3 ] DEBUG Engine               - isClickFeedbackEnabled: false
01:45:11.946 [FXGL Background Thread 3 ] DEBUG Engine               - isCloseConfirmation: false
01:45:11.946 [FXGL Background Thread 3 ] DEBUG Engine               - isDesktop: true
01:45:11.946 [FXGL Background Thread 3 ] DEBUG Engine               - isDeveloperMenuEnabled: false
01:45:11.946 [FXGL Background Thread 3 ] DEBUG Engine               - isEntityPreloadEnabled: true
01:45:11.946 [FXGL Background Thread 3 ] DEBUG Engine               - isExperimentalTiledLargeMap: false
01:45:11.946 [FXGL Background Thread 3 ] DEBUG Engine               - isFileSystemWriteAllowed: true
01:45:11.946 [FXGL Background Thread 3 ] DEBUG Engine               - isFullScreenAllowed: false
01:45:11.946 [FXGL Background Thread 3 ] DEBUG Engine               - isFullScreenFromStart: false
01:45:11.946 [FXGL Background Thread 3 ] DEBUG Engine               - isGameMenuEnabled: true
01:45:11.946 [FXGL Background Thread 3 ] DEBUG Engine               - isIOS: false
01:45:11.947 [FXGL Background Thread 3 ] DEBUG Engine               - isIntroEnabled: false
01:45:11.947 [FXGL Background Thread 3 ] DEBUG Engine               - isLinux: false
01:45:11.947 [FXGL Background Thread 3 ] DEBUG Engine               - isMac: true
01:45:11.947 [FXGL Background Thread 3 ] DEBUG Engine               - isMainMenuEnabled: true
01:45:11.947 [FXGL Background Thread 3 ] DEBUG Engine               - isManualResizeEnabled: false
01:45:11.947 [FXGL Background Thread 3 ] DEBUG Engine               - isMobile: false
01:45:11.947 [FXGL Background Thread 3 ] DEBUG Engine               - isNative: false
01:45:11.948 [FXGL Background Thread 3 ] DEBUG Engine               - isPauseMusicWhenMinimized: true
01:45:11.948 [FXGL Background Thread 3 ] DEBUG Engine               - isPreserveResizeRatio: false
01:45:11.948 [FXGL Background Thread 3 ] DEBUG Engine               - isProfilingEnabled: false
01:45:11.948 [FXGL Background Thread 3 ] DEBUG Engine               - isScaleAffectedOnResize: true
01:45:11.948 [FXGL Background Thread 3 ] DEBUG Engine               - isSingleStep: false
01:45:11.948 [FXGL Background Thread 3 ] DEBUG Engine               - isUserProfileEnabled: false
01:45:11.948 [FXGL Background Thread 3 ] DEBUG Engine               - isWindows: false
01:45:11.948 [FXGL Background Thread 3 ] DEBUG Engine               - language: ObjectProperty [value: ENGLISH]
01:45:11.948 [FXGL Background Thread 3 ] DEBUG Engine               - menuKey: ESCAPE
01:45:11.949 [FXGL Background Thread 3 ] DEBUG Engine               - mouseSensitivity: 0.2
01:45:11.949 [FXGL Background Thread 3 ] DEBUG Engine               - notificationViewClass: class com.almasb.fxgl.notification.view.XboxNotificationView
01:45:11.949 [FXGL Background Thread 3 ] DEBUG Engine               - pixelsPerMeter: 50.0
01:45:11.949 [FXGL Background Thread 3 ] DEBUG Engine               - platform: MAC
01:45:11.949 [FXGL Background Thread 3 ] DEBUG Engine               - prefHeightProperty: ReadOnlyDoubleProperty [value: 600.0]
01:45:11.949 [FXGL Background Thread 3 ] DEBUG Engine               - prefWidthProperty: ReadOnlyDoubleProperty [value: 800.0]
01:45:11.949 [FXGL Background Thread 3 ] DEBUG Engine               - profileDir: profiles/
01:45:11.949 [FXGL Background Thread 3 ] DEBUG Engine               - profileName: StringProperty [value: DEFAULT]
01:45:11.950 [FXGL Background Thread 3 ] DEBUG Engine               - randomSeed: -1
01:45:11.950 [FXGL Background Thread 3 ] DEBUG Engine               - runtimeInfo: RuntimeInfo(platform=MAC, version=11.17, build=16.07.2021 15.46)
01:45:11.950 [FXGL Background Thread 3 ] DEBUG Engine               - saveFileExt: sav
01:45:11.950 [FXGL Background Thread 3 ] DEBUG Engine               - scaledHeightProp$fxgl: DoubleProperty [bound, value: 600.0]
01:45:11.950 [FXGL Background Thread 3 ] DEBUG Engine               - scaledWidthProp$fxgl: DoubleProperty [bound, value: 800.0]
01:45:11.950 [FXGL Background Thread 3 ] DEBUG Engine               - sceneFactory: com.theswagbois.towerdefense.ui.MySceneFactory@2159cd14
01:45:11.950 [FXGL Background Thread 3 ] DEBUG Engine               - secondsIn24h: 60
01:45:11.950 [FXGL Background Thread 3 ] DEBUG Engine               - soundMenuBack: menu/back.wav
01:45:11.950 [FXGL Background Thread 3 ] DEBUG Engine               - soundMenuPress: menu/press.wav
01:45:11.951 [FXGL Background Thread 3 ] DEBUG Engine               - soundMenuSelect: menu/select.wav
01:45:11.951 [FXGL Background Thread 3 ] DEBUG Engine               - soundNotification: core/notification.wav
01:45:11.951 [FXGL Background Thread 3 ] DEBUG Engine               - stageStyle: DECORATED
01:45:11.951 [FXGL Background Thread 3 ] DEBUG Engine               - supportedLanguages: [ENGLISH, FRENCH, GERMAN, HUNGARIAN, RUSSIAN]
01:45:11.951 [FXGL Background Thread 3 ] DEBUG Engine               - ticksPerSecond: -1
01:45:11.951 [FXGL Background Thread 3 ] DEBUG Engine               - title: Tower Defense
01:45:11.951 [FXGL Background Thread 3 ] DEBUG Engine               - urlGithub: https://github.com/AlmasB/FXGL
01:45:11.951 [FXGL Background Thread 3 ] DEBUG Engine               - urlLeaderboard: http://fxgl-top.herokuapp.com/
01:45:11.951 [FXGL Background Thread 3 ] DEBUG Engine               - urlPOM: https://raw.githubusercontent.com/AlmasB/FXGL/release/README.md
01:45:11.951 [FXGL Background Thread 3 ] DEBUG Engine               - userAppClass: class com.theswagbois.towerdefense.MainApplication
01:45:11.951 [FXGL Background Thread 3 ] DEBUG Engine               - version: 0.0
01:45:11.951 [FXGL Background Thread 3 ] DEBUG Engine               - versionCheckDays: 7
01:45:11.951 [FXGL Background Thread 3 ] DEBUG Engine               - width: 800
01:45:11.952 [FXGL Background Thread 3 ] DEBUG Engine               - Logging services
01:45:11.952 [FXGL Background Thread 3 ] DEBUG Engine               - class com.almasb.fxgl.app.services.FXGLAssetLoaderService
01:45:11.952 [FXGL Background Thread 3 ] DEBUG Engine               - class com.almasb.fxgl.app.FXGLApplication$GameApplicationService
01:45:11.952 [FXGL Background Thread 3 ] DEBUG Engine               - class com.almasb.fxgl.app.services.FXGLDialogService
01:45:11.952 [FXGL Background Thread 3 ] DEBUG Engine               - class com.almasb.fxgl.app.services.IOTaskExecutorService
01:45:11.952 [FXGL Background Thread 3 ] DEBUG Engine               - class com.almasb.fxgl.io.FileSystemService
01:45:11.952 [FXGL Background Thread 3 ] DEBUG Engine               - class com.almasb.fxgl.localization.LocalizationService
01:45:11.952 [FXGL Background Thread 3 ] DEBUG Engine               - class com.almasb.fxgl.app.services.SystemBundleService
01:45:11.952 [FXGL Background Thread 3 ] DEBUG Engine               - class com.almasb.fxgl.profile.SaveLoadService
01:45:11.953 [FXGL Background Thread 3 ] DEBUG Engine               - class com.almasb.fxgl.ui.FXGLUIFactoryServiceProvider
01:45:11.953 [FXGL Background Thread 3 ] DEBUG Engine               - class com.almasb.fxgl.ui.FXGLDialogFactoryServiceProvider
01:45:11.953 [FXGL Background Thread 3 ] DEBUG Engine               - class com.almasb.fxgl.audio.AudioPlayer
01:45:11.953 [FXGL Background Thread 3 ] DEBUG Engine               - class com.almasb.fxgl.notification.impl.NotificationServiceProvider
01:45:11.953 [FXGL Background Thread 3 ] DEBUG Engine               - class com.almasb.fxgl.achievement.AchievementService
01:45:11.953 [FXGL Background Thread 3 ] DEBUG Engine               - class com.almasb.fxgl.cutscene.CutsceneService
01:45:11.953 [FXGL Background Thread 3 ] DEBUG Engine               - class com.almasb.fxgl.minigames.MiniGameService
01:45:11.953 [FXGL Background Thread 3 ] DEBUG Engine               - class com.almasb.fxgl.net.NetService
01:45:11.953 [FXGL Background Thread 3 ] DEBUG Engine               - class com.almasb.fxgl.app.services.UpdaterService
01:45:11.953 [FXGL Background Thread 3 ] DEBUG Engine               - class com.almasb.fxgl.dev.DevService
01:47:10.524 [JavaFX Application Thread] DEBUG FXGLApplication      - Exiting FXGL
01:47:10.524 [JavaFX Application Thread] DEBUG LoopRunner           - Stopping loop
01:47:10.524 [JavaFX Application Thread] DEBUG SystemBundleService  - Saving FXGL system data
01:47:10.526 [JavaFX Application Thread] DEBUG FileSystemAccess     - Writing to: /Users/andrewfriedman/Repos/Tower_Defense/system/fxgl.bundle
01:47:10.527 [JavaFX Application Thread] DEBUG Async                - Shutting down background threads
01:47:10.527 [JavaFX Application Thread] DEBUG PrimaryStageWindow   - Closing main window
01:47:10.532 [JavaFX Application Thread] DEBUG Logger               - Closing Logger
