21:15:56.245 [main                     ] DEBUG Logger               - Configured Logger
21:15:56.254 [main                     ] DEBUG GameApplication      - Logging settings
Title: Tower Defense
Version: 0.0
Width: 800
Height: 600
Fullscreen: false
Intro: false
Profiling: false
Single step:false
App Mode: DEVELOPER
Menu Key: ESCAPE
Stage Style: DECORATED
Scene Factory: class com.theswagbois.towerdefense.MySceneFactory

21:15:57.076 [JavaFX Application Thread] DEBUG FXGLApplication      - Initializing FXGL
21:15:57.082 [JavaFX Application Thread] INFO  Engine               - FXGL-11.17 (16.07.2021 15.46) on MAC (J:16.0.2 FX:16)
21:15:57.082 [JavaFX Application Thread] DEBUG Engine               - JRE Vendor Name: Amazon.com Inc.
21:15:57.083 [JavaFX Application Thread] DEBUG Engine               - Running on OS: Mac OS X version 10.15.7
21:15:57.083 [JavaFX Application Thread] DEBUG Engine               - Architecture: x86_64
21:15:57.084 [JavaFX Application Thread] INFO  Engine               - Source code and latest versions at: https://github.com/AlmasB/FXGL
21:15:57.084 [JavaFX Application Thread] INFO  Engine               -              Join the FXGL chat at: https://gitter.im/AlmasB/FXGL
21:15:57.303 [JavaFX Application Thread] DEBUG PrimaryStageWindow   - Creating a JavaFX scene
21:15:57.384 [JavaFX Application Thread] DEBUG PrimaryStageWindow   - Target settings size: 800.0 x 600.0
21:15:57.384 [JavaFX Application Thread] DEBUG PrimaryStageWindow   - Scaled scene size:    800.0 x 600.0
21:15:57.384 [JavaFX Application Thread] DEBUG PrimaryStageWindow   - Scaled ratio: (1.0, 1.0)
21:15:57.386 [JavaFX Application Thread] DEBUG PrimaryStageWindow   - Set initial scene to FXGLStartupScene
21:15:57.399 [JavaFX Application Thread] DEBUG PrimaryStageWindow   - Opening main window
21:15:57.555 [JavaFX Application Thread] DEBUG PrimaryStageWindow   - Window border size: (0.0, 22.0)
21:15:57.555 [JavaFX Application Thread] DEBUG PrimaryStageWindow   - Scaled size: 800.0 x 600.0
21:15:57.556 [JavaFX Application Thread] DEBUG PrimaryStageWindow   - Scaled ratio: (1.0, 1.0)
21:15:57.556 [JavaFX Application Thread] DEBUG PrimaryStageWindow   - Scene size: 800.0 x 600.0
21:15:57.556 [JavaFX Application Thread] DEBUG PrimaryStageWindow   - Stage size: 800.0 x 622.0
21:15:57.568 [FXGL Background Thread 1 ] DEBUG Engine               - Initializing environment variables
21:15:57.695 [FXGL Background Thread 1 ] DEBUG FXGLAssetLoaderServi - User app class for loading assets: class com.theswagbois.towerdefense.MainApplication
21:15:57.695 [FXGL Background Thread 1 ] DEBUG GameApplicationServi - Applying CSS: fxgl_dark.css
21:15:57.698 [FXGL Background Thread 1 ] DEBUG FXGLAssetLoaderServi - Loading from file system: jar:file:/Users/josephvitko/.m2/repository/com/github/almasb/fxgl/11.17/fxgl-11.17.jar!/fxglassets/ui/css/fxgl_dark.css
21:15:57.827 [FXGL Background Thread 1 ] DEBUG GameApplicationServi - Initializing application scenes
21:15:58.474 [FXGL Background Thread 1 ] DEBUG GameWorld            - Game world initialized
21:15:58.552 [FXGL Background Thread 1 ] DEBUG PhysicsWorld         - Physics world initialized: appHeight=600, physics.ppm=50.0
21:15:58.553 [FXGL Background Thread 1 ] DEBUG PhysicsWorld         - Using strategy: BRUTE_FORCE
21:15:58.557 [FXGL Background Thread 1 ] DEBUG GameScene            - Game scene initialized: 800x600
21:15:58.612 [FXGL Background Thread 1 ] DEBUG FXGL.DefaultMenu     - createMenuBodyGameMenu()
21:15:58.639 [FXGL Background Thread 1 ] DEBUG FXGL.DefaultMenu     - createOptionsMenu()
21:15:58.655 [FXGL Background Thread 1 ] DEBUG FXGLAssetLoaderServi - Loading from file system: jar:file:/Users/josephvitko/.m2/repository/com/github/almasb/fxgl/11.17/fxgl-11.17.jar!/fxglassets/textures/particles/smoke.png
21:15:58.816 [FXGL Background Thread 1 ] DEBUG FXGLAssetLoaderServi - Loading from file system: jar:file:/Users/josephvitko/.m2/repository/com/github/almasb/fxgl/11.17/fxgl-11.17.jar!/fxglassets/textures/particles/trace_horizontal.png
21:15:58.855 [FXGL Background Thread 1 ] DEBUG GameApplicationServi - Application scenes initialized
21:15:58.868 [FXGL Background Thread 1 ] DEBUG SystemBundleService  - Loading FXGL system data
21:15:58.873 [FXGL Background Thread 1 ] DEBUG FileSystemAccess     - Reading from: /Users/josephvitko/IdeaProjects/Tower_Defense2/system/fxgl.bundle
21:15:58.883 [FXGL Background Thread 1 ] DEBUG SystemBundleService  - Bundle FXGL: {}
21:15:58.883 [FXGL Background Thread 1 ] DEBUG UpdaterService       - Checking for updates
21:15:58.890 [FXGL Background Thread 4 ] DEBUG FXGLApplication      - Loading fonts
21:15:58.891 [FXGL Background Thread 1 ] DEBUG FXGLApplication      - Loading default localization
21:15:58.891 [FXGL Background Thread 4 ] DEBUG FXGLAssetLoaderServi - Loading from file system: jar:file:/Users/josephvitko/.m2/repository/com/github/almasb/fxgl/11.17/fxgl-11.17.jar!/fxglassets/ui/fonts/VarelaRound-Regular.ttf
21:15:58.892 [FXGL Background Thread 1 ] DEBUG FXGLAssetLoaderServi - Loading from file system: jar:file:/Users/josephvitko/.m2/repository/com/github/almasb/fxgl/11.17/fxgl-11.17.jar!/fxglassets/languages/english.lang
21:15:58.912 [FXGL Background Thread 4 ] DEBUG FXGLAssetLoaderServi - Loading from file system: jar:file:/Users/josephvitko/.m2/repository/com/github/almasb/fxgl/11.17/fxgl-11.17.jar!/fxglassets/ui/fonts/Abel-Regular.ttf
21:15:58.912 [FXGL Background Thread 1 ] INFO  FXGLApplication      - FXGL initialization took: 1.344 sec
21:15:58.917 [FXGL Background Thread 4 ] DEBUG FXGLAssetLoaderServi - Loading from file system: jar:file:/Users/josephvitko/.m2/repository/com/github/almasb/fxgl/11.17/fxgl-11.17.jar!/fxglassets/ui/fonts/lucida_console.ttf
21:15:58.925 [FXGL Background Thread 4 ] DEBUG FXGLAssetLoaderServi - Loading from file system: jar:file:/Users/josephvitko/.m2/repository/com/github/almasb/fxgl/11.17/fxgl-11.17.jar!/fxglassets/ui/fonts/Courier-Prime.ttf
21:15:58.931 [JavaFX Application Thread] DEBUG Input                - Registered new binding: action0 - F
21:15:58.933 [JavaFX Application Thread] DEBUG Input                - Registered new binding: Place Tower - LMB
21:15:58.981 [JavaFX Application Thread] DEBUG FXGLAssetLoaderServi - Loading from file system: jar:file:/Users/josephvitko/.m2/repository/com/github/almasb/fxgl/11.17/fxgl-11.17.jar!/fxglassets/textures/fxgl_icon.png
21:15:59.019 [JavaFX Application Thread] DEBUG FXGLAssetLoaderServi - Loading from file system: jar:file:/Users/josephvitko/.m2/repository/com/github/almasb/fxgl/11.17/fxgl-11.17.jar!/fxglassets/textures/fxgl_default_cursor.png
21:15:59.022 [JavaFX Application Thread] DEBUG Input                - Registered new binding: Screenshot - CTRL+8
21:15:59.023 [JavaFX Application Thread] DEBUG Input                - Registered new binding: System info dump - CTRL+9
21:15:59.024 [JavaFX Application Thread] DEBUG Input                - Registered new binding: Restart - CTRL+R
21:15:59.025 [JavaFX Application Thread] DEBUG Input                - Registered new binding: Toggle Debug Camera - CTRL+C
21:15:59.029 [JavaFX Application Thread] DEBUG LoopRunner           - Starting loop
21:15:59.029 [JavaFX Application Thread] DEBUG LoopRunner           - Initializing JavaFX AnimationTimerLoop
21:15:59.033 [JavaFX Application Thread] DEBUG Input                - Clearing active input actions
21:15:59.046 [JavaFX Application Thread] DEBUG GameApplicationServi - Removing overlay from FXGLStartupScene and adding to FXGLMainMenuDummyScene
21:15:59.046 [JavaFX Application Thread] DEBUG PrimaryStageWindow   - FXGLStartupScene -> FXGLMainMenuDummyScene
21:15:59.047 [JavaFX Application Thread] DEBUG PrimaryStageWindow   - Push state: WelcomeMenu
21:15:59.047 [JavaFX Application Thread] DEBUG Input                - Clearing active input actions
21:15:59.051 [JavaFX Application Thread] DEBUG GameApplicationServi - Removing overlay from FXGLMainMenuDummyScene and adding to WelcomeMenu
21:15:59.052 [JavaFX Application Thread] DEBUG PrimaryStageWindow   - FXGLMainMenuDummyScene -> WelcomeMenu
21:15:59.066 [JavaFX Application Thread] DEBUG FXGLApplication      - Registering font factories with UI factory
21:16:01.891 [FXGL Background Thread 3 ] DEBUG Engine               - Logging environment variables
21:16:01.892 [FXGL Background Thread 3 ] DEBUG Engine               - achievements: []
21:16:01.892 [FXGL Background Thread 3 ] DEBUG Engine               - actualHeight: 600.0
21:16:01.892 [FXGL Background Thread 3 ] DEBUG Engine               - actualHeightProperty: ReadOnlyDoubleProperty [value: 600.0]
21:16:01.892 [FXGL Background Thread 3 ] DEBUG Engine               - actualWidth: 800.0
21:16:01.892 [FXGL Background Thread 3 ] DEBUG Engine               - actualWidthProperty: ReadOnlyDoubleProperty [value: 800.0]
21:16:01.892 [FXGL Background Thread 3 ] DEBUG Engine               - appIcon: fxgl_icon.png
21:16:01.892 [FXGL Background Thread 3 ] DEBUG Engine               - applicationMode: DEVELOPER
21:16:01.892 [FXGL Background Thread 3 ] DEBUG Engine               - cSSList: [fxgl_dark.css]
21:16:01.893 [FXGL Background Thread 3 ] DEBUG Engine               - collisionDetectionStrategy: BRUTE_FORCE
21:16:01.893 [FXGL Background Thread 3 ] DEBUG Engine               - configClass: Optional.empty
21:16:01.893 [FXGL Background Thread 3 ] DEBUG Engine               - credits: []
21:16:01.893 [FXGL Background Thread 3 ] DEBUG Engine               - defaultCursor: CursorInfo(imageName=fxgl_default_cursor.png, hotspotX=7.0, hotspotY=6.0)
21:16:01.893 [FXGL Background Thread 3 ] DEBUG Engine               - devBBoxColorProperty: ObjectProperty [value: 0xff0000ff]
21:16:01.894 [FXGL Background Thread 3 ] DEBUG Engine               - devEnableDebugCameraProperty: BooleanProperty [value: false]
21:16:01.894 [FXGL Background Thread 3 ] DEBUG Engine               - devSensorColorProperty: ObjectProperty [value: 0xffff00ff]
21:16:01.894 [FXGL Background Thread 3 ] DEBUG Engine               - devShowBBoxProperty: BooleanProperty [value: false]
21:16:01.894 [FXGL Background Thread 3 ] DEBUG Engine               - devShowPositionProperty: BooleanProperty [value: false]
21:16:01.894 [FXGL Background Thread 3 ] DEBUG Engine               - enabledMenuItems: []
21:16:01.894 [FXGL Background Thread 3 ] DEBUG Engine               - engineServices: [class com.almasb.fxgl.app.services.FXGLAssetLoaderService, class com.almasb.fxgl.app.FXGLApplication$GameApplicationService, class com.almasb.fxgl.app.services.FXGLDialogService, class com.almasb.fxgl.app.services.IOTaskExecutorService, class com.almasb.fxgl.io.FileSystemService, class com.almasb.fxgl.localization.LocalizationService, class com.almasb.fxgl.app.services.SystemBundleService, class com.almasb.fxgl.profile.SaveLoadService, class com.almasb.fxgl.ui.FXGLUIFactoryServiceProvider, class com.almasb.fxgl.ui.FXGLDialogFactoryServiceProvider, class com.almasb.fxgl.audio.AudioPlayer, class com.almasb.fxgl.notification.impl.NotificationServiceProvider, class com.almasb.fxgl.achievement.AchievementService, class com.almasb.fxgl.cutscene.CutsceneService, class com.almasb.fxgl.minigames.MiniGameService, class com.almasb.fxgl.net.NetService, class com.almasb.fxgl.app.services.UpdaterService, class com.almasb.fxgl.dev.DevService]
21:16:01.894 [FXGL Background Thread 3 ] DEBUG Engine               - fontGame: Abel-Regular.ttf
21:16:01.894 [FXGL Background Thread 3 ] DEBUG Engine               - fontMono: lucida_console.ttf
21:16:01.894 [FXGL Background Thread 3 ] DEBUG Engine               - fontText: Courier-Prime.ttf
21:16:01.895 [FXGL Background Thread 3 ] DEBUG Engine               - fontUI: VarelaRound-Regular.ttf
21:16:01.895 [FXGL Background Thread 3 ] DEBUG Engine               - fullScreen: BooleanProperty [value: false]
21:16:01.895 [FXGL Background Thread 3 ] DEBUG Engine               - gameDifficulty: MEDIUM
21:16:01.895 [FXGL Background Thread 3 ] DEBUG Engine               - gameDifficultyProperty: ObjectProperty [value: MEDIUM]
21:16:01.895 [FXGL Background Thread 3 ] DEBUG Engine               - globalMusicVolume: 0.5
21:16:01.895 [FXGL Background Thread 3 ] DEBUG Engine               - globalMusicVolumeProperty: DoubleProperty [value: 0.5]
21:16:01.895 [FXGL Background Thread 3 ] DEBUG Engine               - globalSoundVolume: 0.5
21:16:01.895 [FXGL Background Thread 3 ] DEBUG Engine               - globalSoundVolumeProperty: DoubleProperty [value: 0.5]
21:16:01.895 [FXGL Background Thread 3 ] DEBUG Engine               - height: 600
21:16:01.896 [FXGL Background Thread 3 ] DEBUG Engine               - is3D: false
21:16:01.896 [FXGL Background Thread 3 ] DEBUG Engine               - isAndroid: false
21:16:01.896 [FXGL Background Thread 3 ] DEBUG Engine               - isBrowser: false
21:16:01.896 [FXGL Background Thread 3 ] DEBUG Engine               - isClickFeedbackEnabled: false
21:16:01.896 [FXGL Background Thread 3 ] DEBUG Engine               - isCloseConfirmation: false
21:16:01.896 [FXGL Background Thread 3 ] DEBUG Engine               - isDesktop: true
21:16:01.896 [FXGL Background Thread 3 ] DEBUG Engine               - isDeveloperMenuEnabled: false
21:16:01.896 [FXGL Background Thread 3 ] DEBUG Engine               - isEntityPreloadEnabled: true
21:16:01.896 [FXGL Background Thread 3 ] DEBUG Engine               - isExperimentalTiledLargeMap: false
21:16:01.897 [FXGL Background Thread 3 ] DEBUG Engine               - isFileSystemWriteAllowed: true
21:16:01.897 [FXGL Background Thread 3 ] DEBUG Engine               - isFullScreenAllowed: false
21:16:01.897 [FXGL Background Thread 3 ] DEBUG Engine               - isFullScreenFromStart: false
21:16:01.897 [FXGL Background Thread 3 ] DEBUG Engine               - isGameMenuEnabled: true
21:16:01.897 [FXGL Background Thread 3 ] DEBUG Engine               - isIOS: false
21:16:01.897 [FXGL Background Thread 3 ] DEBUG Engine               - isIntroEnabled: false
21:16:01.897 [FXGL Background Thread 3 ] DEBUG Engine               - isLinux: false
21:16:01.897 [FXGL Background Thread 3 ] DEBUG Engine               - isMac: true
21:16:01.897 [FXGL Background Thread 3 ] DEBUG Engine               - isMainMenuEnabled: true
21:16:01.897 [FXGL Background Thread 3 ] DEBUG Engine               - isManualResizeEnabled: false
21:16:01.898 [FXGL Background Thread 3 ] DEBUG Engine               - isMobile: false
21:16:01.898 [FXGL Background Thread 3 ] DEBUG Engine               - isNative: false
21:16:01.898 [FXGL Background Thread 3 ] DEBUG Engine               - isPauseMusicWhenMinimized: true
21:16:01.898 [FXGL Background Thread 3 ] DEBUG Engine               - isPreserveResizeRatio: false
21:16:01.898 [FXGL Background Thread 3 ] DEBUG Engine               - isProfilingEnabled: false
21:16:01.898 [FXGL Background Thread 3 ] DEBUG Engine               - isScaleAffectedOnResize: true
21:16:01.898 [FXGL Background Thread 3 ] DEBUG Engine               - isSingleStep: false
21:16:01.898 [FXGL Background Thread 3 ] DEBUG Engine               - isUserProfileEnabled: false
21:16:01.898 [FXGL Background Thread 3 ] DEBUG Engine               - isWindows: false
21:16:01.898 [FXGL Background Thread 3 ] DEBUG Engine               - language: ObjectProperty [value: ENGLISH]
21:16:01.899 [FXGL Background Thread 3 ] DEBUG Engine               - menuKey: ESCAPE
21:16:01.899 [FXGL Background Thread 3 ] DEBUG Engine               - mouseSensitivity: 0.2
21:16:01.899 [FXGL Background Thread 3 ] DEBUG Engine               - notificationViewClass: class com.almasb.fxgl.notification.view.XboxNotificationView
21:16:01.899 [FXGL Background Thread 3 ] DEBUG Engine               - pixelsPerMeter: 50.0
21:16:01.899 [FXGL Background Thread 3 ] DEBUG Engine               - platform: MAC
21:16:01.899 [FXGL Background Thread 3 ] DEBUG Engine               - prefHeightProperty: ReadOnlyDoubleProperty [value: 600.0]
21:16:01.899 [FXGL Background Thread 3 ] DEBUG Engine               - prefWidthProperty: ReadOnlyDoubleProperty [value: 800.0]
21:16:01.899 [FXGL Background Thread 3 ] DEBUG Engine               - profileDir: profiles/
21:16:01.899 [FXGL Background Thread 3 ] DEBUG Engine               - profileName: StringProperty [value: DEFAULT]
21:16:01.899 [FXGL Background Thread 3 ] DEBUG Engine               - randomSeed: -1
21:16:01.899 [FXGL Background Thread 3 ] DEBUG Engine               - runtimeInfo: RuntimeInfo(platform=MAC, version=11.17, build=16.07.2021 15.46)
21:16:01.900 [FXGL Background Thread 3 ] DEBUG Engine               - saveFileExt: sav
21:16:01.900 [FXGL Background Thread 3 ] DEBUG Engine               - scaledHeightProp$fxgl: DoubleProperty [bound, value: 600.0]
21:16:01.900 [FXGL Background Thread 3 ] DEBUG Engine               - scaledWidthProp$fxgl: DoubleProperty [bound, value: 800.0]
21:16:01.900 [FXGL Background Thread 3 ] DEBUG Engine               - sceneFactory: com.theswagbois.towerdefense.MySceneFactory@12647b32
21:16:01.900 [FXGL Background Thread 3 ] DEBUG Engine               - secondsIn24h: 60
21:16:01.900 [FXGL Background Thread 3 ] DEBUG Engine               - soundMenuBack: menu/back.wav
21:16:01.900 [FXGL Background Thread 3 ] DEBUG Engine               - soundMenuPress: menu/press.wav
21:16:01.900 [FXGL Background Thread 3 ] DEBUG Engine               - soundMenuSelect: menu/select.wav
21:16:01.900 [FXGL Background Thread 3 ] DEBUG Engine               - soundNotification: core/notification.wav
21:16:01.900 [FXGL Background Thread 3 ] DEBUG Engine               - stageStyle: DECORATED
21:16:01.900 [FXGL Background Thread 3 ] DEBUG Engine               - supportedLanguages: [ENGLISH, FRENCH, GERMAN, HUNGARIAN, RUSSIAN]
21:16:01.900 [FXGL Background Thread 3 ] DEBUG Engine               - ticksPerSecond: -1
21:16:01.900 [FXGL Background Thread 3 ] DEBUG Engine               - title: Tower Defense
21:16:01.900 [FXGL Background Thread 3 ] DEBUG Engine               - urlGithub: https://github.com/AlmasB/FXGL
21:16:01.901 [FXGL Background Thread 3 ] DEBUG Engine               - urlLeaderboard: http://fxgl-top.herokuapp.com/
21:16:01.901 [FXGL Background Thread 3 ] DEBUG Engine               - urlPOM: https://raw.githubusercontent.com/AlmasB/FXGL/release/README.md
21:16:01.901 [FXGL Background Thread 3 ] DEBUG Engine               - userAppClass: class com.theswagbois.towerdefense.MainApplication
21:16:01.901 [FXGL Background Thread 3 ] DEBUG Engine               - version: 0.0
21:16:01.901 [FXGL Background Thread 3 ] DEBUG Engine               - versionCheckDays: 7
21:16:01.901 [FXGL Background Thread 3 ] DEBUG Engine               - width: 800
21:16:01.901 [FXGL Background Thread 3 ] DEBUG Engine               - Logging services
21:16:01.901 [FXGL Background Thread 3 ] DEBUG Engine               - class com.almasb.fxgl.app.services.FXGLAssetLoaderService
21:16:01.901 [FXGL Background Thread 3 ] DEBUG Engine               - class com.almasb.fxgl.app.FXGLApplication$GameApplicationService
21:16:01.901 [FXGL Background Thread 3 ] DEBUG Engine               - class com.almasb.fxgl.app.services.FXGLDialogService
21:16:01.901 [FXGL Background Thread 3 ] DEBUG Engine               - class com.almasb.fxgl.app.services.IOTaskExecutorService
21:16:01.901 [FXGL Background Thread 3 ] DEBUG Engine               - class com.almasb.fxgl.io.FileSystemService
21:16:01.902 [FXGL Background Thread 3 ] DEBUG Engine               - class com.almasb.fxgl.localization.LocalizationService
21:16:01.902 [FXGL Background Thread 3 ] DEBUG Engine               - class com.almasb.fxgl.app.services.SystemBundleService
21:16:01.902 [FXGL Background Thread 3 ] DEBUG Engine               - class com.almasb.fxgl.profile.SaveLoadService
21:16:01.902 [FXGL Background Thread 3 ] DEBUG Engine               - class com.almasb.fxgl.ui.FXGLUIFactoryServiceProvider
21:16:01.902 [FXGL Background Thread 3 ] DEBUG Engine               - class com.almasb.fxgl.ui.FXGLDialogFactoryServiceProvider
21:16:01.902 [FXGL Background Thread 3 ] DEBUG Engine               - class com.almasb.fxgl.audio.AudioPlayer
21:16:01.902 [FXGL Background Thread 3 ] DEBUG Engine               - class com.almasb.fxgl.notification.impl.NotificationServiceProvider
21:16:01.902 [FXGL Background Thread 3 ] DEBUG Engine               - class com.almasb.fxgl.achievement.AchievementService
21:16:01.902 [FXGL Background Thread 3 ] DEBUG Engine               - class com.almasb.fxgl.cutscene.CutsceneService
21:16:01.902 [FXGL Background Thread 3 ] DEBUG Engine               - class com.almasb.fxgl.minigames.MiniGameService
21:16:01.902 [FXGL Background Thread 3 ] DEBUG Engine               - class com.almasb.fxgl.net.NetService
21:16:01.902 [FXGL Background Thread 3 ] DEBUG Engine               - class com.almasb.fxgl.app.services.UpdaterService
21:16:01.902 [FXGL Background Thread 3 ] DEBUG Engine               - class com.almasb.fxgl.dev.DevService
21:16:02.217 [JavaFX Application Thread] DEBUG Menu                 - fireNewGame()
21:16:02.218 [JavaFX Application Thread] DEBUG GameApplicationServi - Starting new game
21:16:02.218 [JavaFX Application Thread] DEBUG PrimaryStageWindow   - Pop state: WelcomeMenu
21:16:02.218 [JavaFX Application Thread] DEBUG Input                - Clearing active input actions
21:16:02.220 [JavaFX Application Thread] DEBUG GameApplicationServi - Removing overlay from WelcomeMenu and adding to FXGLMainMenuDummyScene
21:16:02.220 [JavaFX Application Thread] DEBUG PrimaryStageWindow   - FXGLMainMenuDummyScene <- WelcomeMenu
21:16:02.222 [JavaFX Application Thread] DEBUG Input                - Clearing active input actions
21:16:02.235 [JavaFX Application Thread] DEBUG GameApplicationServi - Removing overlay from FXGLMainMenuDummyScene and adding to FXGLLoadingScene
21:16:02.235 [JavaFX Application Thread] DEBUG PrimaryStageWindow   - FXGLMainMenuDummyScene -> FXGLLoadingScene
21:16:02.236 [JavaFX Application Thread] DEBUG GameApplicationServi - Clearing previous game
21:16:02.236 [JavaFX Application Thread] DEBUG GameScene            - Clearing game scene
21:16:02.236 [JavaFX Application Thread] DEBUG GameWorld            - Clearing game world
21:16:02.236 [JavaFX Application Thread] DEBUG PhysicsWorld         - Clearing physics world
21:16:02.239 [FXGL Background Thread 2 ] DEBUG FXGLApplication      - Initializing game
21:16:02.242 [FXGL Background Thread 2 ] DEBUG FXGLAssetLoaderServi - Loading JSON from: file:/Users/josephvitko/IdeaProjects/Tower_Defense2/target/classes/assets/towers/tower1.json
21:16:02.447 [FXGL Background Thread 2 ] DEBUG FXGLAssetLoaderServi - Loading JSON from: file:/Users/josephvitko/IdeaProjects/Tower_Defense2/target/classes/assets/towers/tower2.json
21:16:02.448 [FXGL Background Thread 2 ] DEBUG FXGLAssetLoaderServi - Loading JSON from: file:/Users/josephvitko/IdeaProjects/Tower_Defense2/target/classes/assets/towers/tower3.json
21:16:02.450 [FXGL Background Thread 2 ] DEBUG FXGLAssetLoaderServi - Loading JSON from: file:/Users/josephvitko/IdeaProjects/Tower_Defense2/target/classes/assets/levels/level1.json
21:16:02.507 [FXGL Background Thread 2 ] INFO  FXGLApplication      - Game initialization took: 0.268 sec
21:16:02.508 [JavaFX Application Thread] DEBUG Input                - Clearing active input actions
21:16:02.515 [JavaFX Application Thread] DEBUG GameApplicationServi - Removing overlay from FXGLLoadingScene and adding to GameScene
21:16:02.516 [JavaFX Application Thread] DEBUG PrimaryStageWindow   - FXGLLoadingScene -> GameScene
21:16:34.051 [JavaFX Application Thread] DEBUG EventBus             - Firing event: com.theswagbois.towerdefense.event.EnemyReachedGoalEvent[source=javafx.event.Event$$Lambda$133/0x0000000800d4d408@5416b1b5]
21:16:36.181 [JavaFX Application Thread] DEBUG EventBus             - Firing event: com.theswagbois.towerdefense.event.EnemyReachedGoalEvent[source=javafx.event.Event$$Lambda$133/0x0000000800d4d408@5416b1b5]
21:16:38.299 [JavaFX Application Thread] DEBUG EventBus             - Firing event: com.theswagbois.towerdefense.event.EnemyReachedGoalEvent[source=javafx.event.Event$$Lambda$133/0x0000000800d4d408@5416b1b5]
21:16:44.331 [JavaFX Application Thread] DEBUG EventBus             - Firing event: com.theswagbois.towerdefense.event.EnemyReachedGoalEvent[source=javafx.event.Event$$Lambda$133/0x0000000800d4d408@5416b1b5]
21:16:45.014 [JavaFX Application Thread] DEBUG EventBus             - Firing event: com.theswagbois.towerdefense.event.EnemyReachedGoalEvent[source=javafx.event.Event$$Lambda$133/0x0000000800d4d408@5416b1b5]
21:16:50.264 [JavaFX Application Thread] DEBUG EventBus             - Firing event: com.theswagbois.towerdefense.event.EnemyReachedGoalEvent[source=javafx.event.Event$$Lambda$133/0x0000000800d4d408@5416b1b5]
21:16:53.830 [JavaFX Application Thread] DEBUG EventBus             - Firing event: com.theswagbois.towerdefense.event.EnemyReachedGoalEvent[source=javafx.event.Event$$Lambda$133/0x0000000800d4d408@5416b1b5]
21:16:54.014 [JavaFX Application Thread] DEBUG EventBus             - Firing event: com.theswagbois.towerdefense.event.EnemyReachedGoalEvent[source=javafx.event.Event$$Lambda$133/0x0000000800d4d408@5416b1b5]
21:16:55.504 [JavaFX Application Thread] DEBUG EventBus             - Firing event: com.theswagbois.towerdefense.event.EnemyReachedGoalEvent[source=javafx.event.Event$$Lambda$133/0x0000000800d4d408@5416b1b5]
21:16:56.570 [JavaFX Application Thread] DEBUG EventBus             - Firing event: com.theswagbois.towerdefense.event.EnemyReachedGoalEvent[source=javafx.event.Event$$Lambda$133/0x0000000800d4d408@5416b1b5]
21:16:58.070 [JavaFX Application Thread] DEBUG EventBus             - Firing event: com.theswagbois.towerdefense.event.EnemyReachedGoalEvent[source=javafx.event.Event$$Lambda$133/0x0000000800d4d408@5416b1b5]
21:16:58.073 [JavaFX Application Thread] DEBUG PrimaryStageWindow   - Push state: DialogSubScene
21:16:58.074 [JavaFX Application Thread] DEBUG Input                - Clearing active input actions
21:16:58.075 [JavaFX Application Thread] DEBUG GameApplicationServi - Removing overlay from GameScene and adding to DialogSubScene
21:16:58.075 [JavaFX Application Thread] DEBUG PrimaryStageWindow   - GameScene -> DialogSubScene
21:17:18.749 [JavaFX Application Thread] DEBUG PrimaryStageWindow   - Pop state: DialogSubScene
21:17:18.750 [JavaFX Application Thread] DEBUG Input                - Clearing active input actions
21:17:18.751 [JavaFX Application Thread] DEBUG GameApplicationServi - Removing overlay from DialogSubScene and adding to GameScene
21:17:18.752 [JavaFX Application Thread] DEBUG PrimaryStageWindow   - GameScene <- DialogSubScene
21:17:18.752 [JavaFX Application Thread] DEBUG FXGLApplication      - Exiting FXGL
21:17:18.752 [JavaFX Application Thread] DEBUG LoopRunner           - Stopping loop
21:17:18.752 [JavaFX Application Thread] DEBUG SystemBundleService  - Saving FXGL system data
21:17:18.755 [JavaFX Application Thread] DEBUG FileSystemAccess     - Writing to: /Users/josephvitko/IdeaProjects/Tower_Defense2/system/fxgl.bundle
21:17:18.759 [JavaFX Application Thread] DEBUG Async                - Shutting down background threads
21:17:18.759 [JavaFX Application Thread] DEBUG PrimaryStageWindow   - Closing main window
21:17:18.771 [JavaFX Application Thread] DEBUG Logger               - Closing Logger
