21:06:40.710 [main                     ] DEBUG Logger               - Configured Logger
21:06:40.719 [main                     ] DEBUG GameApplication      - Logging settings
Title: Tower Defense
Version: 0.0
Width: 800
Height: 600
Fullscreen: false
Intro: false
Profiling: false
Single step:false
App Mode: DEVELOPER
Menu Key: ESCAPE
Stage Style: DECORATED
Scene Factory: class com.theswagbois.towerdefense.MySceneFactory

21:06:42.002 [JavaFX Application Thread] DEBUG FXGLApplication      - Initializing FXGL
21:06:42.007 [JavaFX Application Thread] INFO  Engine               - FXGL-11.17 (16.07.2021 15.46) on MAC (J:16.0.2 FX:16)
21:06:42.007 [JavaFX Application Thread] DEBUG Engine               - JRE Vendor Name: Amazon.com Inc.
21:06:42.008 [JavaFX Application Thread] DEBUG Engine               - Running on OS: Mac OS X version 10.15.7
21:06:42.008 [JavaFX Application Thread] DEBUG Engine               - Architecture: x86_64
21:06:42.009 [JavaFX Application Thread] INFO  Engine               - Source code and latest versions at: https://github.com/AlmasB/FXGL
21:06:42.009 [JavaFX Application Thread] INFO  Engine               -              Join the FXGL chat at: https://gitter.im/AlmasB/FXGL
21:06:42.284 [JavaFX Application Thread] DEBUG PrimaryStageWindow   - Creating a JavaFX scene
21:06:42.383 [JavaFX Application Thread] DEBUG PrimaryStageWindow   - Target settings size: 800.0 x 600.0
21:06:42.384 [JavaFX Application Thread] DEBUG PrimaryStageWindow   - Scaled scene size:    800.0 x 600.0
21:06:42.384 [JavaFX Application Thread] DEBUG PrimaryStageWindow   - Scaled ratio: (1.0, 1.0)
21:06:42.386 [JavaFX Application Thread] DEBUG PrimaryStageWindow   - Set initial scene to FXGLStartupScene
21:06:42.404 [JavaFX Application Thread] DEBUG PrimaryStageWindow   - Opening main window
21:06:42.559 [JavaFX Application Thread] DEBUG PrimaryStageWindow   - Window border size: (0.0, 22.0)
21:06:42.559 [JavaFX Application Thread] DEBUG PrimaryStageWindow   - Scaled size: 800.0 x 600.0
21:06:42.560 [JavaFX Application Thread] DEBUG PrimaryStageWindow   - Scaled ratio: (1.0, 1.0)
21:06:42.560 [JavaFX Application Thread] DEBUG PrimaryStageWindow   - Scene size: 800.0 x 600.0
21:06:42.560 [JavaFX Application Thread] DEBUG PrimaryStageWindow   - Stage size: 800.0 x 622.0
21:06:42.570 [FXGL Background Thread 1 ] DEBUG Engine               - Initializing environment variables
21:06:42.659 [FXGL Background Thread 1 ] DEBUG FXGLAssetLoaderServi - User app class for loading assets: class com.theswagbois.towerdefense.MainApplication
21:06:42.660 [FXGL Background Thread 1 ] DEBUG GameApplicationServi - Applying CSS: fxgl_dark.css
21:06:42.662 [FXGL Background Thread 1 ] DEBUG FXGLAssetLoaderServi - Loading from file system: jar:file:/Users/josephvitko/.m2/repository/com/github/almasb/fxgl/11.17/fxgl-11.17.jar!/fxglassets/ui/css/fxgl_dark.css
21:06:42.761 [FXGL Background Thread 1 ] DEBUG GameApplicationServi - Initializing application scenes
21:06:43.268 [FXGL Background Thread 1 ] DEBUG GameWorld            - Game world initialized
21:06:43.335 [FXGL Background Thread 1 ] DEBUG PhysicsWorld         - Physics world initialized: appHeight=600, physics.ppm=50.0
21:06:43.335 [FXGL Background Thread 1 ] DEBUG PhysicsWorld         - Using strategy: BRUTE_FORCE
21:06:43.340 [FXGL Background Thread 1 ] DEBUG GameScene            - Game scene initialized: 800x600
21:06:43.383 [FXGL Background Thread 1 ] DEBUG FXGL.DefaultMenu     - createMenuBodyGameMenu()
21:06:43.410 [FXGL Background Thread 1 ] DEBUG FXGL.DefaultMenu     - createOptionsMenu()
21:06:43.424 [FXGL Background Thread 1 ] DEBUG FXGLAssetLoaderServi - Loading from file system: jar:file:/Users/josephvitko/.m2/repository/com/github/almasb/fxgl/11.17/fxgl-11.17.jar!/fxglassets/textures/particles/smoke.png
21:06:43.594 [FXGL Background Thread 1 ] DEBUG FXGLAssetLoaderServi - Loading from file system: jar:file:/Users/josephvitko/.m2/repository/com/github/almasb/fxgl/11.17/fxgl-11.17.jar!/fxglassets/textures/particles/trace_horizontal.png
21:06:43.628 [FXGL Background Thread 1 ] DEBUG GameApplicationServi - Application scenes initialized
21:06:43.639 [FXGL Background Thread 1 ] DEBUG SystemBundleService  - Loading FXGL system data
21:06:43.643 [FXGL Background Thread 1 ] DEBUG FileSystemAccess     - Reading from: /Users/josephvitko/IdeaProjects/Tower_Defense2/system/fxgl.bundle
21:06:43.653 [FXGL Background Thread 1 ] DEBUG SystemBundleService  - Bundle FXGL: {}
21:06:43.653 [FXGL Background Thread 1 ] DEBUG UpdaterService       - Checking for updates
21:06:43.670 [FXGL Background Thread 4 ] DEBUG FXGLApplication      - Loading fonts
21:06:43.671 [FXGL Background Thread 1 ] DEBUG FXGLApplication      - Loading default localization
21:06:43.671 [FXGL Background Thread 4 ] DEBUG FXGLAssetLoaderServi - Loading from file system: jar:file:/Users/josephvitko/.m2/repository/com/github/almasb/fxgl/11.17/fxgl-11.17.jar!/fxglassets/ui/fonts/VarelaRound-Regular.ttf
21:06:43.672 [FXGL Background Thread 1 ] DEBUG FXGLAssetLoaderServi - Loading from file system: jar:file:/Users/josephvitko/.m2/repository/com/github/almasb/fxgl/11.17/fxgl-11.17.jar!/fxglassets/languages/english.lang
21:06:43.698 [FXGL Background Thread 4 ] DEBUG FXGLAssetLoaderServi - Loading from file system: jar:file:/Users/josephvitko/.m2/repository/com/github/almasb/fxgl/11.17/fxgl-11.17.jar!/fxglassets/ui/fonts/Abel-Regular.ttf
21:06:43.699 [FXGL Background Thread 1 ] INFO  FXGLApplication      - FXGL initialization took: 1.129 sec
21:06:43.704 [FXGL Background Thread 4 ] DEBUG FXGLAssetLoaderServi - Loading from file system: jar:file:/Users/josephvitko/.m2/repository/com/github/almasb/fxgl/11.17/fxgl-11.17.jar!/fxglassets/ui/fonts/lucida_console.ttf
21:06:43.711 [FXGL Background Thread 4 ] DEBUG FXGLAssetLoaderServi - Loading from file system: jar:file:/Users/josephvitko/.m2/repository/com/github/almasb/fxgl/11.17/fxgl-11.17.jar!/fxglassets/ui/fonts/Courier-Prime.ttf
21:06:43.729 [JavaFX Application Thread] DEBUG Input                - Registered new binding: action0 - F
21:06:43.731 [JavaFX Application Thread] DEBUG Input                - Registered new binding: Place Tower - LMB
21:06:43.732 [JavaFX Application Thread] DEBUG FXGLAssetLoaderServi - Loading from file system: jar:file:/Users/josephvitko/.m2/repository/com/github/almasb/fxgl/11.17/fxgl-11.17.jar!/fxglassets/textures/fxgl_icon.png
21:06:43.780 [JavaFX Application Thread] DEBUG FXGLAssetLoaderServi - Loading from file system: jar:file:/Users/josephvitko/.m2/repository/com/github/almasb/fxgl/11.17/fxgl-11.17.jar!/fxglassets/textures/fxgl_default_cursor.png
21:06:43.782 [JavaFX Application Thread] DEBUG Input                - Registered new binding: Screenshot - CTRL+8
21:06:43.783 [JavaFX Application Thread] DEBUG Input                - Registered new binding: System info dump - CTRL+9
21:06:43.783 [JavaFX Application Thread] DEBUG Input                - Registered new binding: Restart - CTRL+R
21:06:43.785 [JavaFX Application Thread] DEBUG Input                - Registered new binding: Toggle Debug Camera - CTRL+C
21:06:43.789 [JavaFX Application Thread] DEBUG LoopRunner           - Starting loop
21:06:43.789 [JavaFX Application Thread] DEBUG LoopRunner           - Initializing JavaFX AnimationTimerLoop
21:06:43.794 [JavaFX Application Thread] DEBUG Input                - Clearing active input actions
21:06:43.809 [JavaFX Application Thread] DEBUG GameApplicationServi - Removing overlay from FXGLStartupScene and adding to FXGLMainMenuDummyScene
21:06:43.810 [JavaFX Application Thread] DEBUG PrimaryStageWindow   - FXGLStartupScene -> FXGLMainMenuDummyScene
21:06:43.810 [JavaFX Application Thread] DEBUG PrimaryStageWindow   - Push state: WelcomeMenu
21:06:43.810 [JavaFX Application Thread] DEBUG Input                - Clearing active input actions
21:06:43.814 [JavaFX Application Thread] DEBUG GameApplicationServi - Removing overlay from FXGLMainMenuDummyScene and adding to WelcomeMenu
21:06:43.815 [JavaFX Application Thread] DEBUG PrimaryStageWindow   - FXGLMainMenuDummyScene -> WelcomeMenu
21:06:43.827 [JavaFX Application Thread] DEBUG FXGLApplication      - Registering font factories with UI factory
21:06:46.659 [FXGL Background Thread 3 ] DEBUG Engine               - Logging environment variables
21:06:46.660 [FXGL Background Thread 3 ] DEBUG Engine               - achievements: []
21:06:46.661 [FXGL Background Thread 3 ] DEBUG Engine               - actualHeight: 600.0
21:06:46.661 [FXGL Background Thread 3 ] DEBUG Engine               - actualHeightProperty: ReadOnlyDoubleProperty [value: 600.0]
21:06:46.661 [FXGL Background Thread 3 ] DEBUG Engine               - actualWidth: 800.0
21:06:46.662 [FXGL Background Thread 3 ] DEBUG Engine               - actualWidthProperty: ReadOnlyDoubleProperty [value: 800.0]
21:06:46.662 [FXGL Background Thread 3 ] DEBUG Engine               - appIcon: fxgl_icon.png
21:06:46.662 [FXGL Background Thread 3 ] DEBUG Engine               - applicationMode: DEVELOPER
21:06:46.662 [FXGL Background Thread 3 ] DEBUG Engine               - cSSList: [fxgl_dark.css]
21:06:46.663 [FXGL Background Thread 3 ] DEBUG Engine               - collisionDetectionStrategy: BRUTE_FORCE
21:06:46.663 [FXGL Background Thread 3 ] DEBUG Engine               - configClass: Optional.empty
21:06:46.663 [FXGL Background Thread 3 ] DEBUG Engine               - credits: []
21:06:46.663 [FXGL Background Thread 3 ] DEBUG Engine               - defaultCursor: CursorInfo(imageName=fxgl_default_cursor.png, hotspotX=7.0, hotspotY=6.0)
21:06:46.664 [FXGL Background Thread 3 ] DEBUG Engine               - devBBoxColorProperty: ObjectProperty [value: 0xff0000ff]
21:06:46.664 [FXGL Background Thread 3 ] DEBUG Engine               - devEnableDebugCameraProperty: BooleanProperty [value: false]
21:06:46.665 [FXGL Background Thread 3 ] DEBUG Engine               - devSensorColorProperty: ObjectProperty [value: 0xffff00ff]
21:06:46.665 [FXGL Background Thread 3 ] DEBUG Engine               - devShowBBoxProperty: BooleanProperty [value: false]
21:06:46.665 [FXGL Background Thread 3 ] DEBUG Engine               - devShowPositionProperty: BooleanProperty [value: false]
21:06:46.666 [FXGL Background Thread 3 ] DEBUG Engine               - enabledMenuItems: []
21:06:46.666 [FXGL Background Thread 3 ] DEBUG Engine               - engineServices: [class com.almasb.fxgl.app.services.FXGLAssetLoaderService, class com.almasb.fxgl.app.FXGLApplication$GameApplicationService, class com.almasb.fxgl.app.services.FXGLDialogService, class com.almasb.fxgl.app.services.IOTaskExecutorService, class com.almasb.fxgl.io.FileSystemService, class com.almasb.fxgl.localization.LocalizationService, class com.almasb.fxgl.app.services.SystemBundleService, class com.almasb.fxgl.profile.SaveLoadService, class com.almasb.fxgl.ui.FXGLUIFactoryServiceProvider, class com.almasb.fxgl.ui.FXGLDialogFactoryServiceProvider, class com.almasb.fxgl.audio.AudioPlayer, class com.almasb.fxgl.notification.impl.NotificationServiceProvider, class com.almasb.fxgl.achievement.AchievementService, class com.almasb.fxgl.cutscene.CutsceneService, class com.almasb.fxgl.minigames.MiniGameService, class com.almasb.fxgl.net.NetService, class com.almasb.fxgl.app.services.UpdaterService, class com.almasb.fxgl.dev.DevService]
21:06:46.666 [FXGL Background Thread 3 ] DEBUG Engine               - fontGame: Abel-Regular.ttf
21:06:46.666 [FXGL Background Thread 3 ] DEBUG Engine               - fontMono: lucida_console.ttf
21:06:46.667 [FXGL Background Thread 3 ] DEBUG Engine               - fontText: Courier-Prime.ttf
21:06:46.667 [FXGL Background Thread 3 ] DEBUG Engine               - fontUI: VarelaRound-Regular.ttf
21:06:46.667 [FXGL Background Thread 3 ] DEBUG Engine               - fullScreen: BooleanProperty [value: false]
21:06:46.667 [FXGL Background Thread 3 ] DEBUG Engine               - gameDifficulty: MEDIUM
21:06:46.667 [FXGL Background Thread 3 ] DEBUG Engine               - gameDifficultyProperty: ObjectProperty [value: MEDIUM]
21:06:46.668 [FXGL Background Thread 3 ] DEBUG Engine               - globalMusicVolume: 0.5
21:06:46.668 [FXGL Background Thread 3 ] DEBUG Engine               - globalMusicVolumeProperty: DoubleProperty [value: 0.5]
21:06:46.668 [FXGL Background Thread 3 ] DEBUG Engine               - globalSoundVolume: 0.5
21:06:46.669 [FXGL Background Thread 3 ] DEBUG Engine               - globalSoundVolumeProperty: DoubleProperty [value: 0.5]
21:06:46.669 [FXGL Background Thread 3 ] DEBUG Engine               - height: 600
21:06:46.669 [FXGL Background Thread 3 ] DEBUG Engine               - is3D: false
21:06:46.669 [FXGL Background Thread 3 ] DEBUG Engine               - isAndroid: false
21:06:46.669 [FXGL Background Thread 3 ] DEBUG Engine               - isBrowser: false
21:06:46.670 [FXGL Background Thread 3 ] DEBUG Engine               - isClickFeedbackEnabled: false
21:06:46.670 [FXGL Background Thread 3 ] DEBUG Engine               - isCloseConfirmation: false
21:06:46.670 [FXGL Background Thread 3 ] DEBUG Engine               - isDesktop: true
21:06:46.670 [FXGL Background Thread 3 ] DEBUG Engine               - isDeveloperMenuEnabled: false
21:06:46.670 [FXGL Background Thread 3 ] DEBUG Engine               - isEntityPreloadEnabled: true
21:06:46.671 [FXGL Background Thread 3 ] DEBUG Engine               - isExperimentalTiledLargeMap: false
21:06:46.671 [FXGL Background Thread 3 ] DEBUG Engine               - isFileSystemWriteAllowed: true
21:06:46.671 [FXGL Background Thread 3 ] DEBUG Engine               - isFullScreenAllowed: false
21:06:46.671 [FXGL Background Thread 3 ] DEBUG Engine               - isFullScreenFromStart: false
21:06:46.671 [FXGL Background Thread 3 ] DEBUG Engine               - isGameMenuEnabled: true
21:06:46.671 [FXGL Background Thread 3 ] DEBUG Engine               - isIOS: false
21:06:46.672 [FXGL Background Thread 3 ] DEBUG Engine               - isIntroEnabled: false
21:06:46.672 [FXGL Background Thread 3 ] DEBUG Engine               - isLinux: false
21:06:46.672 [FXGL Background Thread 3 ] DEBUG Engine               - isMac: true
21:06:46.672 [FXGL Background Thread 3 ] DEBUG Engine               - isMainMenuEnabled: true
21:06:46.672 [FXGL Background Thread 3 ] DEBUG Engine               - isManualResizeEnabled: false
21:06:46.672 [FXGL Background Thread 3 ] DEBUG Engine               - isMobile: false
21:06:46.673 [FXGL Background Thread 3 ] DEBUG Engine               - isNative: false
21:06:46.673 [FXGL Background Thread 3 ] DEBUG Engine               - isPauseMusicWhenMinimized: true
21:06:46.673 [FXGL Background Thread 3 ] DEBUG Engine               - isPreserveResizeRatio: false
21:06:46.673 [FXGL Background Thread 3 ] DEBUG Engine               - isProfilingEnabled: false
21:06:46.673 [FXGL Background Thread 3 ] DEBUG Engine               - isScaleAffectedOnResize: true
21:06:46.673 [FXGL Background Thread 3 ] DEBUG Engine               - isSingleStep: false
21:06:46.674 [FXGL Background Thread 3 ] DEBUG Engine               - isUserProfileEnabled: false
21:06:46.674 [FXGL Background Thread 3 ] DEBUG Engine               - isWindows: false
21:06:46.674 [FXGL Background Thread 3 ] DEBUG Engine               - language: ObjectProperty [value: ENGLISH]
21:06:46.674 [FXGL Background Thread 3 ] DEBUG Engine               - menuKey: ESCAPE
21:06:46.674 [FXGL Background Thread 3 ] DEBUG Engine               - mouseSensitivity: 0.2
21:06:46.674 [FXGL Background Thread 3 ] DEBUG Engine               - notificationViewClass: class com.almasb.fxgl.notification.view.XboxNotificationView
21:06:46.675 [FXGL Background Thread 3 ] DEBUG Engine               - pixelsPerMeter: 50.0
21:06:46.675 [FXGL Background Thread 3 ] DEBUG Engine               - platform: MAC
21:06:46.675 [FXGL Background Thread 3 ] DEBUG Engine               - prefHeightProperty: ReadOnlyDoubleProperty [value: 600.0]
21:06:46.675 [FXGL Background Thread 3 ] DEBUG Engine               - prefWidthProperty: ReadOnlyDoubleProperty [value: 800.0]
21:06:46.675 [FXGL Background Thread 3 ] DEBUG Engine               - profileDir: profiles/
21:06:46.675 [FXGL Background Thread 3 ] DEBUG Engine               - profileName: StringProperty [value: DEFAULT]
21:06:46.676 [FXGL Background Thread 3 ] DEBUG Engine               - randomSeed: -1
21:06:46.676 [FXGL Background Thread 3 ] DEBUG Engine               - runtimeInfo: RuntimeInfo(platform=MAC, version=11.17, build=16.07.2021 15.46)
21:06:46.676 [FXGL Background Thread 3 ] DEBUG Engine               - saveFileExt: sav
21:06:46.676 [FXGL Background Thread 3 ] DEBUG Engine               - scaledHeightProp$fxgl: DoubleProperty [bound, value: 600.0]
21:06:46.676 [FXGL Background Thread 3 ] DEBUG Engine               - scaledWidthProp$fxgl: DoubleProperty [bound, value: 800.0]
21:06:46.676 [FXGL Background Thread 3 ] DEBUG Engine               - sceneFactory: com.theswagbois.towerdefense.MySceneFactory@413018e6
21:06:46.677 [FXGL Background Thread 3 ] DEBUG Engine               - secondsIn24h: 60
21:06:46.677 [FXGL Background Thread 3 ] DEBUG Engine               - soundMenuBack: menu/back.wav
21:06:46.677 [FXGL Background Thread 3 ] DEBUG Engine               - soundMenuPress: menu/press.wav
21:06:46.677 [FXGL Background Thread 3 ] DEBUG Engine               - soundMenuSelect: menu/select.wav
21:06:46.677 [FXGL Background Thread 3 ] DEBUG Engine               - soundNotification: core/notification.wav
21:06:46.677 [FXGL Background Thread 3 ] DEBUG Engine               - stageStyle: DECORATED
21:06:46.677 [FXGL Background Thread 3 ] DEBUG Engine               - supportedLanguages: [ENGLISH, FRENCH, GERMAN, HUNGARIAN, RUSSIAN]
21:06:46.677 [FXGL Background Thread 3 ] DEBUG Engine               - ticksPerSecond: -1
21:06:46.678 [FXGL Background Thread 3 ] DEBUG Engine               - title: Tower Defense
21:06:46.678 [FXGL Background Thread 3 ] DEBUG Engine               - urlGithub: https://github.com/AlmasB/FXGL
21:06:46.678 [FXGL Background Thread 3 ] DEBUG Engine               - urlLeaderboard: http://fxgl-top.herokuapp.com/
21:06:46.678 [FXGL Background Thread 3 ] DEBUG Engine               - urlPOM: https://raw.githubusercontent.com/AlmasB/FXGL/release/README.md
21:06:46.678 [FXGL Background Thread 3 ] DEBUG Engine               - userAppClass: class com.theswagbois.towerdefense.MainApplication
21:06:46.678 [FXGL Background Thread 3 ] DEBUG Engine               - version: 0.0
21:06:46.678 [FXGL Background Thread 3 ] DEBUG Engine               - versionCheckDays: 7
21:06:46.678 [FXGL Background Thread 3 ] DEBUG Engine               - width: 800
21:06:46.679 [FXGL Background Thread 3 ] DEBUG Engine               - Logging services
21:06:46.679 [FXGL Background Thread 3 ] DEBUG Engine               - class com.almasb.fxgl.app.services.FXGLAssetLoaderService
21:06:46.679 [FXGL Background Thread 3 ] DEBUG Engine               - class com.almasb.fxgl.app.FXGLApplication$GameApplicationService
21:06:46.679 [FXGL Background Thread 3 ] DEBUG Engine               - class com.almasb.fxgl.app.services.FXGLDialogService
21:06:46.679 [FXGL Background Thread 3 ] DEBUG Engine               - class com.almasb.fxgl.app.services.IOTaskExecutorService
21:06:46.679 [FXGL Background Thread 3 ] DEBUG Engine               - class com.almasb.fxgl.io.FileSystemService
21:06:46.680 [FXGL Background Thread 3 ] DEBUG Engine               - class com.almasb.fxgl.localization.LocalizationService
21:06:46.680 [FXGL Background Thread 3 ] DEBUG Engine               - class com.almasb.fxgl.app.services.SystemBundleService
21:06:46.680 [FXGL Background Thread 3 ] DEBUG Engine               - class com.almasb.fxgl.profile.SaveLoadService
21:06:46.680 [FXGL Background Thread 3 ] DEBUG Engine               - class com.almasb.fxgl.ui.FXGLUIFactoryServiceProvider
21:06:46.680 [FXGL Background Thread 3 ] DEBUG Engine               - class com.almasb.fxgl.ui.FXGLDialogFactoryServiceProvider
21:06:46.680 [FXGL Background Thread 3 ] DEBUG Engine               - class com.almasb.fxgl.audio.AudioPlayer
21:06:46.680 [FXGL Background Thread 3 ] DEBUG Engine               - class com.almasb.fxgl.notification.impl.NotificationServiceProvider
21:06:46.680 [FXGL Background Thread 3 ] DEBUG Engine               - class com.almasb.fxgl.achievement.AchievementService
21:06:46.680 [FXGL Background Thread 3 ] DEBUG Engine               - class com.almasb.fxgl.cutscene.CutsceneService
21:06:46.681 [FXGL Background Thread 3 ] DEBUG Engine               - class com.almasb.fxgl.minigames.MiniGameService
21:06:46.681 [FXGL Background Thread 3 ] DEBUG Engine               - class com.almasb.fxgl.net.NetService
21:06:46.681 [FXGL Background Thread 3 ] DEBUG Engine               - class com.almasb.fxgl.app.services.UpdaterService
21:06:46.681 [FXGL Background Thread 3 ] DEBUG Engine               - class com.almasb.fxgl.dev.DevService
21:06:48.923 [JavaFX Application Thread] DEBUG Menu                 - fireNewGame()
21:06:48.924 [JavaFX Application Thread] DEBUG GameApplicationServi - Starting new game
21:06:48.924 [JavaFX Application Thread] DEBUG PrimaryStageWindow   - Pop state: WelcomeMenu
21:06:48.925 [JavaFX Application Thread] DEBUG Input                - Clearing active input actions
21:06:48.926 [JavaFX Application Thread] DEBUG GameApplicationServi - Removing overlay from WelcomeMenu and adding to FXGLMainMenuDummyScene
21:06:48.927 [JavaFX Application Thread] DEBUG PrimaryStageWindow   - FXGLMainMenuDummyScene <- WelcomeMenu
21:06:48.927 [JavaFX Application Thread] DEBUG Input                - Clearing active input actions
21:06:48.940 [JavaFX Application Thread] DEBUG GameApplicationServi - Removing overlay from FXGLMainMenuDummyScene and adding to FXGLLoadingScene
21:06:48.940 [JavaFX Application Thread] DEBUG PrimaryStageWindow   - FXGLMainMenuDummyScene -> FXGLLoadingScene
21:06:48.940 [JavaFX Application Thread] DEBUG GameApplicationServi - Clearing previous game
21:06:48.941 [JavaFX Application Thread] DEBUG GameScene            - Clearing game scene
21:06:48.941 [JavaFX Application Thread] DEBUG GameWorld            - Clearing game world
21:06:48.941 [JavaFX Application Thread] DEBUG PhysicsWorld         - Clearing physics world
21:06:48.943 [FXGL Background Thread 2 ] DEBUG FXGLApplication      - Initializing game
21:06:48.946 [FXGL Background Thread 2 ] DEBUG FXGLAssetLoaderServi - Loading JSON from: file:/Users/josephvitko/IdeaProjects/Tower_Defense2/target/classes/assets/towers/tower1.json
21:06:49.186 [FXGL Background Thread 2 ] DEBUG FXGLAssetLoaderServi - Loading JSON from: file:/Users/josephvitko/IdeaProjects/Tower_Defense2/target/classes/assets/towers/tower2.json
21:06:49.188 [FXGL Background Thread 2 ] DEBUG FXGLAssetLoaderServi - Loading JSON from: file:/Users/josephvitko/IdeaProjects/Tower_Defense2/target/classes/assets/towers/tower3.json
21:06:49.191 [FXGL Background Thread 2 ] DEBUG FXGLAssetLoaderServi - Loading JSON from: file:/Users/josephvitko/IdeaProjects/Tower_Defense2/target/classes/assets/levels/level1.json
21:06:49.244 [FXGL Background Thread 2 ] INFO  FXGLApplication      - Game initialization took: 0.301 sec
21:06:49.245 [JavaFX Application Thread] DEBUG Input                - Clearing active input actions
21:06:49.253 [JavaFX Application Thread] DEBUG GameApplicationServi - Removing overlay from FXGLLoadingScene and adding to GameScene
21:06:49.254 [JavaFX Application Thread] DEBUG PrimaryStageWindow   - FXGLLoadingScene -> GameScene
21:07:21.132 [JavaFX Application Thread] DEBUG EventBus             - Firing event: com.theswagbois.towerdefense.event.EnemyReachedGoalEvent[source=javafx.event.Event$$Lambda$133/0x0000000800d4d408@611d99a3]
21:07:25.422 [JavaFX Application Thread] DEBUG EventBus             - Firing event: com.theswagbois.towerdefense.event.EnemyReachedGoalEvent[source=javafx.event.Event$$Lambda$133/0x0000000800d4d408@611d99a3]
21:07:28.195 [JavaFX Application Thread] DEBUG EventBus             - Firing event: com.theswagbois.towerdefense.event.EnemyReachedGoalEvent[source=javafx.event.Event$$Lambda$133/0x0000000800d4d408@611d99a3]
21:07:31.865 [JavaFX Application Thread] DEBUG EventBus             - Firing event: com.theswagbois.towerdefense.event.EnemyReachedGoalEvent[source=javafx.event.Event$$Lambda$133/0x0000000800d4d408@611d99a3]
21:07:33.832 [JavaFX Application Thread] DEBUG EventBus             - Firing event: com.theswagbois.towerdefense.event.EnemyReachedGoalEvent[source=javafx.event.Event$$Lambda$133/0x0000000800d4d408@611d99a3]
21:07:35.465 [JavaFX Application Thread] DEBUG EventBus             - Firing event: com.theswagbois.towerdefense.event.EnemyReachedGoalEvent[source=javafx.event.Event$$Lambda$133/0x0000000800d4d408@611d99a3]
21:07:39.653 [JavaFX Application Thread] DEBUG EventBus             - Firing event: com.theswagbois.towerdefense.event.EnemyReachedGoalEvent[source=javafx.event.Event$$Lambda$133/0x0000000800d4d408@611d99a3]
21:07:41.404 [JavaFX Application Thread] DEBUG EventBus             - Firing event: com.theswagbois.towerdefense.event.EnemyReachedGoalEvent[source=javafx.event.Event$$Lambda$133/0x0000000800d4d408@611d99a3]
21:07:41.971 [JavaFX Application Thread] DEBUG EventBus             - Firing event: com.theswagbois.towerdefense.event.EnemyReachedGoalEvent[source=javafx.event.Event$$Lambda$133/0x0000000800d4d408@611d99a3]
21:07:43.045 [JavaFX Application Thread] DEBUG EventBus             - Firing event: com.theswagbois.towerdefense.event.EnemyReachedGoalEvent[source=javafx.event.Event$$Lambda$133/0x0000000800d4d408@611d99a3]
21:07:49.090 [JavaFX Application Thread] DEBUG EventBus             - Firing event: com.theswagbois.towerdefense.event.EnemyReachedGoalEvent[source=javafx.event.Event$$Lambda$133/0x0000000800d4d408@611d99a3]
21:07:49.095 [JavaFX Application Thread] DEBUG PrimaryStageWindow   - Push state: DialogSubScene
21:07:49.095 [JavaFX Application Thread] DEBUG Input                - Clearing active input actions
21:07:49.096 [JavaFX Application Thread] DEBUG GameApplicationServi - Removing overlay from GameScene and adding to DialogSubScene
21:07:49.097 [JavaFX Application Thread] DEBUG PrimaryStageWindow   - GameScene -> DialogSubScene
21:07:50.906 [JavaFX Application Thread] DEBUG PrimaryStageWindow   - Pop state: DialogSubScene
21:07:50.907 [JavaFX Application Thread] DEBUG Input                - Clearing active input actions
21:07:50.908 [JavaFX Application Thread] DEBUG GameApplicationServi - Removing overlay from DialogSubScene and adding to GameScene
21:07:50.908 [JavaFX Application Thread] DEBUG PrimaryStageWindow   - GameScene <- DialogSubScene
21:07:50.908 [JavaFX Application Thread] DEBUG FXGLApplication      - Exiting FXGL
21:07:50.909 [JavaFX Application Thread] DEBUG LoopRunner           - Stopping loop
21:07:50.909 [JavaFX Application Thread] DEBUG SystemBundleService  - Saving FXGL system data
21:07:50.913 [JavaFX Application Thread] DEBUG FileSystemAccess     - Writing to: /Users/josephvitko/IdeaProjects/Tower_Defense2/system/fxgl.bundle
21:07:50.915 [JavaFX Application Thread] DEBUG Async                - Shutting down background threads
21:07:50.915 [JavaFX Application Thread] DEBUG PrimaryStageWindow   - Closing main window
21:07:50.924 [JavaFX Application Thread] DEBUG Logger               - Closing Logger
