18:28:09.996 [main                     ] DEBUG Logger               - Configured Logger
18:28:10.012 [main                     ] DEBUG GameApplication      - Logging settings
Title: Untitled
Version: 0.0
Width: 800
Height: 600
Fullscreen: false
Intro: false
Profiling: false
Single step:false
App Mode: DEVELOPER
Menu Key: ESCAPE
Stage Style: DECORATED
Scene Factory: class com.almasb.fxgl.app.scene.SceneFactory

18:28:11.298 [JavaFX Application Thread] DEBUG FXGLApplication      - Initializing FXGL
18:28:11.303 [JavaFX Application Thread] INFO  Engine               - FXGL-11.17 (16.07.2021 15.46) on MAC (J:16.0.2 FX:16)
18:28:11.304 [JavaFX Application Thread] DEBUG Engine               - JRE Vendor Name: Amazon.com Inc.
18:28:11.304 [JavaFX Application Thread] DEBUG Engine               - Running on OS: Mac OS X version 10.14.6
18:28:11.305 [JavaFX Application Thread] DEBUG Engine               - Architecture: x86_64
18:28:11.305 [JavaFX Application Thread] INFO  Engine               - Source code and latest versions at: https://github.com/AlmasB/FXGL
18:28:11.306 [JavaFX Application Thread] INFO  Engine               -              Join the FXGL chat at: https://gitter.im/AlmasB/FXGL
18:28:11.719 [JavaFX Application Thread] DEBUG PrimaryStageWindow   - Creating a JavaFX scene
18:28:11.838 [JavaFX Application Thread] DEBUG PrimaryStageWindow   - Target settings size: 800.0 x 600.0
18:28:11.839 [JavaFX Application Thread] DEBUG PrimaryStageWindow   - Scaled scene size:    800.0 x 600.0
18:28:11.840 [JavaFX Application Thread] DEBUG PrimaryStageWindow   - Scaled ratio: (1.0, 1.0)
18:28:11.842 [JavaFX Application Thread] DEBUG PrimaryStageWindow   - Set initial scene to FXGLStartupScene
18:28:11.869 [JavaFX Application Thread] DEBUG PrimaryStageWindow   - Opening main window
18:28:12.225 [JavaFX Application Thread] DEBUG PrimaryStageWindow   - Window border size: (0.0, 22.0)
18:28:12.226 [JavaFX Application Thread] DEBUG PrimaryStageWindow   - Scaled size: 800.0 x 600.0
18:28:12.226 [JavaFX Application Thread] DEBUG PrimaryStageWindow   - Scaled ratio: (1.0, 1.0)
18:28:12.226 [JavaFX Application Thread] DEBUG PrimaryStageWindow   - Scene size: 800.0 x 600.0
18:28:12.227 [JavaFX Application Thread] DEBUG PrimaryStageWindow   - Stage size: 800.0 x 622.0
18:28:12.290 [FXGL Background Thread 1 ] DEBUG Engine               - Initializing environment variables
18:28:12.668 [FXGL Background Thread 1 ] DEBUG FXGLAssetLoaderServi - User app class for loading assets: class com.theswagbois.towerdefense.MainApplication
18:28:12.669 [FXGL Background Thread 1 ] DEBUG GameApplicationServi - Applying CSS: fxgl_dark.css
18:28:12.671 [FXGL Background Thread 1 ] DEBUG FXGLAssetLoaderServi - Loading from file system: jar:file:/Users/nicholashulston/.m2/repository/com/github/almasb/fxgl/11.17/fxgl-11.17.jar!/fxglassets/ui/css/fxgl_dark.css
18:28:12.953 [FXGL Background Thread 1 ] DEBUG GameApplicationServi - Initializing application scenes
18:28:13.948 [FXGL Background Thread 1 ] DEBUG GameWorld            - Game world initialized
18:28:14.051 [FXGL Background Thread 1 ] DEBUG PhysicsWorld         - Physics world initialized: appHeight=600, physics.ppm=50.0
18:28:14.052 [FXGL Background Thread 1 ] DEBUG PhysicsWorld         - Using strategy: BRUTE_FORCE
18:28:14.059 [FXGL Background Thread 1 ] DEBUG GameScene            - Game scene initialized: 800x600
18:28:14.086 [FXGL Background Thread 1 ] DEBUG FXGL.DefaultMenu     - createMenuBodyGameMenu()
18:28:14.124 [FXGL Background Thread 1 ] DEBUG FXGL.DefaultMenu     - createOptionsMenu()
18:28:14.150 [FXGL Background Thread 1 ] DEBUG FXGLAssetLoaderServi - Loading from file system: jar:file:/Users/nicholashulston/.m2/repository/com/github/almasb/fxgl/11.17/fxgl-11.17.jar!/fxglassets/textures/particles/smoke.png
18:28:14.414 [FXGL Background Thread 1 ] DEBUG FXGLAssetLoaderServi - Loading from file system: jar:file:/Users/nicholashulston/.m2/repository/com/github/almasb/fxgl/11.17/fxgl-11.17.jar!/fxglassets/textures/particles/trace_horizontal.png
18:28:14.484 [FXGL Background Thread 1 ] DEBUG GameApplicationServi - Application scenes initialized
18:28:14.512 [FXGL Background Thread 1 ] DEBUG SystemBundleService  - Loading FXGL system data
18:28:14.518 [FXGL Background Thread 1 ] WARN  SystemBundleService  - Failed to load: java.io.FileNotFoundException: /Users/nicholashulston/IdeaProjects/Tower_Defense2/system/fxgl.bundle (No such file or directory)
18:28:14.519 [FXGL Background Thread 1 ] DEBUG SystemBundleService  - Loading default FXGL system data
18:28:14.520 [FXGL Background Thread 1 ] DEBUG UpdaterService       - Checking for updates
18:28:14.536 [FXGL Background Thread 4 ] DEBUG FXGLApplication      - Loading fonts
18:28:14.539 [FXGL Background Thread 4 ] DEBUG FXGLAssetLoaderServi - Loading from file system: jar:file:/Users/nicholashulston/.m2/repository/com/github/almasb/fxgl/11.17/fxgl-11.17.jar!/fxglassets/ui/fonts/VarelaRound-Regular.ttf
18:28:14.541 [FXGL Background Thread 1 ] DEBUG FXGLApplication      - Loading default localization
18:28:14.564 [FXGL Background Thread 1 ] DEBUG FXGLAssetLoaderServi - Loading from file system: jar:file:/Users/nicholashulston/.m2/repository/com/github/almasb/fxgl/11.17/fxgl-11.17.jar!/fxglassets/languages/english.lang
18:28:14.580 [FXGL Background Thread 4 ] DEBUG FXGLAssetLoaderServi - Loading from file system: jar:file:/Users/nicholashulston/.m2/repository/com/github/almasb/fxgl/11.17/fxgl-11.17.jar!/fxglassets/ui/fonts/Abel-Regular.ttf
18:28:14.587 [FXGL Background Thread 4 ] DEBUG FXGLAssetLoaderServi - Loading from file system: jar:file:/Users/nicholashulston/.m2/repository/com/github/almasb/fxgl/11.17/fxgl-11.17.jar!/fxglassets/ui/fonts/lucida_console.ttf
18:28:14.598 [FXGL Background Thread 4 ] DEBUG FXGLAssetLoaderServi - Loading from file system: jar:file:/Users/nicholashulston/.m2/repository/com/github/almasb/fxgl/11.17/fxgl-11.17.jar!/fxglassets/ui/fonts/Courier-Prime.ttf
18:28:14.615 [JavaFX Application Thread] DEBUG FXGLApplication      - Registering font factories with UI factory
18:28:14.625 [FXGL Background Thread 1 ] INFO  FXGLApplication      - FXGL initialization took: 2.335 sec
18:28:14.650 [JavaFX Application Thread] DEBUG Input                - Registered new binding: action0 - F
18:28:14.651 [JavaFX Application Thread] DEBUG FXGLAssetLoaderServi - Loading from file system: jar:file:/Users/nicholashulston/.m2/repository/com/github/almasb/fxgl/11.17/fxgl-11.17.jar!/fxglassets/textures/fxgl_icon.png
18:28:14.709 [JavaFX Application Thread] DEBUG FXGLAssetLoaderServi - Loading from file system: jar:file:/Users/nicholashulston/.m2/repository/com/github/almasb/fxgl/11.17/fxgl-11.17.jar!/fxglassets/textures/fxgl_default_cursor.png
18:28:14.713 [JavaFX Application Thread] DEBUG Input                - Registered new binding: Screenshot - CTRL+8
18:28:14.714 [JavaFX Application Thread] DEBUG Input                - Registered new binding: System info dump - CTRL+9
18:28:14.715 [JavaFX Application Thread] DEBUG Input                - Registered new binding: Restart - CTRL+R
18:28:14.716 [JavaFX Application Thread] DEBUG Input                - Registered new binding: Toggle Debug Camera - CTRL+C
18:28:14.721 [JavaFX Application Thread] DEBUG LoopRunner           - Starting loop
18:28:14.721 [JavaFX Application Thread] DEBUG LoopRunner           - Initializing JavaFX AnimationTimerLoop
18:28:14.724 [JavaFX Application Thread] DEBUG GameApplicationServi - Starting new game
18:28:14.728 [JavaFX Application Thread] DEBUG Input                - Clearing active input actions
18:28:14.758 [JavaFX Application Thread] DEBUG GameApplicationServi - Removing overlay from FXGLStartupScene and adding to FXGLLoadingScene
18:28:14.760 [JavaFX Application Thread] DEBUG PrimaryStageWindow   - FXGLStartupScene -> FXGLLoadingScene
18:28:14.760 [JavaFX Application Thread] DEBUG GameApplicationServi - Clearing previous game
18:28:14.761 [JavaFX Application Thread] DEBUG GameScene            - Clearing game scene
18:28:14.762 [JavaFX Application Thread] DEBUG GameWorld            - Clearing game world
18:28:14.764 [JavaFX Application Thread] DEBUG PhysicsWorld         - Clearing physics world
18:28:14.770 [FXGL Background Thread 1 ] DEBUG FXGLApplication      - Initializing game
18:28:14.788 [FXGL Background Thread 1 ] INFO  FXGLApplication      - Game initialization took: 0.018 sec
18:28:14.862 [JavaFX Application Thread] DEBUG Input                - Clearing active input actions
18:28:14.881 [JavaFX Application Thread] DEBUG GameApplicationServi - Removing overlay from FXGLLoadingScene and adding to GameScene
18:28:14.882 [JavaFX Application Thread] DEBUG PrimaryStageWindow   - FXGLLoadingScene -> GameScene
18:28:16.072 [JavaFX Application Thread] WARN  FXGLAssetLoaderServi - Asset "/assets/textures/brick.png" was not found!
18:28:16.072 [JavaFX Application Thread] WARN  FXGLAssetLoaderServi - Failed to load IMAGE
18:28:16.131 [JavaFX Application Thread] WARN  FXGLAssetLoaderServi - Asset "/assets/textures/brick.png" was not found!
18:28:16.132 [JavaFX Application Thread] WARN  FXGLAssetLoaderServi - Failed to load IMAGE
18:28:17.087 [JavaFX Application Thread] WARN  FXGLAssetLoaderServi - Asset "/assets/textures/brick.png" was not found!
18:28:17.088 [JavaFX Application Thread] WARN  FXGLAssetLoaderServi - Failed to load IMAGE
18:28:17.097 [JavaFX Application Thread] WARN  FXGLAssetLoaderServi - Asset "/assets/textures/brick.png" was not found!
18:28:17.098 [JavaFX Application Thread] WARN  FXGLAssetLoaderServi - Failed to load IMAGE
18:28:17.537 [FXGL Background Thread 3 ] DEBUG Engine               - Logging environment variables
18:28:17.539 [FXGL Background Thread 3 ] DEBUG Engine               - achievements: []
18:28:17.539 [FXGL Background Thread 3 ] DEBUG Engine               - actualHeight: 600.0
18:28:17.540 [FXGL Background Thread 3 ] DEBUG Engine               - actualHeightProperty: ReadOnlyDoubleProperty [value: 600.0]
18:28:17.541 [FXGL Background Thread 3 ] DEBUG Engine               - actualWidth: 800.0
18:28:17.541 [FXGL Background Thread 3 ] DEBUG Engine               - actualWidthProperty: ReadOnlyDoubleProperty [value: 800.0]
18:28:17.542 [FXGL Background Thread 3 ] DEBUG Engine               - appIcon: fxgl_icon.png
18:28:17.543 [FXGL Background Thread 3 ] DEBUG Engine               - applicationMode: DEVELOPER
18:28:17.543 [FXGL Background Thread 3 ] DEBUG Engine               - cSSList: [fxgl_dark.css]
18:28:17.543 [FXGL Background Thread 3 ] DEBUG Engine               - collisionDetectionStrategy: BRUTE_FORCE
18:28:17.544 [FXGL Background Thread 3 ] DEBUG Engine               - configClass: Optional.empty
18:28:17.544 [FXGL Background Thread 3 ] DEBUG Engine               - credits: []
18:28:17.544 [FXGL Background Thread 3 ] DEBUG Engine               - defaultCursor: CursorInfo(imageName=fxgl_default_cursor.png, hotspotX=7.0, hotspotY=6.0)
18:28:17.545 [FXGL Background Thread 3 ] DEBUG Engine               - devBBoxColorProperty: ObjectProperty [value: 0xff0000ff]
18:28:17.545 [FXGL Background Thread 3 ] DEBUG Engine               - devEnableDebugCameraProperty: BooleanProperty [value: false]
18:28:17.546 [FXGL Background Thread 3 ] DEBUG Engine               - devSensorColorProperty: ObjectProperty [value: 0xffff00ff]
18:28:17.547 [FXGL Background Thread 3 ] DEBUG Engine               - devShowBBoxProperty: BooleanProperty [value: false]
18:28:17.548 [FXGL Background Thread 3 ] DEBUG Engine               - devShowPositionProperty: BooleanProperty [value: false]
18:28:17.548 [FXGL Background Thread 3 ] DEBUG Engine               - enabledMenuItems: []
18:28:17.548 [FXGL Background Thread 3 ] DEBUG Engine               - engineServices: [class com.almasb.fxgl.app.com.theswagbois.towerdefense.services.FXGLAssetLoaderService, class com.almasb.fxgl.app.FXGLApplication$GameApplicationService, class com.almasb.fxgl.app.com.theswagbois.towerdefense.services.FXGLDialogService, class com.almasb.fxgl.app.com.theswagbois.towerdefense.services.IOTaskExecutorService, class com.almasb.fxgl.io.FileSystemService, class com.almasb.fxgl.localization.LocalizationService, class com.almasb.fxgl.app.com.theswagbois.towerdefense.services.SystemBundleService, class com.almasb.fxgl.profile.SaveLoadService, class com.almasb.fxgl.ui.FXGLUIFactoryServiceProvider, class com.almasb.fxgl.ui.FXGLDialogFactoryServiceProvider, class com.almasb.fxgl.audio.AudioPlayer, class com.almasb.fxgl.notification.impl.NotificationServiceProvider, class com.almasb.fxgl.achievement.AchievementService, class com.almasb.fxgl.cutscene.CutsceneService, class com.almasb.fxgl.minigames.MiniGameService, class com.almasb.fxgl.net.NetService, class com.almasb.fxgl.app.com.theswagbois.towerdefense.services.UpdaterService, class com.almasb.fxgl.dev.DevService]
18:28:17.548 [FXGL Background Thread 3 ] DEBUG Engine               - fontGame: Abel-Regular.ttf
18:28:17.549 [FXGL Background Thread 3 ] DEBUG Engine               - fontMono: lucida_console.ttf
18:28:17.549 [FXGL Background Thread 3 ] DEBUG Engine               - fontText: Courier-Prime.ttf
18:28:17.549 [FXGL Background Thread 3 ] DEBUG Engine               - fontUI: VarelaRound-Regular.ttf
18:28:17.550 [FXGL Background Thread 3 ] DEBUG Engine               - fullScreen: BooleanProperty [value: false]
18:28:17.550 [FXGL Background Thread 3 ] DEBUG Engine               - gameDifficulty: MEDIUM
18:28:17.550 [FXGL Background Thread 3 ] DEBUG Engine               - gameDifficultyProperty: ObjectProperty [value: MEDIUM]
18:28:17.550 [FXGL Background Thread 3 ] DEBUG Engine               - globalMusicVolume: 0.5
18:28:17.550 [FXGL Background Thread 3 ] DEBUG Engine               - globalMusicVolumeProperty: DoubleProperty [value: 0.5]
18:28:17.551 [FXGL Background Thread 3 ] DEBUG Engine               - globalSoundVolume: 0.5
18:28:17.551 [FXGL Background Thread 3 ] DEBUG Engine               - globalSoundVolumeProperty: DoubleProperty [value: 0.5]
18:28:17.551 [FXGL Background Thread 3 ] DEBUG Engine               - height: 600
18:28:17.551 [FXGL Background Thread 3 ] DEBUG Engine               - is3D: false
18:28:17.551 [FXGL Background Thread 3 ] DEBUG Engine               - isAndroid: false
18:28:17.552 [FXGL Background Thread 3 ] DEBUG Engine               - isBrowser: false
18:28:17.552 [FXGL Background Thread 3 ] DEBUG Engine               - isClickFeedbackEnabled: false
18:28:17.552 [FXGL Background Thread 3 ] DEBUG Engine               - isCloseConfirmation: false
18:28:17.553 [FXGL Background Thread 3 ] DEBUG Engine               - isDesktop: true
18:28:17.553 [FXGL Background Thread 3 ] DEBUG Engine               - isDeveloperMenuEnabled: false
18:28:17.554 [FXGL Background Thread 3 ] DEBUG Engine               - isEntityPreloadEnabled: true
18:28:17.554 [FXGL Background Thread 3 ] DEBUG Engine               - isExperimentalTiledLargeMap: false
18:28:17.555 [FXGL Background Thread 3 ] DEBUG Engine               - isFileSystemWriteAllowed: true
18:28:17.555 [FXGL Background Thread 3 ] DEBUG Engine               - isFullScreenAllowed: false
18:28:17.555 [FXGL Background Thread 3 ] DEBUG Engine               - isFullScreenFromStart: false
18:28:17.556 [FXGL Background Thread 3 ] DEBUG Engine               - isGameMenuEnabled: true
18:28:17.556 [FXGL Background Thread 3 ] DEBUG Engine               - isIOS: false
18:28:17.557 [FXGL Background Thread 3 ] DEBUG Engine               - isIntroEnabled: false
18:28:17.558 [FXGL Background Thread 3 ] DEBUG Engine               - isLinux: false
18:28:17.558 [FXGL Background Thread 3 ] DEBUG Engine               - isMac: true
18:28:17.559 [FXGL Background Thread 3 ] DEBUG Engine               - isMainMenuEnabled: false
18:28:17.560 [FXGL Background Thread 3 ] DEBUG Engine               - isManualResizeEnabled: false
18:28:17.561 [FXGL Background Thread 3 ] DEBUG Engine               - isMobile: false
18:28:17.561 [FXGL Background Thread 3 ] DEBUG Engine               - isNative: false
18:28:17.562 [FXGL Background Thread 3 ] DEBUG Engine               - isPauseMusicWhenMinimized: true
18:28:17.562 [FXGL Background Thread 3 ] DEBUG Engine               - isPreserveResizeRatio: false
18:28:17.562 [FXGL Background Thread 3 ] DEBUG Engine               - isProfilingEnabled: false
18:28:17.562 [FXGL Background Thread 3 ] DEBUG Engine               - isScaleAffectedOnResize: true
18:28:17.563 [FXGL Background Thread 3 ] DEBUG Engine               - isSingleStep: false
18:28:17.563 [FXGL Background Thread 3 ] DEBUG Engine               - isUserProfileEnabled: false
18:28:17.563 [FXGL Background Thread 3 ] DEBUG Engine               - isWindows: false
18:28:17.564 [FXGL Background Thread 3 ] DEBUG Engine               - language: ObjectProperty [value: ENGLISH]
18:28:17.565 [FXGL Background Thread 3 ] DEBUG Engine               - menuKey: ESCAPE
18:28:17.565 [FXGL Background Thread 3 ] DEBUG Engine               - mouseSensitivity: 0.2
18:28:17.565 [FXGL Background Thread 3 ] DEBUG Engine               - notificationViewClass: class com.almasb.fxgl.notification.view.XboxNotificationView
18:28:17.565 [FXGL Background Thread 3 ] DEBUG Engine               - pixelsPerMeter: 50.0
18:28:17.565 [FXGL Background Thread 3 ] DEBUG Engine               - platform: MAC
18:28:17.566 [FXGL Background Thread 3 ] DEBUG Engine               - prefHeightProperty: ReadOnlyDoubleProperty [value: 600.0]
18:28:17.566 [FXGL Background Thread 3 ] DEBUG Engine               - prefWidthProperty: ReadOnlyDoubleProperty [value: 800.0]
18:28:17.566 [FXGL Background Thread 3 ] DEBUG Engine               - profileDir: profiles/
18:28:17.567 [FXGL Background Thread 3 ] DEBUG Engine               - profileName: StringProperty [value: DEFAULT]
18:28:17.567 [FXGL Background Thread 3 ] DEBUG Engine               - randomSeed: -1
18:28:17.567 [FXGL Background Thread 3 ] DEBUG Engine               - runtimeInfo: RuntimeInfo(platform=MAC, version=11.17, build=16.07.2021 15.46)
18:28:17.567 [FXGL Background Thread 3 ] DEBUG Engine               - saveFileExt: sav
18:28:17.568 [FXGL Background Thread 3 ] DEBUG Engine               - scaledHeightProp$fxgl: DoubleProperty [bound, value: 600.0]
18:28:17.568 [FXGL Background Thread 3 ] DEBUG Engine               - scaledWidthProp$fxgl: DoubleProperty [bound, value: 800.0]
18:28:17.568 [FXGL Background Thread 3 ] DEBUG Engine               - sceneFactory: com.almasb.fxgl.app.scene.SceneFactory@6df78650
18:28:17.569 [FXGL Background Thread 3 ] DEBUG Engine               - secondsIn24h: 60
18:28:17.569 [FXGL Background Thread 3 ] DEBUG Engine               - soundMenuBack: menu/back.wav
18:28:17.570 [FXGL Background Thread 3 ] DEBUG Engine               - soundMenuPress: menu/press.wav
18:28:17.570 [FXGL Background Thread 3 ] DEBUG Engine               - soundMenuSelect: menu/select.wav
18:28:17.570 [FXGL Background Thread 3 ] DEBUG Engine               - soundNotification: core/notification.wav
18:28:17.570 [FXGL Background Thread 3 ] DEBUG Engine               - stageStyle: DECORATED
18:28:17.571 [FXGL Background Thread 3 ] DEBUG Engine               - supportedLanguages: [ENGLISH, FRENCH, GERMAN, HUNGARIAN, RUSSIAN]
18:28:17.571 [FXGL Background Thread 3 ] DEBUG Engine               - ticksPerSecond: -1
18:28:17.571 [FXGL Background Thread 3 ] DEBUG Engine               - title: Untitled
18:28:17.572 [FXGL Background Thread 3 ] DEBUG Engine               - urlGithub: https://github.com/AlmasB/FXGL
18:28:17.572 [FXGL Background Thread 3 ] DEBUG Engine               - urlLeaderboard: http://fxgl-top.herokuapp.com/
18:28:17.573 [FXGL Background Thread 3 ] DEBUG Engine               - urlPOM: https://raw.githubusercontent.com/AlmasB/FXGL/release/README.md
18:28:17.573 [FXGL Background Thread 3 ] DEBUG Engine               - userAppClass: class com.theswagbois.towerdefense.MainApplication
18:28:17.573 [FXGL Background Thread 3 ] DEBUG Engine               - version: 0.0
18:28:17.574 [FXGL Background Thread 3 ] DEBUG Engine               - versionCheckDays: 7
18:28:17.574 [FXGL Background Thread 3 ] DEBUG Engine               - width: 800
18:28:17.574 [FXGL Background Thread 3 ] DEBUG Engine               - Logging com.theswagbois.towerdefense.services
18:28:17.575 [FXGL Background Thread 3 ] DEBUG Engine               - class com.almasb.fxgl.app.com.theswagbois.towerdefense.services.FXGLAssetLoaderService
18:28:17.576 [FXGL Background Thread 3 ] DEBUG Engine               - class com.almasb.fxgl.app.FXGLApplication$GameApplicationService
18:28:17.576 [FXGL Background Thread 3 ] DEBUG Engine               - class com.almasb.fxgl.app.com.theswagbois.towerdefense.services.FXGLDialogService
18:28:17.576 [FXGL Background Thread 3 ] DEBUG Engine               - class com.almasb.fxgl.app.com.theswagbois.towerdefense.services.IOTaskExecutorService
18:28:17.576 [FXGL Background Thread 3 ] DEBUG Engine               - class com.almasb.fxgl.io.FileSystemService
18:28:17.577 [FXGL Background Thread 3 ] DEBUG Engine               - class com.almasb.fxgl.localization.LocalizationService
18:28:17.577 [FXGL Background Thread 3 ] DEBUG Engine               - class com.almasb.fxgl.app.com.theswagbois.towerdefense.services.SystemBundleService
18:28:17.578 [FXGL Background Thread 3 ] DEBUG Engine               - class com.almasb.fxgl.profile.SaveLoadService
18:28:17.578 [FXGL Background Thread 3 ] DEBUG Engine               - class com.almasb.fxgl.ui.FXGLUIFactoryServiceProvider
18:28:17.579 [FXGL Background Thread 3 ] DEBUG Engine               - class com.almasb.fxgl.ui.FXGLDialogFactoryServiceProvider
18:28:17.579 [FXGL Background Thread 3 ] DEBUG Engine               - class com.almasb.fxgl.audio.AudioPlayer
18:28:17.580 [FXGL Background Thread 3 ] DEBUG Engine               - class com.almasb.fxgl.notification.impl.NotificationServiceProvider
18:28:17.580 [FXGL Background Thread 3 ] DEBUG Engine               - class com.almasb.fxgl.achievement.AchievementService
18:28:17.581 [FXGL Background Thread 3 ] DEBUG Engine               - class com.almasb.fxgl.cutscene.CutsceneService
18:28:17.581 [FXGL Background Thread 3 ] DEBUG Engine               - class com.almasb.fxgl.minigames.MiniGameService
18:28:17.581 [FXGL Background Thread 3 ] DEBUG Engine               - class com.almasb.fxgl.net.NetService
18:28:17.581 [FXGL Background Thread 3 ] DEBUG Engine               - class com.almasb.fxgl.app.com.theswagbois.towerdefense.services.UpdaterService
18:28:17.581 [FXGL Background Thread 3 ] DEBUG Engine               - class com.almasb.fxgl.dev.DevService
18:28:17.920 [JavaFX Application Thread] WARN  FXGLAssetLoaderServi - Asset "/assets/textures/brick.png" was not found!
18:28:17.921 [JavaFX Application Thread] WARN  FXGLAssetLoaderServi - Failed to load IMAGE
18:28:17.926 [JavaFX Application Thread] WARN  FXGLAssetLoaderServi - Asset "/assets/textures/brick.png" was not found!
18:28:17.927 [JavaFX Application Thread] WARN  FXGLAssetLoaderServi - Failed to load IMAGE
18:28:18.307 [JavaFX Application Thread] DEBUG FXGLApplication      - Exiting FXGL
18:28:18.308 [JavaFX Application Thread] DEBUG LoopRunner           - Stopping loop
18:28:18.308 [JavaFX Application Thread] DEBUG SystemBundleService  - Saving FXGL system data
18:28:18.311 [JavaFX Application Thread] DEBUG FileSystemAccess     - Writing to: /Users/nicholashulston/IdeaProjects/Tower_Defense2/system/fxgl.bundle
18:28:18.320 [JavaFX Application Thread] DEBUG Async                - Shutting down background threads
18:28:18.321 [JavaFX Application Thread] DEBUG PrimaryStageWindow   - Closing main window
18:28:18.334 [JavaFX Application Thread] DEBUG Logger               - Closing Logger
