19:28:26.496 [main                     ] DEBUG Logger               - Configured Logger
19:28:26.502 [main                     ] DEBUG GameApplication      - Logging settings
Title: Tower Defense
Version: 0.0
Width: 800
Height: 600
Fullscreen: false
Intro: false
Profiling: false
Single step:false
App Mode: DEVELOPER
Menu Key: ESCAPE
Stage Style: DECORATED
Scene Factory: class com.theswagbois.towerdefense.MySceneFactory

19:28:27.098 [JavaFX Application Thread] DEBUG FXGLApplication      - Initializing FXGL
19:28:27.100 [JavaFX Application Thread] INFO  Engine               - FXGL-11.17 (16.07.2021 15.46) on MAC (J:16.0.2 FX:16)
19:28:27.100 [JavaFX Application Thread] DEBUG Engine               - JRE Vendor Name: Amazon.com Inc.
19:28:27.100 [JavaFX Application Thread] DEBUG Engine               - Running on OS: Mac OS X version 10.14.6
19:28:27.101 [JavaFX Application Thread] DEBUG Engine               - Architecture: x86_64
19:28:27.101 [JavaFX Application Thread] INFO  Engine               - Source code and latest versions at: https://github.com/AlmasB/FXGL
19:28:27.101 [JavaFX Application Thread] INFO  Engine               -              Join the FXGL chat at: https://gitter.im/AlmasB/FXGL
19:28:27.328 [JavaFX Application Thread] DEBUG PrimaryStageWindow   - Creating a JavaFX scene
19:28:27.389 [JavaFX Application Thread] DEBUG PrimaryStageWindow   - Target settings size: 800.0 x 600.0
19:28:27.390 [JavaFX Application Thread] DEBUG PrimaryStageWindow   - Scaled scene size:    800.0 x 600.0
19:28:27.390 [JavaFX Application Thread] DEBUG PrimaryStageWindow   - Scaled ratio: (1.0, 1.0)
19:28:27.391 [JavaFX Application Thread] DEBUG PrimaryStageWindow   - Set initial scene to FXGLStartupScene
19:28:27.402 [JavaFX Application Thread] DEBUG PrimaryStageWindow   - Opening main window
19:28:27.481 [JavaFX Application Thread] DEBUG PrimaryStageWindow   - Window border size: (0.0, 22.0)
19:28:27.481 [JavaFX Application Thread] DEBUG PrimaryStageWindow   - Scaled size: 800.0 x 600.0
19:28:27.481 [JavaFX Application Thread] DEBUG PrimaryStageWindow   - Scaled ratio: (1.0, 1.0)
19:28:27.482 [JavaFX Application Thread] DEBUG PrimaryStageWindow   - Scene size: 800.0 x 600.0
19:28:27.482 [JavaFX Application Thread] DEBUG PrimaryStageWindow   - Stage size: 800.0 x 622.0
19:28:27.489 [FXGL Background Thread 1 ] DEBUG Engine               - Initializing environment variables
19:28:27.546 [FXGL Background Thread 1 ] DEBUG FXGLAssetLoaderServi - User app class for loading assets: class com.theswagbois.towerdefense.MainApplication
19:28:27.546 [FXGL Background Thread 1 ] DEBUG GameApplicationServi - Applying CSS: fxgl_dark.css
19:28:27.548 [FXGL Background Thread 1 ] DEBUG FXGLAssetLoaderServi - Loading from file system: jar:file:/Users/nicholashulston/.m2/repository/com/github/almasb/fxgl/11.17/fxgl-11.17.jar!/fxglassets/ui/css/fxgl_dark.css
19:28:27.611 [FXGL Background Thread 1 ] DEBUG GameApplicationServi - Initializing application scenes
19:28:27.976 [FXGL Background Thread 1 ] DEBUG GameWorld            - Game world initialized
19:28:28.030 [FXGL Background Thread 1 ] DEBUG PhysicsWorld         - Physics world initialized: appHeight=600, physics.ppm=50.0
19:28:28.030 [FXGL Background Thread 1 ] DEBUG PhysicsWorld         - Using strategy: BRUTE_FORCE
19:28:28.034 [FXGL Background Thread 1 ] DEBUG GameScene            - Game scene initialized: 800x600
19:28:28.046 [FXGL Background Thread 1 ] DEBUG GameApplicationServi - Application scenes initialized
19:28:28.064 [FXGL Background Thread 1 ] DEBUG SystemBundleService  - Loading FXGL system data
19:28:28.069 [FXGL Background Thread 1 ] DEBUG FileSystemAccess     - Reading from: /Users/nicholashulston/IdeaProjects/Tower_Defense2/system/fxgl.bundle
19:28:28.077 [FXGL Background Thread 1 ] DEBUG SystemBundleService  - Bundle FXGL: {}
19:28:28.077 [FXGL Background Thread 1 ] DEBUG UpdaterService       - Checking for updates
19:28:28.082 [FXGL Background Thread 4 ] DEBUG FXGLApplication      - Loading fonts
19:28:28.083 [FXGL Background Thread 1 ] DEBUG FXGLApplication      - Loading default localization
19:28:28.083 [FXGL Background Thread 4 ] DEBUG FXGLAssetLoaderServi - Loading from file system: jar:file:/Users/nicholashulston/.m2/repository/com/github/almasb/fxgl/11.17/fxgl-11.17.jar!/fxglassets/ui/fonts/VarelaRound-Regular.ttf
19:28:28.089 [FXGL Background Thread 1 ] DEBUG FXGLAssetLoaderServi - Loading from file system: jar:file:/Users/nicholashulston/.m2/repository/com/github/almasb/fxgl/11.17/fxgl-11.17.jar!/fxglassets/languages/english.lang
19:28:28.101 [FXGL Background Thread 4 ] DEBUG FXGLAssetLoaderServi - Loading from file system: jar:file:/Users/nicholashulston/.m2/repository/com/github/almasb/fxgl/11.17/fxgl-11.17.jar!/fxglassets/ui/fonts/Abel-Regular.ttf
19:28:28.104 [FXGL Background Thread 4 ] DEBUG FXGLAssetLoaderServi - Loading from file system: jar:file:/Users/nicholashulston/.m2/repository/com/github/almasb/fxgl/11.17/fxgl-11.17.jar!/fxglassets/ui/fonts/lucida_console.ttf
19:28:28.108 [FXGL Background Thread 4 ] DEBUG FXGLAssetLoaderServi - Loading from file system: jar:file:/Users/nicholashulston/.m2/repository/com/github/almasb/fxgl/11.17/fxgl-11.17.jar!/fxglassets/ui/fonts/Courier-Prime.ttf
19:28:28.124 [JavaFX Application Thread] DEBUG FXGLApplication      - Registering font factories with UI factory
19:28:28.132 [FXGL Background Thread 1 ] INFO  FXGLApplication      - FXGL initialization took: 0.643 sec
19:28:28.143 [JavaFX Application Thread] DEBUG Input                - Registered new binding: action0 - F
19:28:28.143 [JavaFX Application Thread] DEBUG FXGLAssetLoaderServi - Loading from file system: jar:file:/Users/nicholashulston/.m2/repository/com/github/almasb/fxgl/11.17/fxgl-11.17.jar!/fxglassets/textures/fxgl_icon.png
19:28:28.205 [JavaFX Application Thread] DEBUG FXGLAssetLoaderServi - Loading from file system: jar:file:/Users/nicholashulston/.m2/repository/com/github/almasb/fxgl/11.17/fxgl-11.17.jar!/fxglassets/textures/fxgl_default_cursor.png
19:28:28.208 [JavaFX Application Thread] DEBUG Input                - Registered new binding: Screenshot - CTRL+8
19:28:28.208 [JavaFX Application Thread] DEBUG Input                - Registered new binding: System info dump - CTRL+9
19:28:28.209 [JavaFX Application Thread] DEBUG Input                - Registered new binding: Restart - CTRL+R
19:28:28.209 [JavaFX Application Thread] DEBUG Input                - Registered new binding: Toggle Debug Camera - CTRL+C
19:28:28.211 [JavaFX Application Thread] DEBUG LoopRunner           - Starting loop
19:28:28.212 [JavaFX Application Thread] DEBUG LoopRunner           - Initializing JavaFX AnimationTimerLoop
19:28:28.216 [JavaFX Application Thread] DEBUG Input                - Clearing active input actions
19:28:28.227 [JavaFX Application Thread] DEBUG GameApplicationServi - Removing overlay from FXGLStartupScene and adding to FXGLMainMenuDummyScene
19:28:28.227 [JavaFX Application Thread] DEBUG PrimaryStageWindow   - FXGLStartupScene -> FXGLMainMenuDummyScene
19:28:28.227 [JavaFX Application Thread] DEBUG PrimaryStageWindow   - Push state: WelcomeMenu
19:28:28.227 [JavaFX Application Thread] DEBUG Input                - Clearing active input actions
19:28:28.230 [JavaFX Application Thread] DEBUG GameApplicationServi - Removing overlay from FXGLMainMenuDummyScene and adding to WelcomeMenu
19:28:28.231 [JavaFX Application Thread] DEBUG PrimaryStageWindow   - FXGLMainMenuDummyScene -> WelcomeMenu
19:28:29.161 [JavaFX Application Thread] DEBUG Menu                 - fireNewGame()
19:28:29.161 [JavaFX Application Thread] DEBUG GameApplicationServi - Starting new game
19:28:29.162 [JavaFX Application Thread] DEBUG PrimaryStageWindow   - Pop state: WelcomeMenu
19:28:29.162 [JavaFX Application Thread] DEBUG Input                - Clearing active input actions
19:28:29.162 [JavaFX Application Thread] DEBUG GameApplicationServi - Removing overlay from WelcomeMenu and adding to FXGLMainMenuDummyScene
19:28:29.163 [JavaFX Application Thread] DEBUG PrimaryStageWindow   - FXGLMainMenuDummyScene <- WelcomeMenu
19:28:29.163 [JavaFX Application Thread] DEBUG Input                - Clearing active input actions
19:28:29.174 [JavaFX Application Thread] DEBUG GameApplicationServi - Removing overlay from FXGLMainMenuDummyScene and adding to FXGLLoadingScene
19:28:29.175 [JavaFX Application Thread] DEBUG PrimaryStageWindow   - FXGLMainMenuDummyScene -> FXGLLoadingScene
19:28:29.175 [JavaFX Application Thread] DEBUG GameApplicationServi - Clearing previous game
19:28:29.175 [JavaFX Application Thread] DEBUG GameScene            - Clearing game scene
19:28:29.175 [JavaFX Application Thread] DEBUG GameWorld            - Clearing game world
19:28:29.176 [JavaFX Application Thread] DEBUG PhysicsWorld         - Clearing physics world
19:28:29.177 [FXGL Background Thread 2 ] DEBUG FXGLApplication      - Initializing game
19:28:29.185 [FXGL Background Thread 2 ] INFO  FXGLApplication      - Game initialization took: 0.007 sec
19:28:29.215 [JavaFX Application Thread] DEBUG Input                - Clearing active input actions
19:28:29.221 [JavaFX Application Thread] DEBUG GameApplicationServi - Removing overlay from FXGLLoadingScene and adding to GameScene
19:28:29.222 [JavaFX Application Thread] DEBUG PrimaryStageWindow   - FXGLLoadingScene -> GameScene
19:28:30.860 [JavaFX Application Thread] DEBUG FXGLApplication      - Exiting FXGL
19:28:30.860 [JavaFX Application Thread] DEBUG LoopRunner           - Stopping loop
19:28:30.860 [JavaFX Application Thread] DEBUG SystemBundleService  - Saving FXGL system data
19:28:30.862 [JavaFX Application Thread] DEBUG FileSystemAccess     - Writing to: /Users/nicholashulston/IdeaProjects/Tower_Defense2/system/fxgl.bundle
19:28:30.864 [JavaFX Application Thread] DEBUG Async                - Shutting down background threads
19:28:30.864 [JavaFX Application Thread] DEBUG PrimaryStageWindow   - Closing main window
19:28:30.871 [JavaFX Application Thread] DEBUG Logger               - Closing Logger
