18:54:39.666 [main                     ] DEBUG Logger               - Configured Logger
18:54:39.676 [main                     ] DEBUG GameApplication      - Logging settings
Title: Tower Defense
Version: 0.0
Width: 800
Height: 600
Fullscreen: false
Intro: false
Profiling: false
Single step:false
App Mode: DEVELOPER
Menu Key: ESCAPE
Stage Style: DECORATED
Scene Factory: class com.almasb.fxgl.app.scene.SceneFactory

18:54:41.163 [JavaFX Application Thread] DEBUG FXGLApplication      - Initializing FXGL
18:54:41.167 [JavaFX Application Thread] INFO  Engine               - FXGL-11.17 (16.07.2021 15.46) on MAC (J:16.0.2 FX:16)
18:54:41.168 [JavaFX Application Thread] DEBUG Engine               - JRE Vendor Name: Amazon.com Inc.
18:54:41.168 [JavaFX Application Thread] DEBUG Engine               - Running on OS: Mac OS X version 10.15.7
18:54:41.169 [JavaFX Application Thread] DEBUG Engine               - Architecture: x86_64
18:54:41.169 [JavaFX Application Thread] INFO  Engine               - Source code and latest versions at: https://github.com/AlmasB/FXGL
18:54:41.170 [JavaFX Application Thread] INFO  Engine               -              Join the FXGL chat at: https://gitter.im/AlmasB/FXGL
18:54:41.521 [JavaFX Application Thread] DEBUG PrimaryStageWindow   - Creating a JavaFX scene
18:54:41.607 [JavaFX Application Thread] DEBUG PrimaryStageWindow   - Target settings size: 800.0 x 600.0
18:54:41.607 [JavaFX Application Thread] DEBUG PrimaryStageWindow   - Scaled scene size:    800.0 x 600.0
18:54:41.608 [JavaFX Application Thread] DEBUG PrimaryStageWindow   - Scaled ratio: (1.0, 1.0)
18:54:41.609 [JavaFX Application Thread] DEBUG PrimaryStageWindow   - Set initial scene to FXGLStartupScene
18:54:41.627 [JavaFX Application Thread] DEBUG PrimaryStageWindow   - Opening main window
18:54:41.823 [JavaFX Application Thread] DEBUG PrimaryStageWindow   - Window border size: (0.0, 22.0)
18:54:41.823 [JavaFX Application Thread] DEBUG PrimaryStageWindow   - Scaled size: 800.0 x 600.0
18:54:41.824 [JavaFX Application Thread] DEBUG PrimaryStageWindow   - Scaled ratio: (1.0, 1.0)
18:54:41.824 [JavaFX Application Thread] DEBUG PrimaryStageWindow   - Scene size: 800.0 x 600.0
18:54:41.825 [JavaFX Application Thread] DEBUG PrimaryStageWindow   - Stage size: 800.0 x 622.0
18:54:41.841 [FXGL Background Thread 1 ] DEBUG Engine               - Initializing environment variables
18:54:41.963 [FXGL Background Thread 1 ] DEBUG FXGLAssetLoaderServi - User app class for loading assets: class com.theswagbois.towerdefense.MainApplication
18:54:41.963 [FXGL Background Thread 1 ] DEBUG GameApplicationServi - Applying CSS: fxgl_dark.css
18:54:41.966 [FXGL Background Thread 1 ] DEBUG FXGLAssetLoaderServi - Loading from file system: jar:file:/Users/josephvitko/.m2/repository/com/github/almasb/fxgl/11.17/fxgl-11.17.jar!/fxglassets/ui/css/fxgl_dark.css
18:54:42.088 [FXGL Background Thread 1 ] DEBUG GameApplicationServi - Initializing application scenes
18:54:42.617 [FXGL Background Thread 1 ] DEBUG GameWorld            - Game world initialized
18:54:42.705 [FXGL Background Thread 1 ] DEBUG PhysicsWorld         - Physics world initialized: appHeight=600, physics.ppm=50.0
18:54:42.706 [FXGL Background Thread 1 ] DEBUG PhysicsWorld         - Using strategy: BRUTE_FORCE
18:54:42.709 [FXGL Background Thread 1 ] DEBUG GameScene            - Game scene initialized: 800x600
18:54:42.728 [FXGL Background Thread 1 ] DEBUG FXGL.DefaultMenu     - createMenuBodyGameMenu()
18:54:42.763 [FXGL Background Thread 1 ] DEBUG FXGL.DefaultMenu     - createOptionsMenu()
18:54:42.779 [FXGL Background Thread 1 ] DEBUG FXGLAssetLoaderServi - Loading from file system: jar:file:/Users/josephvitko/.m2/repository/com/github/almasb/fxgl/11.17/fxgl-11.17.jar!/fxglassets/textures/particles/smoke.png
18:54:42.920 [FXGL Background Thread 1 ] DEBUG FXGLAssetLoaderServi - Loading from file system: jar:file:/Users/josephvitko/.m2/repository/com/github/almasb/fxgl/11.17/fxgl-11.17.jar!/fxglassets/textures/particles/trace_horizontal.png
18:54:42.958 [FXGL Background Thread 1 ] DEBUG GameApplicationServi - Application scenes initialized
18:54:42.971 [FXGL Background Thread 1 ] DEBUG SystemBundleService  - Loading FXGL system data
18:54:42.977 [FXGL Background Thread 1 ] DEBUG FileSystemAccess     - Reading from: /Users/josephvitko/IdeaProjects/Tower_Defense2/system/fxgl.bundle
18:54:42.989 [FXGL Background Thread 1 ] DEBUG SystemBundleService  - Bundle FXGL: {}
18:54:42.990 [FXGL Background Thread 1 ] DEBUG UpdaterService       - Checking for updates
18:54:42.998 [FXGL Background Thread 4 ] DEBUG FXGLApplication      - Loading fonts
18:54:42.999 [FXGL Background Thread 4 ] DEBUG FXGLAssetLoaderServi - Loading from file system: jar:file:/Users/josephvitko/.m2/repository/com/github/almasb/fxgl/11.17/fxgl-11.17.jar!/fxglassets/ui/fonts/VarelaRound-Regular.ttf
18:54:42.999 [FXGL Background Thread 1 ] DEBUG FXGLApplication      - Loading default localization
18:54:43.002 [FXGL Background Thread 1 ] DEBUG FXGLAssetLoaderServi - Loading from file system: jar:file:/Users/josephvitko/.m2/repository/com/github/almasb/fxgl/11.17/fxgl-11.17.jar!/fxglassets/languages/english.lang
18:54:43.031 [FXGL Background Thread 1 ] INFO  FXGLApplication      - FXGL initialization took: 1.189 sec
18:54:43.037 [FXGL Background Thread 4 ] DEBUG FXGLAssetLoaderServi - Loading from file system: jar:file:/Users/josephvitko/.m2/repository/com/github/almasb/fxgl/11.17/fxgl-11.17.jar!/fxglassets/ui/fonts/Abel-Regular.ttf
18:54:43.043 [FXGL Background Thread 4 ] DEBUG FXGLAssetLoaderServi - Loading from file system: jar:file:/Users/josephvitko/.m2/repository/com/github/almasb/fxgl/11.17/fxgl-11.17.jar!/fxglassets/ui/fonts/lucida_console.ttf
18:54:43.052 [JavaFX Application Thread] DEBUG Input                - Registered new binding: action0 - F
18:54:43.054 [JavaFX Application Thread] DEBUG FXGLAssetLoaderServi - Loading from file system: jar:file:/Users/josephvitko/.m2/repository/com/github/almasb/fxgl/11.17/fxgl-11.17.jar!/fxglassets/textures/fxgl_icon.png
18:54:43.057 [FXGL Background Thread 4 ] DEBUG FXGLAssetLoaderServi - Loading from file system: jar:file:/Users/josephvitko/.m2/repository/com/github/almasb/fxgl/11.17/fxgl-11.17.jar!/fxglassets/ui/fonts/Courier-Prime.ttf
18:54:43.102 [JavaFX Application Thread] DEBUG FXGLAssetLoaderServi - Loading from file system: jar:file:/Users/josephvitko/.m2/repository/com/github/almasb/fxgl/11.17/fxgl-11.17.jar!/fxglassets/textures/fxgl_default_cursor.png
18:54:43.106 [JavaFX Application Thread] DEBUG Input                - Registered new binding: Screenshot - CTRL+8
18:54:43.107 [JavaFX Application Thread] DEBUG Input                - Registered new binding: System info dump - CTRL+9
18:54:43.108 [JavaFX Application Thread] DEBUG Input                - Registered new binding: Restart - CTRL+R
18:54:43.110 [JavaFX Application Thread] DEBUG Input                - Registered new binding: Toggle Debug Camera - CTRL+C
18:54:43.114 [JavaFX Application Thread] DEBUG LoopRunner           - Starting loop
18:54:43.115 [JavaFX Application Thread] DEBUG LoopRunner           - Initializing JavaFX AnimationTimerLoop
18:54:43.118 [JavaFX Application Thread] DEBUG GameApplicationServi - Starting new game
18:54:43.119 [JavaFX Application Thread] DEBUG Input                - Clearing active input actions
18:54:43.144 [JavaFX Application Thread] DEBUG GameApplicationServi - Removing overlay from FXGLStartupScene and adding to FXGLLoadingScene
18:54:43.145 [JavaFX Application Thread] DEBUG PrimaryStageWindow   - FXGLStartupScene -> FXGLLoadingScene
18:54:43.146 [JavaFX Application Thread] DEBUG GameApplicationServi - Clearing previous game
18:54:43.146 [JavaFX Application Thread] DEBUG GameScene            - Clearing game scene
18:54:43.146 [JavaFX Application Thread] DEBUG GameWorld            - Clearing game world
18:54:43.146 [JavaFX Application Thread] DEBUG PhysicsWorld         - Clearing physics world
18:54:43.149 [FXGL Background Thread 4 ] DEBUG FXGLApplication      - Initializing game
18:54:43.160 [FXGL Background Thread 4 ] DEBUG FXGLAssetLoaderServi - Loading JSON from: file:/Users/josephvitko/IdeaProjects/Tower_Defense2/target/classes/assets/tower1.json
18:54:43.170 [JavaFX Application Thread] DEBUG FXGLApplication      - Registering font factories with UI factory
18:54:43.627 [FXGL Background Thread 4 ] DEBUG FXGLAssetLoaderServi - Loading JSON from: file:/Users/josephvitko/IdeaProjects/Tower_Defense2/target/classes/assets/tower2.json
18:54:43.630 [FXGL Background Thread 4 ] DEBUG FXGLAssetLoaderServi - Loading JSON from: file:/Users/josephvitko/IdeaProjects/Tower_Defense2/target/classes/assets/tower3.json
18:54:43.634 [FXGL Background Thread 4 ] INFO  FXGLApplication      - Game initialization took: 0.485 sec
18:54:43.635 [JavaFX Application Thread] DEBUG Input                - Clearing active input actions
18:54:43.643 [JavaFX Application Thread] DEBUG GameApplicationServi - Removing overlay from FXGLLoadingScene and adding to GameScene
18:54:43.644 [JavaFX Application Thread] DEBUG PrimaryStageWindow   - FXGLLoadingScene -> GameScene
18:54:44.625 [JavaFX Application Thread] WARN  FXGLAssetLoaderServi - Asset "/assets/textures/brick.png" was not found!
18:54:44.625 [JavaFX Application Thread] WARN  FXGLAssetLoaderServi - Failed to load IMAGE
18:54:44.674 [JavaFX Application Thread] WARN  FXGLAssetLoaderServi - Asset "/assets/textures/brick.png" was not found!
18:54:44.674 [JavaFX Application Thread] WARN  FXGLAssetLoaderServi - Failed to load IMAGE
18:54:45.655 [JavaFX Application Thread] WARN  FXGLAssetLoaderServi - Asset "/assets/textures/brick.png" was not found!
18:54:45.656 [JavaFX Application Thread] WARN  FXGLAssetLoaderServi - Failed to load IMAGE
18:54:45.663 [JavaFX Application Thread] WARN  FXGLAssetLoaderServi - Asset "/assets/textures/brick.png" was not found!
18:54:45.663 [JavaFX Application Thread] WARN  FXGLAssetLoaderServi - Failed to load IMAGE
18:54:45.997 [FXGL Background Thread 3 ] DEBUG Engine               - Logging environment variables
18:54:45.997 [FXGL Background Thread 3 ] DEBUG Engine               - achievements: []
18:54:45.998 [FXGL Background Thread 3 ] DEBUG Engine               - actualHeight: 600.0
18:54:45.998 [FXGL Background Thread 3 ] DEBUG Engine               - actualHeightProperty: ReadOnlyDoubleProperty [value: 600.0]
18:54:45.999 [FXGL Background Thread 3 ] DEBUG Engine               - actualWidth: 800.0
18:54:45.999 [FXGL Background Thread 3 ] DEBUG Engine               - actualWidthProperty: ReadOnlyDoubleProperty [value: 800.0]
18:54:46.000 [FXGL Background Thread 3 ] DEBUG Engine               - appIcon: fxgl_icon.png
18:54:46.000 [FXGL Background Thread 3 ] DEBUG Engine               - applicationMode: DEVELOPER
18:54:46.000 [FXGL Background Thread 3 ] DEBUG Engine               - cSSList: [fxgl_dark.css]
18:54:46.001 [FXGL Background Thread 3 ] DEBUG Engine               - collisionDetectionStrategy: BRUTE_FORCE
18:54:46.001 [FXGL Background Thread 3 ] DEBUG Engine               - configClass: Optional.empty
18:54:46.001 [FXGL Background Thread 3 ] DEBUG Engine               - credits: []
18:54:46.002 [FXGL Background Thread 3 ] DEBUG Engine               - defaultCursor: CursorInfo(imageName=fxgl_default_cursor.png, hotspotX=7.0, hotspotY=6.0)
18:54:46.002 [FXGL Background Thread 3 ] DEBUG Engine               - devBBoxColorProperty: ObjectProperty [value: 0xff0000ff]
18:54:46.002 [FXGL Background Thread 3 ] DEBUG Engine               - devEnableDebugCameraProperty: BooleanProperty [value: false]
18:54:46.002 [FXGL Background Thread 3 ] DEBUG Engine               - devSensorColorProperty: ObjectProperty [value: 0xffff00ff]
18:54:46.003 [FXGL Background Thread 3 ] DEBUG Engine               - devShowBBoxProperty: BooleanProperty [value: false]
18:54:46.003 [FXGL Background Thread 3 ] DEBUG Engine               - devShowPositionProperty: BooleanProperty [value: false]
18:54:46.003 [FXGL Background Thread 3 ] DEBUG Engine               - enabledMenuItems: []
18:54:46.003 [FXGL Background Thread 3 ] DEBUG Engine               - engineServices: [class com.almasb.fxgl.app.com.theswagbois.towerdefense.services.FXGLAssetLoaderService, class com.almasb.fxgl.app.FXGLApplication$GameApplicationService, class com.almasb.fxgl.app.com.theswagbois.towerdefense.services.FXGLDialogService, class com.almasb.fxgl.app.com.theswagbois.towerdefense.services.IOTaskExecutorService, class com.almasb.fxgl.io.FileSystemService, class com.almasb.fxgl.localization.LocalizationService, class com.almasb.fxgl.app.com.theswagbois.towerdefense.services.SystemBundleService, class com.almasb.fxgl.profile.SaveLoadService, class com.almasb.fxgl.ui.FXGLUIFactoryServiceProvider, class com.almasb.fxgl.ui.FXGLDialogFactoryServiceProvider, class com.almasb.fxgl.audio.AudioPlayer, class com.almasb.fxgl.notification.impl.NotificationServiceProvider, class com.almasb.fxgl.achievement.AchievementService, class com.almasb.fxgl.cutscene.CutsceneService, class com.almasb.fxgl.minigames.MiniGameService, class com.almasb.fxgl.net.NetService, class com.almasb.fxgl.app.com.theswagbois.towerdefense.services.UpdaterService, class com.almasb.fxgl.dev.DevService]
18:54:46.003 [FXGL Background Thread 3 ] DEBUG Engine               - fontGame: Abel-Regular.ttf
18:54:46.003 [FXGL Background Thread 3 ] DEBUG Engine               - fontMono: lucida_console.ttf
18:54:46.004 [FXGL Background Thread 3 ] DEBUG Engine               - fontText: Courier-Prime.ttf
18:54:46.004 [FXGL Background Thread 3 ] DEBUG Engine               - fontUI: VarelaRound-Regular.ttf
18:54:46.004 [FXGL Background Thread 3 ] DEBUG Engine               - fullScreen: BooleanProperty [value: false]
18:54:46.004 [FXGL Background Thread 3 ] DEBUG Engine               - gameDifficulty: MEDIUM
18:54:46.004 [FXGL Background Thread 3 ] DEBUG Engine               - gameDifficultyProperty: ObjectProperty [value: MEDIUM]
18:54:46.004 [FXGL Background Thread 3 ] DEBUG Engine               - globalMusicVolume: 0.5
18:54:46.005 [FXGL Background Thread 3 ] DEBUG Engine               - globalMusicVolumeProperty: DoubleProperty [value: 0.5]
18:54:46.005 [FXGL Background Thread 3 ] DEBUG Engine               - globalSoundVolume: 0.5
18:54:46.005 [FXGL Background Thread 3 ] DEBUG Engine               - globalSoundVolumeProperty: DoubleProperty [value: 0.5]
18:54:46.005 [FXGL Background Thread 3 ] DEBUG Engine               - height: 600
18:54:46.005 [FXGL Background Thread 3 ] DEBUG Engine               - is3D: false
18:54:46.005 [FXGL Background Thread 3 ] DEBUG Engine               - isAndroid: false
18:54:46.006 [FXGL Background Thread 3 ] DEBUG Engine               - isBrowser: false
18:54:46.006 [FXGL Background Thread 3 ] DEBUG Engine               - isClickFeedbackEnabled: false
18:54:46.006 [FXGL Background Thread 3 ] DEBUG Engine               - isCloseConfirmation: false
18:54:46.006 [FXGL Background Thread 3 ] DEBUG Engine               - isDesktop: true
18:54:46.007 [FXGL Background Thread 3 ] DEBUG Engine               - isDeveloperMenuEnabled: false
18:54:46.007 [FXGL Background Thread 3 ] DEBUG Engine               - isEntityPreloadEnabled: true
18:54:46.007 [FXGL Background Thread 3 ] DEBUG Engine               - isExperimentalTiledLargeMap: false
18:54:46.008 [FXGL Background Thread 3 ] DEBUG Engine               - isFileSystemWriteAllowed: true
18:54:46.008 [FXGL Background Thread 3 ] DEBUG Engine               - isFullScreenAllowed: false
18:54:46.008 [FXGL Background Thread 3 ] DEBUG Engine               - isFullScreenFromStart: false
18:54:46.009 [FXGL Background Thread 3 ] DEBUG Engine               - isGameMenuEnabled: true
18:54:46.009 [FXGL Background Thread 3 ] DEBUG Engine               - isIOS: false
18:54:46.009 [FXGL Background Thread 3 ] DEBUG Engine               - isIntroEnabled: false
18:54:46.009 [FXGL Background Thread 3 ] DEBUG Engine               - isLinux: false
18:54:46.009 [FXGL Background Thread 3 ] DEBUG Engine               - isMac: true
18:54:46.010 [FXGL Background Thread 3 ] DEBUG Engine               - isMainMenuEnabled: false
18:54:46.010 [FXGL Background Thread 3 ] DEBUG Engine               - isManualResizeEnabled: false
18:54:46.010 [FXGL Background Thread 3 ] DEBUG Engine               - isMobile: false
18:54:46.010 [FXGL Background Thread 3 ] DEBUG Engine               - isNative: false
18:54:46.010 [FXGL Background Thread 3 ] DEBUG Engine               - isPauseMusicWhenMinimized: true
18:54:46.010 [FXGL Background Thread 3 ] DEBUG Engine               - isPreserveResizeRatio: false
18:54:46.011 [FXGL Background Thread 3 ] DEBUG Engine               - isProfilingEnabled: false
18:54:46.011 [FXGL Background Thread 3 ] DEBUG Engine               - isScaleAffectedOnResize: true
18:54:46.011 [FXGL Background Thread 3 ] DEBUG Engine               - isSingleStep: false
18:54:46.011 [FXGL Background Thread 3 ] DEBUG Engine               - isUserProfileEnabled: false
18:54:46.012 [FXGL Background Thread 3 ] DEBUG Engine               - isWindows: false
18:54:46.012 [FXGL Background Thread 3 ] DEBUG Engine               - language: ObjectProperty [value: ENGLISH]
18:54:46.012 [FXGL Background Thread 3 ] DEBUG Engine               - menuKey: ESCAPE
18:54:46.012 [FXGL Background Thread 3 ] DEBUG Engine               - mouseSensitivity: 0.2
18:54:46.012 [FXGL Background Thread 3 ] DEBUG Engine               - notificationViewClass: class com.almasb.fxgl.notification.view.XboxNotificationView
18:54:46.013 [FXGL Background Thread 3 ] DEBUG Engine               - pixelsPerMeter: 50.0
18:54:46.013 [FXGL Background Thread 3 ] DEBUG Engine               - platform: MAC
18:54:46.013 [FXGL Background Thread 3 ] DEBUG Engine               - prefHeightProperty: ReadOnlyDoubleProperty [value: 600.0]
18:54:46.013 [FXGL Background Thread 3 ] DEBUG Engine               - prefWidthProperty: ReadOnlyDoubleProperty [value: 800.0]
18:54:46.014 [FXGL Background Thread 3 ] DEBUG Engine               - profileDir: profiles/
18:54:46.014 [FXGL Background Thread 3 ] DEBUG Engine               - profileName: StringProperty [value: DEFAULT]
18:54:46.014 [FXGL Background Thread 3 ] DEBUG Engine               - randomSeed: -1
18:54:46.014 [FXGL Background Thread 3 ] DEBUG Engine               - runtimeInfo: RuntimeInfo(platform=MAC, version=11.17, build=16.07.2021 15.46)
18:54:46.015 [FXGL Background Thread 3 ] DEBUG Engine               - saveFileExt: sav
18:54:46.015 [FXGL Background Thread 3 ] DEBUG Engine               - scaledHeightProp$fxgl: DoubleProperty [bound, value: 600.0]
18:54:46.015 [FXGL Background Thread 3 ] DEBUG Engine               - scaledWidthProp$fxgl: DoubleProperty [bound, value: 800.0]
18:54:46.016 [FXGL Background Thread 3 ] DEBUG Engine               - sceneFactory: com.almasb.fxgl.app.scene.SceneFactory@5494c50d
18:54:46.016 [FXGL Background Thread 3 ] DEBUG Engine               - secondsIn24h: 60
18:54:46.016 [FXGL Background Thread 3 ] DEBUG Engine               - soundMenuBack: menu/back.wav
18:54:46.017 [FXGL Background Thread 3 ] DEBUG Engine               - soundMenuPress: menu/press.wav
18:54:46.017 [FXGL Background Thread 3 ] DEBUG Engine               - soundMenuSelect: menu/select.wav
18:54:46.017 [FXGL Background Thread 3 ] DEBUG Engine               - soundNotification: core/notification.wav
18:54:46.017 [FXGL Background Thread 3 ] DEBUG Engine               - stageStyle: DECORATED
18:54:46.017 [FXGL Background Thread 3 ] DEBUG Engine               - supportedLanguages: [ENGLISH, FRENCH, GERMAN, HUNGARIAN, RUSSIAN]
18:54:46.017 [FXGL Background Thread 3 ] DEBUG Engine               - ticksPerSecond: -1
18:54:46.018 [FXGL Background Thread 3 ] DEBUG Engine               - title: Tower Defense
18:54:46.018 [FXGL Background Thread 3 ] DEBUG Engine               - urlGithub: https://github.com/AlmasB/FXGL
18:54:46.018 [FXGL Background Thread 3 ] DEBUG Engine               - urlLeaderboard: http://fxgl-top.herokuapp.com/
18:54:46.018 [FXGL Background Thread 3 ] DEBUG Engine               - urlPOM: https://raw.githubusercontent.com/AlmasB/FXGL/release/README.md
18:54:46.018 [FXGL Background Thread 3 ] DEBUG Engine               - userAppClass: class com.theswagbois.towerdefense.MainApplication
18:54:46.018 [FXGL Background Thread 3 ] DEBUG Engine               - version: 0.0
18:54:46.019 [FXGL Background Thread 3 ] DEBUG Engine               - versionCheckDays: 7
18:54:46.019 [FXGL Background Thread 3 ] DEBUG Engine               - width: 800
18:54:46.019 [FXGL Background Thread 3 ] DEBUG Engine               - Logging com.theswagbois.towerdefense.services
18:54:46.019 [FXGL Background Thread 3 ] DEBUG Engine               - class com.almasb.fxgl.app.com.theswagbois.towerdefense.services.FXGLAssetLoaderService
18:54:46.019 [FXGL Background Thread 3 ] DEBUG Engine               - class com.almasb.fxgl.app.FXGLApplication$GameApplicationService
18:54:46.019 [FXGL Background Thread 3 ] DEBUG Engine               - class com.almasb.fxgl.app.com.theswagbois.towerdefense.services.FXGLDialogService
18:54:46.020 [FXGL Background Thread 3 ] DEBUG Engine               - class com.almasb.fxgl.app.com.theswagbois.towerdefense.services.IOTaskExecutorService
18:54:46.020 [FXGL Background Thread 3 ] DEBUG Engine               - class com.almasb.fxgl.io.FileSystemService
18:54:46.020 [FXGL Background Thread 3 ] DEBUG Engine               - class com.almasb.fxgl.localization.LocalizationService
18:54:46.020 [FXGL Background Thread 3 ] DEBUG Engine               - class com.almasb.fxgl.app.com.theswagbois.towerdefense.services.SystemBundleService
18:54:46.020 [FXGL Background Thread 3 ] DEBUG Engine               - class com.almasb.fxgl.profile.SaveLoadService
18:54:46.020 [FXGL Background Thread 3 ] DEBUG Engine               - class com.almasb.fxgl.ui.FXGLUIFactoryServiceProvider
18:54:46.020 [FXGL Background Thread 3 ] DEBUG Engine               - class com.almasb.fxgl.ui.FXGLDialogFactoryServiceProvider
18:54:46.020 [FXGL Background Thread 3 ] DEBUG Engine               - class com.almasb.fxgl.audio.AudioPlayer
18:54:46.020 [FXGL Background Thread 3 ] DEBUG Engine               - class com.almasb.fxgl.notification.impl.NotificationServiceProvider
18:54:46.021 [FXGL Background Thread 3 ] DEBUG Engine               - class com.almasb.fxgl.achievement.AchievementService
18:54:46.021 [FXGL Background Thread 3 ] DEBUG Engine               - class com.almasb.fxgl.cutscene.CutsceneService
18:54:46.021 [FXGL Background Thread 3 ] DEBUG Engine               - class com.almasb.fxgl.minigames.MiniGameService
18:54:46.021 [FXGL Background Thread 3 ] DEBUG Engine               - class com.almasb.fxgl.net.NetService
18:54:46.021 [FXGL Background Thread 3 ] DEBUG Engine               - class com.almasb.fxgl.app.com.theswagbois.towerdefense.services.UpdaterService
18:54:46.021 [FXGL Background Thread 3 ] DEBUG Engine               - class com.almasb.fxgl.dev.DevService
18:54:46.522 [JavaFX Application Thread] WARN  FXGLAssetLoaderServi - Asset "/assets/textures/brick.png" was not found!
18:54:46.522 [JavaFX Application Thread] WARN  FXGLAssetLoaderServi - Failed to load IMAGE
18:54:46.528 [JavaFX Application Thread] WARN  FXGLAssetLoaderServi - Asset "/assets/textures/brick.png" was not found!
18:54:46.528 [JavaFX Application Thread] WARN  FXGLAssetLoaderServi - Failed to load IMAGE
18:54:47.455 [JavaFX Application Thread] WARN  FXGLAssetLoaderServi - Asset "/assets/textures/brick.png" was not found!
18:54:47.456 [JavaFX Application Thread] WARN  FXGLAssetLoaderServi - Failed to load IMAGE
18:54:47.460 [JavaFX Application Thread] WARN  FXGLAssetLoaderServi - Asset "/assets/textures/brick.png" was not found!
18:54:47.460 [JavaFX Application Thread] WARN  FXGLAssetLoaderServi - Failed to load IMAGE
18:54:48.421 [JavaFX Application Thread] WARN  FXGLAssetLoaderServi - Asset "/assets/textures/brick.png" was not found!
18:54:48.421 [JavaFX Application Thread] WARN  FXGLAssetLoaderServi - Failed to load IMAGE
18:54:48.426 [JavaFX Application Thread] WARN  FXGLAssetLoaderServi - Asset "/assets/textures/brick.png" was not found!
18:54:48.426 [JavaFX Application Thread] WARN  FXGLAssetLoaderServi - Failed to load IMAGE
18:54:49.438 [JavaFX Application Thread] WARN  FXGLAssetLoaderServi - Asset "/assets/textures/brick.png" was not found!
18:54:49.438 [JavaFX Application Thread] WARN  FXGLAssetLoaderServi - Failed to load IMAGE
18:54:49.441 [JavaFX Application Thread] WARN  FXGLAssetLoaderServi - Asset "/assets/textures/brick.png" was not found!
18:54:49.441 [JavaFX Application Thread] WARN  FXGLAssetLoaderServi - Failed to load IMAGE
18:54:50.405 [JavaFX Application Thread] WARN  FXGLAssetLoaderServi - Asset "/assets/textures/brick.png" was not found!
18:54:50.406 [JavaFX Application Thread] WARN  FXGLAssetLoaderServi - Failed to load IMAGE
18:54:50.410 [JavaFX Application Thread] WARN  FXGLAssetLoaderServi - Asset "/assets/textures/brick.png" was not found!
18:54:50.410 [JavaFX Application Thread] WARN  FXGLAssetLoaderServi - Failed to load IMAGE
18:54:51.388 [JavaFX Application Thread] WARN  FXGLAssetLoaderServi - Asset "/assets/textures/brick.png" was not found!
18:54:51.388 [JavaFX Application Thread] WARN  FXGLAssetLoaderServi - Failed to load IMAGE
18:54:51.391 [JavaFX Application Thread] WARN  FXGLAssetLoaderServi - Asset "/assets/textures/brick.png" was not found!
18:54:51.392 [JavaFX Application Thread] WARN  FXGLAssetLoaderServi - Failed to load IMAGE
18:54:52.383 [JavaFX Application Thread] WARN  FXGLAssetLoaderServi - Asset "/assets/textures/brick.png" was not found!
18:54:52.383 [JavaFX Application Thread] WARN  FXGLAssetLoaderServi - Failed to load IMAGE
18:54:52.386 [JavaFX Application Thread] WARN  FXGLAssetLoaderServi - Asset "/assets/textures/brick.png" was not found!
18:54:52.386 [JavaFX Application Thread] WARN  FXGLAssetLoaderServi - Failed to load IMAGE
18:54:53.383 [JavaFX Application Thread] WARN  FXGLAssetLoaderServi - Asset "/assets/textures/brick.png" was not found!
18:54:53.383 [JavaFX Application Thread] WARN  FXGLAssetLoaderServi - Failed to load IMAGE
18:54:53.386 [JavaFX Application Thread] WARN  FXGLAssetLoaderServi - Asset "/assets/textures/brick.png" was not found!
18:54:53.386 [JavaFX Application Thread] WARN  FXGLAssetLoaderServi - Failed to load IMAGE
18:54:54.382 [JavaFX Application Thread] WARN  FXGLAssetLoaderServi - Asset "/assets/textures/brick.png" was not found!
18:54:54.383 [JavaFX Application Thread] WARN  FXGLAssetLoaderServi - Failed to load IMAGE
18:54:54.385 [JavaFX Application Thread] WARN  FXGLAssetLoaderServi - Asset "/assets/textures/brick.png" was not found!
18:54:54.386 [JavaFX Application Thread] WARN  FXGLAssetLoaderServi - Failed to load IMAGE
18:54:55.382 [JavaFX Application Thread] WARN  FXGLAssetLoaderServi - Asset "/assets/textures/brick.png" was not found!
18:54:55.383 [JavaFX Application Thread] WARN  FXGLAssetLoaderServi - Failed to load IMAGE
18:54:55.385 [JavaFX Application Thread] WARN  FXGLAssetLoaderServi - Asset "/assets/textures/brick.png" was not found!
18:54:55.385 [JavaFX Application Thread] WARN  FXGLAssetLoaderServi - Failed to load IMAGE
18:54:56.382 [JavaFX Application Thread] WARN  FXGLAssetLoaderServi - Asset "/assets/textures/brick.png" was not found!
18:54:56.383 [JavaFX Application Thread] WARN  FXGLAssetLoaderServi - Failed to load IMAGE
18:54:56.390 [JavaFX Application Thread] WARN  FXGLAssetLoaderServi - Asset "/assets/textures/brick.png" was not found!
18:54:56.391 [JavaFX Application Thread] WARN  FXGLAssetLoaderServi - Failed to load IMAGE
18:54:57.380 [JavaFX Application Thread] WARN  FXGLAssetLoaderServi - Asset "/assets/textures/brick.png" was not found!
18:54:57.380 [JavaFX Application Thread] WARN  FXGLAssetLoaderServi - Failed to load IMAGE
18:54:57.382 [JavaFX Application Thread] WARN  FXGLAssetLoaderServi - Asset "/assets/textures/brick.png" was not found!
18:54:57.382 [JavaFX Application Thread] WARN  FXGLAssetLoaderServi - Failed to load IMAGE
18:54:58.380 [JavaFX Application Thread] WARN  FXGLAssetLoaderServi - Asset "/assets/textures/brick.png" was not found!
18:54:58.380 [JavaFX Application Thread] WARN  FXGLAssetLoaderServi - Failed to load IMAGE
18:54:58.383 [JavaFX Application Thread] WARN  FXGLAssetLoaderServi - Asset "/assets/textures/brick.png" was not found!
18:54:58.384 [JavaFX Application Thread] WARN  FXGLAssetLoaderServi - Failed to load IMAGE
18:54:59.381 [JavaFX Application Thread] WARN  FXGLAssetLoaderServi - Asset "/assets/textures/brick.png" was not found!
18:54:59.382 [JavaFX Application Thread] WARN  FXGLAssetLoaderServi - Failed to load IMAGE
18:54:59.385 [JavaFX Application Thread] WARN  FXGLAssetLoaderServi - Asset "/assets/textures/brick.png" was not found!
18:54:59.386 [JavaFX Application Thread] WARN  FXGLAssetLoaderServi - Failed to load IMAGE
18:55:00.396 [JavaFX Application Thread] WARN  FXGLAssetLoaderServi - Asset "/assets/textures/brick.png" was not found!
18:55:00.397 [JavaFX Application Thread] WARN  FXGLAssetLoaderServi - Failed to load IMAGE
18:55:00.399 [JavaFX Application Thread] WARN  FXGLAssetLoaderServi - Asset "/assets/textures/brick.png" was not found!
18:55:00.399 [JavaFX Application Thread] WARN  FXGLAssetLoaderServi - Failed to load IMAGE
18:55:01.413 [JavaFX Application Thread] WARN  FXGLAssetLoaderServi - Asset "/assets/textures/brick.png" was not found!
18:55:01.413 [JavaFX Application Thread] WARN  FXGLAssetLoaderServi - Failed to load IMAGE
18:55:01.415 [JavaFX Application Thread] WARN  FXGLAssetLoaderServi - Asset "/assets/textures/brick.png" was not found!
18:55:01.416 [JavaFX Application Thread] WARN  FXGLAssetLoaderServi - Failed to load IMAGE
18:55:02.427 [JavaFX Application Thread] WARN  FXGLAssetLoaderServi - Asset "/assets/textures/brick.png" was not found!
18:55:02.427 [JavaFX Application Thread] WARN  FXGLAssetLoaderServi - Failed to load IMAGE
18:55:02.429 [JavaFX Application Thread] WARN  FXGLAssetLoaderServi - Asset "/assets/textures/brick.png" was not found!
18:55:02.430 [JavaFX Application Thread] WARN  FXGLAssetLoaderServi - Failed to load IMAGE
18:55:03.444 [JavaFX Application Thread] WARN  FXGLAssetLoaderServi - Asset "/assets/textures/brick.png" was not found!
18:55:03.445 [JavaFX Application Thread] WARN  FXGLAssetLoaderServi - Failed to load IMAGE
18:55:03.447 [JavaFX Application Thread] WARN  FXGLAssetLoaderServi - Asset "/assets/textures/brick.png" was not found!
18:55:03.447 [JavaFX Application Thread] WARN  FXGLAssetLoaderServi - Failed to load IMAGE
18:55:04.461 [JavaFX Application Thread] WARN  FXGLAssetLoaderServi - Asset "/assets/textures/brick.png" was not found!
18:55:04.461 [JavaFX Application Thread] WARN  FXGLAssetLoaderServi - Failed to load IMAGE
18:55:04.464 [JavaFX Application Thread] WARN  FXGLAssetLoaderServi - Asset "/assets/textures/brick.png" was not found!
18:55:04.464 [JavaFX Application Thread] WARN  FXGLAssetLoaderServi - Failed to load IMAGE
18:55:04.911 [JavaFX Application Thread] DEBUG FXGLApplication      - Exiting FXGL
18:55:04.912 [JavaFX Application Thread] DEBUG LoopRunner           - Stopping loop
18:55:04.912 [JavaFX Application Thread] DEBUG SystemBundleService  - Saving FXGL system data
18:55:04.916 [JavaFX Application Thread] DEBUG FileSystemAccess     - Writing to: /Users/josephvitko/IdeaProjects/Tower_Defense2/system/fxgl.bundle
18:55:04.918 [JavaFX Application Thread] DEBUG Async                - Shutting down background threads
18:55:04.919 [JavaFX Application Thread] DEBUG PrimaryStageWindow   - Closing main window
18:55:04.929 [JavaFX Application Thread] DEBUG Logger               - Closing Logger
